0) instance et parametres 

  instance = sppaa05.txt | tailleSampling = 10 | maxTrial = 5 | maxTime = 9223372036854775807


1) calcule les etendues de valeurs sur les 2 objectifs

  f1_min=53735.93 ↔ f1_max=69932.69 (Δ=16196.76) 
  f2_min=33521.47 ↔ f2_max=56925.29 (Δ=23403.82) 

2) calcule les generateurs par e-contrainte alternant minimiser z1 et z2

  z1  1 : ϵ = 56925.29  fRL = 53735.93  [ 53728.89 , 56917.51 ] 
  z2  1 : ϵ = 69932.69  fRL = 33521.47  [ 69933.27 , 33521.52 ] 
  z1  2 : ϵ = 54324.87  fRL = 53750.87  [ 53747.03 , 54321.30 ] 
  z2  2 : ϵ = 68133.05  fRL = 33597.99  [ 68128.93 , 33597.36 ] 
  z1  3 : ϵ = 51724.44  fRL = 53840.88  [ 53838.11 , 51720.66 ] 
  z2  3 : ϵ = 66333.41  fRL = 33859.48  [ 66334.24 , 33860.25 ] 
  z1  4 : ϵ = 49124.02  fRL = 54044.84  [ 54042.74 , 49120.40 ] 
  z2  4 : ϵ = 64533.77  fRL = 34268.20  [ 64528.14 , 34265.97 ] 
  z1  5 : ϵ = 46523.59  fRL = 54356.02  [ 54358.67 , 46525.43 ] 
  z2  5 : ϵ = 62734.13  fRL = 34902.18  [ 62736.00 , 34902.40 ] 
  z1  6 : ϵ = 43923.17  fRL = 54836.56  [ 54838.00 , 43923.97 ] 
  z2  6 : ϵ = 60934.49  fRL = 35905.44  [ 60937.98 , 35907.61 ] 
  z1  7 : ϵ = 41322.74  fRL = 55791.20  [ 55792.93 , 41323.96 ] 
  z2  7 : ϵ = 59134.85  fRL = 37117.53  [ 59137.42 , 37121.25 ] 
  z1  8 : ϵ = 38722.32  fRL = 57540.28  [ 57535.10 , 38718.74 ] 
  z2  8 : ϵ = 57335.21  fRL = 38988.41  [ 57335.94 , 38989.90 ] 

  → Allocation memoire pour 15 generateurs

3) place L dans structure et verifie l'admissibilite de chaque generateur

   1  : [ 53728.89 , 56917.51 ] → x          
   2  : [ 53747.03 , 54321.30 ] → x          
   3  : [ 53838.11 , 51720.66 ] → x          
   4  : [ 54042.74 , 49120.40 ] → x          
   5  : [ 54358.67 , 46525.43 ] → x          
   6  : [ 54838.00 , 43923.97 ] → x          
   7  : [ 55792.93 , 41323.96 ] → x          
   8  : [ 57535.10 , 38718.74 ] → x          
   9  : [ 59137.42 , 37121.25 ] → x          
  10  : [ 60937.98 , 35907.61 ] → x          
  11  : [ 62736.00 , 34902.40 ] → x          
  12  : [ 64528.14 , 34265.97 ] → x          
  13  : [ 66334.24 , 33860.25 ] → x          
  14  : [ 68128.93 , 33597.36 ] → x          
  15  : [ 69933.27 , 33521.52 ] → x          

  k=   1     xm= 53728.89   ym= 56917.51   Δx= 16204.38    Δy=     0.00   λ1= 0.00000    λ2= 1.00000 
  k=   2     xm= 53747.03   ym= 54321.30   Δx= 16186.24    Δy=  2596.21   λ1= 0.13823    λ2= 0.86177 
  k=   3     xm= 53838.11   ym= 51720.66   Δx= 16095.16    Δy=  5196.85   λ1= 0.24408    λ2= 0.75592 
  k=   4     xm= 54042.74   ym= 49120.40   Δx= 15890.53    Δy=  7797.11   λ1= 0.32916    λ2= 0.67084 
  k=   5     xm= 54358.67   ym= 46525.43   Δx= 15574.60    Δy= 10392.08   λ1= 0.40021    λ2= 0.59979 
  k=   6     xm= 54838.00   ym= 43923.97   Δx= 15095.27    Δy= 12993.54   λ1= 0.46259    λ2= 0.53741 
  k=   7     xm= 55792.93   ym= 41323.96   Δx= 14140.34    Δy= 15593.55   λ1= 0.52444    λ2= 0.47556 
  k=   8     xm= 57535.10   ym= 38718.74   Δx= 12398.17    Δy= 18198.77   λ1= 0.59479    λ2= 0.40521 
  k=   9     xm= 59137.42   ym= 37121.25   Δx= 10795.85    Δy= 19796.26   λ1= 0.64710    λ2= 0.35290 
  k=  10     xm= 60937.98   ym= 35907.61   Δx=  8995.29    Δy= 21009.90   λ1= 0.70021    λ2= 0.29979 
  k=  11     xm= 62736.00   ym= 34902.40   Δx=  7197.27    Δy= 22015.11   λ1= 0.75362    λ2= 0.24638 
  k=  12     xm= 64528.14   ym= 34265.97   Δx=  5405.13    Δy= 22651.54   λ1= 0.80735    λ2= 0.19265 
  k=  13     xm= 66334.24   ym= 33860.25   Δx=  3599.03    Δy= 23057.26   λ1= 0.86498    λ2= 0.13502 
  k=  14     xm= 68128.93   ym= 33597.36   Δx=  1804.34    Δy= 23320.15   λ1= 0.92818    λ2= 0.07182 
  k=  15     xm= 69933.27   ym= 33521.52   Δx=     0.00    Δy= 23395.99   λ1= 1.00000    λ2= 0.00000 
4) terraformation generateur par generateur 

   1R : [ 53728.89 , 56917.51 ] → #round :  143 → [ 53805 , 56963 ]    t=0  |  Tps=0.0011
   1P : [ 54734.00 , 57360.00 ] → Admissible                           t=1  |  Tps=3.3151
   feasible 

   2R : [ 53747.03 , 54321.30 ] → #round :  148 → [ 54080 , 54602 ]    t=0  |  Tps=0.0012
   2P : [ 54295.00 , 54470.00 ] → Admissible                           t=1  |  Tps=2.6664
   feasible 

   3R : [ 53838.11 , 51720.66 ] → #round :  138 → [ 54970 , 51739 ]    t=0  |  Tps=0.001
   3P : [ 55007.00 , 53422.00 ] → Admissible                           t=1  |  Tps=3.367
   feasible 

   4R : [ 54042.74 , 49120.40 ] → #round :  160 → [ 54946 , 48787 ]    t=0  |  Tps=0.0012
   4P : [ 55595.74 , 48037.23 ] → x                                    t=1  |  Tps=3.2552
   4R : [ 55595.74 , 48037.23 ] → #round :   80 → [ 54821 , 49373 ]    t=1  |  Tps=3.2559
   4P : [ 56047.74 , 48125.47 ] → x                                    t=2  |  Tps=5.7729
   4R : [ 56047.74 , 48125.47 ] → #round :   92 → [ 54299 , 49046 ]    t=2  |  Tps=5.7736
   4P : [ 55989.79 , 48993.83 ] → x                                    t=3  |  Tps=9.0211
   4R : [ 55989.79 , 48993.83 ] → #round :   14 → [ 54648 , 49028 ]    t=3  |  Tps=9.0212
   4P : [ 56329.00 , 49950.00 ] → Admissible                           t=4  |  Tps=12.1437
   feasible 

   5R : [ 54358.67 , 46525.43 ] → #round :  143 → [ 54934 , 47083 ]    t=0  |  Tps=0.0012
   5P : [ 55568.62 , 46804.00 ] → x                                    t=1  |  Tps=3.0852
   5R : [ 55568.62 , 46804.00 ] → #round :  106 → [ 54819 , 46851 ]    t=1  |  Tps=3.086
   5P : [ 55746.94 , 47464.41 ] → x                                    t=2  |  Tps=6.7291
   5R : [ 55746.94 , 47464.41 ] → #round :  107 → [ 54474 , 46294 ]    t=2  |  Tps=6.7301
   5P : [ 55913.54 , 47429.09 ] → x                                    t=3  |  Tps=8.8361
   5R : [ 55913.54 , 47429.09 ] → #round :   37 → [ 55063 , 46913 ]    t=3  |  Tps=8.8364
   5P : [ 55913.54 , 47429.09 ] → x                                    t=4  |  Tps=12.0174
   5R : [ 55913.54 , 47429.09 ] → #round :   37 → [ 55063 , 46913 ]    t=4  |  Tps=12.0177
CYCLE!!!!!!!!!!!!!!!
   5C : [ 56849.00 , 48069.00 ] 
   5P : [ 55642.50 , 48081.00 ] → x                                    t=5  |  Tps=15.4934
   5R : [ 55642.50 , 48081.00 ] → #round :   17 → [ 54632 , 46654 ]    t=5  |  Tps=15.4936
   5P : [ 55839.00 , 48156.00 ] → x                                    t=6  |  Tps=18.1403
   5R : [ 55839.00 , 48156.00 ] → #round :   14 → [ 54553 , 46423 ]    t=6  |  Tps=18.1405
   maxTrial 

   6R : [ 54838.00 , 43923.97 ] → #round :  161 → [ 55236 , 45279 ]    t=0  |  Tps=0.0013
   6P : [ 55731.28 , 45332.99 ] → x                                    t=1  |  Tps=3.2015
   6R : [ 55731.28 , 45332.99 ] → #round :   63 → [ 55307 , 44960 ]    t=1  |  Tps=3.2019
   6P : [ 55999.00 , 47058.00 ] → Admissible                           t=2  |  Tps=5.8269
   feasible 

   7R : [ 55792.93 , 41323.96 ] → #round :  173 → [ 56399 , 42536 ]    t=0  |  Tps=0.0014
   7P : [ 56622.79 , 42619.45 ] → x                                    t=1  |  Tps=4.8583
   7R : [ 56622.79 , 42619.45 ] → #round :   37 → [ 56373 , 41339 ]    t=1  |  Tps=4.8585
   7P : [ 56641.00 , 42951.00 ] → x                                    t=2  |  Tps=7.6993
   7R : [ 56641.00 , 42951.00 ] → #round :    8 → [ 55753 , 41526 ]    t=2  |  Tps=7.6994
   7P : [ 56713.00 , 42737.50 ] → x                                    t=3  |  Tps=10.123
   7R : [ 56713.00 , 42737.50 ] → #round :    6 → [ 55753 , 41526 ]    t=3  |  Tps=10.1231
CYCLE!!!!!!!!!!!!!!!
   7C : [ 56406.00 , 42538.00 ] 
   7P : [ 56713.00 , 42737.50 ] → x                                    t=4  |  Tps=12.1679
   7R : [ 56713.00 , 42737.50 ] → #round :    6 → [ 55753 , 41526 ]    t=4  |  Tps=12.168
CYCLE!!!!!!!!!!!!!!!
   7C : [ 56255.00 , 42799.00 ] 
   7P : [ 56713.00 , 42737.50 ] → x                                    t=5  |  Tps=14.513
   7R : [ 56713.00 , 42737.50 ] → #round :    6 → [ 55753 , 41526 ]    t=5  |  Tps=14.513
CYCLE!!!!!!!!!!!!!!!
   7C : [ 56548.00 , 42558.00 ] 
   7P : [ 56911.00 , 43064.50 ] → x                                    t=6  |  Tps=17.1031
   7R : [ 56911.00 , 43064.50 ] → #round :    5 → [ 55877 , 42136 ]    t=6  |  Tps=17.1032
   maxTrial 

   8R : [ 57535.10 , 38718.74 ] → #round :  225 → [ 57687 , 38741 ]    t=0  |  Tps=0.0019
   8P : [ 58195.47 , 40907.16 ] → x                                    t=1  |  Tps=2.8471
   8R : [ 58195.47 , 40907.16 ] → #round :   59 → [ 58552 , 39079 ]    t=1  |  Tps=2.8476
   8P : [ 58777.02 , 41047.69 ] → x                                    t=2  |  Tps=6.3307
   8R : [ 58777.02 , 41047.69 ] → #round :   55 → [ 57805 , 38813 ]    t=2  |  Tps=6.3314
   8P : [ 59024.58 , 41200.16 ] → x                                    t=3  |  Tps=9.015
   8R : [ 59024.58 , 41200.16 ] → #round :   53 → [ 58002 , 38878 ]    t=3  |  Tps=9.0155
   8P : [ 59038.06 , 41479.96 ] → x                                    t=4  |  Tps=12.4014
   8R : [ 59038.06 , 41479.96 ] → #round :   58 → [ 58059 , 39601 ]    t=4  |  Tps=12.4019
   8P : [ 59376.24 , 41541.89 ] → x                                    t=5  |  Tps=15.1751
   8R : [ 59376.24 , 41541.89 ] → #round :   42 → [ 58101 , 39267 ]    t=5  |  Tps=15.1754
   8P : [ 59508.18 , 41017.88 ] → x                                    t=6  |  Tps=18.2967
   8R : [ 59508.18 , 41017.88 ] → #round :   41 → [ 57380 , 39204 ]    t=6  |  Tps=18.297
   maxTrial 

   9R : [ 59137.42 , 37121.25 ] → #round :  240 → [ 59209 , 37281 ]    t=0  |  Tps=0.0024
   9P : [ 58843.00 , 39704.50 ] → x                                    t=1  |  Tps=3.1957
   9R : [ 58843.00 , 39704.50 ] → #round :   14 → [ 59287 , 38749 ]    t=1  |  Tps=3.1959
   9P : [ 59673.51 , 40393.05 ] → x                                    t=2  |  Tps=6.818
   9R : [ 59673.51 , 40393.05 ] → #round :   21 → [ 58516 , 38860 ]    t=2  |  Tps=6.8181
   9P : [ 59560.50 , 40479.00 ] → x                                    t=3  |  Tps=10.1165
   9R : [ 59560.50 , 40479.00 ] → #round :    5 → [ 58907 , 39729 ]    t=3  |  Tps=10.1166
   9P : [ 59801.00 , 40968.00 ] → Admissible                           t=4  |  Tps=12.4763
   feasible 

  10R : [ 60937.98 , 35907.61 ] → #round :  267 → [ 61075 , 35991 ]    t=0  |  Tps=0.0029
  10P : [ 62147.31 , 38587.87 ] → x                                    t=1  |  Tps=3.3336
  10R : [ 62147.31 , 38587.87 ] → #round :   59 → [ 60613 , 36164 ]    t=1  |  Tps=3.334
  10P : [ 63017.75 , 39221.00 ] → x                                    t=2  |  Tps=6.4767
  10R : [ 63017.75 , 39221.00 ] → #round :    8 → [ 61143 , 37601 ]    t=2  |  Tps=6.4768
  10P : [ 62926.50 , 39362.50 ] → x                                    t=3  |  Tps=9.6975
  10R : [ 62926.50 , 39362.50 ] → #round :    7 → [ 61143 , 37601 ]    t=3  |  Tps=9.6976
CYCLE!!!!!!!!!!!!!!!
  10C : [ 62916.00 , 39424.00 ] 
  10P : [ 63017.75 , 39221.00 ] → x                                    t=4  |  Tps=11.2409
  10R : [ 63017.75 , 39221.00 ] → #round :    8 → [ 61143 , 37601 ]    t=4  |  Tps=11.241
CYCLE!!!!!!!!!!!!!!!
  10C : [ 62452.00 , 39747.00 ] 
  10P : [ 63017.75 , 39221.00 ] → x                                    t=5  |  Tps=13.2715
  10R : [ 63017.75 , 39221.00 ] → #round :    8 → [ 61143 , 37601 ]    t=5  |  Tps=13.2716
CYCLE!!!!!!!!!!!!!!!
  10C : [ 62436.00 , 39333.00 ] 
  10P : [ 63017.75 , 39221.00 ] → x                                    t=6  |  Tps=15.3913
  10R : [ 63017.75 , 39221.00 ] → #round :    8 → [ 61143 , 37601 ]    t=6  |  Tps=15.3914
CYCLE!!!!!!!!!!!!!!!
  10C : [ 63070.00 , 39263.00 ] 
   maxTrial 

  11R : [ 62736.00 , 34902.40 ] → #round :  290 → [ 63305 , 35348 ]    t=0  |  Tps=0.003
  11P : [ 62787.40 , 39500.31 ] → x                                    t=1  |  Tps=2.7341
  11R : [ 62787.40 , 39500.31 ] → #round :   86 → [ 63386 , 35368 ]    t=1  |  Tps=2.7348
  11P : [ 62636.40 , 39677.40 ] → x                                    t=2  |  Tps=6.1584
  11R : [ 62636.40 , 39677.40 ] → #round :   55 → [ 63256 , 35548 ]    t=2  |  Tps=6.1588
  11P : [ 63012.50 , 38493.50 ] → x                                    t=3  |  Tps=9.758
  11R : [ 63012.50 , 38493.50 ] → #round :   10 → [ 62418 , 37252 ]    t=3  |  Tps=9.7581
  11P : [ 63489.00 , 38926.00 ] → Admissible                           t=4  |  Tps=12.1973
   feasible 

  12R : [ 64528.14 , 34265.97 ] → #round :  273 → [ 65701 , 34631 ]    t=0  |  Tps=0.0027
  12P : [ 63644.75 , 38713.25 ] → x                                    t=1  |  Tps=3.3598
  12R : [ 63644.75 , 38713.25 ] → #round :   36 → [ 64235 , 34895 ]    t=1  |  Tps=3.3601
  12P : [ 63644.75 , 38713.25 ] → x                                    t=2  |  Tps=5.658
  12R : [ 63644.75 , 38713.25 ] → #round :   36 → [ 64235 , 34895 ]    t=2  |  Tps=5.6583
CYCLE!!!!!!!!!!!!!!!
  12C : [ 63290.00 , 39271.00 ] 
  12P : [ 63678.00 , 40184.00 ] → Admissible                           t=3  |  Tps=8.773
   feasible 

  13R : [ 66334.24 , 33860.25 ] → #round :  276 → [ 66554 , 34059 ]    t=0  |  Tps=0.0026
  13P : [ 64249.87 , 38920.95 ] → x                                    t=1  |  Tps=3.0253
  13R : [ 64249.87 , 38920.95 ] → #round :  145 → [ 66806 , 34043 ]    t=1  |  Tps=3.0264
  13P : [ 65046.71 , 39319.36 ] → x                                    t=2  |  Tps=6.4348
  13R : [ 65046.71 , 39319.36 ] → #round :  125 → [ 66338 , 33931 ]    t=2  |  Tps=6.4357
  13P : [ 65555.48 , 39155.78 ] → x                                    t=3  |  Tps=9.3691
  13R : [ 65555.48 , 39155.78 ] → #round :  138 → [ 66449 , 34105 ]    t=3  |  Tps=9.3702
  13P : [ 65878.54 , 38956.09 ] → x                                    t=4  |  Tps=12.7331
  13R : [ 65878.54 , 38956.09 ] → #round :  105 → [ 66535 , 34039 ]    t=4  |  Tps=12.7339
  13P : [ 65864.14 , 39070.40 ] → x                                    t=5  |  Tps=16.3091
  13R : [ 65864.14 , 39070.40 ] → #round :  103 → [ 66377 , 33975 ]    t=5  |  Tps=16.3098
  13P : [ 66001.65 , 39420.91 ] → x                                    t=6  |  Tps=20.0625
  13R : [ 66001.65 , 39420.91 ] → #round :  113 → [ 66757 , 34032 ]    t=6  |  Tps=20.0634
   maxTrial 

  14R : [ 68128.93 , 33597.36 ] → #round :  285 → [ 67868 , 33738 ]    t=0  |  Tps=0.0028
  14P : [ 66020.29 , 38295.33 ] → x                                    t=1  |  Tps=3.1966
  14R : [ 66020.29 , 38295.33 ] → #round :  145 → [ 67644 , 33876 ]    t=1  |  Tps=3.1979
  14P : [ 65839.56 , 39111.21 ] → x                                    t=2  |  Tps=6.6566
  14R : [ 65839.56 , 39111.21 ] → #round :   84 → [ 68398 , 33875 ]    t=2  |  Tps=6.6572
  14P : [ 67677.00 , 39668.90 ] → x                                    t=3  |  Tps=10.3761
  14R : [ 67677.00 , 39668.90 ] → #round :   63 → [ 68252 , 34285 ]    t=3  |  Tps=10.3766
  14P : [ 67695.81 , 39382.43 ] → x                                    t=4  |  Tps=13.5749
  14R : [ 67695.81 , 39382.43 ] → #round :   61 → [ 67489 , 34637 ]    t=4  |  Tps=13.5754
  14P : [ 67637.68 , 39502.13 ] → x                                    t=5  |  Tps=17.5864
  14R : [ 67637.68 , 39502.13 ] → #round :   69 → [ 68192 , 34655 ]    t=5  |  Tps=17.5869
  14P : [ 67892.73 , 39630.29 ] → x                                    t=6  |  Tps=21.9514
  14R : [ 67892.73 , 39630.29 ] → #round :   66 → [ 68535 , 35310 ]    t=6  |  Tps=21.9519
   maxTrial 

  15R : [ 69933.27 , 33521.52 ] → #round :  271 → [ 70248 , 33840 ]    t=0  |  Tps=0.0026
  15P : [ 67208.10 , 39006.07 ] → x                                    t=1  |  Tps=2.4345
  15R : [ 67208.10 , 39006.07 ] → #round :  122 → [ 70402 , 33967 ]    t=1  |  Tps=2.4355
  15P : [ 67180.69 , 39070.42 ] → x                                    t=2  |  Tps=4.9188
  15R : [ 67180.69 , 39070.42 ] → #round :  142 → [ 70188 , 33817 ]    t=2  |  Tps=4.92
  15P : [ 67288.91 , 38827.78 ] → x                                    t=3  |  Tps=7.8921
  15R : [ 67288.91 , 38827.78 ] → #round :  140 → [ 69843 , 33739 ]    t=3  |  Tps=7.8932
  15P : [ 66582.20 , 39046.61 ] → x                                    t=4  |  Tps=10.8086
  15R : [ 66582.20 , 39046.61 ] → #round :  124 → [ 69699 , 34011 ]    t=4  |  Tps=10.8097
  15P : [ 66488.03 , 39003.84 ] → x                                    t=5  |  Tps=14.2312
  15R : [ 66488.03 , 39003.84 ] → #round :   38 → [ 69389 , 38181 ]    t=5  |  Tps=14.2315
  15P : [ 66455.13 , 39209.29 ] → x                                    t=6  |  Tps=17.1648
  15R : [ 66455.13 , 39209.29 ] → #round :   35 → [ 69389 , 38181 ]    t=6  |  Tps=17.1651
CYCLE!!!!!!!!!!!!!!!
  15C : [ 67715.00 , 41919.00 ] 
   maxTrial 


5) Extraction des resultats

  Nombre de cycle : 10
   1  : [ 54734.00 , 57360.00 ] → Admissible 
   2  : [ 54295.00 , 54470.00 ] → Admissible 
   3  : [ 55007.00 , 53422.00 ] → Admissible 
   4  : [ 56329.00 , 49950.00 ] → Admissible 
   5  : [ 54553.00 , 46423.00 ] → x          
   6  : [ 55999.00 , 47058.00 ] → Admissible 
   7  : [ 55877.00 , 42136.00 ] → x          
   8  : [ 57380.00 , 39204.00 ] → x          
   9  : [ 59801.00 , 40968.00 ] → Admissible 
  10  : [ 63070.00 , 39263.00 ] → x          
  11  : [ 63489.00 , 38926.00 ] → Admissible 
  12  : [ 63678.00 , 40184.00 ] → Admissible 
  13  : [ 66757.00 , 34032.00 ] → x          
  14  : [ 68535.00 , 35310.00 ] → x          
  15  : [ 67715.00 , 41919.00 ] → x          

6) Edition des resultats 

#U = 5
X_EBP = [54295, 55007, 55999, 59801, 63489]
Y_EBP = [54470, 53422, 47058, 40968, 38926]
XN = [53839, 53843, 53849, 53850, 53854, 53855, 53860, 53864, 53865, 53866, 53876, 53893, 53910, 53918, 53927, 53935, 53945, 53962, 53972, 53982, 54007, 54016, 54041, 54051, 54076, 54085, 54110, 54120, 54126, 54151, 54155, 54175, 54185, 54210, 54219, 54244, 54254, 54260, 54285, 54289, 54314, 54320, 54339, 54345, 54354, 54364, 54373, 54384, 54389, 54393, 54395, 54404, 54424, 54427, 54432, 54437, 54442, 54471, 54476, 54506, 54525, 54538, 54540, 54551, 54567, 54572, 54577, 54596, 54611, 54630, 54660, 54675, 54686, 54694, 54705, 54720, 54739, 54755, 54778, 54808, 54820, 54823, 54830, 54833, 54847, 54859, 54868, 54869, 54908, 54922, 54943, 54954, 54961, 54965, 54984, 54994, 55004, 55023, 55088, 55100, 55107, 55108, 55123, 55127, 55131, 55143, 55150, 55162, 55166, 55182, 55185, 55192, 55211, 55212, 55231, 55235, 55254, 55358, 55372, 55376, 55384, 55388, 55395, 55404, 55405, 55407, 55424, 55428, 55447, 55548, 55551, 55565, 55569, 55577, 55581, 55588, 55600, 55668, 55682, 55691, 55699, 55722, 55827, 55831, 55840, 55852, 55863, 55875, 55892, 55915, 55993, 56020, 56024, 56033, 56037, 56045, 56056, 56068, 56074, 56105, 56132, 56184, 56186, 56215, 56227, 56258, 56267, 56298, 56372, 56376, 56377, 56383, 56403, 56407, 56408, 56420, 56451, 56510, 56561, 56592, 56644, 56663, 56740, 56760, 56768, 56772, 56785, 56797, 56824, 56850, 56902, 56906, 56913, 56938, 56965, 56991, 57003, 57012, 57113, 57117, 57121, 57144, 57153, 57165, 57270, 57274, 57306, 57411, 57415, 57483, 57520, 57535, 57640, 57644, 57712, 57731, 57749, 57817, 57836, 57840, 57908, 57945, 57955, 58035, 58039, 58064, 58132, 58150, 58174, 58176, 58222, 58293, 58331, 58363, 58472, 58540, 58592, 58617, 58643, 58655, 58701, 58748, 58760, 58846, 58872, 58884, 58977, 58989, 59154, 59238, 59261, 59280, 59313, 59358, 59383, 59409, 59421, 59467, 59509, 59526, 59542, 59612, 59638, 59650, 59734, 59755, 59820, 59852, 59938, 59957, 59963, 60049, 60081, 60167, 60186, 60272, 60274, 60367, 60392, 60497, 60503, 60596, 60621, 60726, 60821, 60913, 60981, 61031, 61040, 61050, 61263, 61269, 61362, 61387, 61492, 61587, 61679, 61747, 61797, 61816, 62169, 62491, 62541, 62560, 63207, 63809, 63846, 64456, 65339, 69548]
YN = [54768, 54700, 54555, 53933, 53865, 53831, 53720, 53652, 53618, 52996, 52783, 52642, 52628, 52548, 52487, 52205, 51992, 51851, 51573, 51360, 51266, 51205, 50782, 50569, 50475, 50414, 50320, 50299, 50149, 50055, 49993, 49881, 49668, 49574, 49513, 49419, 49398, 49248, 49154, 49092, 48998, 48900, 48810, 48806, 48745, 48672, 48649, 48579, 48578, 48544, 48480, 48368, 48324, 48224, 48071, 48011, 47858, 47856, 47703, 47639, 47575, 47545, 47484, 47416, 47303, 47243, 47090, 47000, 46935, 46845, 46781, 46716, 46648, 46626, 46558, 46493, 46403, 46358, 46258, 46231, 46206, 46142, 45993, 45929, 45899, 45874, 45814, 45661, 45509, 45479, 45394, 45388, 45387, 45225, 45135, 45106, 44893, 44803, 44768, 44750, 44678, 44658, 44653, 44568, 44558, 44543, 44468, 44453, 44443, 44405, 44353, 44192, 44102, 44082, 43992, 43982, 43892, 43812, 43803, 43793, 43724, 43714, 43703, 43662, 43642, 43624, 43552, 43542, 43452, 43435, 43372, 43363, 43353, 43284, 43274, 43263, 43184, 43125, 43028, 43025, 42864, 42764, 42687, 42686, 42675, 42596, 42575, 42496, 42424, 42324, 42260, 42247, 42246, 42235, 42185, 42156, 42135, 42056, 42001, 41934, 41923, 41921, 41820, 41812, 41733, 41666, 41561, 41494, 41484, 41483, 41481, 41477, 41417, 41416, 41372, 41293, 41226, 41147, 41104, 41037, 40945, 40879, 40854, 40850, 40802, 40771, 40756, 40677, 40676, 40667, 40600, 40599, 40582, 40488, 40487, 40478, 40399, 40317, 40300, 40240, 40239, 40210, 40128, 40049, 39972, 39971, 39860, 39783, 39782, 39763, 39705, 39663, 39586, 39585, 39566, 39559, 39508, 39489, 39482, 39481, 39462, 39404, 39361, 39348, 39316, 39283, 39264, 39256, 39207, 39159, 39099, 39086, 39021, 38910, 38832, 38813, 38713, 38703, 38698, 38643, 38635, 38621, 38566, 38506, 38501, 38446, 38424, 38369, 38363, 38349, 38348, 38279, 38232, 38230, 38220, 38215, 38160, 38152, 38082, 38049, 38035, 38023, 38018, 37963, 37923, 37852, 37825, 37819, 37808, 37742, 37726, 37628, 37622, 37611, 37545, 37534, 37469, 37429, 37365, 37288, 37272, 37232, 37168, 37091, 37073, 37062, 37018, 37004, 36986, 36876, 36805, 36789, 36749, 36685, 36608, 36590, 36579, 36535, 36521, 36393, 36373, 36332, 36318, 36190, 36090, 35989, 35934, 35889, 35779, 35729]
Quality measure: 69.05 %
223.409615 seconds (26.89 M allocations: 2.525 GiB, 0.09% gc time)
