0) instance et parametres 

  instance = sppaa03.txt | tailleSampling = 10 | maxTrial = 5 | maxTime = 9223372036854775807


1) calcule les etendues de valeurs sur les 2 objectifs

  f1_min=49616.36 ↔ f1_max=62593.12 (Δ=12976.76) 
  f2_min=33865.02 ↔ f2_max=52927.64 (Δ=19062.62) 

2) calcule les generateurs par e-contrainte alternant minimiser z1 et z2

  z1  1 : ϵ = 52927.64  fRL = 49616.36  [ 49618.41 , 52930.29 ] 
  z2  1 : ϵ = 62593.12  fRL = 33865.02  [ 62589.90 , 33864.13 ] 
  z1  2 : ϵ = 50809.57  fRL = 49667.72  [ 49664.87 , 50807.23 ] 
  z2  2 : ϵ = 61151.26  fRL = 33965.64  [ 61155.21 , 33966.35 ] 
  z1  3 : ϵ = 48691.50  fRL = 49790.85  [ 49788.32 , 48688.35 ] 
  z2  3 : ϵ = 59709.40  fRL = 34261.34  [ 59707.11 , 34260.92 ] 
  z1  4 : ϵ = 46573.43  fRL = 50002.06  [ 50003.47 , 46574.36 ] 
  z2  4 : ϵ = 58267.53  fRL = 34716.20  [ 58261.44 , 34711.80 ] 
  z1  5 : ϵ = 44455.36  fRL = 50343.53  [ 50343.48 , 44456.24 ] 
  z2  5 : ϵ = 56825.67  fRL = 35360.16  [ 56824.37 , 35358.63 ] 
  z1  6 : ϵ = 42337.30  fRL = 50920.15  [ 50919.87 , 42337.77 ] 
  z2  6 : ϵ = 55383.81  fRL = 36321.70  [ 55383.35 , 36322.64 ] 
  z1  7 : ϵ = 40219.23  fRL = 51860.08  [ 51860.17 , 40219.37 ] 
  z2  7 : ϵ = 53941.95  fRL = 37553.71  [ 53941.20 , 37553.38 ] 
  z1  8 : ϵ = 38101.16  fRL = 53405.13  [ 53406.54 , 38103.17 ] 
  z2  8 : ϵ = 52500.08  fRL = 39176.84  [ 52504.84 , 39180.16 ] 

  → Allocation memoire pour 15 generateurs

3) place L dans structure et verifie l'admissibilite de chaque generateur

   1  : [ 49618.41 , 52930.29 ] → x          
   2  : [ 49664.87 , 50807.23 ] → x          
   3  : [ 49788.32 , 48688.35 ] → x          
   4  : [ 50003.47 , 46574.36 ] → x          
   5  : [ 50343.48 , 44456.24 ] → x          
   6  : [ 50919.87 , 42337.77 ] → x          
   7  : [ 51860.17 , 40219.37 ] → x          
   8  : [ 53406.54 , 38103.17 ] → x          
   9  : [ 53941.20 , 37553.38 ] → x          
  10  : [ 55383.35 , 36322.64 ] → x          
  11  : [ 56824.37 , 35358.63 ] → x          
  12  : [ 58261.44 , 34711.80 ] → x          
  13  : [ 59707.11 , 34260.92 ] → x          
  14  : [ 61155.21 , 33966.35 ] → x          
  15  : [ 62589.90 , 33864.13 ] → x          

  k=   1     xm= 49618.41   ym= 52930.29   Δx= 12971.49    Δy=     0.00   λ1= 0.00000    λ2= 1.00000 
  k=   2     xm= 49664.87   ym= 50807.23   Δx= 12925.03    Δy=  2123.06   λ1= 0.14109    λ2= 0.85891 
  k=   3     xm= 49788.32   ym= 48688.35   Δx= 12801.58    Δy=  4241.94   λ1= 0.24889    λ2= 0.75111 
  k=   4     xm= 50003.47   ym= 46574.36   Δx= 12586.43    Δy=  6355.93   λ1= 0.33554    λ2= 0.66446 
  k=   5     xm= 50343.48   ym= 44456.24   Δx= 12246.42    Δy=  8474.05   λ1= 0.40897    λ2= 0.59103 
  k=   6     xm= 50919.87   ym= 42337.77   Δx= 11670.03    Δy= 10592.52   λ1= 0.47580    λ2= 0.52420 
  k=   7     xm= 51860.17   ym= 40219.37   Δx= 10729.73    Δy= 12710.92   λ1= 0.54226    λ2= 0.45774 
  k=   8     xm= 53406.54   ym= 38103.17   Δx=  9183.36    Δy= 14827.12   λ1= 0.61753    λ2= 0.38247 
  k=   9     xm= 53941.20   ym= 37553.38   Δx=  8648.70    Δy= 15376.91   λ1= 0.64002    λ2= 0.35998 
  k=  10     xm= 55383.35   ym= 36322.64   Δx=  7206.55    Δy= 16607.65   λ1= 0.69738    λ2= 0.30262 
  k=  11     xm= 56824.37   ym= 35358.63   Δx=  5765.53    Δy= 17571.66   λ1= 0.75295    λ2= 0.24705 
  k=  12     xm= 58261.44   ym= 34711.80   Δx=  4328.46    Δy= 18218.49   λ1= 0.80802    λ2= 0.19198 
  k=  13     xm= 59707.11   ym= 34260.92   Δx=  2882.79    Δy= 18669.37   λ1= 0.86624    λ2= 0.13376 
  k=  14     xm= 61155.21   ym= 33966.35   Δx=  1434.69    Δy= 18963.94   λ1= 0.92967    λ2= 0.07033 
  k=  15     xm= 62589.90   ym= 33864.13   Δx=     0.00    Δy= 19066.16   λ1= 1.00000    λ2= 0.00000 
4) terraformation generateur par generateur 

   1R : [ 49618.41 , 52930.29 ] → #round :   91 → [ 49766 , 52830 ]    t=0  |  Tps=0.0007
   1P : [ 49684.00 , 52176.00 ] → Admissible                           t=1  |  Tps=3.5044
   feasible 

   2R : [ 49664.87 , 50807.23 ] → #round :  110 → [ 49989 , 51144 ]    t=0  |  Tps=0.0009
   2P : [ 50229.27 , 49517.61 ] → x                                    t=1  |  Tps=3.3366
   2R : [ 50229.27 , 49517.61 ] → #round :   38 → [ 49721 , 50651 ]    t=1  |  Tps=3.3369
   2P : [ 49763.00 , 50550.00 ] → Admissible                           t=2  |  Tps=6.3785
   feasible 

   3R : [ 49788.32 , 48688.35 ] → #round :   83 → [ 50012 , 49400 ]    t=0  |  Tps=0.0006
   3P : [ 50406.00 , 47901.00 ] → x                                    t=1  |  Tps=3.039
   3R : [ 50406.00 , 47901.00 ] → #round :    5 → [ 50018 , 47820 ]    t=1  |  Tps=3.0391
   3P : [ 50406.00 , 47901.00 ] → x                                    t=2  |  Tps=5.5649
   3R : [ 50406.00 , 47901.00 ] → #round :    5 → [ 50018 , 47820 ]    t=2  |  Tps=5.565
CYCLE!!!!!!!!!!!!!!!
   3C : [ 50028.00 , 47565.00 ] 
   3P : [ 50406.00 , 47901.00 ] → x                                    t=3  |  Tps=8.8219
   3R : [ 50406.00 , 47901.00 ] → #round :    5 → [ 50018 , 47820 ]    t=3  |  Tps=8.822
CYCLE!!!!!!!!!!!!!!!
   3C : [ 50482.00 , 47951.00 ] 
   3P : [ 50406.00 , 47901.00 ] → x                                    t=4  |  Tps=11.4085
   3R : [ 50406.00 , 47901.00 ] → #round :    5 → [ 50018 , 47820 ]    t=4  |  Tps=11.4085
CYCLE!!!!!!!!!!!!!!!
   3C : [ 50585.00 , 48007.00 ] 
   3P : [ 50436.00 , 48458.00 ] → Admissible                           t=5  |  Tps=15.2522
   feasible 

   4R : [ 50003.47 , 46574.36 ] → #round :   82 → [ 50693 , 47064 ]    t=0  |  Tps=0.0006
   4P : [ 50579.50 , 47192.50 ] → x                                    t=1  |  Tps=2.5526
   4R : [ 50579.50 , 47192.50 ] → #round :   12 → [ 50056 , 46568 ]    t=1  |  Tps=2.5527
   4P : [ 51072.00 , 47459.00 ] → Admissible                           t=2  |  Tps=6.649
   feasible 

   5R : [ 50343.48 , 44456.24 ] → #round :  114 → [ 51143 , 44621 ]    t=0  |  Tps=0.0009
   5P : [ 50578.00 , 45997.00 ] → Admissible                           t=1  |  Tps=4.4721
   feasible 

   6R : [ 50919.87 , 42337.77 ] → #round :  109 → [ 51028 , 42262 ]    t=0  |  Tps=0.0009
   6P : [ 51280.13 , 43986.80 ] → x                                    t=1  |  Tps=4.0709
   6R : [ 51280.13 , 43986.80 ] → #round :   19 → [ 51058 , 42959 ]    t=1  |  Tps=4.0711
   6P : [ 51232.50 , 43492.00 ] → x                                    t=2  |  Tps=7.9086
   6R : [ 51232.50 , 43492.00 ] → #round :    7 → [ 51087 , 42863 ]    t=2  |  Tps=7.9087
   6P : [ 51307.28 , 43479.86 ] → x                                    t=3  |  Tps=11.4303
   6R : [ 51307.28 , 43479.86 ] → #round :   16 → [ 51313 , 42675 ]    t=3  |  Tps=11.4305
   6P : [ 51310.59 , 43487.63 ] → x                                    t=4  |  Tps=14.8225
   6R : [ 51310.59 , 43487.63 ] → #round :   18 → [ 51277 , 42708 ]    t=4  |  Tps=14.8227
   6P : [ 51430.50 , 43485.00 ] → x                                    t=5  |  Tps=19.0925
   6R : [ 51430.50 , 43485.00 ] → #round :   18 → [ 51072 , 42325 ]    t=5  |  Tps=19.0926
   6P : [ 51357.23 , 43485.83 ] → x                                    t=6  |  Tps=23.3905
   6R : [ 51357.23 , 43485.83 ] → #round :   15 → [ 51313 , 42675 ]    t=6  |  Tps=23.3907
CYCLE!!!!!!!!!!!!!!!
   6C : [ 52350.00 , 45649.00 ] 
   maxTrial 

   7R : [ 51860.17 , 40219.37 ] → #round :  151 → [ 51888 , 40408 ]    t=0  |  Tps=0.0015
   7P : [ 52926.98 , 41959.11 ] → x                                    t=1  |  Tps=3.7721
   7R : [ 52926.98 , 41959.11 ] → #round :   47 → [ 52530 , 40779 ]    t=1  |  Tps=3.7724
   7P : [ 53495.50 , 42563.50 ] → x                                    t=2  |  Tps=8.6538
   7R : [ 53495.50 , 42563.50 ] → #round :   13 → [ 52009 , 40677 ]    t=2  |  Tps=8.6539
   7P : [ 53550.00 , 42355.00 ] → Admissible                           t=3  |  Tps=11.5389
   feasible 

   8R : [ 53406.54 , 38103.17 ] → #round :  232 → [ 53807 , 38488 ]    t=0  |  Tps=0.0021
   8P : [ 53248.75 , 39791.75 ] → x                                    t=1  |  Tps=3.3636
   8R : [ 53248.75 , 39791.75 ] → #round :   41 → [ 53868 , 38381 ]    t=1  |  Tps=3.3639
   8P : [ 53374.50 , 39717.00 ] → x                                    t=2  |  Tps=7.523
   8R : [ 53374.50 , 39717.00 ] → #round :    6 → [ 53446 , 39039 ]    t=2  |  Tps=7.5231
   8P : [ 53452.00 , 39340.00 ] → Admissible                           t=3  |  Tps=10.8047
   feasible 

   9R : [ 53941.20 , 37553.38 ] → #round :  242 → [ 54610 , 38144 ]    t=0  |  Tps=0.0023
   9P : [ 54284.20 , 40695.40 ] → x                                    t=1  |  Tps=4.231
   9R : [ 54284.20 , 40695.40 ] → #round :   48 → [ 54608 , 37979 ]    t=1  |  Tps=4.2314
   9P : [ 54353.23 , 40658.45 ] → x                                    t=2  |  Tps=7.6892
   9R : [ 54353.23 , 40658.45 ] → #round :   51 → [ 54267 , 37611 ]    t=2  |  Tps=7.6896
   9P : [ 54563.23 , 40878.93 ] → x                                    t=3  |  Tps=11.6906
   9R : [ 54563.23 , 40878.93 ] → #round :   46 → [ 54267 , 37611 ]    t=3  |  Tps=11.691
CYCLE!!!!!!!!!!!!!!!
   9C : [ 58290.00 , 45052.00 ] 
   9P : [ 55852.50 , 42851.85 ] → x                                    t=4  |  Tps=16.0329
   9R : [ 55852.50 , 42851.85 ] → #round :   39 → [ 54121 , 37860 ]    t=4  |  Tps=16.0332
   9P : [ 55955.95 , 42116.37 ] → x                                    t=5  |  Tps=19.8344
   9R : [ 55955.95 , 42116.37 ] → #round :   36 → [ 54361 , 38157 ]    t=5  |  Tps=19.8346
   9P : [ 55929.50 , 41609.25 ] → x                                    t=6  |  Tps=22.8219
   9R : [ 55929.50 , 41609.25 ] → #round :   18 → [ 54014 , 38960 ]    t=6  |  Tps=22.8221
   maxTrial 

  10R : [ 55383.35 , 36322.64 ] → #round :  249 → [ 55653 , 36478 ]    t=0  |  Tps=0.0025
  10P : [ 55475.00 , 39155.50 ] → x                                    t=1  |  Tps=3.5313
  10R : [ 55475.00 , 39155.50 ] → #round :   16 → [ 55475 , 37815 ]    t=1  |  Tps=3.5315
  10P : [ 55450.00 , 38868.00 ] → x                                    t=2  |  Tps=7.244
  10R : [ 55450.00 , 38868.00 ] → #round :    4 → [ 55554 , 38584 ]    t=2  |  Tps=7.2441
  10P : [ 55450.00 , 38868.00 ] → x                                    t=3  |  Tps=9.889
  10R : [ 55450.00 , 38868.00 ] → #round :    4 → [ 55554 , 38584 ]    t=3  |  Tps=9.8891
CYCLE!!!!!!!!!!!!!!!
  10C : [ 55455.00 , 39011.00 ] 
  10P : [ 55450.00 , 38868.00 ] → x                                    t=4  |  Tps=14.2894
  10R : [ 55450.00 , 38868.00 ] → #round :    4 → [ 55554 , 38584 ]    t=4  |  Tps=14.2895
CYCLE!!!!!!!!!!!!!!!
  10C : [ 55346.00 , 39152.00 ] 
  10P : [ 55450.00 , 38868.00 ] → x                                    t=5  |  Tps=17.1016
  10R : [ 55450.00 , 38868.00 ] → #round :    4 → [ 55554 , 38584 ]    t=5  |  Tps=17.1016
CYCLE!!!!!!!!!!!!!!!
  10C : [ 55455.00 , 39011.00 ] 
  10P : [ 55450.00 , 38868.00 ] → x                                    t=6  |  Tps=21.4907
  10R : [ 55450.00 , 38868.00 ] → #round :    4 → [ 55554 , 38584 ]    t=6  |  Tps=21.4907
CYCLE!!!!!!!!!!!!!!!
  10C : [ 55346.00 , 39152.00 ] 
   maxTrial 

  11R : [ 56824.37 , 35358.63 ] → #round :  259 → [ 57075 , 35526 ]    t=0  |  Tps=0.0025
  11P : [ 55196.02 , 39297.70 ] → x                                    t=1  |  Tps=3.2712
  11R : [ 55196.02 , 39297.70 ] → #round :   75 → [ 57329 , 35730 ]    t=1  |  Tps=3.2718
  11P : [ 56226.82 , 38454.74 ] → x                                    t=2  |  Tps=6.711
  11R : [ 56226.82 , 38454.74 ] → #round :   63 → [ 57298 , 35463 ]    t=2  |  Tps=6.7115
  11P : [ 56466.00 , 38962.00 ] → x                                    t=3  |  Tps=10.7583
  11R : [ 56466.00 , 38962.00 ] → #round :   21 → [ 56525 , 36241 ]    t=3  |  Tps=10.7585
  11P : [ 56466.00 , 38962.00 ] → x                                    t=4  |  Tps=13.7615
  11R : [ 56466.00 , 38962.00 ] → #round :   21 → [ 56525 , 36241 ]    t=4  |  Tps=13.7617
CYCLE!!!!!!!!!!!!!!!
  11C : [ 56913.00 , 40357.00 ] 
  11P : [ 56379.00 , 40631.00 ] → x                                    t=5  |  Tps=16.9728
  11R : [ 56379.00 , 40631.00 ] → #round :    7 → [ 56286 , 39824 ]    t=5  |  Tps=16.9729
  11P : [ 56379.00 , 40631.00 ] → x                                    t=6  |  Tps=19.5698
  11R : [ 56379.00 , 40631.00 ] → #round :    7 → [ 56286 , 39824 ]    t=6  |  Tps=19.5699
CYCLE!!!!!!!!!!!!!!!
  11C : [ 56086.00 , 40410.00 ] 
   maxTrial 

  12R : [ 58261.44 , 34711.80 ] → #round :  267 → [ 58682 , 35002 ]    t=0  |  Tps=0.0025
  12P : [ 56667.65 , 39072.26 ] → x                                    t=1  |  Tps=4.8577
  12R : [ 56667.65 , 39072.26 ] → #round :   96 → [ 58762 , 35142 ]    t=1  |  Tps=4.8585
  12P : [ 57037.63 , 38552.05 ] → x                                    t=2  |  Tps=8.3167
  12R : [ 57037.63 , 38552.05 ] → #round :   41 → [ 57945 , 36065 ]    t=2  |  Tps=8.317
  12P : [ 57685.50 , 38524.00 ] → x                                    t=3  |  Tps=12.1808
  12R : [ 57685.50 , 38524.00 ] → #round :    6 → [ 57708 , 38135 ]    t=3  |  Tps=12.1808
  12P : [ 57457.00 , 38297.00 ] → Admissible                           t=4  |  Tps=16.3581
   feasible 

  13R : [ 59707.11 , 34260.92 ] → #round :  277 → [ 60115 , 34284 ]    t=0  |  Tps=0.0027
  13P : [ 57998.39 , 40528.86 ] → x                                    t=1  |  Tps=3.5882
  13R : [ 57998.39 , 40528.86 ] → #round :   60 → [ 59370 , 36326 ]    t=1  |  Tps=3.5887
  13P : [ 58604.49 , 39565.21 ] → x                                    t=2  |  Tps=7.2021
  13R : [ 58604.49 , 39565.21 ] → #round :   39 → [ 59363 , 36147 ]    t=2  |  Tps=7.2024
  13P : [ 58998.04 , 39282.53 ] → x                                    t=3  |  Tps=10.5322
  13R : [ 58998.04 , 39282.53 ] → #round :   50 → [ 59295 , 36296 ]    t=3  |  Tps=10.5326
  13P : [ 59235.87 , 39617.94 ] → x                                    t=4  |  Tps=14.9166
  13R : [ 59235.87 , 39617.94 ] → #round :   39 → [ 59295 , 36296 ]    t=4  |  Tps=14.9169
CYCLE!!!!!!!!!!!!!!!
  13C : [ 60133.00 , 42861.00 ] 
  13P : [ 58946.60 , 40817.50 ] → x                                    t=5  |  Tps=18.4725
  13R : [ 58946.60 , 40817.50 ] → #round :   43 → [ 59722 , 37890 ]    t=5  |  Tps=18.4729
  13P : [ 58735.00 , 39748.00 ] → Admissible                           t=6  |  Tps=21.6848
   feasible 

  14R : [ 61155.21 , 33966.35 ] → #round :  289 → [ 61577 , 33987 ]    t=0  |  Tps=0.0029
  14P : [ 59951.88 , 40212.14 ] → x                                    t=1  |  Tps=3.2009
  14R : [ 59951.88 , 40212.14 ] → #round :  124 → [ 61920 , 34337 ]    t=1  |  Tps=3.2019
  14P : [ 59983.00 , 40049.00 ] → Admissible                           t=2  |  Tps=5.2733
   feasible 

  15R : [ 62589.90 , 33864.13 ] → #round :  295 → [ 63972 , 33934 ]    t=0  |  Tps=0.003
  15P : [ 60668.66 , 41230.34 ] → x                                    t=1  |  Tps=2.3784
  15R : [ 60668.66 , 41230.34 ] → #round :  132 → [ 63217 , 34132 ]    t=1  |  Tps=2.3796
  15P : [ 61386.78 , 40937.08 ] → x                                    t=2  |  Tps=5.9982
  15R : [ 61386.78 , 40937.08 ] → #round :  105 → [ 62455 , 34868 ]    t=2  |  Tps=5.999
  15P : [ 61476.20 , 41033.17 ] → x                                    t=3  |  Tps=10.4695
  15R : [ 61476.20 , 41033.17 ] → #round :   53 → [ 62572 , 36411 ]    t=3  |  Tps=10.4699
  15P : [ 62605.50 , 41245.50 ] → x                                    t=4  |  Tps=13.9397
  15R : [ 62605.50 , 41245.50 ] → #round :   16 → [ 62326 , 39514 ]    t=4  |  Tps=13.9399
  15P : [ 62605.50 , 41245.50 ] → x                                    t=5  |  Tps=16.9406
  15R : [ 62605.50 , 41245.50 ] → #round :   16 → [ 62326 , 39514 ]    t=5  |  Tps=16.9408
CYCLE!!!!!!!!!!!!!!!
  15C : [ 63352.00 , 41296.00 ] 
  15P : [ 62824.03 , 41387.67 ] → x                                    t=6  |  Tps=20.9431
  15R : [ 62824.03 , 41387.67 ] → #round :   21 → [ 62318 , 39418 ]    t=6  |  Tps=20.9433
   maxTrial 


5) Extraction des resultats

  Nombre de cycle : 13
   1  : [ 49684.00 , 52176.00 ] → Admissible 
   2  : [ 49763.00 , 50550.00 ] → Admissible 
   3  : [ 50436.00 , 48458.00 ] → Admissible 
   4  : [ 51072.00 , 47459.00 ] → Admissible 
   5  : [ 50578.00 , 45997.00 ] → Admissible 
   6  : [ 52350.00 , 45649.00 ] → x          
   7  : [ 53550.00 , 42355.00 ] → Admissible 
   8  : [ 53452.00 , 39340.00 ] → Admissible 
   9  : [ 54014.00 , 38960.00 ] → x          
  10  : [ 55346.00 , 39152.00 ] → x          
  11  : [ 56086.00 , 40410.00 ] → x          
  12  : [ 57457.00 , 38297.00 ] → Admissible 
  13  : [ 58735.00 , 39748.00 ] → Admissible 
  14  : [ 59983.00 , 40049.00 ] → Admissible 
  15  : [ 62318.00 , 39418.00 ] → x          

6) Edition des resultats 

#U = 6
X_EBP = [49684, 49763, 50436, 50578, 53452, 57457]
Y_EBP = [52176, 50550, 48458, 45997, 39340, 38297]
XN = [49649, 49654, 49669, 49694, 49699, 49704, 49714, 49739, 49744, 49754, 49778, 49803, 49808, 49814, 49818, 49857, 49860, 49863, 49868, 49871, 49875, 49878, 49886, 49895, 49924, 49929, 49935, 49939, 49944, 49949, 49950, 49959, 49988, 49993, 49998, 49999, 50003, 50008, 50013, 50014, 50023, 50053, 50058, 50062, 50067, 50072, 50073, 50082, 50112, 50117, 50122, 50123, 50132, 50192, 50201, 50242, 50251, 50261, 50271, 50292, 50296, 50301, 50340, 50361, 50372, 50376, 50396, 50415, 50426, 50432, 50440, 50465, 50476, 50500, 50511, 50515, 50535, 50536, 50560, 50590, 50604, 50615, 50640, 50675, 50699, 50729, 50764, 50769, 50779, 50857, 50888, 50891, 50902, 50911, 50921, 50952, 50956, 50987, 50991, 51006, 51041, 51050, 51060, 51091, 51145, 51223, 51231, 51246, 51249, 51281, 51305, 51335, 51348, 51360, 51370, 51375, 51385, 51463, 51471, 51533, 51574, 51581, 51595, 51598, 51617, 51618, 51634, 51639, 51670, 51673, 51675, 51678, 51685, 51763, 51771, 51833, 51850, 51869, 51886, 51889, 51925, 51964, 52014, 52053, 52075, 52142, 52145, 52150, 52169, 52186, 52189, 52225, 52264, 52373, 52414, 52453, 52550, 52562, 52581, 52617, 52656, 52765, 52806, 52845, 52942, 52954, 52966, 53005, 53114, 53155, 53194, 53303, 53348, 53358, 53397, 53506, 53547, 53586, 53695, 53740, 53779, 53888, 53959, 53980, 53998, 54089, 54107, 54134, 54169, 54191, 54278, 54300, 54323, 54392, 54473, 54501, 54524, 54546, 54565, 54581, 54690, 54713, 54735, 54820, 54885, 54907, 54929, 54936, 54977, 55033, 55125, 55210, 55289, 55319, 55428, 55446, 55500, 55537, 55553, 55592, 55670, 55701, 55779, 55830, 55840, 55949, 56064, 56105, 56120, 56141, 56144, 56159, 56174, 56213, 56287, 56320, 56359, 56468, 56571, 56586, 56625, 56732, 56771, 56880, 57188, 57227, 57336, 57439, 57454, 57493, 57600, 57639, 57748, 58619, 58728, 58837, 58876, 58985, 60092, 60265, 60290, 60508, 60533, 61003, 61246]
YN = [52029, 51571, 51263, 50984, 50526, 50517, 50218, 49988, 49979, 49680, 49513, 49283, 49274, 49222, 48975, 48902, 48894, 48825, 48816, 48788, 48586, 48517, 48480, 48277, 48108, 48099, 48002, 47800, 47799, 47790, 47694, 47491, 47403, 47394, 47367, 47297, 47095, 47094, 47085, 46989, 46786, 46770, 46769, 46662, 46661, 46652, 46461, 46353, 46337, 46336, 46327, 46231, 46028, 45828, 45744, 45693, 45585, 45544, 45518, 45463, 45375, 45260, 45234, 45060, 45051, 45049, 44977, 44932, 44890, 44851, 44750, 44607, 44565, 44550, 44541, 44539, 44467, 44365, 44324, 44237, 44097, 44055, 43912, 43855, 43814, 43727, 43710, 43701, 43402, 43387, 43378, 43348, 43337, 43328, 43090, 43052, 43033, 42995, 42986, 42884, 42827, 42818, 42580, 42542, 42374, 42359, 42278, 42198, 42187, 42141, 42100, 42091, 42027, 41939, 41935, 41926, 41688, 41673, 41592, 41544, 41524, 41500, 41465, 41437, 41388, 41361, 41343, 41341, 41294, 41270, 41252, 41224, 41047, 41032, 40951, 40903, 40821, 40807, 40732, 40704, 40610, 40537, 40489, 40416, 40331, 40309, 40281, 40180, 40166, 40091, 40063, 39969, 39896, 39825, 39805, 39732, 39695, 39661, 39633, 39539, 39466, 39395, 39375, 39302, 39265, 39231, 39108, 39035, 38964, 38944, 38871, 38800, 38796, 38678, 38605, 38534, 38514, 38441, 38370, 38366, 38293, 38222, 38210, 38172, 38137, 38101, 38066, 38050, 38008, 37989, 37937, 37918, 37886, 37868, 37851, 37797, 37765, 37746, 37745, 37704, 37633, 37601, 37582, 37564, 37547, 37512, 37493, 37461, 37441, 37403, 37297, 37279, 37261, 37208, 37178, 37175, 37142, 37107, 37101, 37028, 37013, 36957, 36942, 36922, 36874, 36803, 36778, 36758, 36746, 36745, 36685, 36673, 36672, 36599, 36598, 36525, 36452, 36381, 36369, 36368, 36295, 36221, 36148, 36077, 36051, 35978, 35907, 35895, 35894, 35821, 35747, 35674, 35603, 35596, 35525, 35518, 35445, 35374, 35357, 35330, 35302, 35280, 35252, 35234, 35184]
Quality measure: 76.38 %
252.967616 seconds (26.84 M allocations: 2.517 GiB, 0.08% gc time)
