0) instance et parametres 

  instance = sppnw33.txt | tailleSampling = 10 | maxTrial = 5 | maxTime = 9223372036854775807


1) calcule les etendues de valeurs sur les 2 objectifs

  f1_min= 6484.00 ↔ f1_max=14259.43 (Δ=7775.43) 
  f2_min= 3142.29 ↔ f2_max=18509.00 (Δ=15366.71) 

2) calcule les generateurs par e-contrainte alternant minimiser z1 et z2

  z1  1 : ϵ = 18509.00  fRL =  6484.00  [  6484.00 , 18509.00 ] 
  z2  1 : ϵ = 14259.43  fRL =  3142.29  [ 14269.94 ,  3144.27 ] 
  z1  2 : ϵ = 16801.59  fRL =  6603.88  [  6603.89 , 16801.47 ] 
  z2  2 : ϵ = 13395.49  fRL =  3161.99  [ 13399.95 ,  3163.44 ] 
  z1  3 : ϵ = 15094.18  fRL =  6728.29  [  6728.35 , 15093.36 ] 
  z2  3 : ϵ = 12531.56  fRL =  3277.45  [ 12529.50 ,  3276.87 ] 
  z1  4 : ϵ = 13386.76  fRL =  6860.00  [  6858.03 , 13382.74 ] 
  z2  4 : ϵ = 11667.62  fRL =  3636.95  [ 11669.75 ,  3637.67 ] 
  z1  5 : ϵ = 11679.35  fRL =  7007.02  [  7001.45 , 11675.89 ] 
  z2  5 : ϵ = 10803.68  fRL =  4017.90  [ 10813.95 ,  4022.35 ] 
  z1  6 : ϵ =  9971.94  fRL =  7170.12  [  7169.15 ,  9971.99 ] 
  z2  6 : ϵ =  9939.75  fRL =  4398.84  [  9933.64 ,  4397.51 ] 
  z1  7 : ϵ =  8264.53  fRL =  7376.17  [  7378.14 ,  8266.13 ] 
  z2  7 : ϵ =  9075.81  fRL =  5057.46  [  9069.99 ,  5055.27 ] 
  z1  8 : ϵ =  6557.11  fRL =  8124.13  [  8118.48 ,  6550.56 ] 
  z2  8 : ϵ =  8211.87  fRL =  6368.38  [  8209.11 ,  6368.05 ] 
  z1  9 : ϵ =  4849.70  fRL =  9248.02  [  9249.19 ,  4851.23 ] 

  → Allocation memoire pour 16 generateurs

3) place L dans structure et verifie l'admissibilite de chaque generateur

   1  : [  6484.00 , 18509.00 ] → x          
   2  : [  6603.89 , 16801.47 ] → x          
   3  : [  6728.35 , 15093.36 ] → x          
   4  : [  6858.03 , 13382.74 ] → x          
   5  : [  7001.45 , 11675.89 ] → x          
   6  : [  7169.15 ,  9971.99 ] → x          
   7  : [  7378.14 ,  8266.13 ] → x          
   8  : [  8118.48 ,  6550.56 ] → x          
   9  : [  8209.11 ,  6368.05 ] → x          
  10  : [  9069.99 ,  5055.27 ] → x          
  11  : [  9933.64 ,  4397.51 ] → x          
  12  : [ 10813.95 ,  4022.35 ] → x          
  13  : [ 11669.75 ,  3637.67 ] → x          
  14  : [ 12529.50 ,  3276.87 ] → x          
  15  : [ 13399.95 ,  3163.44 ] → x          
  16  : [ 14269.94 ,  3144.27 ] → x          

  k=   1     xm= 6484.00   ym= 18509.00   Δx=  7785.94    Δy=     0.00   λ1= 0.00000    λ2= 1.00000 
  k=   2     xm= 6603.89   ym= 16801.47   Δx=  7666.05    Δy=  1707.53   λ1= 0.18216    λ2= 0.81784 
  k=   3     xm= 6728.35   ym= 15093.36   Δx=  7541.59    Δy=  3415.64   λ1= 0.31172    λ2= 0.68828 
  k=   4     xm= 6858.03   ym= 13382.74   Δx=  7411.91    Δy=  5126.26   λ1= 0.40885    λ2= 0.59115 
  k=   5     xm= 7001.45   ym= 11675.89   Δx=  7268.49    Δy=  6833.11   λ1= 0.48456    λ2= 0.51544 
  k=   6     xm= 7169.15   ym= 9971.99   Δx=  7100.79    Δy=  8537.01   λ1= 0.54592    λ2= 0.45408 
  k=   7     xm= 7378.14   ym= 8266.13   Δx=  6891.80    Δy= 10242.87   λ1= 0.59779    λ2= 0.40221 
  k=   8     xm= 8118.48   ym= 6550.56   Δx=  6151.46    Δy= 11958.44   λ1= 0.66033    λ2= 0.33967 
  k=   9     xm= 8209.11   ym= 6368.05   Δx=  6060.83    Δy= 12140.95   λ1= 0.66702    λ2= 0.33298 
  k=  10     xm= 9069.99   ym= 5055.27   Δx=  5199.95    Δy= 13453.73   λ1= 0.72124    λ2= 0.27876 
  k=  11     xm= 9933.64   ym= 4397.51   Δx=  4336.30    Δy= 14111.49   λ1= 0.76494    λ2= 0.23506 
  k=  12     xm= 10813.95   ym= 4022.35   Δx=  3455.99    Δy= 14486.65   λ1= 0.80739    λ2= 0.19261 
  k=  13     xm= 11669.75   ym= 3637.67   Δx=  2600.19    Δy= 14871.33   λ1= 0.85118    λ2= 0.14882 
  k=  14     xm= 12529.50   ym= 3276.87   Δx=  1740.44    Δy= 15232.13   λ1= 0.89746    λ2= 0.10254 
  k=  15     xm= 13399.95   ym= 3163.44   Δx=   869.99    Δy= 15345.56   λ1= 0.94635    λ2= 0.05365 
  k=  16     xm= 14269.94   ym= 3144.27   Δx=     0.00    Δy= 15364.73   λ1= 1.00000    λ2= 0.00000 
4) terraformation generateur par generateur 

   1R : [  6484.00 , 18509.00 ] → #round :    6 → [  7334 , 17060 ]    t=0  |  Tps=0.0
   1P : [  8086.00 , 15181.00 ] → x                                    t=1  |  Tps=0.0118
   1R : [  8086.00 , 15181.00 ] → #round :    5 → [  7464 , 17896 ]    t=1  |  Tps=0.0118
   1P : [  8433.79 , 15458.20 ] → x                                    t=2  |  Tps=0.0238
   1R : [  8433.79 , 15458.20 ] → #round :   11 → [  7464 , 17896 ]    t=2  |  Tps=0.0239
CYCLE!!!!!!!!!!!!!!!
   1C : [ 16910.00 , 18034.00 ] 
   1P : [ 11786.72 , 14338.00 ] → x                                    t=3  |  Tps=0.0357
   1R : [ 11786.72 , 14338.00 ] → #round :   16 → [  7044 , 17936 ]    t=3  |  Tps=0.0357
   1P : [  8086.00 , 15181.00 ] → x                                    t=4  |  Tps=0.0483
   1R : [  8086.00 , 15181.00 ] → #round :    5 → [  7464 , 17896 ]    t=4  |  Tps=0.0483
CYCLE!!!!!!!!!!!!!!!
   1C : [ 10378.00 , 14202.00 ] 
   1P : [ 11313.00 , 13600.00 ] → x                                    t=5  |  Tps=0.0603
   1R : [ 11313.00 , 13600.00 ] → #round :    5 → [ 11016 , 15016 ]    t=5  |  Tps=0.0603
   1P : [ 11313.00 , 13600.00 ] → x                                    t=6  |  Tps=0.0719
   1R : [ 11313.00 , 13600.00 ] → #round :    5 → [ 11016 , 15016 ]    t=6  |  Tps=0.0719
CYCLE!!!!!!!!!!!!!!!
   1C : [  9346.00 , 13280.00 ] 
   maxTrial 

   2R : [  6603.89 , 16801.47 ] → #round :    8 → [  8058 , 18358 ]    t=0  |  Tps=0.0
   2P : [  6678.00 , 15746.00 ] → Admissible                           t=1  |  Tps=0.0403
   feasible 

   3R : [  6728.35 , 15093.36 ] → #round :   11 → [  9576 , 17156 ]    t=0  |  Tps=0.0
   3P : [  6678.00 , 15746.00 ] → Admissible                           t=1  |  Tps=0.0107
   feasible 

   4R : [  6858.03 , 13382.74 ] → #round :   11 → [  8612 , 12314 ]    t=0  |  Tps=0.0
   4P : [  8688.50 ,  9605.50 ] → x                                    t=1  |  Tps=0.0109
   4R : [  8688.50 ,  9605.50 ] → #round :    8 → [  8612 , 12314 ]    t=1  |  Tps=0.0109
CYCLE!!!!!!!!!!!!!!!
   4C : [ 15320.00 , 10940.00 ] 
   4P : [ 11598.00 ,  9418.00 ] → x                                    t=2  |  Tps=0.022
   4R : [ 11598.00 ,  9418.00 ] → #round :    6 → [  7352 , 10582 ]    t=2  |  Tps=0.0221
   4P : [ 10693.00 , 10239.00 ] → x                                    t=3  |  Tps=0.034
   4R : [ 10693.00 , 10239.00 ] → #round :    5 → [  7352 , 10582 ]    t=3  |  Tps=0.034
CYCLE!!!!!!!!!!!!!!!
   4C : [ 14290.00 , 11408.00 ] 
   4P : [ 10693.00 , 10239.00 ] → x                                    t=4  |  Tps=0.0454
   4R : [ 10693.00 , 10239.00 ] → #round :    5 → [  7352 , 10582 ]    t=4  |  Tps=0.0455
CYCLE!!!!!!!!!!!!!!!
   4C : [ 10264.00 ,  9218.00 ] 
   4P : [ 10693.00 , 10239.00 ] → x                                    t=5  |  Tps=0.0569
   4R : [ 10693.00 , 10239.00 ] → #round :    5 → [  7352 , 10582 ]    t=5  |  Tps=0.0569
CYCLE!!!!!!!!!!!!!!!
   4C : [ 15020.00 , 11860.00 ] 
   4P : [ 10693.00 , 10239.00 ] → x                                    t=6  |  Tps=0.0686
   4R : [ 10693.00 , 10239.00 ] → #round :    5 → [  7352 , 10582 ]    t=6  |  Tps=0.0687
CYCLE!!!!!!!!!!!!!!!
   4C : [  6366.00 ,  8618.00 ] 
   maxTrial 

   5R : [  7001.45 , 11675.89 ] → #round :   14 → [  8094 , 11130 ]    t=0  |  Tps=0.0
   5P : [  7276.00 , 12190.00 ] → Admissible                           t=1  |  Tps=0.0113
   feasible 

   6R : [  7169.15 ,  9971.99 ] → #round :   14 → [  7812 ,  9362 ]    t=0  |  Tps=0.0
   6P : [  7380.00 ,  8238.00 ] → Admissible                           t=1  |  Tps=0.012
   feasible 

   7R : [  7378.14 ,  8266.13 ] → #round :   13 → [ 10364 , 10714 ]    t=0  |  Tps=0.0
   7P : [  7380.00 ,  8238.00 ] → Admissible                           t=1  |  Tps=0.012
   feasible 

   8R : [  8118.48 ,  6550.56 ] → #round :   16 → [  8514 ,  6714 ]    t=0  |  Tps=0.0001
   8P : [  7380.00 ,  8238.00 ] → Admissible                           t=1  |  Tps=0.0119
   feasible 

   9R : [  8209.11 ,  6368.05 ] → #round :   14 → [  8514 ,  6714 ]    t=0  |  Tps=0.0001
   9P : [  7380.00 ,  8238.00 ] → Admissible                           t=1  |  Tps=0.012
   feasible 

  10R : [  9069.99 ,  5055.27 ] → #round :   14 → [  8312 ,  6388 ]    t=0  |  Tps=0.0001
  10P : [  8507.25 ,  5758.50 ] → x                                    t=1  |  Tps=0.0114
  10R : [  8507.25 ,  5758.50 ] → #round :   11 → [  9704 ,  6628 ]    t=1  |  Tps=0.0115
  10P : [  7742.00 ,  7770.00 ] → Admissible                           t=2  |  Tps=0.0229
   feasible 

  11R : [  9933.64 ,  4397.51 ] → #round :   17 → [ 13010 ,  5036 ]    t=0  |  Tps=0.0001
  11P : [  9085.00 ,  6069.00 ] → x                                    t=1  |  Tps=0.0117
  11R : [  9085.00 ,  6069.00 ] → #round :    7 → [ 11106 ,  4526 ]    t=1  |  Tps=0.0118
  11P : [  9085.00 ,  6069.00 ] → x                                    t=2  |  Tps=0.023
  11R : [  9085.00 ,  6069.00 ] → #round :    7 → [ 11106 ,  4526 ]    t=2  |  Tps=0.0231
CYCLE!!!!!!!!!!!!!!!
  11C : [  9822.00 ,  8862.00 ] 
  11P : [  9208.94 ,  9048.96 ] → x                                    t=3  |  Tps=0.0347
  11R : [  9208.94 ,  9048.96 ] → #round :   11 → [ 12172 ,  6560 ]    t=3  |  Tps=0.0348
  11P : [  9308.00 ,  7888.00 ] → x                                    t=4  |  Tps=0.0465
  11R : [  9308.00 ,  7888.00 ] → #round :    6 → [ 10728 ,  5996 ]    t=4  |  Tps=0.0466
  11P : [  9308.00 ,  7888.00 ] → x                                    t=5  |  Tps=0.058
  11R : [  9308.00 ,  7888.00 ] → #round :    6 → [ 10728 ,  5996 ]    t=5  |  Tps=0.0581
CYCLE!!!!!!!!!!!!!!!
  11C : [  7916.00 ,  9458.00 ] 
  11P : [  7818.00 , 12996.00 ] → Admissible                           t=6  |  Tps=0.0693
   feasible 

  12R : [ 10813.95 ,  4022.35 ] → #round :   17 → [ 11458 ,  5032 ]    t=0  |  Tps=0.0001
  12P : [  8982.50 ,  6738.50 ] → x                                    t=1  |  Tps=0.0117
  12R : [  8982.50 ,  6738.50 ] → #round :    9 → [ 10736 ,  4220 ]    t=1  |  Tps=0.0118
  12P : [  8982.50 ,  6738.50 ] → x                                    t=2  |  Tps=0.023
  12R : [  8982.50 ,  6738.50 ] → #round :    9 → [ 10736 ,  4220 ]    t=2  |  Tps=0.0231
CYCLE!!!!!!!!!!!!!!!
  12C : [ 10558.00 , 11062.00 ] 
  12P : [  9363.50 ,  9864.00 ] → x                                    t=3  |  Tps=0.0346
  12R : [  9363.50 ,  9864.00 ] → #round :   12 → [ 12778 ,  6156 ]    t=3  |  Tps=0.0347
  12P : [  8982.50 ,  6738.50 ] → x                                    t=4  |  Tps=0.0459
  12R : [  8982.50 ,  6738.50 ] → #round :    9 → [ 10736 ,  4220 ]    t=4  |  Tps=0.0459
CYCLE!!!!!!!!!!!!!!!
  12C : [  7240.00 , 11786.00 ] 
  12P : [  7380.00 ,  8238.00 ] → Admissible                           t=5  |  Tps=0.0572
   feasible 

  13R : [ 11669.75 ,  3637.67 ] → #round :   17 → [ 11092 ,  4378 ]    t=0  |  Tps=0.0001
  13P : [ 12654.00 ,  8628.00 ] → x                                    t=1  |  Tps=0.0122
  13R : [ 12654.00 ,  8628.00 ] → #round :    4 → [ 16386 ,  7308 ]    t=1  |  Tps=0.0122
  13P : [ 12654.00 ,  8628.00 ] → x                                    t=2  |  Tps=0.0241
  13R : [ 12654.00 ,  8628.00 ] → #round :    4 → [ 16386 ,  7308 ]    t=2  |  Tps=0.0241
CYCLE!!!!!!!!!!!!!!!
  13C : [  8922.00 ,  9948.00 ] 
  13P : [ 11636.00 , 14570.00 ] → Admissible                           t=3  |  Tps=0.0371
   feasible 

  14R : [ 12529.50 ,  3276.87 ] → #round :   19 → [ 13402 ,  4338 ]    t=0  |  Tps=0.0001
  14P : [  9976.50 ,  8663.50 ] → x                                    t=1  |  Tps=0.0119
  14R : [  9976.50 ,  8663.50 ] → #round :   11 → [ 12260 ,  3566 ]    t=1  |  Tps=0.012
  14P : [  9976.50 ,  8663.50 ] → x                                    t=2  |  Tps=0.0239
  14R : [  9976.50 ,  8663.50 ] → #round :   11 → [ 12260 ,  3566 ]    t=2  |  Tps=0.024
CYCLE!!!!!!!!!!!!!!!
  14C : [ 14008.00 , 13842.00 ] 
  14P : [  8604.00 , 20212.00 ] → Admissible                           t=3  |  Tps=0.0357
   feasible 

  15R : [ 13399.95 ,  3163.44 ] → #round :   19 → [ 17174 ,  3680 ]    t=0  |  Tps=0.0001
  15P : [ 12988.00 ,  7158.00 ] → Admissible                           t=1  |  Tps=0.0119
   feasible 

  16R : [ 14269.94 ,  3144.27 ] → #round :   13 → [ 16160 ,  3146 ]    t=0  |  Tps=0.0
  16P : [ 13132.00 ,  9376.00 ] → Admissible                           t=1  |  Tps=0.0125
   feasible 


5) Extraction des resultats

  Nombre de cycle : 14
   1  : [  9346.00 , 13280.00 ] → x          
   2  : [  6678.00 , 15746.00 ] → Admissible 
   3  : [  6678.00 , 15746.00 ] → Admissible 
   4  : [  6366.00 ,  8618.00 ] → x          
   5  : [  7276.00 , 12190.00 ] → Admissible 
   6  : [  7380.00 ,  8238.00 ] → Admissible 
   7  : [  7380.00 ,  8238.00 ] → Admissible 
   8  : [  7380.00 ,  8238.00 ] → Admissible 
   9  : [  7380.00 ,  8238.00 ] → Admissible 
  10  : [  7742.00 ,  7770.00 ] → Admissible 
  11  : [  7818.00 , 12996.00 ] → Admissible 
  12  : [  7380.00 ,  8238.00 ] → Admissible 
  13  : [ 11636.00 , 14570.00 ] → Admissible 
  14  : [  8604.00 , 20212.00 ] → Admissible 
  15  : [ 12988.00 ,  7158.00 ] → Admissible 
  16  : [ 13132.00 ,  9376.00 ] → Admissible 

6) Edition des resultats 

#U = 5
X_EBP = [6678, 7276, 7380, 7742, 12988]
Y_EBP = [15746, 12190, 8238, 7770, 7158]
XN = [6678, 7188, 7380, 7742, 8388, 9970, 10110, 13170, 13228, 16014]
YN = [15746, 10660, 8238, 7770, 7222, 6386, 5302, 4736, 4010, 3942]
Quality measure: 79.74 %
  0.949340 seconds (6.84 M allocations: 672.911 MiB, 2.72% gc time)
