0) instance et parametres 

  instance = sppnw31.txt | tailleSampling = 10 | maxTrial = 5 | maxTime = 9223372036854775807


1) calcule les etendues de valeurs sur les 2 objectifs

  f1_min= 7980.00 ↔ f1_max=15343.33 (Δ=7363.33) 
  f2_min= 3548.00 ↔ f2_max=14803.00 (Δ=11255.00) 

2) calcule les generateurs par e-contrainte alternant minimiser z1 et z2

  z1  1 : ϵ = 14803.00  fRL =  7980.00  [  7980.00 , 14803.00 ] 
  z2  1 : ϵ = 15343.33  fRL =  3548.00  [ 15342.85 ,  3549.31 ] 
  z1  2 : ϵ = 13552.44  fRL =  8010.36  [  8010.36 , 13552.26 ] 
  z2  2 : ϵ = 14525.18  fRL =  3584.09  [ 14520.84 ,  3583.53 ] 
  z1  3 : ϵ = 12301.89  fRL =  8040.71  [  8040.72 , 12301.52 ] 
  z2  3 : ϵ = 13707.03  fRL =  3671.35  [ 13707.20 ,  3672.15 ] 
  z1  4 : ϵ = 11051.33  fRL =  8142.20  [  8142.24 , 11050.94 ] 
  z2  4 : ϵ = 12888.89  fRL =  3820.10  [ 12886.55 ,  3819.72 ] 
  z1  5 : ϵ =  9800.78  fRL =  8561.21  [  8559.78 ,  9798.67 ] 
  z2  5 : ϵ = 12070.74  fRL =  4037.49  [ 12063.93 ,  4036.14 ] 
  z1  6 : ϵ =  8550.22  fRL =  8984.96  [  8976.55 ,  8546.32 ] 
  z2  6 : ϵ = 11252.59  fRL =  4338.76  [ 11251.07 ,  4339.15 ] 
  z1  7 : ϵ =  7299.67  fRL =  9408.72  [  9409.21 ,  7300.75 ] 
  z2  7 : ϵ = 10434.44  fRL =  4876.60  [ 10440.41 ,  4879.31 ] 
  z1  8 : ϵ =  6049.11  fRL =  9842.55  [  9837.43 ,  6042.82 ] 
  z2  8 : ϵ =  9616.30  fRL =  6687.10  [  9613.83 ,  6686.76 ] 

  → Allocation memoire pour 15 generateurs

3) place L dans structure et verifie l'admissibilite de chaque generateur

   1  : [  7980.00 , 14803.00 ] → x          
   2  : [  8010.36 , 13552.26 ] → x          
   3  : [  8040.72 , 12301.52 ] → x          
   4  : [  8142.24 , 11050.94 ] → x          
   5  : [  8559.78 ,  9798.67 ] → x          
   6  : [  8976.55 ,  8546.32 ] → x          
   7  : [  9409.21 ,  7300.75 ] → x          
   8  : [  9837.43 ,  6042.82 ] → x          
   9  : [ 10440.41 ,  4879.31 ] → x          
  10  : [ 11251.07 ,  4339.15 ] → x          
  11  : [ 12063.93 ,  4036.14 ] → x          
  12  : [ 12886.55 ,  3819.72 ] → x          
  13  : [ 13707.20 ,  3672.15 ] → x          
  14  : [ 14520.84 ,  3583.53 ] → x          
  15  : [ 15342.85 ,  3549.31 ] → x          

  k=   1     xm= 7980.00   ym= 14803.00   Δx=  7362.85    Δy=     0.00   λ1= 0.00000    λ2= 1.00000 
  k=   2     xm= 8010.36   ym= 13552.26   Δx=  7332.49    Δy=  1250.74   λ1= 0.14572    λ2= 0.85428 
  k=   3     xm= 8040.72   ym= 12301.52   Δx=  7302.13    Δy=  2501.48   λ1= 0.25516    λ2= 0.74484 
  k=   4     xm= 8142.24   ym= 11050.94   Δx=  7200.61    Δy=  3752.06   λ1= 0.34257    λ2= 0.65743 
  k=   5     xm= 8559.78   ym= 9798.67   Δx=  6783.07    Δy=  5004.33   λ1= 0.42455    λ2= 0.57545 
  k=   6     xm= 8976.55   ym= 8546.32   Δx=  6366.30    Δy=  6256.68   λ1= 0.49566    λ2= 0.50434 
  k=   7     xm= 9409.21   ym= 7300.75   Δx=  5933.64    Δy=  7502.25   λ1= 0.55837    λ2= 0.44163 
  k=   8     xm= 9837.43   ym= 6042.82   Δx=  5505.42    Δy=  8760.18   λ1= 0.61408    λ2= 0.38592 
  k=   9     xm= 10440.41   ym= 4879.31   Δx=  4902.44    Δy=  9923.69   λ1= 0.66934    λ2= 0.33066 
  k=  10     xm= 11251.07   ym= 4339.15   Δx=  4091.78    Δy= 10463.85   λ1= 0.71889    λ2= 0.28111 
  k=  11     xm= 12063.93   ym= 4036.14   Δx=  3278.92    Δy= 10766.86   λ1= 0.76655    λ2= 0.23345 
  k=  12     xm= 12886.55   ym= 3819.72   Δx=  2456.30    Δy= 10983.28   λ1= 0.81723    λ2= 0.18277 
  k=  13     xm= 13707.20   ym= 3672.15   Δx=  1635.65    Δy= 11130.85   λ1= 0.87188    λ2= 0.12812 
  k=  14     xm= 14520.84   ym= 3583.53   Δx=   822.01    Δy= 11219.47   λ1= 0.93174    λ2= 0.06826 
  k=  15     xm= 15342.85   ym= 3549.31   Δx=     0.00    Δy= 11253.69   λ1= 1.00000    λ2= 0.00000 
4) terraformation generateur par generateur 

   1R : [  7980.00 , 14803.00 ] → #round :    5 → [  8384 , 15160 ]    t=0  |  Tps=0.0
   1P : [  9121.20 , 12931.60 ] → x                                    t=1  |  Tps=0.0094
   1R : [  9121.20 , 12931.60 ] → #round :    7 → [  8384 , 15160 ]    t=1  |  Tps=0.0094
CYCLE!!!!!!!!!!!!!!!
   1C : [ 18710.00 , 16952.00 ] 
   1P : [ 12860.38 , 11869.25 ] → x                                    t=2  |  Tps=0.0265
   1R : [ 12860.38 , 11869.25 ] → #round :   10 → [ 10450 , 13300 ]    t=2  |  Tps=0.0266
   1P : [ 10488.00 , 15024.00 ] → Admissible                           t=3  |  Tps=0.0362
   feasible 

   2R : [  8010.36 , 13552.26 ] → #round :    6 → [  8984 , 15370 ]    t=0  |  Tps=0.0
   2P : [  9453.00 , 12923.00 ] → x                                    t=1  |  Tps=0.0095
   2R : [  9453.00 , 12923.00 ] → #round :    5 → [ 11972 , 14230 ]    t=1  |  Tps=0.0096
   2P : [ 10338.00 , 11803.00 ] → x                                    t=2  |  Tps=0.0206
   2R : [ 10338.00 , 11803.00 ] → #round :    5 → [ 11972 , 14230 ]    t=2  |  Tps=0.0207
CYCLE!!!!!!!!!!!!!!!
   2C : [ 10754.00 , 13130.00 ] 
   2P : [  8046.00 , 12084.00 ] → Admissible                           t=3  |  Tps=0.0306
   feasible 

   3R : [  8040.72 , 12301.52 ] → #round :    6 → [ 10350 , 15812 ]    t=0  |  Tps=0.0
   3P : [  8046.00 , 12084.00 ] → Admissible                           t=1  |  Tps=0.012
   feasible 

   4R : [  8142.24 , 11050.94 ] → #round :    4 → [ 10194 , 14786 ]    t=0  |  Tps=0.0
   4P : [  8144.00 , 11032.00 ] → Admissible                           t=1  |  Tps=0.0101
   feasible 

   5R : [  8559.78 ,  9798.67 ] → #round :   20 → [ 12554 , 12338 ]    t=0  |  Tps=0.0001
   5P : [  8144.00 , 11032.00 ] → Admissible                           t=1  |  Tps=0.0099
   feasible 

   6R : [  8976.55 ,  8546.32 ] → #round :   20 → [  9472 ,  8774 ]    t=0  |  Tps=0.0001
   6P : [  8144.00 , 11032.00 ] → Admissible                           t=1  |  Tps=0.0106
   feasible 

   7R : [  9409.21 ,  7300.75 ] → #round :   20 → [ 11078 ,  6944 ]    t=0  |  Tps=0.0001
   7P : [ 11540.00 ,  8514.00 ] → Admissible                           t=1  |  Tps=0.0101
   feasible 

   8R : [  9837.43 ,  6042.82 ] → #round :   19 → [ 13202 ,  7940 ]    t=0  |  Tps=0.0001
   8P : [ 10508.48 ,  5966.52 ] → x                                    t=1  |  Tps=0.0177
   8R : [ 10508.48 ,  5966.52 ] → #round :   18 → [ 11208 ,  6888 ]    t=1  |  Tps=0.0177
   8P : [ 11223.50 ,  6101.85 ] → x                                    t=2  |  Tps=0.0276
   8R : [ 11223.50 ,  6101.85 ] → #round :   19 → [ 10342 ,  6420 ]    t=2  |  Tps=0.0277
   8P : [ 11121.20 ,  6774.40 ] → x                                    t=3  |  Tps=0.0386
   8R : [ 11121.20 ,  6774.40 ] → #round :   12 → [ 11354 ,  7484 ]    t=3  |  Tps=0.0386
   8P : [ 11591.40 ,  7813.75 ] → x                                    t=4  |  Tps=0.0487
   8R : [ 11591.40 ,  7813.75 ] → #round :    5 → [ 10726 ,  7172 ]    t=4  |  Tps=0.0487
   8P : [ 14242.00 ,  4620.00 ] → Admissible                           t=5  |  Tps=0.0586
   feasible 

   9R : [ 10440.41 ,  4879.31 ] → #round :   20 → [ 11654 ,  6362 ]    t=0  |  Tps=0.0001
   9P : [ 10293.54 ,  6758.69 ] → x                                    t=1  |  Tps=0.0093
   9R : [ 10293.54 ,  6758.69 ] → #round :   11 → [ 11232 ,  6652 ]    t=1  |  Tps=0.0094
   9P : [ 10293.54 ,  6758.69 ] → x                                    t=2  |  Tps=0.0188
   9R : [ 10293.54 ,  6758.69 ] → #round :   11 → [ 11232 ,  6652 ]    t=2  |  Tps=0.0188
CYCLE!!!!!!!!!!!!!!!
   9C : [  9230.00 ,  6546.00 ] 
   9P : [ 10435.00 ,  7330.00 ] → x                                    t=3  |  Tps=0.0282
   9R : [ 10435.00 ,  7330.00 ] → #round :    8 → [ 12160 ,  8220 ]    t=3  |  Tps=0.0282
   9P : [ 10435.00 ,  7330.00 ] → x                                    t=4  |  Tps=0.0379
   9R : [ 10435.00 ,  7330.00 ] → #round :    8 → [ 12160 ,  8220 ]    t=4  |  Tps=0.0379
CYCLE!!!!!!!!!!!!!!!
   9C : [ 12962.00 ,  6322.00 ] 
   9P : [ 11982.00 ,  5914.00 ] → Admissible                           t=5  |  Tps=0.0481
   feasible 

  10R : [ 11251.07 ,  4339.15 ] → #round :   19 → [ 14680 ,  5152 ]    t=0  |  Tps=0.0001
  10P : [ 10982.50 ,  5327.50 ] → x                                    t=1  |  Tps=0.0165
  10R : [ 10982.50 ,  5327.50 ] → #round :   11 → [ 14268 ,  4014 ]    t=1  |  Tps=0.0166
  10P : [ 11982.00 ,  5914.00 ] → Admissible                           t=2  |  Tps=0.0269
   feasible 

  11R : [ 12063.93 ,  4036.14 ] → #round :   19 → [ 13472 ,  4606 ]    t=0  |  Tps=0.0001
  11P : [ 11381.93 ,  5808.73 ] → x                                    t=1  |  Tps=0.0096
  11R : [ 11381.93 ,  5808.73 ] → #round :   15 → [ 12042 ,  4054 ]    t=1  |  Tps=0.0096
  11P : [ 11381.93 ,  5808.73 ] → x                                    t=2  |  Tps=0.0194
  11R : [ 11381.93 ,  5808.73 ] → #round :   15 → [ 12042 ,  4054 ]    t=2  |  Tps=0.0195
CYCLE!!!!!!!!!!!!!!!
  11C : [ 20244.00 , 16282.00 ] 
  11P : [ 10449.96 ,  7481.08 ] → x                                    t=3  |  Tps=0.0294
  11R : [ 10449.96 ,  7481.08 ] → #round :   14 → [ 13044 ,  5344 ]    t=3  |  Tps=0.0294
  11P : [ 10182.00 , 12452.00 ] → Admissible                           t=4  |  Tps=0.0403
   feasible 

  12R : [ 12886.55 ,  3819.72 ] → #round :   19 → [ 14788 ,  4084 ]    t=0  |  Tps=0.0001
  12P : [ 11253.19 ,  6047.45 ] → x                                    t=1  |  Tps=0.0095
  12R : [ 11253.19 ,  6047.45 ] → #round :   16 → [ 16804 ,  6744 ]    t=1  |  Tps=0.0095
  12P : [ 13184.00 ,  8218.00 ] → Admissible                           t=2  |  Tps=0.0189
   feasible 

  13R : [ 13707.20 ,  3672.15 ] → #round :   19 → [ 13282 ,  3990 ]    t=0  |  Tps=0.0001
  13P : [ 11417.34 ,  6814.55 ] → x                                    t=1  |  Tps=0.0093
  13R : [ 11417.34 ,  6814.55 ] → #round :   14 → [ 12308 ,  3944 ]    t=1  |  Tps=0.0094
  13P : [ 12762.00 ,  4736.00 ] → Admissible                           t=2  |  Tps=0.0187
   feasible 

  14R : [ 14520.84 ,  3583.53 ] → #round :   19 → [ 14376 ,  3826 ]    t=0  |  Tps=0.0001
  14P : [ 12642.72 ,  8220.19 ] → x                                    t=1  |  Tps=0.0094
  14R : [ 12642.72 ,  8220.19 ] → #round :   14 → [ 14376 ,  3826 ]    t=1  |  Tps=0.0094
CYCLE!!!!!!!!!!!!!!!
  14C : [ 20306.00 , 21610.00 ] 
  14P : [ 11530.00 , 18852.00 ] → Admissible                           t=2  |  Tps=0.0265
   feasible 

  15R : [ 15342.85 ,  3549.31 ] → #round :   14 → [ 17644 ,  4130 ]    t=0  |  Tps=0.0
  15P : [ 12678.73 ,  8216.77 ] → x                                    t=1  |  Tps=0.01
  15R : [ 12678.73 ,  8216.77 ] → #round :   11 → [ 18724 ,  7784 ]    t=1  |  Tps=0.0101
  15P : [ 13422.00 , 11446.00 ] → Admissible                           t=2  |  Tps=0.0198
   feasible 


5) Extraction des resultats

  Nombre de cycle : 6
   1  : [ 10488.00 , 15024.00 ] → Admissible 
   2  : [  8046.00 , 12084.00 ] → Admissible 
   3  : [  8046.00 , 12084.00 ] → Admissible 
   4  : [  8144.00 , 11032.00 ] → Admissible 
   5  : [  8144.00 , 11032.00 ] → Admissible 
   6  : [  8144.00 , 11032.00 ] → Admissible 
   7  : [ 11540.00 ,  8514.00 ] → Admissible 
   8  : [ 14242.00 ,  4620.00 ] → Admissible 
   9  : [ 11982.00 ,  5914.00 ] → Admissible 
  10  : [ 11982.00 ,  5914.00 ] → Admissible 
  11  : [ 10182.00 , 12452.00 ] → Admissible 
  12  : [ 13184.00 ,  8218.00 ] → Admissible 
  13  : [ 12762.00 ,  4736.00 ] → Admissible 
  14  : [ 11530.00 , 18852.00 ] → Admissible 
  15  : [ 13422.00 , 11446.00 ] → Admissible 

6) Edition des resultats 

#U = 6
X_EBP = [8046, 8144, 11540, 11982, 12762, 14242]
Y_EBP = [12084, 11032, 8514, 5914, 4736, 4620]
XN = [8038, 8046, 8144, 9280, 9606, 9610, 9870, 10764, 11632, 11918, 11982, 12762, 13378, 14242, 14482, 14784]
YN = [13954, 12084, 11032, 10598, 9902, 8944, 8284, 7102, 6602, 6234, 5914, 4736, 4630, 4620, 4510, 4202]
Quality measure: 84.00 %
  0.799027 seconds (5.35 M allocations: 507.108 MiB, 3.78% gc time)
