0) instance et parametres 

  instance = sppnw13.txt | tailleSampling = 10 | maxTrial = 5 | maxTime = 9223372036854775807


1) calcule les etendues de valeurs sur les 2 objectifs

  f1_min=50132.00 ↔ f1_max=57382.08 (Δ=7250.08) 
  f2_min=19380.54 ↔ f2_max=49071.00 (Δ=29690.46) 

2) calcule les generateurs par e-contrainte alternant minimiser z1 et z2

  z1  1 : ϵ = 49071.00  fRL = 50132.00  [ 50132.00 , 48615.00 ] 
  z2  1 : ϵ = 57382.08  fRL = 19380.54  [ 57385.94 , 19381.58 ] 
  z1  2 : ϵ = 45772.06  fRL = 50135.67  [ 50135.67 , 45771.50 ] 
  z2  2 : ϵ = 56576.52  fRL = 19466.60  [ 56579.42 , 19467.12 ] 
  z1  3 : ϵ = 42473.12  fRL = 50176.46  [ 50176.46 , 42473.18 ] 
  z2  3 : ϵ = 55770.95  fRL = 19753.03  [ 55776.69 , 19754.86 ] 
  z1  4 : ϵ = 39174.18  fRL = 50293.64  [ 50293.67 , 39173.46 ] 
  z2  4 : ϵ = 54965.39  fRL = 20286.25  [ 54961.05 , 20285.00 ] 
  z1  5 : ϵ = 35875.24  fRL = 50442.04  [ 50442.17 , 35872.60 ] 
  z2  5 : ϵ = 54159.82  fRL = 21035.00  [ 54160.47 , 21033.96 ] 
  z1  6 : ϵ = 32576.30  fRL = 50599.66  [ 50599.72 , 32575.00 ] 
  z2  6 : ϵ = 53354.26  fRL = 22180.18  [ 53356.82 , 22181.51 ] 
  z1  7 : ϵ = 29277.36  fRL = 50946.77  [ 50949.62 , 29279.65 ] 
  z2  7 : ϵ = 52548.69  fRL = 23836.30  [ 52557.76 , 23841.12 ] 
  z1  8 : ϵ = 25978.42  fRL = 51815.32  [ 51815.50 , 25977.78 ] 
  z2  8 : ϵ = 51743.13  fRL = 26232.47  [ 51743.19 , 26232.25 ] 

  → Allocation memoire pour 15 generateurs

3) place L dans structure et verifie l'admissibilite de chaque generateur

   1  : [ 50132.00 , 48615.00 ] → x          
   2  : [ 50135.67 , 45771.50 ] → x          
   3  : [ 50176.46 , 42473.18 ] → x          
   4  : [ 50293.67 , 39173.46 ] → x          
   5  : [ 50442.17 , 35872.60 ] → x          
   6  : [ 50599.72 , 32575.00 ] → x          
   7  : [ 50949.62 , 29279.65 ] → x          
   8  : [ 51815.50 , 25977.78 ] → x          
   9  : [ 52557.76 , 23841.12 ] → x          
  10  : [ 53356.82 , 22181.51 ] → x          
  11  : [ 54160.47 , 21033.96 ] → x          
  12  : [ 54961.05 , 20285.00 ] → x          
  13  : [ 55776.69 , 19754.86 ] → x          
  14  : [ 56579.42 , 19467.12 ] → x          
  15  : [ 57385.94 , 19381.58 ] → x          

  k=   1     xm= 50132.00   ym= 48615.00   Δx=  7253.94    Δy=     0.00   λ1= 0.00000    λ2= 1.00000 
  k=   2     xm= 50135.67   ym= 45771.50   Δx=  7250.27    Δy=  2843.50   λ1= 0.28171    λ2= 0.71829 
  k=   3     xm= 50176.46   ym= 42473.18   Δx=  7209.48    Δy=  6141.82   λ1= 0.46002    λ2= 0.53998 
  k=   4     xm= 50293.67   ym= 39173.46   Δx=  7092.27    Δy=  9441.54   λ1= 0.57104    λ2= 0.42896 
  k=   5     xm= 50442.17   ym= 35872.60   Δx=  6943.77    Δy= 12742.40   λ1= 0.64728    λ2= 0.35272 
  k=   6     xm= 50599.72   ym= 32575.00   Δx=  6786.22    Δy= 16040.00   λ1= 0.70270    λ2= 0.29730 
  k=   7     xm= 50949.62   ym= 29279.65   Δx=  6436.32    Δy= 19335.35   λ1= 0.75026    λ2= 0.24974 
  k=   8     xm= 51815.50   ym= 25977.78   Δx=  5570.44    Δy= 22637.22   λ1= 0.80252    λ2= 0.19748 
  k=   9     xm= 52557.76   ym= 23841.12   Δx=  4828.18    Δy= 24773.88   λ1= 0.83690    λ2= 0.16310 
  k=  10     xm= 53356.82   ym= 22181.51   Δx=  4029.12    Δy= 26433.49   λ1= 0.86774    λ2= 0.13226 
  k=  11     xm= 54160.47   ym= 21033.96   Δx=  3225.47    Δy= 27581.04   λ1= 0.89530    λ2= 0.10470 
  k=  12     xm= 54961.05   ym= 20285.00   Δx=  2424.89    Δy= 28330.00   λ1= 0.92115    λ2= 0.07885 
  k=  13     xm= 55776.69   ym= 19754.86   Δx=  1609.25    Δy= 28860.14   λ1= 0.94718    λ2= 0.05282 
  k=  14     xm= 56579.42   ym= 19467.12   Δx=   806.52    Δy= 29147.88   λ1= 0.97308    λ2= 0.02692 
  k=  15     xm= 57385.94   ym= 19381.58   Δx=     0.00    Δy= 29233.42   λ1= 1.00000    λ2= 0.00000 
4) terraformation generateur par generateur 

   1R : [ 50132.00 , 48615.00 ] → #round :    6 → [ 50848 , 47420 ]    t=0  |  Tps=0.0001
   1P : [ 50298.00 , 48324.00 ] → Admissible                           t=1  |  Tps=0.083
   feasible 

   2R : [ 50135.67 , 45771.50 ] → #round :    9 → [ 50502 , 44490 ]    t=0  |  Tps=0.0002
   2P : [ 50438.00 , 44435.00 ] → x                                    t=1  |  Tps=0.084
   2R : [ 50438.00 , 44435.00 ] → #round :    4 → [ 53118 , 45604 ]    t=1  |  Tps=0.0841
   2P : [ 50438.00 , 44435.00 ] → x                                    t=2  |  Tps=0.1669
   2R : [ 50438.00 , 44435.00 ] → #round :    4 → [ 53118 , 45604 ]    t=2  |  Tps=0.167
CYCLE!!!!!!!!!!!!!!!
   2C : [ 51298.00 , 44668.00 ] 
   2P : [ 50438.00 , 44435.00 ] → x                                    t=3  |  Tps=0.2541
   2R : [ 50438.00 , 44435.00 ] → #round :    4 → [ 53118 , 45604 ]    t=3  |  Tps=0.2543
CYCLE!!!!!!!!!!!!!!!
   2C : [ 50502.00 , 44490.00 ] 
   2P : [ 50438.00 , 44435.00 ] → x                                    t=4  |  Tps=0.3662
   2R : [ 50438.00 , 44435.00 ] → #round :    4 → [ 53118 , 45604 ]    t=4  |  Tps=0.3663
CYCLE!!!!!!!!!!!!!!!
   2C : [ 50502.00 , 44490.00 ] 
   2P : [ 50438.00 , 44435.00 ] → x                                    t=5  |  Tps=0.4464
   2R : [ 50438.00 , 44435.00 ] → #round :    4 → [ 53118 , 45604 ]    t=5  |  Tps=0.4465
CYCLE!!!!!!!!!!!!!!!
   2C : [ 50374.00 , 44380.00 ] 
   2P : [ 50438.00 , 44435.00 ] → x                                    t=6  |  Tps=0.5288
   2R : [ 50438.00 , 44435.00 ] → #round :    4 → [ 53118 , 45604 ]    t=6  |  Tps=0.5289
CYCLE!!!!!!!!!!!!!!!
   2C : [ 50802.00 , 44200.00 ] 
   maxTrial 

   3R : [ 50176.46 , 42473.18 ] → #round :   11 → [ 51710 , 44398 ]    t=0  |  Tps=0.0002
   3P : [ 50182.00 , 43092.00 ] → Admissible                           t=1  |  Tps=0.0835
   feasible 

   4R : [ 50293.67 , 39173.46 ] → #round :    7 → [ 50328 , 38522 ]    t=0  |  Tps=0.0001
   4P : [ 50340.00 , 38011.00 ] → x                                    t=1  |  Tps=0.0875
   4R : [ 50340.00 , 38011.00 ] → #round :    4 → [ 50328 , 38522 ]    t=1  |  Tps=0.0877
CYCLE!!!!!!!!!!!!!!!
   4C : [ 50352.00 , 37500.00 ] 
   4P : [ 50340.00 , 38011.00 ] → x                                    t=2  |  Tps=0.1731
   4R : [ 50340.00 , 38011.00 ] → #round :    4 → [ 50328 , 38522 ]    t=2  |  Tps=0.1732
CYCLE!!!!!!!!!!!!!!!
   4C : [ 50222.00 , 38694.00 ] 
   4P : [ 50340.00 , 38011.00 ] → x                                    t=3  |  Tps=0.2572
   4R : [ 50340.00 , 38011.00 ] → #round :    4 → [ 50328 , 38522 ]    t=3  |  Tps=0.2573
CYCLE!!!!!!!!!!!!!!!
   4C : [ 50282.00 , 37534.00 ] 
   4P : [ 50340.00 , 38011.00 ] → x                                    t=4  |  Tps=0.3426
   4R : [ 50340.00 , 38011.00 ] → #round :    4 → [ 50328 , 38522 ]    t=4  |  Tps=0.3427
CYCLE!!!!!!!!!!!!!!!
   4C : [ 50352.00 , 37500.00 ] 
   4P : [ 50340.00 , 38011.00 ] → x                                    t=5  |  Tps=0.4592
   4R : [ 50340.00 , 38011.00 ] → #round :    4 → [ 50328 , 38522 ]    t=5  |  Tps=0.4593
CYCLE!!!!!!!!!!!!!!!
   4C : [ 50222.00 , 38694.00 ] 
   4P : [ 50340.00 , 38011.00 ] → x                                    t=6  |  Tps=0.5421
   4R : [ 50340.00 , 38011.00 ] → #round :    4 → [ 50328 , 38522 ]    t=6  |  Tps=0.5422
CYCLE!!!!!!!!!!!!!!!
   4C : [ 50352.00 , 37500.00 ] 
   maxTrial 

   5R : [ 50442.17 , 35872.60 ] → #round :   10 → [ 50458 , 37328 ]    t=0  |  Tps=0.0002
   5P : [ 50340.00 , 38011.00 ] → x                                    t=1  |  Tps=0.0848
   5R : [ 50340.00 , 38011.00 ] → #round :    4 → [ 50458 , 37328 ]    t=1  |  Tps=0.0849
CYCLE!!!!!!!!!!!!!!!
   5C : [ 50352.00 , 37500.00 ] 
   5P : [ 50340.00 , 38011.00 ] → x                                    t=2  |  Tps=0.1729
   5R : [ 50340.00 , 38011.00 ] → #round :    4 → [ 50458 , 37328 ]    t=2  |  Tps=0.173
CYCLE!!!!!!!!!!!!!!!
   5C : [ 50328.00 , 38522.00 ] 
   5P : [ 50340.00 , 38011.00 ] → x                                    t=3  |  Tps=0.2569
   5R : [ 50340.00 , 38011.00 ] → #round :    4 → [ 50458 , 37328 ]    t=3  |  Tps=0.2571
CYCLE!!!!!!!!!!!!!!!
   5C : [ 50222.00 , 38694.00 ] 
   5P : [ 50340.00 , 38011.00 ] → x                                    t=4  |  Tps=0.3411
   5R : [ 50340.00 , 38011.00 ] → #round :    4 → [ 50458 , 37328 ]    t=4  |  Tps=0.3412
CYCLE!!!!!!!!!!!!!!!
   5C : [ 50222.00 , 38694.00 ] 
   5P : [ 50340.00 , 38011.00 ] → x                                    t=5  |  Tps=0.4267
   5R : [ 50340.00 , 38011.00 ] → #round :    4 → [ 50458 , 37328 ]    t=5  |  Tps=0.4268
CYCLE!!!!!!!!!!!!!!!
   5C : [ 50352.00 , 37500.00 ] 
   5P : [ 50340.00 , 38011.00 ] → x                                    t=6  |  Tps=0.5138
   5R : [ 50340.00 , 38011.00 ] → #round :    4 → [ 50458 , 37328 ]    t=6  |  Tps=0.5139
CYCLE!!!!!!!!!!!!!!!
   5C : [ 50328.00 , 38522.00 ] 
   maxTrial 

   6R : [ 50599.72 , 32575.00 ] → #round :   10 → [ 51112 , 34264 ]    t=0  |  Tps=0.0002
   6P : [ 50684.00 , 30811.00 ] → x                                    t=1  |  Tps=0.1135
   6R : [ 50684.00 , 30811.00 ] → #round :    4 → [ 52720 , 32286 ]    t=1  |  Tps=0.1136
   6P : [ 50684.00 , 30811.00 ] → x                                    t=2  |  Tps=0.1899
   6R : [ 50684.00 , 30811.00 ] → #round :    4 → [ 52720 , 32286 ]    t=2  |  Tps=0.19
CYCLE!!!!!!!!!!!!!!!
   6C : [ 50802.00 , 30128.00 ] 
   6P : [ 50684.00 , 30811.00 ] → x                                    t=3  |  Tps=0.268
   6R : [ 50684.00 , 30811.00 ] → #round :    4 → [ 52720 , 32286 ]    t=3  |  Tps=0.2681
CYCLE!!!!!!!!!!!!!!!
   6C : [ 50742.00 , 31288.00 ] 
   6P : [ 50684.00 , 30811.00 ] → x                                    t=4  |  Tps=0.3562
   6R : [ 50684.00 , 30811.00 ] → #round :    4 → [ 52720 , 32286 ]    t=4  |  Tps=0.3563
CYCLE!!!!!!!!!!!!!!!
   6C : [ 50802.00 , 30128.00 ] 
   6P : [ 50684.00 , 30811.00 ] → x                                    t=5  |  Tps=0.4374
   6R : [ 50684.00 , 30811.00 ] → #round :    4 → [ 52720 , 32286 ]    t=5  |  Tps=0.4375
CYCLE!!!!!!!!!!!!!!!
   6C : [ 50626.00 , 30334.00 ] 
   6P : [ 50684.00 , 30811.00 ] → x                                    t=6  |  Tps=0.5281
   6R : [ 50684.00 , 30811.00 ] → #round :    4 → [ 52720 , 32286 ]    t=6  |  Tps=0.5283
CYCLE!!!!!!!!!!!!!!!
   6C : [ 50742.00 , 31288.00 ] 
   maxTrial 

   7R : [ 50949.62 , 29279.65 ] → #round :   20 → [ 52454 , 30252 ]    t=0  |  Tps=0.0003
   7P : [ 50824.00 , 30537.00 ] → x                                    t=1  |  Tps=0.0779
   7R : [ 50824.00 , 30537.00 ] → #round :    4 → [ 50942 , 29854 ]    t=1  |  Tps=0.0781
   7P : [ 50824.00 , 30537.00 ] → x                                    t=2  |  Tps=0.1563
   7R : [ 50824.00 , 30537.00 ] → #round :    4 → [ 50942 , 29854 ]    t=2  |  Tps=0.1564
CYCLE!!!!!!!!!!!!!!!
   7C : [ 50836.00 , 30026.00 ] 
   7P : [ 50824.00 , 30537.00 ] → x                                    t=3  |  Tps=0.2633
   7R : [ 50824.00 , 30537.00 ] → #round :    4 → [ 50942 , 29854 ]    t=3  |  Tps=0.2634
CYCLE!!!!!!!!!!!!!!!
   7C : [ 50812.00 , 31048.00 ] 
   7P : [ 50824.00 , 30537.00 ] → x                                    t=4  |  Tps=0.3474
   7R : [ 50824.00 , 30537.00 ] → #round :    4 → [ 50942 , 29854 ]    t=4  |  Tps=0.3475
CYCLE!!!!!!!!!!!!!!!
   7C : [ 50812.00 , 31048.00 ] 
   7P : [ 50824.00 , 30537.00 ] → x                                    t=5  |  Tps=0.4313
   7R : [ 50824.00 , 30537.00 ] → #round :    4 → [ 50942 , 29854 ]    t=5  |  Tps=0.4314
CYCLE!!!!!!!!!!!!!!!
   7C : [ 50766.00 , 30060.00 ] 
   7P : [ 50824.00 , 30537.00 ] → x                                    t=6  |  Tps=0.5107
   7R : [ 50824.00 , 30537.00 ] → #round :    4 → [ 50942 , 29854 ]    t=6  |  Tps=0.5109
CYCLE!!!!!!!!!!!!!!!
   7C : [ 50706.00 , 31220.00 ] 
   maxTrial 

   8R : [ 51815.50 , 25977.78 ] → #round :   20 → [ 53568 , 27288 ]    t=0  |  Tps=0.0003
   8P : [ 51097.00 , 30220.00 ] → x                                    t=1  |  Tps=0.0809
   8R : [ 51097.00 , 30220.00 ] → #round :    4 → [ 50958 , 30140 ]    t=1  |  Tps=0.081
   8P : [ 51097.00 , 30220.00 ] → x                                    t=2  |  Tps=0.1628
   8R : [ 51097.00 , 30220.00 ] → #round :    4 → [ 50958 , 30140 ]    t=2  |  Tps=0.1629
CYCLE!!!!!!!!!!!!!!!
   8C : [ 51298.00 , 29866.00 ] 
   8P : [ 50992.00 , 31914.00 ] → Admissible                           t=3  |  Tps=0.2436
   feasible 

   9R : [ 52557.76 , 23841.12 ] → #round :   35 → [ 54272 , 23488 ]    t=0  |  Tps=0.0004
   9P : [ 53455.00 , 25944.00 ] → x                                    t=1  |  Tps=0.0859
   9R : [ 53455.00 , 25944.00 ] → #round :    7 → [ 55006 , 24670 ]    t=1  |  Tps=0.086
   9P : [ 53455.00 , 25944.00 ] → x                                    t=2  |  Tps=0.1986
   9R : [ 53455.00 , 25944.00 ] → #round :    7 → [ 55006 , 24670 ]    t=2  |  Tps=0.1987
CYCLE!!!!!!!!!!!!!!!
   9C : [ 52514.00 , 24162.00 ] 
   9P : [ 53290.00 , 26450.00 ] → Admissible                           t=3  |  Tps=0.2823
   feasible 

  10R : [ 53356.82 , 22181.51 ] → #round :   36 → [ 55394 , 23382 ]    t=0  |  Tps=0.0005
  10P : [ 52928.00 , 28736.00 ] → Admissible                           t=1  |  Tps=0.0795
   feasible 

  11R : [ 54160.47 , 21033.96 ] → #round :   37 → [ 54026 , 21870 ]    t=0  |  Tps=0.0005
  11P : [ 54102.00 , 27940.00 ] → Admissible                           t=1  |  Tps=0.0758
   feasible 

  12R : [ 54961.05 , 20285.00 ] → #round :   38 → [ 55328 , 21212 ]    t=0  |  Tps=0.0005
  12P : [ 53898.00 , 27088.00 ] → Admissible                           t=1  |  Tps=0.0832
   feasible 

  13R : [ 55776.69 , 19754.86 ] → #round :   34 → [ 56970 , 20020 ]    t=0  |  Tps=0.0004
  13P : [ 54845.00 , 27799.00 ] → x                                    t=1  |  Tps=0.0791
  13R : [ 54845.00 , 27799.00 ] → #round :    4 → [ 54776 , 25240 ]    t=1  |  Tps=0.0792
  13P : [ 54892.00 , 28154.00 ] → Admissible                           t=2  |  Tps=0.1636
   feasible 

  14R : [ 56579.42 , 19467.12 ] → #round :   33 → [ 58138 , 20326 ]    t=0  |  Tps=0.0004
  14P : [ 56680.00 , 24315.00 ] → x                                    t=1  |  Tps=0.0864
  14R : [ 56680.00 , 24315.00 ] → #round :    8 → [ 56984 , 23342 ]    t=1  |  Tps=0.0866
  14P : [ 55558.00 , 29056.00 ] → Admissible                           t=2  |  Tps=0.1674
   feasible 

  15R : [ 57385.94 , 19381.58 ] → #round :   34 → [ 58008 , 19982 ]    t=0  |  Tps=0.0004
  15P : [ 58828.00 , 27872.00 ] → Admissible                           t=1  |  Tps=0.1104
   feasible 


5) Extraction des resultats

  Nombre de cycle : 29
   1  : [ 50298.00 , 48324.00 ] → Admissible 
   2  : [ 50802.00 , 44200.00 ] → x          
   3  : [ 50182.00 , 43092.00 ] → Admissible 
   4  : [ 50352.00 , 37500.00 ] → x          
   5  : [ 50328.00 , 38522.00 ] → x          
   6  : [ 50742.00 , 31288.00 ] → x          
   7  : [ 50706.00 , 31220.00 ] → x          
   8  : [ 50992.00 , 31914.00 ] → Admissible 
   9  : [ 53290.00 , 26450.00 ] → Admissible 
  10  : [ 52928.00 , 28736.00 ] → Admissible 
  11  : [ 54102.00 , 27940.00 ] → Admissible 
  12  : [ 53898.00 , 27088.00 ] → Admissible 
  13  : [ 54892.00 , 28154.00 ] → Admissible 
  14  : [ 55558.00 , 29056.00 ] → Admissible 
  15  : [ 58828.00 , 27872.00 ] → Admissible 

6) Edition des resultats 

#U = 4
X_EBP = [50182, 50992, 52928, 53290]
Y_EBP = [43092, 31914, 28736, 26450]
XN = [50146, 50148, 50154, 50156, 50158, 50164, 50170, 50174, 50176, 50182, 50188, 50244, 50250, 50252, 50258, 50264, 50296, 50298, 50300, 50302, 50318, 50324, 50330, 50332, 50336, 50342, 50400, 50404, 50410, 50412, 50418, 50480, 50502, 50508, 50514, 50520, 50526, 50532, 50590, 50596, 50602, 50628, 50640, 50642, 50646, 50662, 50668, 50674, 50676, 50680, 50686, 50750, 50756, 50818, 50824, 50882, 50888, 50932, 50934, 50936, 50942, 51116, 51134, 51136, 51142, 51260, 51266, 51288, 51292, 51298, 51374, 51378, 51384, 51414, 51620, 51728, 51734, 51876, 51916, 51924, 51926, 51928, 51930, 51936, 51980, 51984, 51990, 52028, 52032, 52038, 52308, 52314, 52336, 52340, 52346, 52418, 52534, 52740, 53036, 53290, 53296, 53318, 53322, 53328, 53430, 53434, 53550, 54020, 54058, 54498, 54896, 54904, 55374, 55412, 55596, 55852, 56104, 56492, 56544, 57044, 57184, 57366, 57732, 58718, 59820]
YN = [47096, 46116, 46020, 45246, 44266, 44170, 43932, 43688, 42708, 42612, 42578, 42012, 41916, 41720, 41624, 41590, 41512, 41458, 41268, 40288, 40220, 40146, 39886, 38984, 38662, 38588, 38288, 37966, 37892, 37674, 37600, 37588, 37066, 36970, 36732, 35508, 35412, 35378, 35188, 35092, 35058, 34646, 34312, 34258, 33088, 33020, 32946, 32686, 31784, 31462, 31388, 31142, 31068, 30850, 30776, 30754, 30680, 30518, 30406, 30196, 30122, 30082, 30080, 29860, 29786, 29544, 29470, 29420, 29098, 29024, 28956, 28634, 28560, 28022, 27926, 27774, 27700, 27698, 27662, 27608, 27388, 27286, 27066, 26992, 26830, 26508, 26434, 26340, 26018, 25944, 25856, 25782, 25732, 25410, 25336, 25054, 24530, 24434, 24170, 24094, 24020, 23970, 23648, 23574, 23438, 23064, 22540, 22412, 22300, 22064, 21972, 21548, 21420, 21308, 21216, 21072, 20976, 20942, 20740, 20690, 20610, 20452, 20434, 20432, 20350]
Quality measure: 76.96 %
  5.748882 seconds (38.28 M allocations: 3.551 GiB, 3.99% gc time)
