0) instance et parametres 

  instance = sppnw25.txt | tailleSampling = 10 | maxTrial = 5 | maxTime = 9223372036854775807


1) calcule les etendues de valeurs sur les 2 objectifs

  f1_min= 5852.00 ↔ f1_max=12884.50 (Δ=7032.50) 
  f2_min= 3367.50 ↔ f2_max=18816.00 (Δ=15448.50) 

2) calcule les generateurs par e-contrainte alternant minimiser z1 et z2

  z1  1 : ϵ = 18816.00  fRL =  5852.00  [  5852.00 , 18816.00 ] 
  z2  1 : ϵ = 12884.50  fRL =  3367.50  [ 12887.85 ,  3368.28 ] 
  z1  2 : ϵ = 17099.50  fRL =  5935.83  [  5932.16 , 17093.91 ] 
  z2  2 : ϵ = 12103.11  fRL =  3516.51  [ 12106.94 ,  3518.52 ] 
  z1  3 : ϵ = 15383.00  fRL =  6112.93  [  6109.39 , 15376.48 ] 
  z2  3 : ϵ = 11321.72  fRL =  3679.51  [ 11334.18 ,  3682.03 ] 
  z1  4 : ϵ = 13666.50  fRL =  6300.54  [  6296.99 , 13660.08 ] 
  z2  4 : ϵ = 10540.33  fRL =  3874.44  [ 10538.03 ,  3873.51 ] 
  z1  5 : ϵ = 11950.00  fRL =  6515.55  [  6515.53 , 11950.10 ] 
  z2  5 : ϵ =  9758.94  fRL =  4196.83  [  9762.42 ,  4199.45 ] 
  z1  6 : ϵ = 10233.50  fRL =  6756.69  [  6756.80 , 10232.74 ] 
  z2  6 : ϵ =  8977.56  fRL =  4636.40  [  8978.93 ,  4637.37 ] 
  z1  7 : ϵ =  8517.00  fRL =  7022.62  [  7026.32 ,  8521.09 ] 
  z2  7 : ϵ =  8196.17  fRL =  5793.30  [  8204.38 ,  5799.07 ] 
  z1  8 : ϵ =  6800.50  fRL =  7710.26  [  7706.28 ,  6797.37 ] 
  z2  8 : ϵ =  7414.78  fRL =  7470.65  [  7414.46 ,  7468.55 ] 

  → Allocation memoire pour 15 generateurs

3) place L dans structure et verifie l'admissibilite de chaque generateur

   1  : [  5852.00 , 18816.00 ] → x          
   2  : [  5932.16 , 17093.91 ] → x          
   3  : [  6109.39 , 15376.48 ] → x          
   4  : [  6296.99 , 13660.08 ] → x          
   5  : [  6515.53 , 11950.10 ] → x          
   6  : [  6756.80 , 10232.74 ] → x          
   7  : [  7026.32 ,  8521.09 ] → x          
   8  : [  7706.28 ,  6797.37 ] → x          
   9  : [  8204.38 ,  5799.07 ] → x          
  10  : [  8978.93 ,  4637.37 ] → x          
  11  : [  9762.42 ,  4199.45 ] → x          
  12  : [ 10538.03 ,  3873.51 ] → x          
  13  : [ 11334.18 ,  3682.03 ] → x          
  14  : [ 12106.94 ,  3518.52 ] → x          
  15  : [ 12887.85 ,  3368.28 ] → x          

  k=   1     xm= 5852.00   ym= 18816.00   Δx=  7035.85    Δy=     0.00   λ1= 0.00000    λ2= 1.00000 
  k=   2     xm= 5932.16   ym= 17093.91   Δx=  6955.69    Δy=  1722.09   λ1= 0.19845    λ2= 0.80155 
  k=   3     xm= 6109.39   ym= 15376.48   Δx=  6778.46    Δy=  3439.52   λ1= 0.33661    λ2= 0.66339 
  k=   4     xm= 6296.99   ym= 13660.08   Δx=  6590.86    Δy=  5155.92   λ1= 0.43892    λ2= 0.56108 
  k=   5     xm= 6515.53   ym= 11950.10   Δx=  6372.32    Δy=  6865.90   λ1= 0.51864    λ2= 0.48136 
  k=   6     xm= 6756.80   ym= 10232.74   Δx=  6131.05    Δy=  8583.26   λ1= 0.58333    λ2= 0.41667 
  k=   7     xm= 7026.32   ym= 8521.09   Δx=  5861.53    Δy= 10294.91   λ1= 0.63720    λ2= 0.36280 
  k=   8     xm= 7706.28   ym= 6797.37   Δx=  5181.57    Δy= 12018.63   λ1= 0.69875    λ2= 0.30125 
  k=   9     xm= 8204.38   ym= 5799.07   Δx=  4683.47    Δy= 13016.93   λ1= 0.73540    λ2= 0.26460 
  k=  10     xm= 8978.93   ym= 4637.37   Δx=  3908.92    Δy= 14178.63   λ1= 0.78389    λ2= 0.21611 
  k=  11     xm= 9762.42   ym= 4199.45   Δx=  3125.43    Δy= 14616.55   λ1= 0.82384    λ2= 0.17616 
  k=  12     xm= 10538.03   ym= 3873.51   Δx=  2349.82    Δy= 14942.49   λ1= 0.86411    λ2= 0.13589 
  k=  13     xm= 11334.18   ym= 3682.03   Δx=  1553.67    Δy= 15133.97   λ1= 0.90690    λ2= 0.09310 
  k=  14     xm= 12106.94   ym= 3518.52   Δx=   780.91    Δy= 15297.48   λ1= 0.95143    λ2= 0.04857 
  k=  15     xm= 12887.85   ym= 3368.28   Δx=     0.00    Δy= 15447.72   λ1= 1.00000    λ2= 0.00000 
4) terraformation generateur par generateur 

   1R : [  5852.00 , 18816.00 ] → #round :    8 → [  6764 , 16926 ]    t=0  |  Tps=0.0
   1P : [  7008.13 , 14109.58 ] → x                                    t=1  |  Tps=0.0043
   1R : [  7008.13 , 14109.58 ] → #round :   11 → [  6148 , 17688 ]    t=1  |  Tps=0.0043
   1P : [  6838.00 , 17470.00 ] → Admissible                           t=2  |  Tps=0.0086
   feasible 

   2R : [  5932.16 , 17093.91 ] → #round :   11 → [  7544 , 18772 ]    t=0  |  Tps=0.0
   2P : [  6302.00 , 19950.00 ] → Admissible                           t=1  |  Tps=0.0047
   feasible 

   3R : [  6109.39 , 15376.48 ] → #round :   14 → [  7030 , 15942 ]    t=0  |  Tps=0.0
   3P : [  7364.40 , 13832.00 ] → x                                    t=1  |  Tps=0.0047
   3R : [  7364.40 , 13832.00 ] → #round :    8 → [  8806 , 17716 ]    t=1  |  Tps=0.0047
   3P : [  7282.00 , 15445.20 ] → x                                    t=2  |  Tps=0.0091
   3R : [  7282.00 , 15445.20 ] → #round :    9 → [  7254 , 16968 ]    t=2  |  Tps=0.0091
   3P : [  7108.00 , 17402.00 ] → Admissible                           t=3  |  Tps=0.0134
   feasible 

   4R : [  6296.99 , 13660.08 ] → #round :   14 → [  8592 , 17450 ]    t=0  |  Tps=0.0
   4P : [  7384.00 , 13910.00 ] → x                                    t=1  |  Tps=0.0043
   4R : [  7384.00 , 13910.00 ] → #round :    6 → [  8772 , 14602 ]    t=1  |  Tps=0.0043
   4P : [  8646.00 , 15132.00 ] → Admissible                           t=2  |  Tps=0.0087
   feasible 

   5R : [  6515.53 , 11950.10 ] → #round :   11 → [  7656 , 12832 ]    t=0  |  Tps=0.0
   5P : [  8524.04 ,  9642.05 ] → x                                    t=1  |  Tps=0.0041
   5R : [  8524.04 ,  9642.05 ] → #round :    9 → [  9530 , 13498 ]    t=1  |  Tps=0.0041
   5P : [  9227.00 ,  8248.75 ] → x                                    t=2  |  Tps=0.0081
   5R : [  9227.00 ,  8248.75 ] → #round :   14 → [  9096 , 13820 ]    t=2  |  Tps=0.0082
   5P : [  7911.60 ,  9896.40 ] → x                                    t=3  |  Tps=0.0121
   5R : [  7911.60 ,  9896.40 ] → #round :   11 → [  9072 , 10602 ]    t=3  |  Tps=0.0121
   5P : [ 11108.00 ,  9282.00 ] → Admissible                           t=4  |  Tps=0.0162
   feasible 

   6R : [  6756.80 , 10232.74 ] → #round :   11 → [ 10548 , 13628 ]    t=0  |  Tps=0.0
   6P : [  9120.00 ,  8892.00 ] → Admissible                           t=1  |  Tps=0.0043
   feasible 

   7R : [  7026.32 ,  8521.09 ] → #round :   14 → [  9644 , 12990 ]    t=0  |  Tps=0.0
   7P : [  7654.00 , 10196.00 ] → Admissible                           t=1  |  Tps=0.0041
   feasible 

   8R : [  7706.28 ,  6797.37 ] → #round :   15 → [  8508 ,  6522 ]    t=0  |  Tps=0.0
   8P : [  8005.00 ,  7246.00 ] → x                                    t=1  |  Tps=0.004
   8R : [  8005.00 ,  7246.00 ] → #round :   11 → [  9836 ,  9838 ]    t=1  |  Tps=0.004
   8P : [  8549.00 ,  8702.00 ] → x                                    t=2  |  Tps=0.0079
   8R : [  8549.00 ,  8702.00 ] → #round :    4 → [  8748 ,  7124 ]    t=2  |  Tps=0.0079
   8P : [  8549.00 ,  8702.00 ] → x                                    t=3  |  Tps=0.0121
   8R : [  8549.00 ,  8702.00 ] → #round :    4 → [  8748 ,  7124 ]    t=3  |  Tps=0.0121
CYCLE!!!!!!!!!!!!!!!
   8C : [  8350.00 , 10280.00 ] 
   8P : [  8422.00 , 10724.00 ] → Admissible                           t=4  |  Tps=0.0164
   feasible 

   9R : [  8204.38 ,  5799.07 ] → #round :   11 → [  9230 ,  6818 ]    t=0  |  Tps=0.0
   9P : [  7704.00 ,  9002.00 ] → Admissible                           t=1  |  Tps=0.0047
   feasible 

  10R : [  8978.93 ,  4637.37 ] → #round :   12 → [ 11438 ,  5524 ]    t=0  |  Tps=0.0
  10P : [ 10312.00 ,  5154.00 ] → Admissible                           t=1  |  Tps=0.0048
   feasible 

  11R : [  9762.42 ,  4199.45 ] → #round :   14 → [ 11820 ,  3750 ]    t=0  |  Tps=0.0
  11P : [ 10312.00 ,  5154.00 ] → Admissible                           t=1  |  Tps=0.005
   feasible 

  12R : [ 10538.03 ,  3873.51 ] → #round :   14 → [ 11472 ,  4730 ]    t=0  |  Tps=0.0
  12P : [ 10312.00 ,  5154.00 ] → Admissible                           t=1  |  Tps=0.0046
   feasible 

  13R : [ 11334.18 ,  3682.03 ] → #round :   14 → [ 14390 ,  4924 ]    t=0  |  Tps=0.0
  13P : [  9413.00 ,  5616.00 ] → x                                    t=1  |  Tps=0.004
  13R : [  9413.00 ,  5616.00 ] → #round :    8 → [ 11982 ,  3770 ]    t=1  |  Tps=0.004
  13P : [ 10634.97 ,  7360.92 ] → x                                    t=2  |  Tps=0.0081
  13R : [ 10634.97 ,  7360.92 ] → #round :    6 → [ 12242 ,  6940 ]    t=2  |  Tps=0.0081
  13P : [ 12052.00 ,  8080.00 ] → Admissible                           t=3  |  Tps=0.0124
   feasible 

  14R : [ 12106.94 ,  3518.52 ] → #round :   14 → [ 14390 ,  4924 ]    t=0  |  Tps=0.0
  14P : [  9267.00 ,  7277.00 ] → x                                    t=1  |  Tps=0.035
  14R : [  9267.00 ,  7277.00 ] → #round :    9 → [ 13130 ,  4858 ]    t=1  |  Tps=0.0351
  14P : [ 11583.00 ,  6651.00 ] → x                                    t=2  |  Tps=0.0391
  14R : [ 11583.00 ,  6651.00 ] → #round :    3 → [ 10272 ,  4950 ]    t=2  |  Tps=0.0391
  14P : [ 11760.00 ,  7960.00 ] → Admissible                           t=3  |  Tps=0.0431
   feasible 

  15R : [ 12887.85 ,  3368.28 ] → #round :   15 → [ 14074 ,  3688 ]    t=0  |  Tps=0.0
  15P : [  9836.00 , 13438.00 ] → Admissible                           t=1  |  Tps=0.004
   feasible 


5) Extraction des resultats

  Nombre de cycle : 1
   1  : [  6838.00 , 17470.00 ] → Admissible 
   2  : [  6302.00 , 19950.00 ] → Admissible 
   3  : [  7108.00 , 17402.00 ] → Admissible 
   4  : [  8646.00 , 15132.00 ] → Admissible 
   5  : [ 11108.00 ,  9282.00 ] → Admissible 
   6  : [  9120.00 ,  8892.00 ] → Admissible 
   7  : [  7654.00 , 10196.00 ] → Admissible 
   8  : [  8422.00 , 10724.00 ] → Admissible 
   9  : [  7704.00 ,  9002.00 ] → Admissible 
  10  : [ 10312.00 ,  5154.00 ] → Admissible 
  11  : [ 10312.00 ,  5154.00 ] → Admissible 
  12  : [ 10312.00 ,  5154.00 ] → Admissible 
  13  : [ 12052.00 ,  8080.00 ] → Admissible 
  14  : [ 11760.00 ,  7960.00 ] → Admissible 
  15  : [  9836.00 , 13438.00 ] → Admissible 

6) Edition des resultats 

#U = 7
X_EBP = [6302, 6838, 7108, 7654, 7704, 9120, 10312]
Y_EBP = [19950, 17470, 17402, 10196, 9002, 8892, 5154]
XN = [5960, 5976, 6246, 6262, 6572, 6588, 6592, 6848, 7042, 7368, 7526, 7650, 8188, 10312, 11734, 12602, 14548]
YN = [19444, 19042, 16148, 15746, 15578, 15176, 13248, 13244, 10240, 9670, 7940, 7934, 6416, 5154, 4956, 4658, 4056]
Quality measure: 85.17 %
  0.442473 seconds (2.21 M allocations: 196.089 MiB, 6.03% gc time)
