0) instance et parametres 

  instance = sppnw42.txt | tailleSampling = 10 | maxTrial = 5 | maxTime = 9223372036854775807


1) calcule les etendues de valeurs sur les 2 objectifs

  f1_min= 7485.00 ↔ f1_max=11098.00 (Δ=3613.00) 
  f2_min= 6465.00 ↔ f2_max=12036.00 (Δ=5571.00) 

2) calcule les generateurs par e-contrainte alternant minimiser z1 et z2

  z1  1 : ϵ = 12036.00  fRL =  7485.00  [  7485.00 , 12036.00 ] 
  z2  1 : ϵ = 11098.00  fRL =  6465.00  [ 11098.00 ,  6465.00 ] 
  z1  2 : ϵ = 11417.00  fRL =  7524.99  [  7524.99 , 11417.05 ] 
  z2  2 : ϵ = 10696.56  fRL =  6482.81  [ 10693.10 ,  6481.73 ] 
  z1  3 : ϵ = 10798.00  fRL =  7589.49  [  7587.47 , 10794.58 ] 
  z2  3 : ϵ = 10295.11  fRL =  6500.63  [ 10295.97 ,  6500.59 ] 
  z1  4 : ϵ = 10179.00  fRL =  7659.33  [  7661.33 , 10182.62 ] 
  z2  4 : ϵ =  9893.67  fRL =  6583.10  [  9890.93 ,  6582.63 ] 
  z1  5 : ϵ =  9560.00  fRL =  7729.17  [  7729.06 ,  9561.04 ] 
  z2  5 : ϵ =  9492.22  fRL =  6721.04  [  9486.38 ,  6718.79 ] 
  z1  6 : ϵ =  8941.00  fRL =  7799.28  [  7799.28 ,  8940.98 ] 
  z2  6 : ϵ =  9090.78  fRL =  6906.42  [  9087.18 ,  6904.50 ] 
  z1  7 : ϵ =  8322.00  fRL =  7970.73  [  7970.64 ,  8322.28 ] 
  z2  7 : ϵ =  8689.33  fRL =  7159.65  [  8691.98 ,  7161.80 ] 
  z1  8 : ϵ =  7703.00  fRL =  8252.96  [  8252.93 ,  7703.03 ] 
  z2  8 : ϵ =  8287.89  fRL =  7658.58  [  8288.12 ,  7658.29 ] 
  z1  9 : ϵ =  7084.00  fRL =  8796.53  [  8795.25 ,  7083.62 ] 

  → Allocation memoire pour 16 generateurs

3) place L dans structure et verifie l'admissibilite de chaque generateur

   1  : [  7485.00 , 12036.00 ] → x          
   2  : [  7524.99 , 11417.05 ] → x          
   3  : [  7587.47 , 10794.58 ] → x          
   4  : [  7661.33 , 10182.62 ] → x          
   5  : [  7729.06 ,  9561.04 ] → x          
   6  : [  7799.28 ,  8940.98 ] → x          
   7  : [  7970.64 ,  8322.28 ] → x          
   8  : [  8252.93 ,  7703.03 ] → x          
   9  : [  8288.12 ,  7658.29 ] → x          
  10  : [  8691.98 ,  7161.80 ] → x          
  11  : [  9087.18 ,  6904.50 ] → x          
  12  : [  9486.38 ,  6718.79 ] → x          
  13  : [  9890.93 ,  6582.63 ] → x          
  14  : [ 10295.97 ,  6500.59 ] → x          
  15  : [ 10693.10 ,  6481.73 ] → x          
  16  : [ 11098.00 ,  6465.00 ] → x          

  k=   1     xm= 7485.00   ym= 12036.00   Δx=  3613.00    Δy=     0.00   λ1= 0.00000    λ2= 1.00000 
  k=   2     xm= 7524.99   ym= 11417.05   Δx=  3573.01    Δy=   618.95   λ1= 0.14765    λ2= 0.85235 
  k=   3     xm= 7587.47   ym= 10794.58   Δx=  3510.53    Δy=  1241.42   λ1= 0.26124    λ2= 0.73876 
  k=   4     xm= 7661.33   ym= 10182.62   Δx=  3436.67    Δy=  1853.38   λ1= 0.35035    λ2= 0.64965 
  k=   5     xm= 7729.06   ym= 9561.04   Δx=  3368.94    Δy=  2474.96   λ1= 0.42351    λ2= 0.57649 
  k=   6     xm= 7799.28   ym= 8940.98   Δx=  3298.72    Δy=  3095.02   λ1= 0.48407    λ2= 0.51593 
  k=   7     xm= 7970.64   ym= 8322.28   Δx=  3127.36    Δy=  3713.72   λ1= 0.54286    λ2= 0.45714 
  k=   8     xm= 8252.93   ym= 7703.03   Δx=  2845.07    Δy=  4332.97   λ1= 0.60364    λ2= 0.39636 
  k=   9     xm= 8288.12   ym= 7658.29   Δx=  2809.88    Δy=  4377.71   λ1= 0.60907    λ2= 0.39093 
  k=  10     xm= 8691.98   ym= 7161.80   Δx=  2406.02    Δy=  4874.20   λ1= 0.66951    λ2= 0.33049 
  k=  11     xm= 9087.18   ym= 6904.50   Δx=  2010.82    Δy=  5131.50   λ1= 0.71846    λ2= 0.28154 
  k=  12     xm= 9486.38   ym= 6718.79   Δx=  1611.62    Δy=  5317.21   λ1= 0.76740    λ2= 0.23260 
  k=  13     xm= 9890.93   ym= 6582.63   Δx=  1207.07    Δy=  5453.37   λ1= 0.81877    λ2= 0.18123 
  k=  14     xm= 10295.97   ym= 6500.59   Δx=   802.03    Δy=  5535.41   λ1= 0.87345    λ2= 0.12655 
  k=  15     xm= 10693.10   ym= 6481.73   Δx=   404.90    Δy=  5554.27   λ1= 0.93205    λ2= 0.06795 
  k=  16     xm= 11098.00   ym= 6465.00   Δx=     0.00    Δy=  5571.00   λ1= 1.00000    λ2= 0.00000 
4) terraformation generateur par generateur 

   1R : [  7485.00 , 12036.00 ] → #round :    7 → [  8484 , 12582 ]    t=0  |  Tps=0.0
   1P : [  7832.00 , 11656.00 ] → Admissible                           t=1  |  Tps=0.0036
   feasible 

   2R : [  7524.99 , 11417.05 ] → #round :   10 → [  8484 , 12582 ]    t=0  |  Tps=0.0
   2P : [  8347.00 , 12223.00 ] → x                                    t=1  |  Tps=0.004
   2R : [  8347.00 , 12223.00 ] → #round :    4 → [  8484 , 12582 ]    t=1  |  Tps=0.004
CYCLE!!!!!!!!!!!!!!!
   2C : [  8072.00 , 11328.00 ] 
   2P : [  9764.00 , 11313.00 ] → x                                    t=2  |  Tps=0.0077
   2R : [  9764.00 , 11313.00 ] → #round :    4 → [  8072 , 11328 ]    t=2  |  Tps=0.0077
CYCLE!!!!!!!!!!!!!!!
   2C : [  8530.00 , 11450.00 ] 
   2P : [  9764.00 , 11313.00 ] → x                                    t=3  |  Tps=0.011
   2R : [  9764.00 , 11313.00 ] → #round :    4 → [  8072 , 11328 ]    t=3  |  Tps=0.011
CYCLE!!!!!!!!!!!!!!!
   2C : [ 11456.00 , 11298.00 ] 
   2P : [  9764.00 , 11313.00 ] → x                                    t=4  |  Tps=0.0149
   2R : [  9764.00 , 11313.00 ] → #round :    4 → [  8072 , 11328 ]    t=4  |  Tps=0.0149
CYCLE!!!!!!!!!!!!!!!
   2C : [  8530.00 , 11450.00 ] 
   2P : [  9764.00 , 11313.00 ] → x                                    t=5  |  Tps=0.0182
   2R : [  9764.00 , 11313.00 ] → #round :    4 → [  8072 , 11328 ]    t=5  |  Tps=0.0183
CYCLE!!!!!!!!!!!!!!!
   2C : [ 11456.00 , 11298.00 ] 
   2P : [  9764.00 , 11313.00 ] → x                                    t=6  |  Tps=0.0222
   2R : [  9764.00 , 11313.00 ] → #round :    4 → [  8072 , 11328 ]    t=6  |  Tps=0.0222
CYCLE!!!!!!!!!!!!!!!
   2C : [  8530.00 , 11450.00 ] 
   maxTrial 

   3R : [  7587.47 , 10794.58 ] → #round :   11 → [  8714 , 12466 ]    t=0  |  Tps=0.0
   3P : [ 10860.00 , 12188.00 ] → Admissible                           t=1  |  Tps=0.0037
   feasible 

   4R : [  7661.33 , 10182.62 ] → #round :   11 → [  8002 ,  9412 ]    t=0  |  Tps=0.0
   4P : [  7798.00 ,  8950.00 ] → Admissible                           t=1  |  Tps=0.0035
   feasible 

   5R : [  7729.06 ,  9561.04 ] → #round :   11 → [  9896 , 12826 ]    t=0  |  Tps=0.0
   5P : [  7798.00 ,  8950.00 ] → Admissible                           t=1  |  Tps=0.0033
   feasible 

   6R : [  7799.28 ,  8940.98 ] → #round :   12 → [  9192 , 10230 ]    t=0  |  Tps=0.0
   6P : [  7798.00 ,  8950.00 ] → Admissible                           t=1  |  Tps=0.0035
   feasible 

   7R : [  7970.64 ,  8322.28 ] → #round :   12 → [  9346 ,  9560 ]    t=0  |  Tps=0.0
   7P : [  7714.00 , 10648.00 ] → Admissible                           t=1  |  Tps=0.0037
   feasible 

   8R : [  8252.93 ,  7703.03 ] → #round :   15 → [  9176 ,  8978 ]    t=0  |  Tps=0.0
   8P : [  8223.00 ,  8438.00 ] → x                                    t=1  |  Tps=0.0037
   8R : [  8223.00 ,  8438.00 ] → #round :    6 → [ 10188 ,  7922 ]    t=1  |  Tps=0.0037
   8P : [  9104.00 , 10148.00 ] → Admissible                           t=2  |  Tps=0.0075
   feasible 

   9R : [  8288.12 ,  7658.29 ] → #round :   15 → [ 10214 ,  9042 ]    t=0  |  Tps=0.0
   9P : [  8269.03 ,  7948.45 ] → x                                    t=1  |  Tps=0.0034
   9R : [  8269.03 ,  7948.45 ] → #round :    9 → [  9460 ,  9196 ]    t=1  |  Tps=0.0034
   9P : [  8925.00 ,  8554.50 ] → x                                    t=2  |  Tps=0.007
   9R : [  8925.00 ,  8554.50 ] → #round :    8 → [  8570 ,  8080 ]    t=2  |  Tps=0.007
   9P : [  8651.50 ,  7889.00 ] → x                                    t=3  |  Tps=0.0106
   9R : [  8651.50 ,  7889.00 ] → #round :    7 → [  8570 ,  8080 ]    t=3  |  Tps=0.0107
CYCLE!!!!!!!!!!!!!!!
   9C : [ 10114.00 ,  9380.00 ] 
   9P : [  8380.00 ,  9486.00 ] → x                                    t=4  |  Tps=0.0141
   9R : [  8380.00 ,  9486.00 ] → #round :    4 → [  9062 ,  9186 ]    t=4  |  Tps=0.0141
   9P : [  8380.00 ,  9486.00 ] → x                                    t=5  |  Tps=0.0178
   9R : [  8380.00 ,  9486.00 ] → #round :    4 → [  9062 ,  9186 ]    t=5  |  Tps=0.0178
CYCLE!!!!!!!!!!!!!!!
   9C : [  8656.00 ,  8206.00 ] 
   9P : [  8380.00 ,  9486.00 ] → x                                    t=6  |  Tps=0.0213
   9R : [  8380.00 ,  9486.00 ] → #round :    4 → [  9062 ,  9186 ]    t=6  |  Tps=0.0214
CYCLE!!!!!!!!!!!!!!!
   9C : [  7698.00 ,  9786.00 ] 
   maxTrial 

  10R : [  8691.98 ,  7161.80 ] → #round :   10 → [ 10202 ,  8244 ]    t=0  |  Tps=0.0
  10P : [  8446.00 ,  8408.00 ] → x                                    t=1  |  Tps=0.0037
  10R : [  8446.00 ,  8408.00 ] → #round :    4 → [  9194 ,  7030 ]    t=1  |  Tps=0.0037
  10P : [  8446.00 ,  8408.00 ] → x                                    t=2  |  Tps=0.0074
  10R : [  8446.00 ,  8408.00 ] → #round :    4 → [  9194 ,  7030 ]    t=2  |  Tps=0.0074
CYCLE!!!!!!!!!!!!!!!
  10C : [  7612.00 ,  9558.00 ] 
  10P : [  8446.00 ,  8408.00 ] → x                                    t=3  |  Tps=0.0111
  10R : [  8446.00 ,  8408.00 ] → #round :    4 → [  9194 ,  7030 ]    t=3  |  Tps=0.0112
CYCLE!!!!!!!!!!!!!!!
  10C : [  7698.00 ,  9786.00 ] 
  10P : [  8446.00 ,  8408.00 ] → x                                    t=4  |  Tps=0.0149
  10R : [  8446.00 ,  8408.00 ] → #round :    4 → [  9194 ,  7030 ]    t=4  |  Tps=0.0149
CYCLE!!!!!!!!!!!!!!!
  10C : [  8432.00 ,  6932.00 ] 
  10P : [  7938.00 ,  9506.00 ] → Admissible                           t=5  |  Tps=0.0186
   feasible 

  11R : [  9087.18 ,  6904.50 ] → #round :   13 → [ 10764 ,  7556 ]    t=0  |  Tps=0.0
  11P : [  9096.00 , 10070.00 ] → x                                    t=1  |  Tps=0.004
  11R : [  9096.00 , 10070.00 ] → #round :    5 → [  9842 ,  6570 ]    t=1  |  Tps=0.004
  11P : [  9096.00 , 10070.00 ] → x                                    t=2  |  Tps=0.0079
  11R : [  9096.00 , 10070.00 ] → #round :    5 → [  9842 ,  6570 ]    t=2  |  Tps=0.0079
CYCLE!!!!!!!!!!!!!!!
  11C : [  9792.00 , 10944.00 ] 
  11P : [ 10064.00 , 11600.00 ] → Admissible                           t=3  |  Tps=0.0118
   feasible 

  12R : [  9486.38 ,  6718.79 ] → #round :   14 → [ 13054 ,  7864 ]    t=0  |  Tps=0.0
  12P : [ 10056.00 ,  7587.00 ] → x                                    t=1  |  Tps=0.0199
  12R : [ 10056.00 ,  7587.00 ] → #round :   10 → [  8908 ,  7242 ]    t=1  |  Tps=0.0199
  12P : [  9100.90 ,  7980.28 ] → x                                    t=2  |  Tps=0.0232
  12R : [  9100.90 ,  7980.28 ] → #round :    9 → [ 10730 ,  7274 ]    t=2  |  Tps=0.0232
  12P : [ 10810.00 ,  8106.00 ] → Admissible                           t=3  |  Tps=0.0268
   feasible 

  13R : [  9890.93 ,  6582.63 ] → #round :   13 → [  9144 ,  7160 ]    t=0  |  Tps=0.0
  13P : [  8932.00 ,  8096.00 ] → x                                    t=1  |  Tps=0.0035
  13R : [  8932.00 ,  8096.00 ] → #round :    6 → [  8972 ,  7264 ]    t=1  |  Tps=0.0036
  13P : [  8932.00 ,  8096.00 ] → x                                    t=2  |  Tps=0.0069
  13R : [  8932.00 ,  8096.00 ] → #round :    6 → [  8972 ,  7264 ]    t=2  |  Tps=0.007
CYCLE!!!!!!!!!!!!!!!
  13C : [  8592.00 ,  7846.00 ] 
  13P : [  8932.00 ,  8096.00 ] → x                                    t=3  |  Tps=0.0106
  13R : [  8932.00 ,  8096.00 ] → #round :    6 → [  8972 ,  7264 ]    t=3  |  Tps=0.0106
CYCLE!!!!!!!!!!!!!!!
  13C : [  7852.00 ,  9136.00 ] 
  13P : [  7714.00 , 10648.00 ] → Admissible                           t=4  |  Tps=0.014
   feasible 

  14R : [ 10295.97 ,  6500.59 ] → #round :   10 → [ 13666 ,  7696 ]    t=0  |  Tps=0.0
  14P : [ 10174.00 ,  6506.00 ] → x                                    t=1  |  Tps=0.0036
  14R : [ 10174.00 ,  6506.00 ] → #round :    7 → [ 13666 ,  7696 ]    t=1  |  Tps=0.0036
CYCLE!!!!!!!!!!!!!!!
  14C : [ 11656.00 ,  7886.00 ] 
  14P : [ 10997.35 ,  9187.19 ] → x                                    t=2  |  Tps=0.0073
  14R : [ 10997.35 ,  9187.19 ] → #round :    8 → [ 11206 ,  8026 ]    t=2  |  Tps=0.0073
  14P : [ 10822.00 , 10183.00 ] → x                                    t=3  |  Tps=0.0108
  14R : [ 10822.00 , 10183.00 ] → #round :    6 → [ 11206 ,  8026 ]    t=3  |  Tps=0.0108
CYCLE!!!!!!!!!!!!!!!
  14C : [ 10572.00 , 10096.00 ] 
  14P : [ 11326.00 , 12596.00 ] → Admissible                           t=4  |  Tps=0.0147
   feasible 

  15R : [ 10693.10 ,  6481.73 ] → #round :   10 → [ 10032 ,  6860 ]    t=0  |  Tps=0.0
  15P : [ 10174.00 ,  6506.00 ] → x                                    t=1  |  Tps=0.0036
  15R : [ 10174.00 ,  6506.00 ] → #round :    7 → [ 14436 ,  7490 ]    t=1  |  Tps=0.0036
  15P : [ 10652.00 ,  8550.00 ] → Admissible                           t=2  |  Tps=0.0073
   feasible 

  16R : [ 11098.00 ,  6465.00 ] → #round :    9 → [ 12344 ,  6800 ]    t=0  |  Tps=0.0
  16P : [ 10652.00 ,  8550.00 ] → Admissible                           t=1  |  Tps=0.0037
   feasible 


5) Extraction des resultats

  Nombre de cycle : 17
   1  : [  7832.00 , 11656.00 ] → Admissible 
   2  : [  8530.00 , 11450.00 ] → x          
   3  : [ 10860.00 , 12188.00 ] → Admissible 
   4  : [  7798.00 ,  8950.00 ] → Admissible 
   5  : [  7798.00 ,  8950.00 ] → Admissible 
   6  : [  7798.00 ,  8950.00 ] → Admissible 
   7  : [  7714.00 , 10648.00 ] → Admissible 
   8  : [  9104.00 , 10148.00 ] → Admissible 
   9  : [  7698.00 ,  9786.00 ] → x          
  10  : [  7938.00 ,  9506.00 ] → Admissible 
  11  : [ 10064.00 , 11600.00 ] → Admissible 
  12  : [ 10810.00 ,  8106.00 ] → Admissible 
  13  : [  7714.00 , 10648.00 ] → Admissible 
  14  : [ 11326.00 , 12596.00 ] → Admissible 
  15  : [ 10652.00 ,  8550.00 ] → Admissible 
  16  : [ 10652.00 ,  8550.00 ] → Admissible 

6) Edition des resultats 

#U = 4
X_EBP = [7714, 7798, 10652, 10810]
Y_EBP = [10648, 8950, 8550, 8106]
XN = [7656, 7666, 7684, 7714, 7798, 9772, 9984, 10492, 10712, 10740]
YN = [15110, 14472, 14078, 10648, 8950, 8850, 7900, 7874, 7800, 6862]
Quality measure: 95.70 %
  0.441175 seconds (2.56 M allocations: 234.526 MiB, 3.21% gc time)
