0) instance et parametres 

  instance = sppnw43.txt | tailleSampling = 10 | maxTrial = 5 | maxTime = 9223372036854775807


1) calcule les etendues de valeurs sur les 2 objectifs

  f1_min= 8897.00 ↔ f1_max=16368.87 (Δ=7471.87) 
  f2_min= 7566.00 ↔ f2_max=21945.00 (Δ=14379.00) 

2) calcule les generateurs par e-contrainte alternant minimiser z1 et z2

  z1  1 : ϵ = 21945.00  fRL =  8897.00  [  8897.00 , 21945.00 ] 
  z2  1 : ϵ = 16368.87  fRL =  7566.00  [ 16364.32 ,  7565.29 ] 
  z1  2 : ϵ = 20347.33  fRL =  8915.16  [  8917.56 , 20351.01 ] 
  z2  2 : ϵ = 15538.66  fRL =  7623.10  [ 15540.45 ,  7622.17 ] 
  z1  3 : ϵ = 18749.67  fRL =  8940.98  [  8943.39 , 18752.83 ] 
  z2  3 : ϵ = 14708.45  fRL =  7735.65  [ 14711.91 ,  7736.27 ] 
  z1  4 : ϵ = 17152.00  fRL =  8966.81  [  8964.40 , 17148.74 ] 
  z2  4 : ϵ = 13878.25  fRL =  8019.48  [ 13874.94 ,  8018.07 ] 
  z1  5 : ϵ = 15554.33  fRL =  9085.34  [  9083.00 , 15554.11 ] 
  z2  5 : ϵ = 13048.04  fRL =  8303.32  [ 13055.60 ,  8306.78 ] 
  z1  6 : ϵ = 13956.67  fRL =  9308.53  [  9308.38 , 13957.58 ] 
  z2  6 : ϵ = 12217.83  fRL =  8631.51  [ 12219.39 ,  8632.23 ] 
  z1  7 : ϵ = 12359.00  fRL =  9589.68  [  9590.72 , 12360.56 ] 
  z2  7 : ϵ = 11387.62  fRL =  9035.41  [ 11386.69 ,  9035.53 ] 
  z1  8 : ϵ = 10761.33  fRL = 10106.85  [ 10107.86 , 10764.52 ] 
  z2  8 : ϵ = 10557.42  fRL =  9793.27  [ 10556.68 ,  9792.16 ] 
  z1  9 : ϵ =  9163.67  fRL = 11161.99  [ 11153.27 ,  9159.92 ] 

  → Allocation memoire pour 16 generateurs

3) place L dans structure et verifie l'admissibilite de chaque generateur

   1  : [  8897.00 , 21945.00 ] → x          
   2  : [  8917.56 , 20351.01 ] → x          
   3  : [  8943.39 , 18752.83 ] → x          
   4  : [  8964.40 , 17148.74 ] → x          
   5  : [  9083.00 , 15554.11 ] → x          
   6  : [  9308.38 , 13957.58 ] → x          
   7  : [  9590.72 , 12360.56 ] → x          
   8  : [ 10107.86 , 10764.52 ] → x          
   9  : [ 10556.68 ,  9792.16 ] → x          
  10  : [ 11386.69 ,  9035.53 ] → x          
  11  : [ 12219.39 ,  8632.23 ] → x          
  12  : [ 13055.60 ,  8306.78 ] → x          
  13  : [ 13874.94 ,  8018.07 ] → x          
  14  : [ 14711.91 ,  7736.27 ] → x          
  15  : [ 15540.45 ,  7622.17 ] → x          
  16  : [ 16364.32 ,  7565.29 ] → x          

  k=   1     xm= 8897.00   ym= 21945.00   Δx=  7467.32    Δy=     0.00   λ1= 0.00000    λ2= 1.00000 
  k=   2     xm= 8917.56   ym= 20351.01   Δx=  7446.76    Δy=  1593.99   λ1= 0.17631    λ2= 0.82369 
  k=   3     xm= 8943.39   ym= 18752.83   Δx=  7420.93    Δy=  3192.17   λ1= 0.30078    λ2= 0.69922 
  k=   4     xm= 8964.40   ym= 17148.74   Δx=  7399.92    Δy=  4796.26   λ1= 0.39326    λ2= 0.60674 
  k=   5     xm= 9083.00   ym= 15554.11   Δx=  7281.32    Δy=  6390.89   λ1= 0.46744    λ2= 0.53256 
  k=   6     xm= 9308.38   ym= 13957.58   Δx=  7055.94    Δy=  7987.42   λ1= 0.53096    λ2= 0.46904 
  k=   7     xm= 9590.72   ym= 12360.56   Δx=  6773.60    Δy=  9584.44   λ1= 0.58592    λ2= 0.41408 
  k=   8     xm= 10107.86   ym= 10764.52   Δx=  6256.46    Δy= 11180.48   λ1= 0.64120    λ2= 0.35880 
  k=   9     xm= 10556.68   ym= 9792.16   Δx=  5807.64    Δy= 12152.84   λ1= 0.67664    λ2= 0.32336 
  k=  10     xm= 11386.69   ym= 9035.53   Δx=  4977.63    Δy= 12909.47   λ1= 0.72172    λ2= 0.27828 
  k=  11     xm= 12219.39   ym= 8632.23   Δx=  4144.93    Δy= 13312.77   λ1= 0.76257    λ2= 0.23743 
  k=  12     xm= 13055.60   ym= 8306.78   Δx=  3308.72    Δy= 13638.22   λ1= 0.80476    λ2= 0.19524 
  k=  13     xm= 13874.94   ym= 8018.07   Δx=  2489.38    Δy= 13926.93   λ1= 0.84836    λ2= 0.15164 
  k=  14     xm= 14711.91   ym= 7736.27   Δx=  1652.41    Δy= 14208.73   λ1= 0.89582    λ2= 0.10418 
  k=  15     xm= 15540.45   ym= 7622.17   Δx=   823.87    Δy= 14322.83   λ1= 0.94561    λ2= 0.05439 
  k=  16     xm= 16364.32   ym= 7565.29   Δx=     0.00    Δy= 14379.71   λ1= 1.00000    λ2= 0.00000 
4) terraformation generateur par generateur 

   1R : [  8897.00 , 21945.00 ] → #round :    7 → [  9884 , 22764 ]    t=0  |  Tps=0.0
   1P : [ 12743.20 , 19448.80 ] → x                                    t=1  |  Tps=0.003
   1R : [ 12743.20 , 19448.80 ] → #round :    9 → [ 13024 , 22060 ]    t=1  |  Tps=0.003
   1P : [ 13778.88 , 17158.40 ] → x                                    t=2  |  Tps=0.0062
   1R : [ 13778.88 , 17158.40 ] → #round :    6 → [ 14960 , 19466 ]    t=2  |  Tps=0.0062
   1P : [ 13778.88 , 17158.40 ] → x                                    t=3  |  Tps=0.0091
   1R : [ 13778.88 , 17158.40 ] → #round :    6 → [ 14960 , 19466 ]    t=3  |  Tps=0.0091
CYCLE!!!!!!!!!!!!!!!
   1C : [ 15912.00 , 18414.00 ] 
   1P : [ 13679.20 , 18046.00 ] → x                                    t=4  |  Tps=0.0122
   1R : [ 13679.20 , 18046.00 ] → #round :    9 → [ 10504 , 19708 ]    t=4  |  Tps=0.0122
   1P : [ 12020.00 , 20686.00 ] → Admissible                           t=5  |  Tps=0.0155
   feasible 

   2R : [  8917.56 , 20351.01 ] → #round :    9 → [ 10232 , 22514 ]    t=0  |  Tps=0.0
   2P : [  8904.00 , 21038.00 ] → Admissible                           t=1  |  Tps=0.003
   feasible 

   3R : [  8943.39 , 18752.83 ] → #round :    9 → [  9706 , 17300 ]    t=0  |  Tps=0.0
   3P : [  9446.00 , 16760.00 ] → Admissible                           t=1  |  Tps=0.0032
   feasible 

   4R : [  8964.40 , 17148.74 ] → #round :    9 → [  9190 , 16562 ]    t=0  |  Tps=0.0
   4P : [ 11014.00 , 16443.00 ] → x                                    t=1  |  Tps=0.0034
   4R : [ 11014.00 , 16443.00 ] → #round :    4 → [  9544 , 16714 ]    t=1  |  Tps=0.0034
   4P : [ 11014.00 , 16443.00 ] → x                                    t=2  |  Tps=0.0068
   4R : [ 11014.00 , 16443.00 ] → #round :    4 → [  9544 , 16714 ]    t=2  |  Tps=0.0068
CYCLE!!!!!!!!!!!!!!!
   4C : [  9882.00 , 17420.00 ] 
   4P : [ 12538.00 , 16254.00 ] → Admissible                           t=3  |  Tps=0.01
   feasible 

   5R : [  9083.00 , 15554.11 ] → #round :   14 → [  9206 , 16404 ]    t=0  |  Tps=0.0
   5P : [  9260.67 , 15175.26 ] → x                                    t=1  |  Tps=0.0032
   5R : [  9260.67 , 15175.26 ] → #round :    7 → [ 11122 , 15798 ]    t=1  |  Tps=0.0032
   5P : [  9322.59 , 15168.72 ] → x                                    t=2  |  Tps=0.0063
   5R : [  9322.59 , 15168.72 ] → #round :    7 → [ 11122 , 15798 ]    t=2  |  Tps=0.0064
CYCLE!!!!!!!!!!!!!!!
   5C : [ 10968.00 , 18958.00 ] 
   5P : [  9866.00 , 15652.00 ] → Admissible                           t=3  |  Tps=0.0095
   feasible 

   6R : [  9308.38 , 13957.58 ] → #round :   15 → [ 10580 , 14344 ]    t=0  |  Tps=0.0
   6P : [  9742.22 , 16698.79 ] → x                                    t=1  |  Tps=0.0032
   6R : [  9742.22 , 16698.79 ] → #round :    4 → [  9300 , 14162 ]    t=1  |  Tps=0.0032
   6P : [  9742.22 , 16698.79 ] → x                                    t=2  |  Tps=0.0064
   6R : [  9742.22 , 16698.79 ] → #round :    4 → [  9300 , 14162 ]    t=2  |  Tps=0.0064
CYCLE!!!!!!!!!!!!!!!
   6C : [ 10150.00 , 19124.00 ] 
   6P : [  9797.50 , 17062.50 ] → x                                    t=3  |  Tps=0.0095
   6R : [  9797.50 , 17062.50 ] → #round :    5 → [  9300 , 14162 ]    t=3  |  Tps=0.0095
CYCLE!!!!!!!!!!!!!!!
   6C : [ 10556.00 , 17938.00 ] 
   6P : [ 10723.00 , 16891.00 ] → x                                    t=4  |  Tps=0.0125
   6R : [ 10723.00 , 16891.00 ] → #round :    3 → [  9920 , 14504 ]    t=4  |  Tps=0.0125
   6P : [ 10723.00 , 16891.00 ] → x                                    t=5  |  Tps=0.0158
   6R : [ 10723.00 , 16891.00 ] → #round :    3 → [  9920 , 14504 ]    t=5  |  Tps=0.0158
CYCLE!!!!!!!!!!!!!!!
   6C : [  9890.00 , 17252.00 ] 
   6P : [ 11220.00 , 20272.00 ] → Admissible                           t=6  |  Tps=0.019
   feasible 

   7R : [  9590.72 , 12360.56 ] → #round :   13 → [ 10264 , 11446 ]    t=0  |  Tps=0.0
   7P : [ 10038.00 , 12294.00 ] → Admissible                           t=1  |  Tps=0.0033
   feasible 

   8R : [ 10107.86 , 10764.52 ] → #round :   16 → [ 10972 , 12068 ]    t=0  |  Tps=0.0
   8P : [ 10038.00 , 12294.00 ] → Admissible                           t=1  |  Tps=0.0034
   feasible 

   9R : [ 10556.68 ,  9792.16 ] → #round :   18 → [ 11038 , 10938 ]    t=0  |  Tps=0.0
   9P : [ 10732.80 , 10432.40 ] → x                                    t=1  |  Tps=0.0033
   9R : [ 10732.80 , 10432.40 ] → #round :   14 → [ 11718 , 10756 ]    t=1  |  Tps=0.0033
   9P : [ 10875.20 , 10534.40 ] → x                                    t=2  |  Tps=0.0065
   9R : [ 10875.20 , 10534.40 ] → #round :   11 → [ 12488 , 11334 ]    t=2  |  Tps=0.0065
   9P : [ 10464.50 , 10919.50 ] → x                                    t=3  |  Tps=0.0098
   9R : [ 10464.50 , 10919.50 ] → #round :    9 → [ 11208 , 11152 ]    t=3  |  Tps=0.0099
   9P : [ 10845.14 , 11051.65 ] → x                                    t=4  |  Tps=0.0131
   9R : [ 10845.14 , 11051.65 ] → #round :   10 → [ 10546 , 11182 ]    t=4  |  Tps=0.0131
   9P : [ 10914.25 , 10868.25 ] → x                                    t=5  |  Tps=0.0163
   9R : [ 10914.25 , 10868.25 ] → #round :    9 → [ 11346 , 11272 ]    t=5  |  Tps=0.0163
   9P : [ 10928.31 , 11341.27 ] → x                                    t=6  |  Tps=0.0198
   9R : [ 10928.31 , 11341.27 ] → #round :    8 → [ 11346 , 11272 ]    t=6  |  Tps=0.0198
CYCLE!!!!!!!!!!!!!!!
   9C : [ 15578.00 , 13172.00 ] 
   maxTrial 

  10R : [ 11386.69 ,  9035.53 ] → #round :   17 → [ 12230 ,  9610 ]    t=0  |  Tps=0.0
  10P : [ 10607.90 , 10550.90 ] → x                                    t=1  |  Tps=0.0033
  10R : [ 10607.90 , 10550.90 ] → #round :   12 → [ 12122 , 10696 ]    t=1  |  Tps=0.0033
  10P : [ 10895.60 , 11919.20 ] → x                                    t=2  |  Tps=0.0079
  10R : [ 10895.60 , 11919.20 ] → #round :    7 → [ 10260 , 10914 ]    t=2  |  Tps=0.0079
  10P : [ 11532.00 , 14738.00 ] → Admissible                           t=3  |  Tps=0.0115
   feasible 

  11R : [ 12219.39 ,  8632.23 ] → #round :   17 → [ 12218 ,  8838 ]    t=0  |  Tps=0.0
  11P : [ 13712.00 , 11171.00 ] → x                                    t=1  |  Tps=0.0034
  11R : [ 13712.00 , 11171.00 ] → #round :    4 → [ 13078 ,  8370 ]    t=1  |  Tps=0.0034
  11P : [ 14642.00 , 14616.00 ] → Admissible                           t=2  |  Tps=0.0066
   feasible 

  12R : [ 13055.60 ,  8306.78 ] → #round :   17 → [ 15070 ,  9562 ]    t=0  |  Tps=0.0
  12P : [ 13712.00 , 11171.00 ] → x                                    t=1  |  Tps=0.0035
  12R : [ 13712.00 , 11171.00 ] → #round :    4 → [ 13078 ,  8370 ]    t=1  |  Tps=0.0035
  12P : [ 14642.00 , 14616.00 ] → Admissible                           t=2  |  Tps=0.0069
   feasible 

  13R : [ 13874.94 ,  8018.07 ] → #round :   17 → [ 16288 ,  9200 ]    t=0  |  Tps=0.0
  13P : [ 14552.00 , 12166.00 ] → Admissible                           t=1  |  Tps=0.0037
   feasible 

  14R : [ 14711.91 ,  7736.27 ] → #round :   17 → [ 14522 ,  8028 ]    t=0  |  Tps=0.0
  14P : [ 12932.00 , 14197.00 ] → x                                    t=1  |  Tps=0.0036
  14R : [ 12932.00 , 14197.00 ] → #round :    4 → [ 11718 ,  9600 ]    t=1  |  Tps=0.0037
  14P : [ 12932.00 , 14197.00 ] → x                                    t=2  |  Tps=0.0072
  14R : [ 12932.00 , 14197.00 ] → #round :    4 → [ 11718 ,  9600 ]    t=2  |  Tps=0.0072
CYCLE!!!!!!!!!!!!!!!
  14C : [ 12908.00 , 13530.00 ] 
  14P : [ 13418.00 , 12072.00 ] → Admissible                           t=3  |  Tps=0.0107
   feasible 

  15R : [ 15540.45 ,  7622.17 ] → #round :   18 → [ 15894 ,  8036 ]    t=0  |  Tps=0.0
  15P : [ 14119.00 , 12547.00 ] → x                                    t=1  |  Tps=0.0034
  15R : [ 14119.00 , 12547.00 ] → #round :    7 → [ 17890 ,  9442 ]    t=1  |  Tps=0.0034
  15P : [ 14119.00 , 12547.00 ] → x                                    t=2  |  Tps=0.0067
  15R : [ 14119.00 , 12547.00 ] → #round :    7 → [ 17890 ,  9442 ]    t=2  |  Tps=0.0067
CYCLE!!!!!!!!!!!!!!!
  15C : [ 13484.00 , 11220.00 ] 
  15P : [ 15540.00 , 19274.00 ] → Admissible                           t=3  |  Tps=0.0099
   feasible 

  16R : [ 16364.32 ,  7565.29 ] → #round :   17 → [ 14040 ,  8368 ]    t=0  |  Tps=0.0
  16P : [ 13340.00 , 17444.00 ] → Admissible                           t=1  |  Tps=0.0036
   feasible 


5) Extraction des resultats

  Nombre de cycle : 9
   1  : [ 12020.00 , 20686.00 ] → Admissible 
   2  : [  8904.00 , 21038.00 ] → Admissible 
   3  : [  9446.00 , 16760.00 ] → Admissible 
   4  : [ 12538.00 , 16254.00 ] → Admissible 
   5  : [  9866.00 , 15652.00 ] → Admissible 
   6  : [ 11220.00 , 20272.00 ] → Admissible 
   7  : [ 10038.00 , 12294.00 ] → Admissible 
   8  : [ 10038.00 , 12294.00 ] → Admissible 
   9  : [ 15578.00 , 13172.00 ] → x          
  10  : [ 11532.00 , 14738.00 ] → Admissible 
  11  : [ 14642.00 , 14616.00 ] → Admissible 
  12  : [ 14642.00 , 14616.00 ] → Admissible 
  13  : [ 14552.00 , 12166.00 ] → Admissible 
  14  : [ 13418.00 , 12072.00 ] → Admissible 
  15  : [ 15540.00 , 19274.00 ] → Admissible 
  16  : [ 13340.00 , 17444.00 ] → Admissible 

6) Edition des resultats 

#U = 5
X_EBP = [8904, 9446, 9866, 10038, 13418]
Y_EBP = [21038, 16760, 15652, 12294, 12072]
XN = [8904, 9100, 9146, 9284, 9290, 9434, 9446, 9668, 9750, 9894, 10038, 10574, 10774, 11104, 11114, 11460, 13198, 13462, 13750, 13934, 16656]
YN = [21038, 18850, 18548, 17806, 17314, 17038, 16760, 15664, 13604, 12672, 12294, 12266, 11688, 11384, 10402, 10222, 10108, 9882, 9854, 9494, 9400]
Quality measure: 80.26 %
  0.411162 seconds (2.54 M allocations: 216.193 MiB)
