0) instance et parametres 

  instance = sppnw19.txt | tailleSampling = 10 | maxTrial = 5 | maxTime = 9223372036854775807


1) calcule les etendues de valeurs sur les 2 objectifs

  f1_min=10898.00 ↔ f1_max=22491.32 (Δ=11593.32) 
  f2_min= 3906.76 ↔ f2_max=25924.00 (Δ=22017.24) 

2) calcule les generateurs par e-contrainte alternant minimiser z1 et z2

  z1  1 : ϵ = 25924.00  fRL = 10898.00  [ 10898.00 , 25924.00 ] 
  z2  1 : ϵ = 22491.32  fRL =  3906.76  [ 22491.32 ,  3906.76 ] 
  z1  2 : ϵ = 23477.64  fRL = 10977.03  [ 10979.39 , 23478.99 ] 
  z2  2 : ϵ = 21203.17  fRL =  3966.13  [ 21204.13 ,  3966.05 ] 
  z1  3 : ϵ = 21031.28  fRL = 11056.07  [ 11055.94 , 21035.28 ] 
  z2  3 : ϵ = 19915.03  fRL =  4271.35  [ 19908.45 ,  4270.87 ] 
  z1  4 : ϵ = 18584.92  fRL = 11135.10  [ 11135.21 , 18581.70 ] 
  z2  4 : ϵ = 18626.88  fRL =  4693.21  [ 18624.07 ,  4692.39 ] 
  z1  5 : ϵ = 16138.56  fRL = 11248.72  [ 11244.71 , 16132.15 ] 
  z2  5 : ϵ = 17338.73  fRL =  5158.90  [ 17339.65 ,  5158.55 ] 
  z1  6 : ϵ = 13692.20  fRL = 11582.06  [ 11580.06 , 13693.22 ] 
  z2  6 : ϵ = 16050.59  fRL =  5676.08  [ 16050.45 ,  5676.14 ] 
  z1  7 : ϵ = 11245.84  fRL = 12251.01  [ 12249.08 , 11246.59 ] 
  z2  7 : ϵ = 14762.44  fRL =  6629.23  [ 14769.97 ,  6633.07 ] 
  z1  8 : ϵ =  8799.48  fRL = 13125.74  [ 13130.62 ,  8803.39 ] 
  z2  8 : ϵ = 13474.29  fRL =  8264.96  [ 13467.47 ,  8262.27 ] 
  z1  9 : ϵ =  6353.12  fRL = 15075.11  [ 15075.13 ,  6352.87 ] 

  → Allocation memoire pour 16 generateurs

3) place L dans structure et verifie l'admissibilite de chaque generateur

   1  : [ 10898.00 , 25924.00 ] → Admissible 
   2  : [ 10979.39 , 23478.99 ] → x          
   3  : [ 11055.94 , 21035.28 ] → x          
   4  : [ 11135.21 , 18581.70 ] → x          
   5  : [ 11244.71 , 16132.15 ] → x          
   6  : [ 11580.06 , 13693.22 ] → x          
   7  : [ 12249.08 , 11246.59 ] → x          
   8  : [ 13130.62 ,  8803.39 ] → x          
   9  : [ 13467.47 ,  8262.27 ] → x          
  10  : [ 14769.97 ,  6633.07 ] → x          
  11  : [ 16050.45 ,  5676.14 ] → x          
  12  : [ 17339.65 ,  5158.55 ] → x          
  13  : [ 18624.07 ,  4692.39 ] → x          
  14  : [ 19908.45 ,  4270.87 ] → x          
  15  : [ 21204.13 ,  3966.05 ] → x          
  16  : [ 22491.32 ,  3906.76 ] → x          

  k=   1     xm= 10898.00   ym= 25924.00   Δx= 11593.32    Δy=     0.00   λ1= 0.00000    λ2= 1.00000 
  k=   2     xm= 10979.39   ym= 23478.99   Δx= 11511.93    Δy=  2445.01   λ1= 0.17518    λ2= 0.82482 
  k=   3     xm= 11055.94   ym= 21035.28   Δx= 11435.38    Δy=  4888.72   λ1= 0.29948    λ2= 0.70052 
  k=   4     xm= 11135.21   ym= 18581.70   Δx= 11356.11    Δy=  7342.30   λ1= 0.39267    λ2= 0.60733 
  k=   5     xm= 11244.71   ym= 16132.15   Δx= 11246.61    Δy=  9791.85   λ1= 0.46543    λ2= 0.53457 
  k=   6     xm= 11580.06   ym= 13693.22   Δx= 10911.26    Δy= 12230.78   λ1= 0.52851    λ2= 0.47149 
  k=   7     xm= 12249.08   ym= 11246.59   Δx= 10242.24    Δy= 14677.41   λ1= 0.58899    λ2= 0.41101 
  k=   8     xm= 13130.62   ym= 8803.39   Δx=  9360.70    Δy= 17120.61   λ1= 0.64652    λ2= 0.35348 
  k=   9     xm= 13467.47   ym= 8262.27   Δx=  9023.85    Δy= 17661.73   λ1= 0.66185    λ2= 0.33815 
  k=  10     xm= 14769.97   ym= 6633.07   Δx=  7721.35    Δy= 19290.93   λ1= 0.71415    λ2= 0.28585 
  k=  11     xm= 16050.45   ym= 5676.14   Δx=  6440.87    Δy= 20247.86   λ1= 0.75867    λ2= 0.24133 
  k=  12     xm= 17339.65   ym= 5158.55   Δx=  5151.67    Δy= 20765.45   λ1= 0.80123    λ2= 0.19877 
  k=  13     xm= 18624.07   ym= 4692.39   Δx=  3867.25    Δy= 21231.61   λ1= 0.84592    λ2= 0.15408 
  k=  14     xm= 19908.45   ym= 4270.87   Δx=  2582.87    Δy= 21653.13   λ1= 0.89343    λ2= 0.10657 
  k=  15     xm= 21204.13   ym= 3966.05   Δx=  1287.19    Δy= 21957.95   λ1= 0.94463    λ2= 0.05537 
  k=  16     xm= 22491.32   ym= 3906.76   Δx=     0.00    Δy= 22017.24   λ1= 1.00000    λ2= 0.00000 
4) terraformation generateur par generateur 

   2R : [ 10979.39 , 23478.99 ] → #round :   11 → [ 10898 , 25924 ]    t=0  |  Tps=0.0
   2P : [ 10898.00 , 25924.00 ] → Admissible                           t=1  |  Tps=0.0122
   feasible 

   3R : [ 11055.94 , 21035.28 ] → #round :   11 → [ 13076 , 20916 ]    t=0  |  Tps=0.0
   3P : [ 11264.00 , 18634.00 ] → x                                    t=1  |  Tps=0.0126
   3R : [ 11264.00 , 18634.00 ] → #round :    6 → [ 11444 , 19668 ]    t=1  |  Tps=0.0127
   3P : [ 11932.00 , 16666.00 ] → Admissible                           t=2  |  Tps=0.0254
   feasible 

   4R : [ 11135.21 , 18581.70 ] → #round :   11 → [ 15024 , 22940 ]    t=0  |  Tps=0.0
   4P : [ 11196.00 , 16700.00 ] → x                                    t=1  |  Tps=0.0127
   4R : [ 11196.00 , 16700.00 ] → #round :    7 → [ 13706 , 18026 ]    t=1  |  Tps=0.0128
   4P : [ 14626.00 , 14384.00 ] → Admissible                           t=2  |  Tps=0.0258
   feasible 

   5R : [ 11244.71 , 16132.15 ] → #round :   10 → [ 13706 , 18026 ]    t=0  |  Tps=0.0
   5P : [ 11646.00 , 16748.00 ] → Admissible                           t=1  |  Tps=0.0133
   feasible 

   6R : [ 11580.06 , 13693.22 ] → #round :    8 → [ 14580 , 15016 ]    t=0  |  Tps=0.0
   6P : [ 11540.00 , 13846.00 ] → Admissible                           t=1  |  Tps=0.0134
   feasible 

   7R : [ 12249.08 , 11246.59 ] → #round :    8 → [ 15902 , 15426 ]    t=0  |  Tps=0.0
   7P : [ 11540.00 , 13846.00 ] → Admissible                           t=1  |  Tps=0.014
   feasible 

   8R : [ 13130.62 ,  8803.39 ] → #round :   13 → [ 14576 , 10778 ]    t=0  |  Tps=0.0
   8P : [ 13784.00 ,  8480.00 ] → Admissible                           t=1  |  Tps=0.0137
   feasible 

   9R : [ 13467.47 ,  8262.27 ] → #round :   17 → [ 12640 ,  9608 ]    t=0  |  Tps=0.0001
   9P : [ 13784.00 ,  8480.00 ] → Admissible                           t=1  |  Tps=0.0148
   feasible 

  10R : [ 14769.97 ,  6633.07 ] → #round :   18 → [ 13698 ,  8482 ]    t=0  |  Tps=0.0001
  10P : [ 13784.00 ,  8480.00 ] → Admissible                           t=1  |  Tps=0.0131
   feasible 

  11R : [ 16050.45 ,  5676.14 ] → #round :   18 → [ 19296 ,  7382 ]    t=0  |  Tps=0.0001
  11P : [ 15485.85 ,  7786.75 ] → x                                    t=1  |  Tps=0.0127
  11R : [ 15485.85 ,  7786.75 ] → #round :   15 → [ 17656 ,  9548 ]    t=1  |  Tps=0.0127
  11P : [ 15477.00 ,  7471.00 ] → x                                    t=2  |  Tps=0.0253
  11R : [ 15477.00 ,  7471.00 ] → #round :    9 → [ 15528 ,  7072 ]    t=2  |  Tps=0.0254
  11P : [ 15477.00 ,  7471.00 ] → x                                    t=3  |  Tps=0.0379
  11R : [ 15477.00 ,  7471.00 ] → #round :    9 → [ 15528 ,  7072 ]    t=3  |  Tps=0.038
CYCLE!!!!!!!!!!!!!!!
  11C : [ 17628.00 , 12056.00 ] 
  11P : [ 15477.00 ,  7471.00 ] → x                                    t=4  |  Tps=0.0509
  11R : [ 15477.00 ,  7471.00 ] → #round :    9 → [ 15528 ,  7072 ]    t=4  |  Tps=0.051
CYCLE!!!!!!!!!!!!!!!
  11C : [ 12128.00 , 10862.00 ] 
  11P : [ 13641.50 , 11680.50 ] → x                                    t=5  |  Tps=0.0872
  11R : [ 13641.50 , 11680.50 ] → #round :   13 → [ 16106 ,  7578 ]    t=5  |  Tps=0.0873
  11P : [ 14838.00 , 11304.00 ] → x                                    t=6  |  Tps=0.1001
  11R : [ 14838.00 , 11304.00 ] → #round :    9 → [ 17510 ,  6758 ]    t=6  |  Tps=0.1002
   maxTrial 

  12R : [ 17339.65 ,  5158.55 ] → #round :   15 → [ 20828 ,  6288 ]    t=0  |  Tps=0.0
  12P : [ 16153.71 ,  8436.52 ] → x                                    t=1  |  Tps=0.0122
  12R : [ 16153.71 ,  8436.52 ] → #round :   15 → [ 21802 ,  6214 ]    t=1  |  Tps=0.0123
  12P : [ 18801.00 , 11547.00 ] → x                                    t=2  |  Tps=0.0242
  12R : [ 18801.00 , 11547.00 ] → #round :    3 → [ 16700 ,  8202 ]    t=2  |  Tps=0.0242
  12P : [ 19070.96 , 10847.35 ] → x                                    t=3  |  Tps=0.0365
  12R : [ 19070.96 , 10847.35 ] → #round :    4 → [ 16700 ,  8202 ]    t=3  |  Tps=0.0366
CYCLE!!!!!!!!!!!!!!!
  12C : [ 21152.00 , 13182.00 ] 
  12P : [ 19511.00 , 13462.00 ] → x                                    t=4  |  Tps=0.0486
  12R : [ 19511.00 , 13462.00 ] → #round :    4 → [ 14694 ,  6810 ]    t=4  |  Tps=0.0487
  12P : [ 18801.00 , 11547.00 ] → x                                    t=5  |  Tps=0.0605
  12R : [ 18801.00 , 11547.00 ] → #round :    3 → [ 16700 ,  8202 ]    t=5  |  Tps=0.0605
CYCLE!!!!!!!!!!!!!!!
  12C : [ 20902.00 , 14892.00 ] 
  12P : [ 18801.00 , 11547.00 ] → x                                    t=6  |  Tps=0.0726
  12R : [ 18801.00 , 11547.00 ] → #round :    3 → [ 16700 ,  8202 ]    t=6  |  Tps=0.0726
CYCLE!!!!!!!!!!!!!!!
  12C : [ 20902.00 , 14892.00 ] 
   maxTrial 

  13R : [ 18624.07 ,  4692.39 ] → #round :   22 → [ 21280 ,  4698 ]    t=0  |  Tps=0.0001
  13P : [ 17474.80 , 10640.00 ] → x                                    t=1  |  Tps=0.0116
  13R : [ 17474.80 , 10640.00 ] → #round :   15 → [ 24332 ,  7976 ]    t=1  |  Tps=0.0117
  13P : [ 22064.00 , 11290.00 ] → Admissible                           t=2  |  Tps=0.0242
   feasible 

  14R : [ 19908.45 ,  4270.87 ] → #round :   21 → [ 20196 ,  5346 ]    t=0  |  Tps=0.0001
  14P : [ 16716.00 , 11218.00 ] → Admissible                           t=1  |  Tps=0.0127
   feasible 

  15R : [ 21204.13 ,  3966.05 ] → #round :   22 → [ 24122 ,  4538 ]    t=0  |  Tps=0.0001
  15P : [ 18866.00 ,  8191.00 ] → x                                    t=1  |  Tps=0.0123
  15R : [ 18866.00 ,  8191.00 ] → #round :    7 → [ 20544 ,  5840 ]    t=1  |  Tps=0.0124
  15P : [ 19146.50 ,  8367.50 ] → x                                    t=2  |  Tps=0.0247
  15R : [ 19146.50 ,  8367.50 ] → #round :    7 → [ 20756 ,  6160 ]    t=2  |  Tps=0.0247
  15P : [ 19511.00 ,  8093.00 ] → x                                    t=3  |  Tps=0.0374
  15R : [ 19511.00 ,  8093.00 ] → #round :    3 → [ 20756 ,  6160 ]    t=3  |  Tps=0.0374
CYCLE!!!!!!!!!!!!!!!
  15C : [ 19104.00 ,  5592.00 ] 
  15P : [ 20848.00 ,  9676.00 ] → Admissible                           t=4  |  Tps=0.0513
   feasible 

  16R : [ 22491.32 ,  3906.76 ] → #round :   22 → [ 25928 ,  4212 ]    t=0  |  Tps=0.0001
  16P : [ 18088.50 , 11222.00 ] → x                                    t=1  |  Tps=0.0137
  16R : [ 18088.50 , 11222.00 ] → #round :   14 → [ 23752 ,  5078 ]    t=1  |  Tps=0.0138
  16P : [ 21447.00 , 12944.00 ] → x                                    t=2  |  Tps=0.0266
  16R : [ 21447.00 , 12944.00 ] → #round :    9 → [ 23550 ,  5996 ]    t=2  |  Tps=0.0267
  16P : [ 20427.60 , 14096.40 ] → x                                    t=3  |  Tps=0.0393
  16R : [ 20427.60 , 14096.40 ] → #round :   12 → [ 23550 ,  5996 ]    t=3  |  Tps=0.0394
CYCLE!!!!!!!!!!!!!!!
  16C : [ 24936.00 , 20048.00 ] 
  16P : [ 22234.00 , 16610.00 ] → Admissible                           t=4  |  Tps=0.0521
   feasible 


5) Extraction des resultats

  Nombre de cycle : 7
   1  : [ 10898.00 , 25924.00 ] → Admissible 
   2  : [ 10898.00 , 25924.00 ] → Admissible 
   3  : [ 11932.00 , 16666.00 ] → Admissible 
   4  : [ 14626.00 , 14384.00 ] → Admissible 
   5  : [ 11646.00 , 16748.00 ] → Admissible 
   6  : [ 11540.00 , 13846.00 ] → Admissible 
   7  : [ 11540.00 , 13846.00 ] → Admissible 
   8  : [ 13784.00 ,  8480.00 ] → Admissible 
   9  : [ 13784.00 ,  8480.00 ] → Admissible 
  10  : [ 13784.00 ,  8480.00 ] → Admissible 
  11  : [ 17510.00 ,  6758.00 ] → x          
  12  : [ 20902.00 , 14892.00 ] → x          
  13  : [ 22064.00 , 11290.00 ] → Admissible 
  14  : [ 16716.00 , 11218.00 ] → Admissible 
  15  : [ 20848.00 ,  9676.00 ] → Admissible 
  16  : [ 22234.00 , 16610.00 ] → Admissible 

6) Edition des resultats 

#U = 3
X_EBP = [10898, 11540, 13784]
Y_EBP = [25924, 13846, 8480]
XN = [10898, 10958, 11048, 11398, 11434, 11446, 11486, 11540, 12150, 12762, 12802, 13086, 13698, 13760, 13784, 14998, 18168, 19634, 20410, 23258]
YN = [25924, 24546, 23572, 22848, 20618, 19378, 17582, 13846, 12936, 12930, 12122, 10230, 10092, 9126, 8480, 6722, 6194, 5968, 4866, 4546]
Quality measure: 87.84 %
  0.939185 seconds (5.81 M allocations: 617.892 MiB, 4.83% gc time)
