0) instance et parametres 

  instance = sppnw15.txt | tailleSampling = 10 | maxTrial = 5 | maxTime = 9223372036854775807


1) calcule les etendues de valeurs sur les 2 objectifs

  f1_min=67743.00 ↔ f1_max=83329.00 (Δ=15586.00) 
  f2_min=124242.00 ↔ f2_max=144891.00 (Δ=20649.00) 

2) calcule les generateurs par e-contrainte alternant minimiser z1 et z2

  z1  1 : ϵ = 144891.00  fRL = 67743.00  [ 67743.00 , 144891.00 ] 
  z2  1 : ϵ = 83329.00  fRL = 124242.00  [ 83332.88 , 124243.44 ] 
  z1  2 : ϵ = 142596.67  fRL = 67743.00  [ 67743.00 , 142601.72 ] 
  z2  2 : ϵ = 81597.22  fRL = 124325.06  [ 81572.03 , 124319.76 ] 
  z1  3 : ϵ = 140302.33  fRL = 67743.00  [ 67743.00 , 140298.49 ] 
  z2  3 : ϵ = 79865.44  fRL = 124408.13  [ 79872.55 , 124393.72 ] 
  z1  4 : ϵ = 138008.00  fRL = 67743.00  [ 67743.00 , 138009.21 ] 
  z2  4 : ϵ = 78133.67  fRL = 124491.19  [ 78127.28 , 124491.50 ] 
  z1  5 : ϵ = 135713.67  fRL = 67743.00  [ 67743.00 , 135719.94 ] 
  z2  5 : ϵ = 76401.89  fRL = 124574.26  [ 76430.71 , 124581.01 ] 
  z1  6 : ϵ = 133419.33  fRL = 67743.00  [ 67743.00 , 133416.70 ] 
  z2  6 : ϵ = 74670.11  fRL = 124657.32  [ 74669.86 , 124657.33 ] 
  z1  7 : ϵ = 131125.00  fRL = 67743.00  [ 67743.00 , 131127.43 ] 
  z2  7 : ϵ = 72938.33  fRL = 124740.38  [ 72909.00 , 124733.65 ] 
  z1  8 : ϵ = 128830.67  fRL = 67747.24  [ 67747.25 , 128828.18 ] 
  z2  8 : ϵ = 71206.56  fRL = 124823.45  [ 71212.43 , 124823.17 ] 
  z1  9 : ϵ = 126536.33  fRL = 67751.88  [ 67751.88 , 126534.18 ] 
  z2  9 : ϵ = 69474.78  fRL = 124906.51  [ 69467.16 , 124920.94 ] 
  z1 10 : ϵ = 124242.00  fRL = 83329.00  [ 83332.88 , 124243.44 ] 

  → Allocation memoire pour 18 generateurs

3) place L dans structure et verifie l'admissibilite de chaque generateur

   1  : [ 67743.00 , 144891.00 ] → Admissible 
   2  : [ 67743.00 , 142601.72 ] → x          
   3  : [ 67743.00 , 140298.49 ] → x          
   4  : [ 67743.00 , 138009.21 ] → x          
   5  : [ 67743.00 , 135719.94 ] → x          
   6  : [ 67743.00 , 133416.70 ] → x          
   7  : [ 67743.00 , 131127.43 ] → x          
   8  : [ 67747.25 , 128828.18 ] → x          
   9  : [ 67751.88 , 126534.18 ] → x          
  10  : [ 69467.16 , 124920.94 ] → x          
  11  : [ 71212.43 , 124823.17 ] → x          
  12  : [ 72909.00 , 124733.65 ] → x          
  13  : [ 74669.86 , 124657.33 ] → x          
  14  : [ 76430.71 , 124581.01 ] → x          
  15  : [ 78127.28 , 124491.50 ] → x          
  16  : [ 79872.55 , 124393.72 ] → x          
  17  : [ 81572.03 , 124319.76 ] → x          
  18  : [ 83332.88 , 124243.44 ] → x          

  k=   1     xm= 67743.00   ym= 144891.00   Δx= 15589.88    Δy=     0.00   λ1= 0.00000    λ2= 1.00000 
  k=   2     xm= 67743.00   ym= 142601.72   Δx= 15589.88    Δy=  2289.28   λ1= 0.12804    λ2= 0.87196 
  k=   3     xm= 67743.00   ym= 140298.49   Δx= 15589.88    Δy=  4592.51   λ1= 0.22755    λ2= 0.77245 
  k=   4     xm= 67743.00   ym= 138009.21   Δx= 15589.88    Δy=  6881.79   λ1= 0.30624    λ2= 0.69376 
  k=   5     xm= 67743.00   ym= 135719.94   Δx= 15589.88    Δy=  9171.06   λ1= 0.37038    λ2= 0.62962 
  k=   6     xm= 67743.00   ym= 133416.70   Δx= 15589.88    Δy= 11474.30   λ1= 0.42397    λ2= 0.57603 
  k=   7     xm= 67743.00   ym= 131127.43   Δx= 15589.88    Δy= 13763.57   λ1= 0.46889    λ2= 0.53111 
  k=   8     xm= 67747.25   ym= 128828.18   Δx= 15585.63    Δy= 16062.82   λ1= 0.50754    λ2= 0.49246 
  k=   9     xm= 67751.88   ym= 126534.18   Δx= 15581.00    Δy= 18356.82   λ1= 0.54090    λ2= 0.45910 
  k=  10     xm= 69467.16   ym= 124920.94   Δx= 13865.72    Δy= 19970.06   λ1= 0.59021    λ2= 0.40979 
  k=  11     xm= 71212.43   ym= 124823.17   Δx= 12120.45    Δy= 20067.83   λ1= 0.62345    λ2= 0.37655 
  k=  12     xm= 72909.00   ym= 124733.65   Δx= 10423.88    Δy= 20157.35   λ1= 0.65914    λ2= 0.34086 
  k=  13     xm= 74669.86   ym= 124657.33   Δx=  8663.02    Δy= 20233.67   λ1= 0.70021    λ2= 0.29979 
  k=  14     xm= 76430.71   ym= 124581.01   Δx=  6902.17    Δy= 20309.99   λ1= 0.74636    λ2= 0.25364 
  k=  15     xm= 78127.28   ym= 124491.50   Δx=  5205.60    Δy= 20399.50   λ1= 0.79670    λ2= 0.20330 
  k=  16     xm= 79872.55   ym= 124393.72   Δx=  3460.33    Δy= 20497.28   λ1= 0.85556    λ2= 0.14444 
  k=  17     xm= 81572.03   ym= 124319.76   Δx=  1760.85    Δy= 20571.24   λ1= 0.92115    λ2= 0.07885 
  k=  18     xm= 83332.88   ym= 124243.44   Δx=     0.00    Δy= 20647.56   λ1= 1.00000    λ2= 0.00000 
4) terraformation generateur par generateur 

   2R : [ 67743.00 , 142601.72 ] → #round :    4 → [ 67743 , 144891 ]    t=0  |  Tps=0.0
   2P : [ 67743.00 , 144891.00 ] → Admissible                           t=1  |  Tps=0.002
   feasible 

   3R : [ 67743.00 , 140298.49 ] → #round :    4 → [ 67743 , 144891 ]    t=0  |  Tps=0.0
   3P : [ 67743.00 , 144891.00 ] → Admissible                           t=1  |  Tps=0.0018
   feasible 

   4R : [ 67743.00 , 138009.21 ] → #round :    4 → [ 93270 , 147876 ]    t=0  |  Tps=0.0
   4P : [ 67743.00 , 144891.00 ] → Admissible                           t=1  |  Tps=0.0018
   feasible 

   5R : [ 67743.00 , 135719.94 ] → #round :    4 → [ 67743 , 130932 ]    t=0  |  Tps=0.0
   5P : [ 67743.00 , 130932.00 ] → Admissible                           t=1  |  Tps=0.0019
   feasible 

   6R : [ 67743.00 , 133416.70 ] → #round :    4 → [ 67743 , 130932 ]    t=0  |  Tps=0.0
   6P : [ 67743.00 , 130932.00 ] → Admissible                           t=1  |  Tps=0.002
   feasible 

   7R : [ 67743.00 , 131127.43 ] → #round :    4 → [ 96171 , 149475 ]    t=0  |  Tps=0.0
   7P : [ 67743.00 , 130932.00 ] → Admissible                           t=1  |  Tps=0.002
   feasible 

   8R : [ 67747.25 , 128828.18 ] → #round :    4 → [ 76560 , 145740 ]    t=0  |  Tps=0.0
   8P : [ 67743.00 , 130932.00 ] → Admissible                           t=1  |  Tps=0.0021
   feasible 

   9R : [ 67751.88 , 126534.18 ] → #round :    4 → [ 72480 , 143661 ]    t=0  |  Tps=0.0
   9P : [ 67755.00 , 124989.00 ] → Admissible                           t=1  |  Tps=0.002
   feasible 

  10R : [ 69467.16 , 124920.94 ] → #round :   13 → [ 88137 , 143562 ]    t=0  |  Tps=0.0
  10P : [ 67755.00 , 124989.00 ] → Admissible                           t=1  |  Tps=0.0019
   feasible 

  11R : [ 71212.43 , 124823.17 ] → #round :   13 → [ 87039 , 139248 ]    t=0  |  Tps=0.0
  11P : [ 67755.00 , 124989.00 ] → Admissible                           t=1  |  Tps=0.0019
   feasible 

  12R : [ 72909.00 , 124733.65 ] → #round :   13 → [ 87039 , 139248 ]    t=0  |  Tps=0.0
  12P : [ 67755.00 , 124989.00 ] → Admissible                           t=1  |  Tps=0.0019
   feasible 

  13R : [ 74669.86 , 124657.33 ] → #round :   13 → [ 67755 , 124989 ]    t=0  |  Tps=0.0
  13P : [ 67755.00 , 124989.00 ] → Admissible                           t=1  |  Tps=0.0019
   feasible 

  14R : [ 76430.71 , 124581.01 ] → #round :   13 → [ 67755 , 124989 ]    t=0  |  Tps=0.0
  14P : [ 67755.00 , 124989.00 ] → Admissible                           t=1  |  Tps=0.002
   feasible 

  15R : [ 78127.28 , 124491.50 ] → #round :   13 → [ 86202 , 141765 ]    t=0  |  Tps=0.0
  15P : [ 67755.00 , 124989.00 ] → Admissible                           t=1  |  Tps=0.0019
   feasible 

  16R : [ 79872.55 , 124393.72 ] → #round :   13 → [ 91002 , 138879 ]    t=0  |  Tps=0.0
  16P : [ 67755.00 , 124989.00 ] → Admissible                           t=1  |  Tps=0.002
   feasible 

  17R : [ 81572.03 , 124319.76 ] → #round :   13 → [ 103308 , 136758 ]    t=0  |  Tps=0.0
  17P : [ 67755.00 , 138948.00 ] → Admissible                           t=1  |  Tps=0.0021
   feasible 

  18R : [ 83332.88 , 124243.44 ] → #round :   12 → [ 100983 , 140646 ]    t=0  |  Tps=0.0
  18P : [ 67755.00 , 138948.00 ] → Admissible                           t=1  |  Tps=0.002
   feasible 


5) Extraction des resultats

  Nombre de cycle : 0
   1  : [ 67743.00 , 144891.00 ] → Admissible 
   2  : [ 67743.00 , 144891.00 ] → Admissible 
   3  : [ 67743.00 , 144891.00 ] → Admissible 
   4  : [ 67743.00 , 144891.00 ] → Admissible 
   5  : [ 67743.00 , 130932.00 ] → Admissible 
   6  : [ 67743.00 , 130932.00 ] → Admissible 
   7  : [ 67743.00 , 130932.00 ] → Admissible 
   8  : [ 67743.00 , 130932.00 ] → Admissible 
   9  : [ 67755.00 , 124989.00 ] → Admissible 
  10  : [ 67755.00 , 124989.00 ] → Admissible 
  11  : [ 67755.00 , 124989.00 ] → Admissible 
  12  : [ 67755.00 , 124989.00 ] → Admissible 
  13  : [ 67755.00 , 124989.00 ] → Admissible 
  14  : [ 67755.00 , 124989.00 ] → Admissible 
  15  : [ 67755.00 , 124989.00 ] → Admissible 
  16  : [ 67755.00 , 124989.00 ] → Admissible 
  17  : [ 67755.00 , 138948.00 ] → Admissible 
  18  : [ 67755.00 , 138948.00 ] → Admissible 

6) Edition des resultats 

#U = 3
X_EBP = [67743, 67743, 67755]
Y_EBP = [144891, 130932, 124989]
XN = [67743, 67755]
YN = [130932, 124989]
Quality measure: 100.00 %
  0.290875 seconds (743.13 k allocations: 63.569 MiB)
