0) instance et parametres 

  instance = sppnw04.txt | tailleSampling = 10 | maxTrial = 5 | maxTime = 9223372036854775807


1) calcule les etendues de valeurs sur les 2 objectifs

  f1_min=16310.67 ↔ f1_max=24887.45 (Δ=8576.78) 
  f2_min= 9443.27 ↔ f2_max=29889.33 (Δ=20446.06) 

2) calcule les generateurs par e-contrainte alternant minimiser z1 et z2

  z1  1 : ϵ = 29889.33  fRL = 16310.67  [ 16310.15 , 29886.73 ] 
  z2  1 : ϵ = 24887.45  fRL =  9443.27  [ 24900.78 ,  9447.83 ] 
  z1  2 : ϵ = 27617.55  fRL = 16311.82  [ 16312.21 , 27619.38 ] 
  z2  2 : ϵ = 23934.47  fRL =  9443.29  [ 23931.34 ,  9439.74 ] 
  z1  3 : ϵ = 25345.76  fRL = 16316.37  [ 16314.19 , 25343.77 ] 
  z2  3 : ϵ = 22981.50  fRL =  9444.64  [ 22980.55 ,  9444.65 ] 
  z1  4 : ϵ = 23073.98  fRL = 16337.92  [ 16337.06 , 23074.78 ] 
  z2  4 : ϵ = 22028.52  fRL =  9447.69  [ 22037.80 ,  9452.33 ] 
  z1  5 : ϵ = 20802.19  fRL = 16651.61  [ 16649.84 , 20803.86 ] 
  z2  5 : ϵ = 21075.55  fRL =  9574.76  [ 21079.90 ,  9575.98 ] 
  z1  6 : ϵ = 18530.41  fRL = 17248.05  [ 17245.37 , 18524.66 ] 
  z2  6 : ϵ = 20122.57  fRL = 10282.85  [ 20117.19 , 10278.54 ] 
  z1  7 : ϵ = 16258.62  fRL = 17927.12  [ 17926.18 , 16257.34 ] 
  z2  7 : ϵ = 19169.60  fRL = 12671.94  [ 19164.78 , 12671.33 ] 
  z1  8 : ϵ = 13986.84  fRL = 18695.37  [ 18693.85 , 13986.68 ] 
  z2  8 : ϵ = 18216.62  fRL = 15367.74  [ 18222.45 , 15373.43 ] 

  → Allocation memoire pour 15 generateurs

3) place L dans structure et verifie l'admissibilite de chaque generateur

   1  : [ 16310.15 , 29886.73 ] → x          
   2  : [ 16312.21 , 27619.38 ] → x          
   3  : [ 16314.19 , 25343.77 ] → x          
   4  : [ 16337.06 , 23074.78 ] → x          
   5  : [ 16649.84 , 20803.86 ] → x          
   6  : [ 17245.37 , 18524.66 ] → x          
   7  : [ 17926.18 , 16257.34 ] → x          
   8  : [ 18693.85 , 13986.68 ] → x          
   9  : [ 19164.78 , 12671.33 ] → x          
  10  : [ 20117.19 , 10278.54 ] → x          
  11  : [ 21079.90 ,  9575.98 ] → x          
  12  : [ 22037.80 ,  9452.33 ] → x          
  13  : [ 22980.55 ,  9444.65 ] → x          
  14  : [ 23931.34 ,  9439.74 ] → x          
  15  : [ 24900.78 ,  9447.83 ] → x          

  k=   1     xm= 16310.15   ym= 29886.73   Δx=  8590.63    Δy=     0.00   λ1= 0.00000    λ2= 1.00000 
  k=   2     xm= 16312.21   ym= 27619.38   Δx=  8588.57    Δy=  2267.35   λ1= 0.20886    λ2= 0.79114 
  k=   3     xm= 16314.19   ym= 25343.77   Δx=  8586.59    Δy=  4542.96   λ1= 0.34601    λ2= 0.65399 
  k=   4     xm= 16337.06   ym= 23074.78   Δx=  8563.72    Δy=  6811.95   λ1= 0.44303    λ2= 0.55697 
  k=   5     xm= 16649.84   ym= 20803.86   Δx=  8250.94    Δy=  9082.87   λ1= 0.52400    λ2= 0.47600 
  k=   6     xm= 17245.37   ym= 18524.66   Δx=  7655.41    Δy= 11362.07   λ1= 0.59745    λ2= 0.40255 
  k=   7     xm= 17926.18   ym= 16257.34   Δx=  6974.60    Δy= 13629.39   λ1= 0.66149    λ2= 0.33851 
  k=   8     xm= 18693.85   ym= 13986.68   Δx=  6206.93    Δy= 15900.05   λ1= 0.71923    λ2= 0.28077 
  k=   9     xm= 19164.78   ym= 12671.33   Δx=  5736.00    Δy= 17215.40   λ1= 0.75008    λ2= 0.24992 
  k=  10     xm= 20117.19   ym= 10278.54   Δx=  4783.59    Δy= 19608.19   λ1= 0.80389    λ2= 0.19611 
  k=  11     xm= 21079.90   ym= 9575.98   Δx=  3820.88    Δy= 20310.75   λ1= 0.84167    λ2= 0.15833 
  k=  12     xm= 22037.80   ym= 9452.33   Δx=  2862.98    Δy= 20434.40   λ1= 0.87711    λ2= 0.12289 
  k=  13     xm= 22980.55   ym= 9444.65   Δx=  1920.23    Δy= 20442.08   λ1= 0.91413    λ2= 0.08587 
  k=  14     xm= 23931.34   ym= 9439.74   Δx=   969.44    Δy= 20446.99   λ1= 0.95473    λ2= 0.04527 
  k=  15     xm= 24900.78   ym= 9447.83   Δx=     0.00    Δy= 20438.90   λ1= 1.00000    λ2= 0.00000 
4) terraformation generateur par generateur 

   1R : [ 16310.15 , 29886.73 ] → #round :    6 → [ 16820 , 30680 ]    t=0  |  Tps=0.0007
   1P : [ 19057.00 , 27966.00 ] → x                                    t=1  |  Tps=0.6048
   1R : [ 19057.00 , 27966.00 ] → #round :    4 → [ 18620 , 28236 ]    t=1  |  Tps=0.6053
   1P : [ 19274.72 , 28495.76 ] → x                                    t=2  |  Tps=1.1984
   1R : [ 19274.72 , 28495.76 ] → #round :   22 → [ 17880 , 29340 ]    t=2  |  Tps=1.2001
   1P : [ 19334.06 , 28312.39 ] → x                                    t=3  |  Tps=1.7996
   1R : [ 19334.06 , 28312.39 ] → #round :    8 → [ 17880 , 29340 ]    t=3  |  Tps=1.8003
CYCLE!!!!!!!!!!!!!!!
   1C : [ 26950.00 , 30814.00 ] 
   1P : [ 20886.23 , 28223.71 ] → x                                    t=4  |  Tps=2.4368
   1R : [ 20886.23 , 28223.71 ] → #round :   17 → [ 16672 , 28554 ]    t=4  |  Tps=2.4381
   1P : [ 19421.26 , 28323.85 ] → x                                    t=5  |  Tps=2.9971
   1R : [ 19421.26 , 28323.85 ] → #round :   12 → [ 16672 , 28554 ]    t=5  |  Tps=2.9982
CYCLE!!!!!!!!!!!!!!!
   1C : [ 31734.00 , 32200.00 ] 
   1P : [ 21055.60 , 28055.20 ] → x                                    t=6  |  Tps=3.6164
   1R : [ 21055.60 , 28055.20 ] → #round :   11 → [ 18922 , 28986 ]    t=6  |  Tps=3.6173
   maxTrial 

   2R : [ 16312.21 , 27619.38 ] → #round :   14 → [ 17010 , 28328 ]    t=0  |  Tps=0.0011
   2P : [ 18257.99 , 28312.84 ] → x                                    t=1  |  Tps=0.643
   2R : [ 18257.99 , 28312.84 ] → #round :   25 → [ 16532 , 27996 ]    t=1  |  Tps=0.6449
   2P : [ 17696.00 , 28108.00 ] → x                                    t=2  |  Tps=1.2316
   2R : [ 17696.00 , 28108.00 ] → #round :    6 → [ 17632 , 28416 ]    t=2  |  Tps=1.2323
   2P : [ 17978.33 , 27859.05 ] → x                                    t=3  |  Tps=1.8008
   2R : [ 17978.33 , 27859.05 ] → #round :   15 → [ 17632 , 28416 ]    t=3  |  Tps=1.802
CYCLE!!!!!!!!!!!!!!!
   2C : [ 31580.00 , 32052.00 ] 
   2P : [ 20494.00 , 24774.00 ] → Admissible                           t=4  |  Tps=2.3754
   feasible 

   3R : [ 16314.19 , 25343.77 ] → #round :   15 → [ 16666 , 24808 ]    t=0  |  Tps=0.0012
   3P : [ 17305.86 , 24267.06 ] → x                                    t=1  |  Tps=0.6362
   3R : [ 17305.86 , 24267.06 ] → #round :   17 → [ 16716 , 25000 ]    t=1  |  Tps=0.6375
   3P : [ 17882.03 , 24960.15 ] → x                                    t=2  |  Tps=1.2739
   3R : [ 17882.03 , 24960.15 ] → #round :   13 → [ 16716 , 25000 ]    t=2  |  Tps=1.275
CYCLE!!!!!!!!!!!!!!!
   3C : [ 31264.00 , 30954.00 ] 
   3P : [ 19541.87 , 25032.64 ] → x                                    t=3  |  Tps=1.9025
   3R : [ 19541.87 , 25032.64 ] → #round :   19 → [ 16326 , 25090 ]    t=3  |  Tps=1.9052
   3P : [ 17621.50 , 24748.50 ] → x                                    t=4  |  Tps=2.4955
   3R : [ 17621.50 , 24748.50 ] → #round :   14 → [ 16326 , 25090 ]    t=4  |  Tps=2.4966
CYCLE!!!!!!!!!!!!!!!
   3C : [ 25914.00 , 29212.00 ] 
   3P : [ 18582.00 , 24954.00 ] → x                                    t=5  |  Tps=3.1023
   3R : [ 18582.00 , 24954.00 ] → #round :    9 → [ 16970 , 25104 ]    t=5  |  Tps=3.1031
   3P : [ 18529.62 , 25209.22 ] → x                                    t=6  |  Tps=3.7234
   3R : [ 18529.62 , 25209.22 ] → #round :   14 → [ 17074 , 25698 ]    t=6  |  Tps=3.7246
   maxTrial 

   4R : [ 16337.06 , 23074.78 ] → #round :   11 → [ 16928 , 22444 ]    t=0  |  Tps=0.0011
   4P : [ 17061.60 , 22808.40 ] → x                                    t=1  |  Tps=0.6109
   4R : [ 17061.60 , 22808.40 ] → #round :    5 → [ 16932 , 23196 ]    t=1  |  Tps=0.6116
   4P : [ 16985.34 , 22858.94 ] → x                                    t=2  |  Tps=1.2208
   4R : [ 16985.34 , 22858.94 ] → #round :   11 → [ 16932 , 23196 ]    t=2  |  Tps=1.2219
CYCLE!!!!!!!!!!!!!!!
   4C : [ 23172.00 , 28430.00 ] 
   4P : [ 17637.15 , 23378.24 ] → x                                    t=3  |  Tps=1.8106
   4R : [ 17637.15 , 23378.24 ] → #round :   10 → [ 16932 , 23196 ]    t=3  |  Tps=1.8115
CYCLE!!!!!!!!!!!!!!!
   4C : [ 23114.00 , 27180.00 ] 
   4P : [ 18031.00 , 23659.00 ] → x                                    t=4  |  Tps=2.413
   4R : [ 18031.00 , 23659.00 ] → #round :    4 → [ 17610 , 23538 ]    t=4  |  Tps=2.4136
   4P : [ 18138.40 , 23544.40 ] → x                                    t=5  |  Tps=3.0013
   4R : [ 18138.40 , 23544.40 ] → #round :    6 → [ 17608 , 24012 ]    t=5  |  Tps=3.002
   4P : [ 18234.00 , 23371.00 ] → x                                    t=6  |  Tps=3.6225
   4R : [ 18234.00 , 23371.00 ] → #round :    4 → [ 17338 , 23392 ]    t=6  |  Tps=3.623
   maxTrial 

   5R : [ 16649.84 , 20803.86 ] → #round :   20 → [ 16960 , 21434 ]    t=0  |  Tps=0.0016
   5P : [ 17012.66 , 21443.89 ] → x                                    t=1  |  Tps=0.6406
   5R : [ 17012.66 , 21443.89 ] → #round :    9 → [ 18940 , 21310 ]    t=1  |  Tps=0.6414
   5P : [ 17536.07 , 21391.36 ] → x                                    t=2  |  Tps=1.2698
   5R : [ 17536.07 , 21391.36 ] → #round :    7 → [ 17224 , 20472 ]    t=2  |  Tps=1.2706
   5P : [ 18962.00 , 22688.00 ] → Admissible                           t=3  |  Tps=1.8979
   feasible 

   6R : [ 17245.37 , 18524.66 ] → #round :   26 → [ 17738 , 19654 ]    t=0  |  Tps=0.0019
   6P : [ 17518.76 , 18894.66 ] → x                                    t=1  |  Tps=0.5866
   6R : [ 17518.76 , 18894.66 ] → #round :   20 → [ 18352 , 19744 ]    t=1  |  Tps=0.5882
   6P : [ 19019.23 , 19168.59 ] → x                                    t=2  |  Tps=1.185
   6R : [ 19019.23 , 19168.59 ] → #round :   22 → [ 19188 , 19772 ]    t=2  |  Tps=1.1867
   6P : [ 18620.75 , 19076.45 ] → x                                    t=3  |  Tps=1.7731
   6R : [ 18620.75 , 19076.45 ] → #round :   16 → [ 18324 , 19358 ]    t=3  |  Tps=1.7745
   6P : [ 18880.50 , 20348.50 ] → x                                    t=4  |  Tps=2.3675
   6R : [ 18880.50 , 20348.50 ] → #round :   10 → [ 17926 , 18430 ]    t=4  |  Tps=2.3684
   6P : [ 18941.41 , 19545.85 ] → x                                    t=5  |  Tps=2.9289
   6R : [ 18941.41 , 19545.85 ] → #round :   18 → [ 18258 , 19918 ]    t=5  |  Tps=2.9303
   6P : [ 18937.10 , 19571.97 ] → x                                    t=6  |  Tps=3.524
   6R : [ 18937.10 , 19571.97 ] → #round :   10 → [ 19666 , 19352 ]    t=6  |  Tps=3.5249
   maxTrial 

   7R : [ 17926.18 , 16257.34 ] → #round :   25 → [ 18296 , 16484 ]    t=0  |  Tps=0.002
   7P : [ 18395.54 , 16791.80 ] → x                                    t=1  |  Tps=0.5789
   7R : [ 18395.54 , 16791.80 ] → #round :   26 → [ 18054 , 16712 ]    t=1  |  Tps=0.5808
   7P : [ 18332.68 , 17151.29 ] → x                                    t=2  |  Tps=1.1685
   7R : [ 18332.68 , 17151.29 ] → #round :   21 → [ 18088 , 16872 ]    t=2  |  Tps=1.17
   7P : [ 18088.60 , 17187.27 ] → x                                    t=3  |  Tps=1.771
   7R : [ 18088.60 , 17187.27 ] → #round :   17 → [ 18618 , 17836 ]    t=3  |  Tps=1.7723
   7P : [ 17754.00 , 17978.00 ] → x                                    t=4  |  Tps=2.3778
   7R : [ 17754.00 , 17978.00 ] → #round :   10 → [ 18324 , 18070 ]    t=4  |  Tps=2.3788
   7P : [ 17742.15 , 18067.21 ] → x                                    t=5  |  Tps=2.9586
   7R : [ 17742.15 , 18067.21 ] → #round :   11 → [ 18186 , 17900 ]    t=5  |  Tps=2.9596
   7P : [ 17980.45 , 17247.50 ] → x                                    t=6  |  Tps=3.5661
   7R : [ 17980.45 , 17247.50 ] → #round :   20 → [ 18652 , 17808 ]    t=6  |  Tps=3.5676
   maxTrial 

   8R : [ 18693.85 , 13986.68 ] → #round :   26 → [ 19358 , 16250 ]    t=0  |  Tps=0.0019
   8P : [ 18303.36 , 16613.71 ] → x                                    t=1  |  Tps=0.5742
   8R : [ 18303.36 , 16613.71 ] → #round :   18 → [ 19884 , 16466 ]    t=1  |  Tps=0.5756
   8P : [ 18654.00 , 16999.00 ] → x                                    t=2  |  Tps=1.161
   8R : [ 18654.00 , 16999.00 ] → #round :    9 → [ 19846 , 16420 ]    t=2  |  Tps=1.1618
   8P : [ 18654.00 , 16999.00 ] → x                                    t=3  |  Tps=1.782
   8R : [ 18654.00 , 16999.00 ] → #round :    9 → [ 19846 , 16420 ]    t=3  |  Tps=1.7828
CYCLE!!!!!!!!!!!!!!!
   8C : [ 17240.00 , 16076.00 ] 
   8P : [ 18654.00 , 16999.00 ] → x                                    t=4  |  Tps=2.3501
   8R : [ 18654.00 , 16999.00 ] → #round :    9 → [ 19846 , 16420 ]    t=4  |  Tps=2.3509
CYCLE!!!!!!!!!!!!!!!
   8C : [ 20106.00 , 17968.00 ] 
   8P : [ 18036.99 , 17476.61 ] → x                                    t=5  |  Tps=2.9646
   8R : [ 18036.99 , 17476.61 ] → #round :   21 → [ 19650 , 17948 ]    t=5  |  Tps=2.9661
   8P : [ 17989.24 , 17199.74 ] → x                                    t=6  |  Tps=3.5552
   8R : [ 17989.24 , 17199.74 ] → #round :   18 → [ 19650 , 17948 ]    t=6  |  Tps=3.5577
CYCLE!!!!!!!!!!!!!!!
   8C : [ 24202.00 , 23772.00 ] 
   maxTrial 

   9R : [ 19164.78 , 12671.33 ] → #round :   27 → [ 19526 , 13612 ]    t=0  |  Tps=0.0038
   9P : [ 18554.32 , 15887.97 ] → x                                    t=1  |  Tps=0.5743
   9R : [ 18554.32 , 15887.97 ] → #round :    8 → [ 21056 , 14754 ]    t=1  |  Tps=0.5751
   9P : [ 19531.60 , 14728.80 ] → x                                    t=2  |  Tps=1.1516
   9R : [ 19531.60 , 14728.80 ] → #round :    9 → [ 19846 , 13472 ]    t=2  |  Tps=1.1525
   9P : [ 19642.71 , 14905.19 ] → x                                    t=3  |  Tps=1.7708
   9R : [ 19642.71 , 14905.19 ] → #round :    7 → [ 19846 , 13472 ]    t=3  |  Tps=1.7715
CYCLE!!!!!!!!!!!!!!!
   9C : [ 24150.00 , 16352.00 ] 
   9P : [ 19749.50 , 14205.00 ] → x                                    t=4  |  Tps=2.369
   9R : [ 19749.50 , 14205.00 ] → #round :    7 → [ 19794 , 12026 ]    t=4  |  Tps=2.3698
   9P : [ 19632.99 , 15069.25 ] → x                                    t=5  |  Tps=2.9627
   9R : [ 19632.99 , 15069.25 ] → #round :    7 → [ 19444 , 11978 ]    t=5  |  Tps=2.9635
   9P : [ 19738.00 , 12476.00 ] → Admissible                           t=6  |  Tps=3.5273
   feasible 

  10R : [ 20117.19 , 10278.54 ] → #round :   24 → [ 22156 , 12144 ]    t=0  |  Tps=0.0019
  10P : [ 19100.01 , 15161.35 ] → x                                    t=1  |  Tps=0.5872
  10R : [ 19100.01 , 15161.35 ] → #round :    8 → [ 19802 , 12888 ]    t=1  |  Tps=0.5882
  10P : [ 19856.00 , 14168.00 ] → Admissible                           t=2  |  Tps=1.1854
   feasible 

  11R : [ 21079.90 ,  9575.98 ] → #round :   24 → [ 22450 , 11240 ]    t=0  |  Tps=0.0017
  11P : [ 19375.00 , 14074.00 ] → x                                    t=1  |  Tps=0.6249
  11R : [ 19375.00 , 14074.00 ] → #round :   12 → [ 21482 ,  9644 ]    t=1  |  Tps=0.6259
  11P : [ 19702.00 , 23248.00 ] → Admissible                           t=2  |  Tps=1.2199
   feasible 

  12R : [ 22037.80 ,  9452.33 ] → #round :   22 → [ 24574 , 10806 ]    t=0  |  Tps=0.0016
  12P : [ 22109.48 , 13200.75 ] → x                                    t=1  |  Tps=0.6203
  12R : [ 22109.48 , 13200.75 ] → #round :    8 → [ 22082 , 11526 ]    t=1  |  Tps=0.6212
  12P : [ 21988.42 , 12806.31 ] → x                                    t=2  |  Tps=1.275
  12R : [ 21988.42 , 12806.31 ] → #round :   11 → [ 21110 , 11616 ]    t=2  |  Tps=1.276
  12P : [ 22349.50 , 12768.75 ] → x                                    t=3  |  Tps=1.888
  12R : [ 22349.50 , 12768.75 ] → #round :    6 → [ 21110 , 11616 ]    t=3  |  Tps=1.8886
CYCLE!!!!!!!!!!!!!!!
  12C : [ 24148.00 , 15702.00 ] 
  12P : [ 22350.50 , 13302.00 ] → x                                    t=4  |  Tps=2.4755
  12R : [ 22350.50 , 13302.00 ] → #round :    5 → [ 21110 , 11616 ]    t=4  |  Tps=2.4761
CYCLE!!!!!!!!!!!!!!!
  12C : [ 22880.00 , 17202.00 ] 
  12P : [ 21493.00 , 17002.00 ] → x                                    t=5  |  Tps=3.0966
  12R : [ 21493.00 , 17002.00 ] → #round :    3 → [ 19430 , 13680 ]    t=5  |  Tps=3.0971
  12P : [ 21589.00 , 15657.00 ] → x                                    t=6  |  Tps=3.6899
  12R : [ 21589.00 , 15657.00 ] → #round :    3 → [ 21332 , 14856 ]    t=6  |  Tps=3.6904
   maxTrial 

  13R : [ 22980.55 ,  9444.65 ] → #round :   24 → [ 24574 , 10806 ]    t=0  |  Tps=0.0018
  13P : [ 22109.48 , 13200.75 ] → x                                    t=1  |  Tps=0.5895
  13R : [ 22109.48 , 13200.75 ] → #round :    8 → [ 21528 , 11666 ]    t=1  |  Tps=0.5902
  13P : [ 22472.00 , 13168.50 ] → x                                    t=2  |  Tps=1.2075
  13R : [ 22472.00 , 13168.50 ] → #round :    5 → [ 21528 , 11666 ]    t=2  |  Tps=1.2081
CYCLE!!!!!!!!!!!!!!!
  13C : [ 24118.00 , 16130.00 ] 
  13P : [ 22350.50 , 13302.00 ] → x                                    t=3  |  Tps=1.8361
  13R : [ 22350.50 , 13302.00 ] → #round :    5 → [ 21528 , 11666 ]    t=3  |  Tps=1.8367
CYCLE!!!!!!!!!!!!!!!
  13C : [ 24006.00 , 17028.00 ] 
  13P : [ 22350.50 , 13302.00 ] → x                                    t=4  |  Tps=2.4401
  13R : [ 22350.50 , 13302.00 ] → #round :    5 → [ 21528 , 11666 ]    t=4  |  Tps=2.4407
CYCLE!!!!!!!!!!!!!!!
  13C : [ 22500.00 , 14420.00 ] 
  13P : [ 22349.50 , 12768.75 ] → x                                    t=5  |  Tps=3.0237
  13R : [ 22349.50 , 12768.75 ] → #round :    6 → [ 21110 , 11616 ]    t=5  |  Tps=3.0243
  13P : [ 22349.50 , 12768.75 ] → x                                    t=6  |  Tps=3.6467
  13R : [ 22349.50 , 12768.75 ] → #round :    6 → [ 21110 , 11616 ]    t=6  |  Tps=3.6473
CYCLE!!!!!!!!!!!!!!!
  13C : [ 25110.00 , 14238.00 ] 
   maxTrial 

  14R : [ 23931.34 ,  9439.74 ] → #round :   25 → [ 29914 , 11194 ]    t=0  |  Tps=0.0018
  14P : [ 35999.61 , 18833.83 ] → x                                    t=1  |  Tps=0.5582
  14R : [ 35999.61 , 18833.83 ] → #round :   14 → [ 26330 , 12418 ]    t=1  |  Tps=0.5593
  14P : [ 38584.00 , 24380.00 ] → Admissible                           t=2  |  Tps=1.1617
   feasible 

  15R : [ 24900.78 ,  9447.83 ] → #round :   24 → [ 25232 , 10298 ]    t=0  |  Tps=0.0018
  15P : [ 20101.00 , 16668.00 ] → x                                    t=1  |  Tps=0.5623
  15R : [ 20101.00 , 16668.00 ] → #round :   11 → [ 23326 , 12584 ]    t=1  |  Tps=0.5638
  15P : [ 20101.00 , 17746.00 ] → x                                    t=2  |  Tps=1.1754
  15R : [ 20101.00 , 17746.00 ] → #round :   11 → [ 23326 , 12584 ]    t=2  |  Tps=1.1765
CYCLE!!!!!!!!!!!!!!!
  15C : [ 21616.00 , 18470.00 ] 
  15P : [ 20500.40 , 19505.60 ] → x                                    t=3  |  Tps=1.7631
  15R : [ 20500.40 , 19505.60 ] → #round :   10 → [ 18636 , 12570 ]    t=3  |  Tps=1.764
  15P : [ 21236.00 , 17084.00 ] → Admissible                           t=4  |  Tps=2.3975
   feasible 


5) Extraction des resultats

  Nombre de cycle : 18
   1  : [ 18922.00 , 28986.00 ] → x          
   2  : [ 20494.00 , 24774.00 ] → Admissible 
   3  : [ 17074.00 , 25698.00 ] → x          
   4  : [ 17338.00 , 23392.00 ] → x          
   5  : [ 18962.00 , 22688.00 ] → Admissible 
   6  : [ 19666.00 , 19352.00 ] → x          
   7  : [ 18652.00 , 17808.00 ] → x          
   8  : [ 24202.00 , 23772.00 ] → x          
   9  : [ 19738.00 , 12476.00 ] → Admissible 
  10  : [ 19856.00 , 14168.00 ] → Admissible 
  11  : [ 19702.00 , 23248.00 ] → Admissible 
  12  : [ 21332.00 , 14856.00 ] → x          
  13  : [ 25110.00 , 14238.00 ] → x          
  14  : [ 38584.00 , 24380.00 ] → Admissible 
  15  : [ 21236.00 , 17084.00 ] → Admissible 

6) Edition des resultats 

#U = 2
X_EBP = [18962, 19738]
Y_EBP = [22688, 12476]
XN = [16862, 16876, 16958, 17054, 17270, 17278, 17334, 17618, 17726, 17974, 17982, 18264, 18310, 19298, 19378, 19440, 19534, 19538, 19734, 19738, 20058, 20262, 20272, 21282, 22112, 22352]
YN = [27914, 22396, 21008, 20262, 20196, 19754, 19578, 19280, 19272, 19188, 19078, 18994, 17686, 16922, 15592, 14748, 14586, 13034, 12558, 12200, 12020, 11894, 11352, 11266, 11220, 11070]
Quality measure: 62.82 %
 54.600287 seconds (288.71 M allocations: 27.802 GiB, 4.22% gc time)
