0) instance et parametres 

  instance = sppnw07.txt | tailleSampling = 10 | maxTrial = 5 | maxTime = 9223372036854775807


1) calcule les etendues de valeurs sur les 2 objectifs

  f1_min= 5476.00 ↔ f1_max=11297.41 (Δ=5821.41) 
  f2_min= 3770.44 ↔ f2_max=13742.00 (Δ=9971.56) 

2) calcule les generateurs par e-contrainte alternant minimiser z1 et z2

  z1  1 : ϵ = 13742.00  fRL =  5476.00  [  5476.00 , 13742.00 ] 
  z2  1 : ϵ = 11297.41  fRL =  3770.44  [ 11294.73 ,  3769.26 ] 
  z1  2 : ϵ = 12634.05  fRL =  5574.23  [  5577.97 , 12637.55 ] 
  z2  2 : ϵ = 10650.59  fRL =  3829.56  [ 10647.11 ,  3827.28 ] 
  z1  3 : ϵ = 11526.10  fRL =  5672.45  [  5672.37 , 11527.05 ] 
  z2  3 : ϵ = 10003.76  fRL =  4082.64  [ 10013.66 ,  4085.63 ] 
  z1  4 : ϵ = 10418.15  fRL =  5770.68  [  5774.34 , 10422.61 ] 
  z2  4 : ϵ =  9356.94  fRL =  4408.11  [  9363.34 ,  4409.87 ] 
  z1  5 : ϵ =  9310.20  fRL =  5883.66  [  5883.66 ,  9310.18 ] 
  z2  5 : ϵ =  8710.12  fRL =  4825.05  [  8712.93 ,  4826.31 ] 
  z1  6 : ϵ =  8202.24  fRL =  6147.48  [  6147.52 ,  8202.12 ] 
  z2  6 : ϵ =  8063.29  fRL =  5344.03  [  8067.51 ,  5342.96 ] 
  z1  7 : ϵ =  7094.29  fRL =  6615.37  [  6615.57 ,  7093.98 ] 
  z2  7 : ϵ =  7416.47  fRL =  5975.92  [  7421.81 ,  5980.74 ] 
  z1  8 : ϵ =  5986.34  fRL =  7407.15  [  7406.96 ,  5986.79 ] 
  z2  8 : ϵ =  6769.65  fRL =  6856.79  [  6767.89 ,  6854.96 ] 

  → Allocation memoire pour 15 generateurs

3) place L dans structure et verifie l'admissibilite de chaque generateur

   1  : [  5476.00 , 13742.00 ] → Admissible 
   2  : [  5577.97 , 12637.55 ] → x          
   3  : [  5672.37 , 11527.05 ] → x          
   4  : [  5774.34 , 10422.61 ] → x          
   5  : [  5883.66 ,  9310.18 ] → x          
   6  : [  6147.52 ,  8202.12 ] → x          
   7  : [  6615.57 ,  7093.98 ] → x          
   8  : [  7406.96 ,  5986.79 ] → x          
   9  : [  7421.81 ,  5980.74 ] → x          
  10  : [  8067.51 ,  5342.96 ] → x          
  11  : [  8712.93 ,  4826.31 ] → x          
  12  : [  9363.34 ,  4409.87 ] → x          
  13  : [ 10013.66 ,  4085.63 ] → x          
  14  : [ 10647.11 ,  3827.28 ] → x          
  15  : [ 11294.73 ,  3769.26 ] → x          

  k=   1     xm= 5476.00   ym= 13742.00   Δx=  5818.73    Δy=     0.00   λ1= 0.00000    λ2= 1.00000 
  k=   2     xm= 5577.97   ym= 12637.55   Δx=  5716.76    Δy=  1104.45   λ1= 0.16191    λ2= 0.83809 
  k=   3     xm= 5672.37   ym= 11527.05   Δx=  5622.36    Δy=  2214.95   λ1= 0.28262    λ2= 0.71738 
  k=   4     xm= 5774.34   ym= 10422.61   Δx=  5520.39    Δy=  3319.39   λ1= 0.37551    λ2= 0.62449 
  k=   5     xm= 5883.66   ym= 9310.18   Δx=  5411.07    Δy=  4431.82   λ1= 0.45026    λ2= 0.54974 
  k=   6     xm= 6147.52   ym= 8202.12   Δx=  5147.21    Δy=  5539.88   λ1= 0.51837    λ2= 0.48163 
  k=   7     xm= 6615.57   ym= 7093.98   Δx=  4679.16    Δy=  6648.02   λ1= 0.58691    λ2= 0.41309 
  k=   8     xm= 7406.96   ym= 5986.79   Δx=  3887.77    Δy=  7755.21   λ1= 0.66608    λ2= 0.33392 
  k=   9     xm= 7421.81   ym= 5980.74   Δx=  3872.92    Δy=  7761.26   λ1= 0.66711    λ2= 0.33289 
  k=  10     xm= 8067.51   ym= 5342.96   Δx=  3227.22    Δy=  8399.04   λ1= 0.72242    λ2= 0.27758 
  k=  11     xm= 8712.93   ym= 4826.31   Δx=  2581.80    Δy=  8915.69   λ1= 0.77545    λ2= 0.22455 
  k=  12     xm= 9363.34   ym= 4409.87   Δx=  1931.39    Δy=  9332.13   λ1= 0.82853    λ2= 0.17147 
  k=  13     xm= 10013.66   ym= 4085.63   Δx=  1281.07    Δy=  9656.37   λ1= 0.88287    λ2= 0.11713 
  k=  14     xm= 10647.11   ym= 3827.28   Δx=   647.62    Δy=  9914.72   λ1= 0.93869    λ2= 0.06131 
  k=  15     xm= 11294.73   ym= 3769.26   Δx=     0.00    Δy=  9972.74   λ1= 1.00000    λ2= 0.00000 
4) terraformation generateur par generateur 

   2R : [  5577.97 , 12637.55 ] → #round :   11 → [  7458 , 14810 ]    t=0  |  Tps=0.0001
   2P : [  5476.00 , 13742.00 ] → Admissible                           t=1  |  Tps=0.0245
   feasible 

   3R : [  5672.37 , 11527.05 ] → #round :   11 → [  5996 , 11512 ]    t=0  |  Tps=0.0001
   3P : [  6452.00 , 11114.00 ] → x                                    t=1  |  Tps=0.0248
   3R : [  6452.00 , 11114.00 ] → #round :    7 → [  5826 , 11412 ]    t=1  |  Tps=0.0249
   3P : [  6724.06 , 11404.88 ] → x                                    t=2  |  Tps=0.0479
   3R : [  6724.06 , 11404.88 ] → #round :    5 → [  5826 , 11412 ]    t=2  |  Tps=0.048
CYCLE!!!!!!!!!!!!!!!
   3C : [  7686.00 , 13200.00 ] 
   3P : [  6724.06 , 11404.88 ] → x                                    t=3  |  Tps=0.0703
   3R : [  6724.06 , 11404.88 ] → #round :    5 → [  5826 , 11412 ]    t=3  |  Tps=0.0704
CYCLE!!!!!!!!!!!!!!!
   3C : [  7884.00 , 13758.00 ] 
   3P : [  6724.06 , 11404.88 ] → x                                    t=4  |  Tps=0.0947
   3R : [  6724.06 , 11404.88 ] → #round :    5 → [  5826 , 11412 ]    t=4  |  Tps=0.0948
CYCLE!!!!!!!!!!!!!!!
   3C : [  7686.00 , 13200.00 ] 
   3P : [  6724.06 , 11404.88 ] → x                                    t=5  |  Tps=0.1181
   3R : [  6724.06 , 11404.88 ] → #round :    5 → [  5826 , 11412 ]    t=5  |  Tps=0.1181
CYCLE!!!!!!!!!!!!!!!
   3C : [  7420.00 , 13192.00 ] 
   3P : [  8114.00 , 11412.00 ] → Admissible                           t=6  |  Tps=0.1423
   feasible 

   4R : [  5774.34 , 10422.61 ] → #round :   11 → [  6332 ,  9594 ]    t=0  |  Tps=0.0001
   4P : [  7539.38 ,  8957.70 ] → x                                    t=1  |  Tps=0.0234
   4R : [  7539.38 ,  8957.70 ] → #round :    6 → [  8274 , 11138 ]    t=1  |  Tps=0.0235
   4P : [  6274.00 , 11526.00 ] → Admissible                           t=2  |  Tps=0.0463
   feasible 

   5R : [  5883.66 ,  9310.18 ] → #round :   10 → [  5966 ,  9252 ]    t=0  |  Tps=0.0001
   5P : [  7230.00 ,  7216.00 ] → x                                    t=1  |  Tps=0.0229
   5R : [  7230.00 ,  7216.00 ] → #round :    8 → [  5952 ,  9440 ]    t=1  |  Tps=0.0229
   5P : [  7182.00 ,  8700.00 ] → x                                    t=2  |  Tps=0.0475
   5R : [  7182.00 ,  8700.00 ] → #round :    7 → [  8802 , 10210 ]    t=2  |  Tps=0.0475
   5P : [  7035.25 , 11588.48 ] → x                                    t=3  |  Tps=0.0715
   5R : [  7035.25 , 11588.48 ] → #round :   11 → [  7426 , 10836 ]    t=3  |  Tps=0.0716
   5P : [  6910.00 , 10574.00 ] → Admissible                           t=4  |  Tps=0.0951
   feasible 

   6R : [  6147.52 ,  8202.12 ] → #round :   12 → [  7168 ,  9920 ]    t=0  |  Tps=0.0001
   6P : [  7204.00 ,  9560.00 ] → Admissible                           t=1  |  Tps=0.0545
   feasible 

   7R : [  6615.57 ,  7093.98 ] → #round :   17 → [  9650 ,  9144 ]    t=0  |  Tps=0.0001
   7P : [  6548.00 ,  7198.00 ] → x                                    t=1  |  Tps=0.022
   7R : [  6548.00 ,  7198.00 ] → #round :    7 → [  7050 ,  6800 ]    t=1  |  Tps=0.022
   7P : [  7204.00 ,  9560.00 ] → Admissible                           t=2  |  Tps=0.0448
   feasible 

   8R : [  7406.96 ,  5986.79 ] → #round :   19 → [  9488 ,  6204 ]    t=0  |  Tps=0.0001
   8P : [  7608.17 ,  6288.61 ] → x                                    t=1  |  Tps=0.0239
   8R : [  7608.17 ,  6288.61 ] → #round :   13 → [  7476 ,  8420 ]    t=1  |  Tps=0.024
   8P : [  6753.00 ,  7688.00 ] → x                                    t=2  |  Tps=0.049
   8R : [  6753.00 ,  7688.00 ] → #round :    8 → [  8552 ,  7366 ]    t=2  |  Tps=0.049
   8P : [  6753.00 ,  7688.00 ] → x                                    t=3  |  Tps=0.0712
   8R : [  6753.00 ,  7688.00 ] → #round :    8 → [  8552 ,  7366 ]    t=3  |  Tps=0.0713
CYCLE!!!!!!!!!!!!!!!
   8C : [  7180.00 ,  7782.00 ] 
   8P : [  8098.00 ,  9142.00 ] → Admissible                           t=4  |  Tps=0.0941
   feasible 

   9R : [  7421.81 ,  5980.74 ] → #round :   19 → [  8632 ,  7050 ]    t=0  |  Tps=0.0001
   9P : [  6548.00 ,  7198.00 ] → x                                    t=1  |  Tps=0.0226
   9R : [  6548.00 ,  7198.00 ] → #round :    7 → [  7050 ,  6800 ]    t=1  |  Tps=0.0227
   9P : [  7204.00 ,  9560.00 ] → Admissible                           t=2  |  Tps=0.0475
   feasible 

  10R : [  8067.51 ,  5342.96 ] → #round :   22 → [  7980 ,  5608 ]    t=0  |  Tps=0.0002
  10P : [  7160.00 ,  9528.00 ] → Admissible                           t=1  |  Tps=0.0227
   feasible 

  11R : [  8712.93 ,  4826.31 ] → #round :   22 → [ 10110 ,  5618 ]    t=0  |  Tps=0.0001
  11P : [  8537.00 ,  6456.00 ] → x                                    t=1  |  Tps=0.024
  11R : [  8537.00 ,  6456.00 ] → #round :    7 → [  9858 ,  6964 ]    t=1  |  Tps=0.0241
  11P : [  8537.00 ,  6456.00 ] → x                                    t=2  |  Tps=0.0474
  11R : [  8537.00 ,  6456.00 ] → #round :    7 → [  9858 ,  6964 ]    t=2  |  Tps=0.0475
CYCLE!!!!!!!!!!!!!!!
  11C : [  9730.00 ,  7682.00 ] 
  11P : [  8537.00 ,  6456.00 ] → x                                    t=3  |  Tps=0.0706
  11R : [  8537.00 ,  6456.00 ] → #round :    7 → [  9858 ,  6964 ]    t=3  |  Tps=0.0707
CYCLE!!!!!!!!!!!!!!!
  11C : [  9730.00 ,  7682.00 ] 
  11P : [  8537.00 ,  6456.00 ] → x                                    t=4  |  Tps=0.0938
  11R : [  8537.00 ,  6456.00 ] → #round :    7 → [  9858 ,  6964 ]    t=4  |  Tps=0.0938
CYCLE!!!!!!!!!!!!!!!
  11C : [  9618.00 ,  5368.00 ] 
  11P : [  9426.00 ,  9338.00 ] → Admissible                           t=5  |  Tps=0.1203
   feasible 

  12R : [  9363.34 ,  4409.87 ] → #round :   20 → [  9936 ,  4994 ]    t=0  |  Tps=0.0001
  12P : [  7482.00 ,  8318.00 ] → x                                    t=1  |  Tps=0.0231
  12R : [  7482.00 ,  8318.00 ] → #round :    6 → [  7208 ,  6066 ]    t=1  |  Tps=0.0232
  12P : [  8280.00 ,  8478.00 ] → Admissible                           t=2  |  Tps=0.0467
   feasible 

  13R : [ 10013.66 ,  4085.63 ] → #round :   23 → [ 10414 ,  4748 ]    t=0  |  Tps=0.0001
  13P : [  9122.00 ,  7036.00 ] → Admissible                           t=1  |  Tps=0.0231
   feasible 

  14R : [ 10647.11 ,  3827.28 ] → #round :   21 → [ 10920 ,  4032 ]    t=0  |  Tps=0.0001
  14P : [  9164.00 ,  7096.00 ] → Admissible                           t=1  |  Tps=0.023
   feasible 

  15R : [ 11294.73 ,  3769.26 ] → #round :   21 → [ 10780 ,  4214 ]    t=0  |  Tps=0.0001
  15P : [  7904.00 ,  7289.00 ] → x                                    t=1  |  Tps=0.0234
  15R : [  7904.00 ,  7289.00 ] → #round :    6 → [  8878 ,  6446 ]    t=1  |  Tps=0.0235
  15P : [  8092.00 ,  8506.00 ] → Admissible                           t=2  |  Tps=0.0475
   feasible 


5) Extraction des resultats

  Nombre de cycle : 8
   1  : [  5476.00 , 13742.00 ] → Admissible 
   2  : [  5476.00 , 13742.00 ] → Admissible 
   3  : [  8114.00 , 11412.00 ] → Admissible 
   4  : [  6274.00 , 11526.00 ] → Admissible 
   5  : [  6910.00 , 10574.00 ] → Admissible 
   6  : [  7204.00 ,  9560.00 ] → Admissible 
   7  : [  7204.00 ,  9560.00 ] → Admissible 
   8  : [  8098.00 ,  9142.00 ] → Admissible 
   9  : [  7204.00 ,  9560.00 ] → Admissible 
  10  : [  7160.00 ,  9528.00 ] → Admissible 
  11  : [  9426.00 ,  9338.00 ] → Admissible 
  12  : [  8280.00 ,  8478.00 ] → Admissible 
  13  : [  9122.00 ,  7036.00 ] → Admissible 
  14  : [  9164.00 ,  7096.00 ] → Admissible 
  15  : [  8092.00 ,  8506.00 ] → Admissible 

6) Edition des resultats 

#U = 7
X_EBP = [5476, 6274, 6910, 7160, 8092, 8280, 9122]
Y_EBP = [13742, 11526, 10574, 9528, 8506, 8478, 7036]
XN = [5476, 5726, 5894, 5976, 5978, 6060, 6250, 6812, 7120, 7656, 7794, 8098, 8346, 8398, 8674, 9044, 9116, 10570, 13452, 14086]
YN = [13742, 12696, 12526, 12064, 11428, 10270, 9984, 9766, 8700, 8072, 7584, 7190, 7130, 6798, 6716, 6614, 5834, 5448, 5342, 5094]
Quality measure: 77.91 %
  1.499566 seconds (10.11 M allocations: 1012.061 MiB, 3.84% gc time)
