0) instance et parametres 

  instance = sppnw04.txt | tailleSampling = 10 | maxTrial = 5 | maxTime = 9223372036854775807


1) calcule les etendues de valeurs sur les 2 objectifs

  f1_min=16310.67 ↔ f1_max=24887.45 (Δ=8576.78) 
  f2_min= 9443.27 ↔ f2_max=29889.33 (Δ=20446.06) 

2) calcule les generateurs par e-contrainte alternant minimiser z1 et z2

  z1  1 : ϵ = 29889.33  fRL = 16310.67  [ 16310.15 , 29886.73 ] 
  z2  1 : ϵ = 24887.45  fRL =  9443.27  [ 24900.78 ,  9447.83 ] 
  z1  2 : ϵ = 27617.55  fRL = 16311.82  [ 16312.21 , 27619.38 ] 
  z2  2 : ϵ = 23934.47  fRL =  9443.29  [ 23931.34 ,  9439.74 ] 
  z1  3 : ϵ = 25345.76  fRL = 16316.37  [ 16314.19 , 25343.77 ] 
  z2  3 : ϵ = 22981.50  fRL =  9444.64  [ 22980.55 ,  9444.65 ] 
  z1  4 : ϵ = 23073.98  fRL = 16337.92  [ 16337.06 , 23074.78 ] 
  z2  4 : ϵ = 22028.52  fRL =  9447.69  [ 22037.80 ,  9452.33 ] 
  z1  5 : ϵ = 20802.19  fRL = 16651.61  [ 16649.84 , 20803.86 ] 
  z2  5 : ϵ = 21075.55  fRL =  9574.76  [ 21079.90 ,  9575.98 ] 
  z1  6 : ϵ = 18530.41  fRL = 17248.05  [ 17245.37 , 18524.66 ] 
  z2  6 : ϵ = 20122.57  fRL = 10282.85  [ 20117.19 , 10278.54 ] 
  z1  7 : ϵ = 16258.62  fRL = 17927.12  [ 17926.18 , 16257.34 ] 
  z2  7 : ϵ = 19169.60  fRL = 12671.94  [ 19164.78 , 12671.33 ] 
  z1  8 : ϵ = 13986.84  fRL = 18695.37  [ 18693.85 , 13986.68 ] 
  z2  8 : ϵ = 18216.62  fRL = 15367.74  [ 18222.45 , 15373.43 ] 

  → Allocation memoire pour 15 generateurs

3) place L dans structure et verifie l'admissibilite de chaque generateur

   1  : [ 16310.15 , 29886.73 ] → x          
   2  : [ 16312.21 , 27619.38 ] → x          
   3  : [ 16314.19 , 25343.77 ] → x          
   4  : [ 16337.06 , 23074.78 ] → x          
   5  : [ 16649.84 , 20803.86 ] → x          
   6  : [ 17245.37 , 18524.66 ] → x          
   7  : [ 17926.18 , 16257.34 ] → x          
   8  : [ 18693.85 , 13986.68 ] → x          
   9  : [ 19164.78 , 12671.33 ] → x          
  10  : [ 20117.19 , 10278.54 ] → x          
  11  : [ 21079.90 ,  9575.98 ] → x          
  12  : [ 22037.80 ,  9452.33 ] → x          
  13  : [ 22980.55 ,  9444.65 ] → x          
  14  : [ 23931.34 ,  9439.74 ] → x          
  15  : [ 24900.78 ,  9447.83 ] → x          

  k=   1     xm= 16310.15   ym= 29886.73   Δx=  8590.63    Δy=     0.00   λ1= 0.00000    λ2= 1.00000 
  k=   2     xm= 16312.21   ym= 27619.38   Δx=  8588.57    Δy=  2267.35   λ1= 0.20886    λ2= 0.79114 
  k=   3     xm= 16314.19   ym= 25343.77   Δx=  8586.59    Δy=  4542.96   λ1= 0.34601    λ2= 0.65399 
  k=   4     xm= 16337.06   ym= 23074.78   Δx=  8563.72    Δy=  6811.95   λ1= 0.44303    λ2= 0.55697 
  k=   5     xm= 16649.84   ym= 20803.86   Δx=  8250.94    Δy=  9082.87   λ1= 0.52400    λ2= 0.47600 
  k=   6     xm= 17245.37   ym= 18524.66   Δx=  7655.41    Δy= 11362.07   λ1= 0.59745    λ2= 0.40255 
  k=   7     xm= 17926.18   ym= 16257.34   Δx=  6974.60    Δy= 13629.39   λ1= 0.66149    λ2= 0.33851 
  k=   8     xm= 18693.85   ym= 13986.68   Δx=  6206.93    Δy= 15900.05   λ1= 0.71923    λ2= 0.28077 
  k=   9     xm= 19164.78   ym= 12671.33   Δx=  5736.00    Δy= 17215.40   λ1= 0.75008    λ2= 0.24992 
  k=  10     xm= 20117.19   ym= 10278.54   Δx=  4783.59    Δy= 19608.19   λ1= 0.80389    λ2= 0.19611 
  k=  11     xm= 21079.90   ym= 9575.98   Δx=  3820.88    Δy= 20310.75   λ1= 0.84167    λ2= 0.15833 
  k=  12     xm= 22037.80   ym= 9452.33   Δx=  2862.98    Δy= 20434.40   λ1= 0.87711    λ2= 0.12289 
  k=  13     xm= 22980.55   ym= 9444.65   Δx=  1920.23    Δy= 20442.08   λ1= 0.91413    λ2= 0.08587 
  k=  14     xm= 23931.34   ym= 9439.74   Δx=   969.44    Δy= 20446.99   λ1= 0.95473    λ2= 0.04527 
  k=  15     xm= 24900.78   ym= 9447.83   Δx=     0.00    Δy= 20438.90   λ1= 1.00000    λ2= 0.00000 
4) terraformation generateur par generateur 

   1R : [ 16310.15 , 29886.73 ] → #round :    6 → [ 16820 , 30680 ]    t=0  |  Tps=0.0006
   1P : [ 19057.00 , 27966.00 ] → x                                    t=1  |  Tps=0.6035
   1R : [ 19057.00 , 27966.00 ] → #round :    4 → [ 18620 , 28236 ]    t=1  |  Tps=0.604
   1P : [ 19274.72 , 28495.76 ] → x                                    t=2  |  Tps=1.1911
   1R : [ 19274.72 , 28495.76 ] → #round :   22 → [ 17880 , 29340 ]    t=2  |  Tps=1.1927
   1P : [ 19334.06 , 28312.39 ] → x                                    t=3  |  Tps=1.7968
   1R : [ 19334.06 , 28312.39 ] → #round :    8 → [ 17880 , 29340 ]    t=3  |  Tps=1.7976
CYCLE!!!!!!!!!!!!!!!
   1C : [ 26916.00 , 29066.00 ] 
   1P : [ 19276.00 , 26920.40 ] → x                                    t=4  |  Tps=2.6202
   1R : [ 19276.00 , 26920.40 ] → #round :    8 → [ 17942 , 27284 ]    t=4  |  Tps=2.621
   1P : [ 18830.00 , 26389.00 ] → x                                    t=5  |  Tps=3.3444
   1R : [ 18830.00 , 26389.00 ] → #round :    4 → [ 17942 , 27284 ]    t=5  |  Tps=3.3449
CYCLE!!!!!!!!!!!!!!!
   1C : [ 18916.00 , 26286.00 ] 
   1P : [ 19034.00 , 26294.00 ] → Admissible                           t=6  |  Tps=3.9647
   feasible 

   2R : [ 16312.21 , 27619.38 ] → #round :   14 → [ 17010 , 28328 ]    t=0  |  Tps=0.0012
   2P : [ 18257.99 , 28312.84 ] → x                                    t=1  |  Tps=0.6545
   2R : [ 18257.99 , 28312.84 ] → #round :   25 → [ 16532 , 27996 ]    t=1  |  Tps=0.6562
   2P : [ 17696.00 , 28108.00 ] → x                                    t=2  |  Tps=1.2383
   2R : [ 17696.00 , 28108.00 ] → #round :    6 → [ 17632 , 28416 ]    t=2  |  Tps=1.239
   2P : [ 17978.33 , 27859.05 ] → x                                    t=3  |  Tps=1.8217
   2R : [ 17978.33 , 27859.05 ] → #round :   15 → [ 17632 , 28416 ]    t=3  |  Tps=1.8231
CYCLE!!!!!!!!!!!!!!!
   2C : [ 28160.00 , 35942.00 ] 
   2P : [ 18144.00 , 28254.60 ] → x                                    t=4  |  Tps=2.5127
   2R : [ 18144.00 , 28254.60 ] → #round :    7 → [ 17632 , 28416 ]    t=4  |  Tps=2.5135
CYCLE!!!!!!!!!!!!!!!
   2C : [ 24592.00 , 31740.00 ] 
   2P : [ 18683.12 , 28287.36 ] → x                                    t=5  |  Tps=3.146
   2R : [ 18683.12 , 28287.36 ] → #round :    8 → [ 17632 , 28416 ]    t=5  |  Tps=3.1467
CYCLE!!!!!!!!!!!!!!!
   2C : [ 26352.00 , 31692.00 ] 
   2P : [ 19673.46 , 28376.53 ] → x                                    t=6  |  Tps=3.8132
   2R : [ 19673.46 , 28376.53 ] → #round :   14 → [ 17700 , 28406 ]    t=6  |  Tps=3.8143
   maxTrial 

   3R : [ 16314.19 , 25343.77 ] → #round :   15 → [ 16666 , 24808 ]    t=0  |  Tps=0.0013
   3P : [ 17305.86 , 24267.06 ] → x                                    t=1  |  Tps=0.6338
   3R : [ 17305.86 , 24267.06 ] → #round :   17 → [ 16716 , 25000 ]    t=1  |  Tps=0.6351
   3P : [ 17882.03 , 24960.15 ] → x                                    t=2  |  Tps=1.2795
   3R : [ 17882.03 , 24960.15 ] → #round :   13 → [ 16716 , 25000 ]    t=2  |  Tps=1.2806
CYCLE!!!!!!!!!!!!!!!
   3C : [ 27120.00 , 29824.00 ] 
   3P : [ 18020.25 , 25035.50 ] → x                                    t=3  |  Tps=1.8896
   3R : [ 18020.25 , 25035.50 ] → #round :   10 → [ 17400 , 25836 ]    t=3  |  Tps=1.8905
   3P : [ 17845.03 , 25215.46 ] → x                                    t=4  |  Tps=2.4733
   3R : [ 17845.03 , 25215.46 ] → #round :    9 → [ 17400 , 25836 ]    t=4  |  Tps=2.4742
CYCLE!!!!!!!!!!!!!!!
   3C : [ 22044.00 , 28210.00 ] 
   3P : [ 18911.00 , 25357.00 ] → x                                    t=5  |  Tps=3.0623
   3R : [ 18911.00 , 25357.00 ] → #round :    4 → [ 18172 , 25666 ]    t=5  |  Tps=3.0628
   3P : [ 18911.00 , 25357.00 ] → x                                    t=6  |  Tps=3.646
   3R : [ 18911.00 , 25357.00 ] → #round :    4 → [ 18172 , 25666 ]    t=6  |  Tps=3.6466
CYCLE!!!!!!!!!!!!!!!
   3C : [ 18308.00 , 25568.00 ] 
   maxTrial 

   4R : [ 16337.06 , 23074.78 ] → #round :   11 → [ 16928 , 22444 ]    t=0  |  Tps=0.0009
   4P : [ 17061.60 , 22808.40 ] → x                                    t=1  |  Tps=0.6062
   4R : [ 17061.60 , 22808.40 ] → #round :    5 → [ 16932 , 23196 ]    t=1  |  Tps=0.6068
   4P : [ 16985.34 , 22858.94 ] → x                                    t=2  |  Tps=1.2175
   4R : [ 16985.34 , 22858.94 ] → #round :   11 → [ 16932 , 23196 ]    t=2  |  Tps=1.2184
CYCLE!!!!!!!!!!!!!!!
   4C : [ 23756.00 , 27158.00 ] 
   4P : [ 17526.63 , 22898.21 ] → x                                    t=3  |  Tps=1.7907
   4R : [ 17526.63 , 22898.21 ] → #round :    7 → [ 16928 , 22444 ]    t=3  |  Tps=1.7914
CYCLE!!!!!!!!!!!!!!!
   4C : [ 19712.00 , 25156.00 ] 
   4P : [ 18563.29 , 23272.20 ] → x                                    t=4  |  Tps=2.3991
   4R : [ 18563.29 , 23272.20 ] → #round :    9 → [ 17326 , 22754 ]    t=4  |  Tps=2.4002
   4P : [ 18093.81 , 22892.06 ] → x                                    t=5  |  Tps=3.0152
   4R : [ 18093.81 , 22892.06 ] → #round :    8 → [ 17208 , 22840 ]    t=5  |  Tps=3.016
   4P : [ 17321.15 , 22979.78 ] → x                                    t=6  |  Tps=3.6395
   4R : [ 17321.15 , 22979.78 ] → #round :    7 → [ 17208 , 22840 ]    t=6  |  Tps=3.6402
CYCLE!!!!!!!!!!!!!!!
   4C : [ 19216.00 , 24424.00 ] 
   maxTrial 

   5R : [ 16649.84 , 20803.86 ] → #round :   20 → [ 16960 , 21434 ]    t=0  |  Tps=0.0015
   5P : [ 17012.66 , 21443.89 ] → x                                    t=1  |  Tps=0.6389
   5R : [ 17012.66 , 21443.89 ] → #round :    9 → [ 18940 , 21310 ]    t=1  |  Tps=0.6397
   5P : [ 17536.07 , 21391.36 ] → x                                    t=2  |  Tps=1.2632
   5R : [ 17536.07 , 21391.36 ] → #round :    7 → [ 17224 , 20472 ]    t=2  |  Tps=1.2639
   5P : [ 18962.00 , 22688.00 ] → Admissible                           t=3  |  Tps=1.8952
   feasible 

   6R : [ 17245.37 , 18524.66 ] → #round :   26 → [ 17738 , 19654 ]    t=0  |  Tps=0.0018
   6P : [ 17518.76 , 18894.66 ] → x                                    t=1  |  Tps=0.5864
   6R : [ 17518.76 , 18894.66 ] → #round :   20 → [ 18352 , 19744 ]    t=1  |  Tps=0.5882
   6P : [ 19019.23 , 19168.59 ] → x                                    t=2  |  Tps=1.1659
   6R : [ 19019.23 , 19168.59 ] → #round :   22 → [ 19188 , 19772 ]    t=2  |  Tps=1.1677
   6P : [ 18620.75 , 19076.45 ] → x                                    t=3  |  Tps=1.7691
   6R : [ 18620.75 , 19076.45 ] → #round :   16 → [ 18324 , 19358 ]    t=3  |  Tps=1.7703
   6P : [ 18880.50 , 20348.50 ] → x                                    t=4  |  Tps=2.3609
   6R : [ 18880.50 , 20348.50 ] → #round :   10 → [ 17926 , 18430 ]    t=4  |  Tps=2.3619
   6P : [ 18941.41 , 19545.85 ] → x                                    t=5  |  Tps=2.9317
   6R : [ 18941.41 , 19545.85 ] → #round :   18 → [ 18258 , 19918 ]    t=5  |  Tps=2.9331
   6P : [ 18937.10 , 19571.97 ] → x                                    t=6  |  Tps=3.5251
   6R : [ 18937.10 , 19571.97 ] → #round :   10 → [ 19666 , 19352 ]    t=6  |  Tps=3.526
   maxTrial 

   7R : [ 17926.18 , 16257.34 ] → #round :   25 → [ 18296 , 16484 ]    t=0  |  Tps=0.0018
   7P : [ 18395.54 , 16791.80 ] → x                                    t=1  |  Tps=0.5933
   7R : [ 18395.54 , 16791.80 ] → #round :   26 → [ 18054 , 16712 ]    t=1  |  Tps=0.5951
   7P : [ 18332.68 , 17151.29 ] → x                                    t=2  |  Tps=1.1594
   7R : [ 18332.68 , 17151.29 ] → #round :   21 → [ 18088 , 16872 ]    t=2  |  Tps=1.161
   7P : [ 18088.60 , 17187.27 ] → x                                    t=3  |  Tps=1.7734
   7R : [ 18088.60 , 17187.27 ] → #round :   17 → [ 18618 , 17836 ]    t=3  |  Tps=1.7747
   7P : [ 17754.00 , 17978.00 ] → x                                    t=4  |  Tps=2.363
   7R : [ 17754.00 , 17978.00 ] → #round :   10 → [ 18324 , 18070 ]    t=4  |  Tps=2.3639
   7P : [ 17742.15 , 18067.21 ] → x                                    t=5  |  Tps=2.95
   7R : [ 17742.15 , 18067.21 ] → #round :   11 → [ 18186 , 17900 ]    t=5  |  Tps=2.9509
   7P : [ 17980.45 , 17247.50 ] → x                                    t=6  |  Tps=3.5537
   7R : [ 17980.45 , 17247.50 ] → #round :   20 → [ 18652 , 17808 ]    t=6  |  Tps=3.5554
   maxTrial 

   8R : [ 18693.85 , 13986.68 ] → #round :   26 → [ 19358 , 16250 ]    t=0  |  Tps=0.0018
   8P : [ 18303.36 , 16613.71 ] → x                                    t=1  |  Tps=0.595
   8R : [ 18303.36 , 16613.71 ] → #round :   18 → [ 19884 , 16466 ]    t=1  |  Tps=0.5964
   8P : [ 18654.00 , 16999.00 ] → x                                    t=2  |  Tps=1.2032
   8R : [ 18654.00 , 16999.00 ] → #round :    9 → [ 19846 , 16420 ]    t=2  |  Tps=1.204
   8P : [ 18654.00 , 16999.00 ] → x                                    t=3  |  Tps=1.8172
   8R : [ 18654.00 , 16999.00 ] → #round :    9 → [ 19846 , 16420 ]    t=3  |  Tps=1.818
CYCLE!!!!!!!!!!!!!!!
   8C : [ 17012.00 , 15948.00 ] 
   8P : [ 18167.00 , 17297.50 ] → x                                    t=4  |  Tps=2.4663
   8R : [ 18167.00 , 17297.50 ] → #round :   16 → [ 19294 , 16518 ]    t=4  |  Tps=2.4676
   8P : [ 18055.98 , 16772.65 ] → x                                    t=5  |  Tps=3.0872
   8R : [ 18055.98 , 16772.65 ] → #round :   15 → [ 19294 , 16518 ]    t=5  |  Tps=3.0884
CYCLE!!!!!!!!!!!!!!!
   8C : [ 23414.00 , 20552.00 ] 
   8P : [ 19093.00 , 16465.00 ] → x                                    t=6  |  Tps=3.6789
   8R : [ 19093.00 , 16465.00 ] → #round :    9 → [ 18750 , 15046 ]    t=6  |  Tps=3.6797
   maxTrial 

   9R : [ 19164.78 , 12671.33 ] → #round :   27 → [ 19526 , 13612 ]    t=0  |  Tps=0.0019
   9P : [ 18554.32 , 15887.97 ] → x                                    t=1  |  Tps=0.5562
   9R : [ 18554.32 , 15887.97 ] → #round :    8 → [ 21056 , 14754 ]    t=1  |  Tps=0.557
   9P : [ 19531.60 , 14728.80 ] → x                                    t=2  |  Tps=1.1395
   9R : [ 19531.60 , 14728.80 ] → #round :    9 → [ 19846 , 13472 ]    t=2  |  Tps=1.1404
   9P : [ 19642.71 , 14905.19 ] → x                                    t=3  |  Tps=1.7482
   9R : [ 19642.71 , 14905.19 ] → #round :    7 → [ 19846 , 13472 ]    t=3  |  Tps=1.7491
CYCLE!!!!!!!!!!!!!!!
   9C : [ 22704.00 , 19392.00 ] 
   9P : [ 19618.00 , 17380.00 ] → x                                    t=4  |  Tps=2.3557
   9R : [ 19618.00 , 17380.00 ] → #round :    5 → [ 19702 , 15102 ]    t=4  |  Tps=2.3562
   9P : [ 19972.84 , 16052.52 ] → x                                    t=5  |  Tps=2.9891
   9R : [ 19972.84 , 16052.52 ] → #round :    7 → [ 20080 , 13722 ]    t=5  |  Tps=2.9898
   9P : [ 19631.66 , 15301.02 ] → x                                    t=6  |  Tps=3.5935
   9R : [ 19631.66 , 15301.02 ] → #round :    5 → [ 19846 , 13472 ]    t=6  |  Tps=3.5942
CYCLE!!!!!!!!!!!!!!!
   9C : [ 22268.00 , 17276.00 ] 
   maxTrial 

  10R : [ 20117.19 , 10278.54 ] → #round :   24 → [ 22156 , 12144 ]    t=0  |  Tps=0.0017
  10P : [ 19100.01 , 15161.35 ] → x                                    t=1  |  Tps=0.5871
  10R : [ 19100.01 , 15161.35 ] → #round :    8 → [ 19802 , 12888 ]    t=1  |  Tps=0.5879
  10P : [ 19856.00 , 14168.00 ] → Admissible                           t=2  |  Tps=1.1913
   feasible 

  11R : [ 21079.90 ,  9575.98 ] → #round :   24 → [ 22450 , 11240 ]    t=0  |  Tps=0.0017
  11P : [ 19375.00 , 14074.00 ] → x                                    t=1  |  Tps=0.6113
  11R : [ 19375.00 , 14074.00 ] → #round :   12 → [ 21482 ,  9644 ]    t=1  |  Tps=0.6124
  11P : [ 19702.00 , 23248.00 ] → Admissible                           t=2  |  Tps=1.2065
   feasible 

  12R : [ 22037.80 ,  9452.33 ] → #round :   22 → [ 24574 , 10806 ]    t=0  |  Tps=0.0018
  12P : [ 22109.48 , 13200.75 ] → x                                    t=1  |  Tps=0.6358
  12R : [ 22109.48 , 13200.75 ] → #round :    8 → [ 22082 , 11526 ]    t=1  |  Tps=0.6366
  12P : [ 21988.42 , 12806.31 ] → x                                    t=2  |  Tps=1.2821
  12R : [ 21988.42 , 12806.31 ] → #round :   11 → [ 21110 , 11616 ]    t=2  |  Tps=1.2831
  12P : [ 22349.50 , 12768.75 ] → x                                    t=3  |  Tps=1.9261
  12R : [ 22349.50 , 12768.75 ] → #round :    6 → [ 21110 , 11616 ]    t=3  |  Tps=1.9269
CYCLE!!!!!!!!!!!!!!!
  12C : [ 24148.00 , 15702.00 ] 
  12P : [ 22350.50 , 13302.00 ] → x                                    t=4  |  Tps=2.5007
  12R : [ 22350.50 , 13302.00 ] → #round :    5 → [ 21110 , 11616 ]    t=4  |  Tps=2.5013
CYCLE!!!!!!!!!!!!!!!
  12C : [ 23730.00 , 15652.00 ] 
  12P : [ 22325.50 , 13204.50 ] → x                                    t=5  |  Tps=3.0945
  12R : [ 22325.50 , 13204.50 ] → #round :    5 → [ 21110 , 11616 ]    t=5  |  Tps=3.095
CYCLE!!!!!!!!!!!!!!!
  12C : [ 24880.00 , 14740.00 ] 
  12P : [ 22260.50 , 13281.50 ] → x                                    t=6  |  Tps=3.7561
  12R : [ 22260.50 , 13281.50 ] → #round :    6 → [ 21110 , 11616 ]    t=6  |  Tps=3.7567
CYCLE!!!!!!!!!!!!!!!
  12C : [ 21962.00 , 12684.00 ] 
   maxTrial 

  13R : [ 22980.55 ,  9444.65 ] → #round :   24 → [ 24574 , 10806 ]    t=0  |  Tps=0.0019
  13P : [ 22109.48 , 13200.75 ] → x                                    t=1  |  Tps=0.6048
  13R : [ 22109.48 , 13200.75 ] → #round :    8 → [ 21528 , 11666 ]    t=1  |  Tps=0.6056
  13P : [ 22472.00 , 13168.50 ] → x                                    t=2  |  Tps=1.2279
  13R : [ 22472.00 , 13168.50 ] → #round :    5 → [ 21528 , 11666 ]    t=2  |  Tps=1.2286
CYCLE!!!!!!!!!!!!!!!
  13C : [ 22948.00 , 16618.00 ] 
  13P : [ 22225.97 , 14354.64 ] → x                                    t=3  |  Tps=1.8408
  13R : [ 22225.97 , 14354.64 ] → #round :    5 → [ 21528 , 11666 ]    t=3  |  Tps=1.8414
CYCLE!!!!!!!!!!!!!!!
  13C : [ 23390.00 , 16334.00 ] 
  13P : [ 22225.97 , 14354.64 ] → x                                    t=4  |  Tps=2.4347
  13R : [ 22225.97 , 14354.64 ] → #round :    5 → [ 21528 , 11666 ]    t=4  |  Tps=2.4353
CYCLE!!!!!!!!!!!!!!!
  13C : [ 20932.00 , 15586.00 ] 
  13P : [ 21636.00 , 15947.00 ] → x                                    t=5  |  Tps=3.0187
  13R : [ 21636.00 , 15947.00 ] → #round :    3 → [ 21110 , 15076 ]    t=5  |  Tps=3.0192
  13P : [ 21636.00 , 15947.00 ] → x                                    t=6  |  Tps=3.6058
  13R : [ 21636.00 , 15947.00 ] → #round :    3 → [ 21110 , 15076 ]    t=6  |  Tps=3.6062
CYCLE!!!!!!!!!!!!!!!
  13C : [ 22162.00 , 16818.00 ] 
   maxTrial 

  14R : [ 23931.34 ,  9439.74 ] → #round :   25 → [ 29914 , 11194 ]    t=0  |  Tps=0.0018
  14P : [ 35999.61 , 18833.83 ] → x                                    t=1  |  Tps=0.5797
  14R : [ 35999.61 , 18833.83 ] → #round :   14 → [ 26330 , 12418 ]    t=1  |  Tps=0.5809
  14P : [ 38584.00 , 24380.00 ] → Admissible                           t=2  |  Tps=1.1631
   feasible 

  15R : [ 24900.78 ,  9447.83 ] → #round :   24 → [ 25232 , 10298 ]    t=0  |  Tps=0.0018
  15P : [ 20101.00 , 16668.00 ] → x                                    t=1  |  Tps=0.5884
  15R : [ 20101.00 , 16668.00 ] → #round :   11 → [ 23326 , 12584 ]    t=1  |  Tps=0.5895
  15P : [ 20101.00 , 17746.00 ] → x                                    t=2  |  Tps=1.1909
  15R : [ 20101.00 , 17746.00 ] → #round :   11 → [ 23326 , 12584 ]    t=2  |  Tps=1.1919
CYCLE!!!!!!!!!!!!!!!
  15C : [ 16094.00 , 19540.00 ] 
  15P : [ 17948.00 , 25726.00 ] → Admissible                           t=3  |  Tps=1.7711
   feasible 


5) Extraction des resultats

  Nombre de cycle : 24
   1  : [ 19034.00 , 26294.00 ] → Admissible 
   2  : [ 17700.00 , 28406.00 ] → x          
   3  : [ 18308.00 , 25568.00 ] → x          
   4  : [ 19216.00 , 24424.00 ] → x          
   5  : [ 18962.00 , 22688.00 ] → Admissible 
   6  : [ 19666.00 , 19352.00 ] → x          
   7  : [ 18652.00 , 17808.00 ] → x          
   8  : [ 18750.00 , 15046.00 ] → x          
   9  : [ 22268.00 , 17276.00 ] → x          
  10  : [ 19856.00 , 14168.00 ] → Admissible 
  11  : [ 19702.00 , 23248.00 ] → Admissible 
  12  : [ 21962.00 , 12684.00 ] → x          
  13  : [ 22162.00 , 16818.00 ] → x          
  14  : [ 38584.00 , 24380.00 ] → Admissible 
  15  : [ 17948.00 , 25726.00 ] → Admissible 

6) Edition des resultats 

#U = 3
X_EBP = [17948, 18962, 19856]
Y_EBP = [25726, 22688, 14168]
XN = [16862, 16876, 16958, 17054, 17270, 17278, 17334, 17618, 17726, 17974, 17982, 18264, 18310, 19298, 19378, 19440, 19534, 19538, 19734, 19738, 20058, 20262, 20272, 21282, 22112, 22352]
YN = [27914, 22396, 21008, 20262, 20196, 19754, 19578, 19280, 19272, 19188, 19078, 18994, 17686, 16922, 15592, 14748, 14586, 13034, 12558, 12200, 12020, 11894, 11352, 11266, 11220, 11070]
Quality measure: 58.28 %
 55.929537 seconds (291.95 M allocations: 28.119 GiB, 4.89% gc time)
