0) instance et parametres 

  instance = sppnw12.txt | tailleSampling = 10 | maxTrial = 5 | maxTime = 9223372036854775807


1) calcule les etendues de valeurs sur les 2 objectifs

  f1_min=14118.00 ↔ f1_max=17839.00 (Δ=3721.00) 
  f2_min=12503.00 ↔ f2_max=33310.00 (Δ=20807.00) 

2) calcule les generateurs par e-contrainte alternant minimiser z1 et z2

  z1  1 : ϵ = 33310.00  fRL = 14118.00  [ 14118.00 , 33310.00 ] 
  z2  1 : ϵ = 17839.00  fRL = 12503.00  [ 17839.00 , 12503.00 ] 
  z1  2 : ϵ = 30998.11  fRL = 14163.11  [ 14163.57 , 30996.72 ] 
  z2  2 : ϵ = 17425.56  fRL = 13072.66  [ 17425.23 , 13073.36 ] 
  z1  3 : ϵ = 28686.22  fRL = 14258.09  [ 14258.33 , 28690.42 ] 
  z2  3 : ϵ = 17012.11  fRL = 13947.92  [ 17012.38 , 13947.36 ] 
  z1  4 : ϵ = 26374.33  fRL = 14353.07  [ 14353.36 , 26377.25 ] 
  z2  4 : ϵ = 16598.67  fRL = 14831.38  [ 16598.90 , 14830.88 ] 
  z1  5 : ϵ = 24062.44  fRL = 14460.51  [ 14460.87 , 24063.46 ] 
  z2  5 : ϵ = 16185.22  fRL = 15725.96  [ 16185.08 , 15726.28 ] 
  z1  6 : ϵ = 21750.56  fRL = 14774.67  [ 14774.77 , 21749.87 ] 
  z2  6 : ϵ = 15771.78  fRL = 17230.10  [ 15772.19 , 17228.31 ] 
  z1  7 : ϵ = 19438.67  fRL = 15263.69  [ 15263.41 , 19439.89 ] 
  z2  7 : ϵ = 15358.33  fRL = 19027.29  [ 15358.07 , 19028.43 ] 
  z1  8 : ϵ = 17126.78  fRL = 15795.55  [ 15795.85 , 17125.45 ] 

  → Allocation memoire pour 14 generateurs

3) place L dans structure et verifie l'admissibilite de chaque generateur

   1  : [ 14118.00 , 33310.00 ] → Admissible 
   2  : [ 14163.57 , 30996.72 ] → x          
   3  : [ 14258.33 , 28690.42 ] → x          
   4  : [ 14353.36 , 26377.25 ] → x          
   5  : [ 14460.87 , 24063.46 ] → x          
   6  : [ 14774.77 , 21749.87 ] → x          
   7  : [ 15263.41 , 19439.89 ] → x          
   8  : [ 15358.07 , 19028.43 ] → x          
   9  : [ 15772.19 , 17228.31 ] → x          
  10  : [ 16185.08 , 15726.28 ] → x          
  11  : [ 16598.90 , 14830.88 ] → x          
  12  : [ 17012.38 , 13947.36 ] → x          
  13  : [ 17425.23 , 13073.36 ] → x          
  14  : [ 17839.00 , 12503.00 ] → x          

  k=   1     xm= 14118.00   ym= 33310.00   Δx=  3721.00    Δy=     0.00   λ1= 0.00000    λ2= 1.00000 
  k=   2     xm= 14163.57   ym= 30996.72   Δx=  3675.43    Δy=  2313.28   λ1= 0.38627    λ2= 0.61373 
  k=   3     xm= 14258.33   ym= 28690.42   Δx=  3580.67    Δy=  4619.58   λ1= 0.56335    λ2= 0.43665 
  k=   4     xm= 14353.36   ym= 26377.25   Δx=  3485.64    Δy=  6932.75   λ1= 0.66543    λ2= 0.33457 
  k=   5     xm= 14460.87   ym= 24063.46   Δx=  3378.13    Δy=  9246.54   λ1= 0.73242    λ2= 0.26758 
  k=   6     xm= 14774.77   ym= 21749.87   Δx=  3064.23    Δy= 11560.13   λ1= 0.79047    λ2= 0.20953 
  k=   7     xm= 15263.41   ym= 19439.89   Δx=  2575.59    Δy= 13870.11   λ1= 0.84339    λ2= 0.15661 
  k=   8     xm= 15358.07   ym= 19028.43   Δx=  2480.93    Δy= 14281.57   λ1= 0.85200    λ2= 0.14800 
  k=   9     xm= 15772.19   ym= 17228.31   Δx=  2066.81    Δy= 16081.69   λ1= 0.88612    λ2= 0.11388 
  k=  10     xm= 16185.08   ym= 15726.28   Δx=  1653.92    Δy= 17583.72   λ1= 0.91403    λ2= 0.08597 
  k=  11     xm= 16598.90   ym= 14830.88   Δx=  1240.10    Δy= 18479.12   λ1= 0.93711    λ2= 0.06289 
  k=  12     xm= 17012.38   ym= 13947.36   Δx=   826.62    Δy= 19362.64   λ1= 0.95906    λ2= 0.04094 
  k=  13     xm= 17425.23   ym= 13073.36   Δx=   413.77    Δy= 20236.64   λ1= 0.97996    λ2= 0.02004 
  k=  14     xm= 17839.00   ym= 12503.00   Δx=     0.00    Δy= 20807.00   λ1= 1.00000    λ2= 0.00000 
4) terraformation generateur par generateur 

   2R : [ 14163.57 , 30996.72 ] → #round :   13 → [ 14444 , 30702 ]    t=0  |  Tps=0.0
   2P : [ 14118.00 , 32774.00 ] → Admissible                           t=1  |  Tps=0.0023
   feasible 

   3R : [ 14258.33 , 28690.42 ] → #round :   13 → [ 14582 , 27952 ]    t=0  |  Tps=0.0
   3P : [ 15465.00 , 29218.00 ] → x                                    t=1  |  Tps=0.0024
   3R : [ 15465.00 , 29218.00 ] → #round :    4 → [ 16408 , 29478 ]    t=1  |  Tps=0.0024
   3P : [ 15465.00 , 29218.00 ] → x                                    t=2  |  Tps=0.0046
   3R : [ 15465.00 , 29218.00 ] → #round :    4 → [ 16408 , 29478 ]    t=2  |  Tps=0.0046
CYCLE!!!!!!!!!!!!!!!
   3C : [ 14994.00 , 29574.00 ] 
   3P : [ 15254.00 , 31312.00 ] → Admissible                           t=3  |  Tps=0.0068
   feasible 

   4R : [ 14353.36 , 26377.25 ] → #round :   13 → [ 14806 , 25332 ]    t=0  |  Tps=0.0
   4P : [ 15186.00 , 27546.00 ] → Admissible                           t=1  |  Tps=0.0023
   feasible 

   5R : [ 14460.87 , 24063.46 ] → #round :    8 → [ 14552 , 23866 ]    t=0  |  Tps=0.0
   5P : [ 15318.00 , 27230.00 ] → Admissible                           t=1  |  Tps=0.0023
   feasible 

   6R : [ 14774.77 , 21749.87 ] → #round :    6 → [ 17286 , 22444 ]    t=0  |  Tps=0.0
   6P : [ 14870.00 , 21150.00 ] → Admissible                           t=1  |  Tps=0.0022
   feasible 

   7R : [ 15263.41 , 19439.89 ] → #round :    3 → [ 17426 , 21216 ]    t=0  |  Tps=0.0
   7P : [ 15856.00 , 16864.00 ] → Admissible                           t=1  |  Tps=0.0021
   feasible 

   8R : [ 15358.07 , 19028.43 ] → #round :    3 → [ 16208 , 18968 ]    t=0  |  Tps=0.0
   8P : [ 15856.00 , 16864.00 ] → Admissible                           t=1  |  Tps=0.0023
   feasible 

   9R : [ 15772.19 , 17228.31 ] → #round :    3 → [ 16208 , 18968 ]    t=0  |  Tps=0.0
   9P : [ 15856.00 , 16864.00 ] → Admissible                           t=1  |  Tps=0.0023
   feasible 

  10R : [ 16185.08 , 15726.28 ] → #round :    6 → [ 18158 , 16604 ]    t=0  |  Tps=0.0
  10P : [ 16090.00 , 15932.00 ] → Admissible                           t=1  |  Tps=0.0026
   feasible 

  11R : [ 16598.90 , 14830.88 ] → #round :    6 → [ 19190 , 15746 ]    t=0  |  Tps=0.0
  11P : [ 16774.00 , 14452.00 ] → Admissible                           t=1  |  Tps=0.0021
   feasible 

  12R : [ 17012.38 , 13947.36 ] → #round :    3 → [ 18770 , 15996 ]    t=0  |  Tps=0.0
  12P : [ 17492.00 , 12932.00 ] → Admissible                           t=1  |  Tps=0.0023
   feasible 

  13R : [ 17425.23 , 13073.36 ] → #round :    3 → [ 17562 , 15180 ]    t=0  |  Tps=0.0
  13P : [ 17492.00 , 12932.00 ] → Admissible                           t=1  |  Tps=0.0025
   feasible 

  14R : [ 17839.00 , 12503.00 ] → #round :    6 → [ 18978 , 13358 ]    t=0  |  Tps=0.0
  14P : [ 18258.00 , 13868.00 ] → Admissible                           t=1  |  Tps=0.0026
   feasible 


5) Extraction des resultats

  Nombre de cycle : 1
   1  : [ 14118.00 , 33310.00 ] → Admissible 
   2  : [ 14118.00 , 32774.00 ] → Admissible 
   3  : [ 15254.00 , 31312.00 ] → Admissible 
   4  : [ 15186.00 , 27546.00 ] → Admissible 
   5  : [ 15318.00 , 27230.00 ] → Admissible 
   6  : [ 14870.00 , 21150.00 ] → Admissible 
   7  : [ 15856.00 , 16864.00 ] → Admissible 
   8  : [ 15856.00 , 16864.00 ] → Admissible 
   9  : [ 15856.00 , 16864.00 ] → Admissible 
  10  : [ 16090.00 , 15932.00 ] → Admissible 
  11  : [ 16774.00 , 14452.00 ] → Admissible 
  12  : [ 17492.00 , 12932.00 ] → Admissible 
  13  : [ 17492.00 , 12932.00 ] → Admissible 
  14  : [ 18258.00 , 13868.00 ] → Admissible 

6) Edition des resultats 

#U = 7
X_EBP = [14118, 14118, 14870, 15856, 16090, 16774, 17492]
Y_EBP = [33310, 32774, 21150, 16864, 15932, 14452, 12932]
XN = [14118, 14132, 14194, 14198, 14206, 14208, 14214, 14234, 14248, 14264, 14278, 14304, 14330, 14344, 14380, 14394, 14400, 14434, 14460, 14488, 14490, 14516, 14842, 14844, 14870, 15078, 15104, 15476, 15502, 15788, 15822, 15828, 15830, 15856, 16064, 16090, 16574, 16748, 16774, 16808, 17464, 17466, 17492]
YN = [32774, 32550, 32532, 32462, 31450, 31124, 30624, 30244, 30020, 29310, 29086, 28974, 28094, 27356, 26780, 26556, 25910, 25706, 24826, 24586, 24260, 23380, 22356, 22030, 21150, 21098, 20218, 19974, 19094, 18738, 18698, 18070, 17744, 16864, 16812, 15932, 15344, 15332, 14452, 14412, 14138, 13812, 12932]
Quality measure: 86.29 %
  0.316093 seconds (811.50 k allocations: 77.199 MiB, 11.38% gc time)
