0) instance et parametres 

  instance = sppnw28.txt | tailleSampling = 10 | maxTrial = 5 | maxTime = 9223372036854775807


1) calcule les etendues de valeurs sur les 2 objectifs

  f1_min= 8169.00 ↔ f1_max=13439.25 (Δ=5270.25) 
  f2_min= 8314.12 ↔ f2_max=20119.50 (Δ=11805.38) 

2) calcule les generateurs par e-contrainte alternant minimiser z1 et z2

  z1  1 : ϵ = 20119.50  fRL =  8169.00  [  8169.00 , 20119.50 ] 
  z2  1 : ϵ = 13439.25  fRL =  8314.12  [ 13439.25 ,  8314.12 ] 
  z1  2 : ϵ = 18807.79  fRL =  8192.12  [  8188.29 , 18801.40 ] 
  z2  2 : ϵ = 12853.67  fRL =  8351.40  [ 12856.26 ,  8352.12 ] 
  z1  3 : ϵ = 17496.08  fRL =  8215.24  [  8215.18 , 17499.48 ] 
  z2  3 : ϵ = 12268.08  fRL =  8428.81  [ 12262.61 ,  8424.47 ] 
  z1  4 : ϵ = 16184.37  fRL =  8238.36  [  8238.40 , 16182.15 ] 
  z2  4 : ϵ = 11682.50  fRL =  8754.71  [ 11682.43 ,  8754.75 ] 
  z1  5 : ϵ = 14872.66  fRL =  8261.48  [  8265.30 , 14880.23 ] 
  z2  5 : ϵ = 11096.92  fRL =  9080.62  [ 11102.25 ,  9085.04 ] 
  z1  6 : ϵ = 13560.96  fRL =  8284.60  [  8284.58 , 13562.12 ] 
  z2  6 : ϵ = 10511.33  fRL =  9458.99  [ 10512.02 ,  9458.52 ] 
  z1  7 : ϵ = 12249.25  fRL =  8453.96  [  8454.01 , 12249.07 ] 
  z2  7 : ϵ =  9925.75  fRL =  9858.25  [  9925.42 ,  9858.48 ] 
  z1  8 : ϵ = 10937.54  fRL =  9080.20  [  9073.33 , 10933.22 ] 
  z2  8 : ϵ =  9340.17  fRL = 10570.42  [  9339.86 , 10570.85 ] 
  z1  9 : ϵ =  9625.83  fRL = 10266.64  [ 10268.09 ,  9624.84 ] 

  → Allocation memoire pour 16 generateurs

3) place L dans structure et verifie l'admissibilite de chaque generateur

   1  : [  8169.00 , 20119.50 ] → x          
   2  : [  8188.29 , 18801.40 ] → x          
   3  : [  8215.18 , 17499.48 ] → x          
   4  : [  8238.40 , 16182.15 ] → x          
   5  : [  8265.30 , 14880.23 ] → x          
   6  : [  8284.58 , 13562.12 ] → x          
   7  : [  8454.01 , 12249.07 ] → x          
   8  : [  9073.33 , 10933.22 ] → x          
   9  : [  9339.86 , 10570.85 ] → x          
  10  : [  9925.42 ,  9858.48 ] → x          
  11  : [ 10512.02 ,  9458.52 ] → x          
  12  : [ 11102.25 ,  9085.04 ] → x          
  13  : [ 11682.43 ,  8754.75 ] → x          
  14  : [ 12262.61 ,  8424.47 ] → x          
  15  : [ 12856.26 ,  8352.12 ] → x          
  16  : [ 13439.25 ,  8314.12 ] → x          

  k=   1     xm= 8169.00   ym= 20119.50   Δx=  5270.25    Δy=     0.00   λ1= 0.00000    λ2= 1.00000 
  k=   2     xm= 8188.29   ym= 18801.40   Δx=  5250.96    Δy=  1318.10   λ1= 0.20065    λ2= 0.79935 
  k=   3     xm= 8215.18   ym= 17499.48   Δx=  5224.07    Δy=  2620.02   λ1= 0.33401    λ2= 0.66599 
  k=   4     xm= 8238.40   ym= 16182.15   Δx=  5200.85    Δy=  3937.35   λ1= 0.43087    λ2= 0.56913 
  k=   5     xm= 8265.30   ym= 14880.23   Δx=  5173.95    Δy=  5239.27   λ1= 0.50314    λ2= 0.49686 
  k=   6     xm= 8284.58   ym= 13562.12   Δx=  5154.67    Δy=  6557.38   λ1= 0.55988    λ2= 0.44012 
  k=   7     xm= 8454.01   ym= 12249.07   Δx=  4985.24    Δy=  7870.43   λ1= 0.61221    λ2= 0.38779 
  k=   8     xm= 9073.33   ym= 10933.22   Δx=  4365.92    Δy=  9186.28   λ1= 0.67784    λ2= 0.32216 
  k=   9     xm= 9339.86   ym= 10570.85   Δx=  4099.39    Δy=  9548.65   λ1= 0.69964    λ2= 0.30036 
  k=  10     xm= 9925.42   ym= 9858.48   Δx=  3513.83    Δy= 10261.02   λ1= 0.74491    λ2= 0.25509 
  k=  11     xm= 10512.02   ym= 9458.52   Δx=  2927.23    Δy= 10660.98   λ1= 0.78458    λ2= 0.21542 
  k=  12     xm= 11102.25   ym= 9085.04   Δx=  2337.00    Δy= 11034.46   λ1= 0.82522    λ2= 0.17478 
  k=  13     xm= 11682.43   ym= 8754.75   Δx=  1756.82    Δy= 11364.75   λ1= 0.86611    λ2= 0.13389 
  k=  14     xm= 12262.61   ym= 8424.47   Δx=  1176.64    Δy= 11695.03   λ1= 0.90859    λ2= 0.09141 
  k=  15     xm= 12856.26   ym= 8352.12   Δx=   582.99    Δy= 11767.38   λ1= 0.95280    λ2= 0.04720 
  k=  16     xm= 13439.25   ym= 8314.12   Δx=     0.00    Δy= 11805.38   λ1= 1.00000    λ2= 0.00000 
4) terraformation generateur par generateur 

   1R : [  8169.00 , 20119.50 ] → #round :    3 → [  9468 , 22560 ]    t=0  |  Tps=0.0
   1P : [  9194.74 , 19579.53 ] → x                                    t=1  |  Tps=0.0043
   1R : [  9194.74 , 19579.53 ] → #round :    4 → [ 11142 , 20919 ]    t=1  |  Tps=0.0043
   1P : [  9730.50 , 17542.50 ] → x                                    t=2  |  Tps=0.0084
   1R : [  9730.50 , 17542.50 ] → #round :    3 → [ 11142 , 20919 ]    t=2  |  Tps=0.0084
CYCLE!!!!!!!!!!!!!!!
   1C : [ 12522.00 , 16971.00 ] 
   1P : [  9846.00 , 16681.50 ] → x                                    t=3  |  Tps=0.0126
   1R : [  9846.00 , 16681.50 ] → #round :    3 → [ 11373 , 19197 ]    t=3  |  Tps=0.0126
   1P : [  9846.00 , 16681.50 ] → x                                    t=4  |  Tps=0.017
   1R : [  9846.00 , 16681.50 ] → #round :    3 → [ 11373 , 19197 ]    t=4  |  Tps=0.017
CYCLE!!!!!!!!!!!!!!!
   1C : [  7170.00 , 16392.00 ] 
   1P : [ 10682.48 , 17754.64 ] → x                                    t=5  |  Tps=0.0217
   1R : [ 10682.48 , 17754.64 ] → #round :    4 → [ 11373 , 19197 ]    t=5  |  Tps=0.0218
CYCLE!!!!!!!!!!!!!!!
   1C : [ 15102.00 , 17247.00 ] 
   1P : [ 12384.00 , 17994.00 ] → x                                    t=6  |  Tps=0.0266
   1R : [ 12384.00 , 17994.00 ] → #round :    4 → [  9666 , 18741 ]    t=6  |  Tps=0.0266
   maxTrial 

   2R : [  8188.29 , 18801.40 ] → #round :    6 → [  8868 , 19776 ]    t=0  |  Tps=0.0
   2P : [  8460.00 , 18691.50 ] → x                                    t=1  |  Tps=0.0042
   2R : [  8460.00 , 18691.50 ] → #round :    3 → [  8868 , 19776 ]    t=1  |  Tps=0.0043
CYCLE!!!!!!!!!!!!!!!
   2C : [  8052.00 , 17607.00 ] 
   2P : [  9489.00 , 20520.00 ] → Admissible                           t=2  |  Tps=0.0092
   feasible 

   3R : [  8215.18 , 17499.48 ] → #round :    6 → [  9570 , 19170 ]    t=0  |  Tps=0.0
   3P : [  8298.00 , 12801.00 ] → Admissible                           t=1  |  Tps=0.0044
   feasible 

   4R : [  8238.40 , 16182.15 ] → #round :    6 → [  9570 , 19170 ]    t=0  |  Tps=0.0
   4P : [  8298.00 , 12801.00 ] → Admissible                           t=1  |  Tps=0.0043
   feasible 

   5R : [  8265.30 , 14880.23 ] → #round :    6 → [  8298 , 12801 ]    t=0  |  Tps=0.0
   5P : [  8298.00 , 12801.00 ] → Admissible                           t=1  |  Tps=0.004
   feasible 

   6R : [  8284.58 , 13562.12 ] → #round :    6 → [  9570 , 19170 ]    t=0  |  Tps=0.0
   6P : [  8298.00 , 12801.00 ] → Admissible                           t=1  |  Tps=0.004
   feasible 

   7R : [  8454.01 , 12249.07 ] → #round :    2 → [ 10629 , 14841 ]    t=0  |  Tps=0.0
   7P : [  8298.00 , 12801.00 ] → Admissible                           t=1  |  Tps=0.0041
   feasible 

   8R : [  9073.33 , 10933.22 ] → #round :    9 → [ 12333 , 13740 ]    t=0  |  Tps=0.0
   8P : [  8655.00 , 11538.00 ] → Admissible                           t=1  |  Tps=0.004
   feasible 

   9R : [  9339.86 , 10570.85 ] → #round :    9 → [ 13059 , 12432 ]    t=0  |  Tps=0.0
   9P : [  8844.00 , 12726.00 ] → Admissible                           t=1  |  Tps=0.0043
   feasible 

  10R : [  9925.42 ,  9858.48 ] → #round :   12 → [ 15252 , 14184 ]    t=0  |  Tps=0.0
  10P : [  8844.00 , 12726.00 ] → Admissible                           t=1  |  Tps=0.0042
   feasible 

  11R : [ 10512.02 ,  9458.52 ] → #round :   12 → [ 15279 , 11085 ]    t=0  |  Tps=0.0
  11P : [  8844.00 , 12726.00 ] → Admissible                           t=1  |  Tps=0.0043
   feasible 

  12R : [ 11102.25 ,  9085.04 ] → #round :   10 → [ 15279 , 11085 ]    t=0  |  Tps=0.0
  12P : [  8844.00 , 12726.00 ] → Admissible                           t=1  |  Tps=0.0043
   feasible 

  13R : [ 11682.43 ,  8754.75 ] → #round :   10 → [ 15600 , 13767 ]    t=0  |  Tps=0.0
  13P : [  8844.00 , 12726.00 ] → Admissible                           t=1  |  Tps=0.0042
   feasible 

  14R : [ 12262.61 ,  8424.47 ] → #round :   10 → [ 13257 , 12096 ]    t=0  |  Tps=0.0
  14P : [  8844.00 , 12726.00 ] → Admissible                           t=1  |  Tps=0.0043
   feasible 

  15R : [ 12856.26 ,  8352.12 ] → #round :   12 → [ 14850 , 10836 ]    t=0  |  Tps=0.0
  15P : [ 13353.00 , 10395.00 ] → Admissible                           t=1  |  Tps=0.0228
   feasible 

  16R : [ 13439.25 ,  8314.12 ] → #round :   10 → [ 14076 , 12150 ]    t=0  |  Tps=0.0
  16P : [ 10761.00 , 14970.00 ] → x                                    t=1  |  Tps=0.0039
  16R : [ 10761.00 , 14970.00 ] → #round :    7 → [ 13701 ,  8355 ]    t=1  |  Tps=0.004
  16P : [ 10761.00 , 14970.00 ] → x                                    t=2  |  Tps=0.008
  16R : [ 10761.00 , 14970.00 ] → #round :    7 → [ 13701 ,  8355 ]    t=2  |  Tps=0.008
CYCLE!!!!!!!!!!!!!!!
  16C : [  6549.00 , 15216.00 ] 
  16P : [  8688.00 , 21009.00 ] → Admissible                           t=3  |  Tps=0.012
   feasible 


5) Extraction des resultats

  Nombre de cycle : 5
   1  : [  9666.00 , 18741.00 ] → x          
   2  : [  9489.00 , 20520.00 ] → Admissible 
   3  : [  8298.00 , 12801.00 ] → Admissible 
   4  : [  8298.00 , 12801.00 ] → Admissible 
   5  : [  8298.00 , 12801.00 ] → Admissible 
   6  : [  8298.00 , 12801.00 ] → Admissible 
   7  : [  8298.00 , 12801.00 ] → Admissible 
   8  : [  8655.00 , 11538.00 ] → Admissible 
   9  : [  8844.00 , 12726.00 ] → Admissible 
  10  : [  8844.00 , 12726.00 ] → Admissible 
  11  : [  8844.00 , 12726.00 ] → Admissible 
  12  : [  8844.00 , 12726.00 ] → Admissible 
  13  : [  8844.00 , 12726.00 ] → Admissible 
  14  : [  8844.00 , 12726.00 ] → Admissible 
  15  : [ 13353.00 , 10395.00 ] → Admissible 
  16  : [  8688.00 , 21009.00 ] → Admissible 

6) Edition des resultats 

#U = 3
X_EBP = [8298, 8655, 13353]
Y_EBP = [12801, 11538, 10395]
XN = [8298, 8577, 8655, 12444, 13353, 14844]
YN = [12801, 12546, 11538, 10698, 10395, 10350]
Quality measure: 92.40 %
  0.430483 seconds (2.01 M allocations: 189.399 MiB, 3.51% gc time)
