0) instance et parametres 

  instance = sppnw30.txt | tailleSampling = 10 | maxTrial = 5 | maxTime = 9223372036854775807


1) calcule les etendues de valeurs sur les 2 objectifs

  f1_min= 3726.80 ↔ f1_max=14630.67 (Δ=10903.87) 
  f2_min= 3232.00 ↔ f2_max=11106.80 (Δ=7874.80) 

2) calcule les generateurs par e-contrainte alternant minimiser z1 et z2

  z1  1 : ϵ = 11106.80  fRL =  3726.80  [  3726.80 , 11106.80 ] 
  z2  1 : ϵ = 14630.67  fRL =  3232.00  [ 14622.18 ,  3230.54 ] 
  z1  2 : ϵ = 10231.82  fRL =  3744.00  [  3742.36 , 10227.27 ] 
  z2  2 : ϵ = 13419.13  fRL =  3250.61  [ 13422.50 ,  3252.49 ] 
  z1  3 : ϵ =  9356.84  fRL =  3878.89  [  3878.64 ,  9357.38 ] 
  z2  3 : ϵ = 12207.59  fRL =  3345.07  [ 12204.89 ,  3344.23 ] 
  z1  4 : ϵ =  8481.87  fRL =  4285.94  [  4287.96 ,  8486.18 ] 
  z2  4 : ϵ = 10996.05  fRL =  3650.90  [ 10996.14 ,  3650.74 ] 
  z1  5 : ϵ =  7606.89  fRL =  4822.22  [  4816.98 ,  7604.82 ] 
  z2  5 : ϵ =  9784.51  fRL =  4248.26  [  9792.37 ,  4250.79 ] 
  z1  6 : ϵ =  6731.91  fRL =  6091.66  [  6091.89 ,  6729.60 ] 
  z2  6 : ϵ =  8572.96  fRL =  5024.58  [  8574.70 ,  5024.46 ] 
  z1  7 : ϵ =  5856.93  fRL =  7361.09  [  7366.27 ,  5862.42 ] 
  z2  7 : ϵ =  7361.42  fRL =  5856.71  [  7366.27 ,  5862.42 ] 

  → Allocation memoire pour 13 generateurs

3) place L dans structure et verifie l'admissibilite de chaque generateur

   1  : [  3726.80 , 11106.80 ] → x          
   2  : [  3742.36 , 10227.27 ] → x          
   3  : [  3878.64 ,  9357.38 ] → x          
   4  : [  4287.96 ,  8486.18 ] → x          
   5  : [  4816.98 ,  7604.82 ] → x          
   6  : [  6091.89 ,  6729.60 ] → x          
   7  : [  7366.27 ,  5862.42 ] → x          
   8  : [  8574.70 ,  5024.46 ] → x          
   9  : [  9792.37 ,  4250.79 ] → x          
  10  : [ 10996.14 ,  3650.74 ] → x          
  11  : [ 12204.89 ,  3344.23 ] → x          
  12  : [ 13422.50 ,  3252.49 ] → x          
  13  : [ 14622.18 ,  3230.54 ] → x          

  k=   1     xm= 3726.80   ym= 11106.80   Δx= 10895.38    Δy=     0.00   λ1= 0.00000    λ2= 1.00000 
  k=   2     xm= 3742.36   ym= 10227.27   Δx= 10879.82    Δy=   879.53   λ1= 0.07479    λ2= 0.92521 
  k=   3     xm= 3878.64   ym= 9357.38   Δx= 10743.54    Δy=  1749.42   λ1= 0.14003    λ2= 0.85997 
  k=   4     xm= 4287.96   ym= 8486.18   Δx= 10334.22    Δy=  2620.62   λ1= 0.20229    λ2= 0.79771 
  k=   5     xm= 4816.98   ym= 7604.82   Δx=  9805.20    Δy=  3501.98   λ1= 0.26316    λ2= 0.73684 
  k=   6     xm= 6091.89   ym= 6729.60   Δx=  8530.29    Δy=  4377.20   λ1= 0.33912    λ2= 0.66088 
  k=   7     xm= 7366.27   ym= 5862.42   Δx=  7255.91    Δy=  5244.38   λ1= 0.41954    λ2= 0.58046 
  k=   8     xm= 8574.70   ym= 5024.46   Δx=  6047.48    Δy=  6082.34   λ1= 0.50144    λ2= 0.49856 
  k=   9     xm= 9792.37   ym= 4250.79   Δx=  4829.81    Δy=  6856.01   λ1= 0.58669    λ2= 0.41331 
  k=  10     xm= 10996.14   ym= 3650.74   Δx=  3626.04    Δy=  7456.06   λ1= 0.67280    λ2= 0.32720 
  k=  11     xm= 12204.89   ym= 3344.23   Δx=  2417.29    Δy=  7762.57   λ1= 0.76254    λ2= 0.23746 
  k=  12     xm= 13422.50   ym= 3252.49   Δx=  1199.68    Δy=  7854.31   λ1= 0.86750    λ2= 0.13250 
  k=  13     xm= 14622.18   ym= 3230.54   Δx=     0.00    Δy=  7876.26   λ1= 1.00000    λ2= 0.00000 
4) terraformation generateur par generateur 

   1R : [  3726.80 , 11106.80 ] → #round :    8 → [  3868 ,  9684 ]    t=0  |  Tps=0.0
   1P : [  6103.29 ,  8619.08 ] → x                                    t=1  |  Tps=0.0097
   1R : [  6103.29 ,  8619.08 ] → #round :   14 → [  3868 ,  9684 ]    t=1  |  Tps=0.0098
CYCLE!!!!!!!!!!!!!!!
   1C : [ 23768.00 , 14370.00 ] 
   1P : [  8934.37 ,  8462.47 ] → x                                    t=2  |  Tps=0.0196
   1R : [  8934.37 ,  8462.47 ] → #round :   13 → [  3868 ,  9684 ]    t=2  |  Tps=0.0197
CYCLE!!!!!!!!!!!!!!!
   1C : [ 22626.00 , 15998.00 ] 
   1P : [ 11456.00 ,  8597.00 ] → x                                    t=3  |  Tps=0.03
   1R : [ 11456.00 ,  8597.00 ] → #round :    7 → [  4162 ,  7418 ]    t=3  |  Tps=0.0301
   1P : [ 11908.00 , 10106.00 ] → Admissible                           t=4  |  Tps=0.04
   feasible 

   2R : [  3742.36 , 10227.27 ] → #round :    9 → [  4064 , 11110 ]    t=0  |  Tps=0.0
   2P : [  3756.00 ,  9621.00 ] → x                                    t=1  |  Tps=0.0107
   2R : [  3756.00 ,  9621.00 ] → #round :    3 → [  4724 , 10360 ]    t=1  |  Tps=0.0107
   2P : [  5163.00 ,  9084.00 ] → x                                    t=2  |  Tps=0.021
   2R : [  5163.00 ,  9084.00 ] → #round :    4 → [  5502 , 11862 ]    t=2  |  Tps=0.021
   2P : [  5163.00 ,  9084.00 ] → x                                    t=3  |  Tps=0.0319
   2R : [  5163.00 ,  9084.00 ] → #round :    4 → [  5502 , 11862 ]    t=3  |  Tps=0.0319
CYCLE!!!!!!!!!!!!!!!
   2C : [  6100.00 ,  8534.00 ] 
   2P : [  6472.43 ,  8053.57 ] → x                                    t=4  |  Tps=0.0419
   2R : [  6472.43 ,  8053.57 ] → #round :   11 → [  5032 , 10690 ]    t=4  |  Tps=0.0419
   2P : [  6772.80 ,  7812.40 ] → x                                    t=5  |  Tps=0.0521
   2R : [  6772.80 ,  7812.40 ] → #round :    9 → [  5032 , 10690 ]    t=5  |  Tps=0.0521
CYCLE!!!!!!!!!!!!!!!
   2C : [ 13490.00 ,  8884.00 ] 
   2P : [  8760.39 ,  7331.23 ] → x                                    t=6  |  Tps=0.0624
   2R : [  8760.39 ,  7331.23 ] → #round :   13 → [  6758 ,  9874 ]    t=6  |  Tps=0.0625
   maxTrial 

   3R : [  3878.64 ,  9357.38 ] → #round :    5 → [  4080 ,  8932 ]    t=0  |  Tps=0.0
   3P : [  4632.00 ,  7738.00 ] → Admissible                           t=1  |  Tps=0.01
   feasible 

   4R : [  4287.96 ,  8486.18 ] → #round :    5 → [  5642 , 11394 ]    t=0  |  Tps=0.0
   4P : [  4632.00 ,  7738.00 ] → Admissible                           t=1  |  Tps=0.0103
   feasible 

   5R : [  4816.98 ,  7604.82 ] → #round :   17 → [  8544 ,  8570 ]    t=0  |  Tps=0.0001
   5P : [  4632.00 ,  7738.00 ] → Admissible                           t=1  |  Tps=0.01
   feasible 

   6R : [  6091.89 ,  6729.60 ] → #round :   19 → [  4632 ,  7738 ]    t=0  |  Tps=0.0001
   6P : [  4632.00 ,  7738.00 ] → Admissible                           t=1  |  Tps=0.0111
   feasible 

   7R : [  7366.27 ,  5862.42 ] → #round :   19 → [  8334 ,  6708 ]    t=0  |  Tps=0.0001
   7P : [  4632.00 ,  7738.00 ] → Admissible                           t=1  |  Tps=0.0105
   feasible 

   8R : [  8574.70 ,  5024.46 ] → #round :   20 → [  9588 ,  6212 ]    t=0  |  Tps=0.0001
   8P : [  8579.00 ,  6040.73 ] → x                                    t=1  |  Tps=0.0102
   8R : [  8579.00 ,  6040.73 ] → #round :   17 → [  8232 ,  6164 ]    t=1  |  Tps=0.0102
   8P : [  7506.00 ,  7882.00 ] → x                                    t=2  |  Tps=0.0204
   8R : [  7506.00 ,  7882.00 ] → #round :    7 → [ 10594 ,  6100 ]    t=2  |  Tps=0.0204
   8P : [ 10318.00 ,  9052.00 ] → Admissible                           t=3  |  Tps=0.0307
   feasible 

   9R : [  9792.37 ,  4250.79 ] → #round :   19 → [ 11004 ,  4542 ]    t=0  |  Tps=0.0001
   9P : [ 11444.00 ,  5626.00 ] → Admissible                           t=1  |  Tps=0.0101
   feasible 

  10R : [ 10996.14 ,  3650.74 ] → #round :   20 → [ 13028 ,  5224 ]    t=0  |  Tps=0.0001
  10P : [  9440.39 ,  5705.41 ] → x                                    t=1  |  Tps=0.0099
  10R : [  9440.39 ,  5705.41 ] → #round :   12 → [ 10762 ,  3902 ]    t=1  |  Tps=0.0099
  10P : [ 10104.00 ,  6784.00 ] → Admissible                           t=2  |  Tps=0.0376
   feasible 

  11R : [ 12204.89 ,  3344.23 ] → #round :   18 → [ 14920 ,  3922 ]    t=0  |  Tps=0.0001
  11P : [  8266.00 , 11914.00 ] → Admissible                           t=1  |  Tps=0.0106
   feasible 

  12R : [ 13422.50 ,  3252.49 ] → #round :   15 → [ 15020 ,  3682 ]    t=0  |  Tps=0.0
  12P : [  8828.00 , 12722.00 ] → Admissible                           t=1  |  Tps=0.0104
   feasible 

  13R : [ 14622.18 ,  3230.54 ] → #round :    9 → [ 15366 ,  3266 ]    t=0  |  Tps=0.0
  13P : [ 10674.00 , 10767.00 ] → x                                    t=1  |  Tps=0.01
  13R : [ 10674.00 , 10767.00 ] → #round :   10 → [ 12422 ,  4902 ]    t=1  |  Tps=0.0101
  13P : [  8456.00 , 10960.50 ] → x                                    t=2  |  Tps=0.02
  13R : [  8456.00 , 10960.50 ] → #round :   13 → [ 13290 ,  5194 ]    t=2  |  Tps=0.02
  13P : [  8957.52 ,  8823.85 ] → x                                    t=3  |  Tps=0.0295
  13R : [  8957.52 ,  8823.85 ] → #round :   13 → [ 11914 ,  4410 ]    t=3  |  Tps=0.0295
  13P : [  8957.52 ,  8823.85 ] → x                                    t=4  |  Tps=0.0391
  13R : [  8957.52 ,  8823.85 ] → #round :   13 → [ 11914 ,  4410 ]    t=4  |  Tps=0.0392
CYCLE!!!!!!!!!!!!!!!
  13C : [ 13356.00 , 16674.00 ] 
  13P : [  8679.00 , 15335.00 ] → x                                    t=5  |  Tps=0.0491
  13R : [  8679.00 , 15335.00 ] → #round :   11 → [  7728 ,  3358 ]    t=5  |  Tps=0.0491
  13P : [  9474.00 , 14032.00 ] → Admissible                           t=6  |  Tps=0.0589
   feasible 


5) Extraction des resultats

  Nombre de cycle : 5
   1  : [ 11908.00 , 10106.00 ] → Admissible 
   2  : [  6758.00 ,  9874.00 ] → x          
   3  : [  4632.00 ,  7738.00 ] → Admissible 
   4  : [  4632.00 ,  7738.00 ] → Admissible 
   5  : [  4632.00 ,  7738.00 ] → Admissible 
   6  : [  4632.00 ,  7738.00 ] → Admissible 
   7  : [  4632.00 ,  7738.00 ] → Admissible 
   8  : [ 10318.00 ,  9052.00 ] → Admissible 
   9  : [ 11444.00 ,  5626.00 ] → Admissible 
  10  : [ 10104.00 ,  6784.00 ] → Admissible 
  11  : [  8266.00 , 11914.00 ] → Admissible 
  12  : [  8828.00 , 12722.00 ] → Admissible 
  13  : [  9474.00 , 14032.00 ] → Admissible 

6) Edition des resultats 

#U = 3
X_EBP = [4632, 10104, 11444]
Y_EBP = [7738, 6784, 5626]
XN = [3942, 4600, 4632, 7306, 10364, 12222, 13394, 14724]
YN = [10964, 8776, 7738, 6000, 5586, 5290, 4844, 4628]
Quality measure: 83.78 %
  0.710969 seconds (4.53 M allocations: 425.110 MiB, 4.55% gc time)
