0) instance et parametres 

  instance = sppnw39.txt | tailleSampling = 10 | maxTrial = 5 | maxTime = 9223372036854775807


1) calcule les etendues de valeurs sur les 2 objectifs

  f1_min= 9868.50 ↔ f1_max=23790.46 (Δ=13921.96) 
  f2_min= 9367.38 ↔ f2_max=19705.50 (Δ=10338.12) 

2) calcule les generateurs par e-contrainte alternant minimiser z1 et z2

  z1  1 : ϵ = 19705.50  fRL =  9868.50  [  9868.50 , 19705.50 ] 
  z2  1 : ϵ = 23790.46  fRL =  9367.38  [ 23797.35 ,  9369.79 ] 
  z1  2 : ϵ = 18556.82  fRL =  9943.23  [  9938.12 , 18554.96 ] 
  z2  2 : ϵ = 22243.58  fRL =  9422.84  [ 22239.48 ,  9423.29 ] 
  z1  3 : ϵ = 17408.14  fRL = 10491.10  [ 10491.22 , 17405.09 ] 
  z2  3 : ϵ = 20696.69  fRL =  9478.29  [ 20697.58 ,  9478.18 ] 
  z1  4 : ϵ = 16259.46  fRL = 11038.98  [ 11036.21 , 16252.71 ] 
  z2  4 : ϵ = 19149.81  fRL =  9533.74  [ 19154.02 ,  9533.35 ] 
  z1  5 : ϵ = 15110.78  fRL = 11691.29  [ 11690.31 , 15109.34 ] 
  z2  5 : ϵ = 17602.92  fRL =  9591.65  [ 17594.18 ,  9589.60 ] 
  z1  6 : ϵ = 13962.10  fRL = 12522.62  [ 12523.85 , 13964.24 ] 
  z2  6 : ϵ = 16056.04  fRL =  9887.06  [ 16071.44 ,  9896.21 ] 
  z1  7 : ϵ = 12813.42  fRL = 13353.95  [ 13359.95 , 12811.45 ] 
  z2  7 : ϵ = 14509.15  fRL = 11290.81  [ 14505.66 , 11291.34 ] 
  z1  8 : ϵ = 11664.74  fRL = 14219.46  [ 14217.42 , 11667.39 ] 
  z2  8 : ϵ = 12962.27  fRL = 13354.62  [ 12960.06 , 13353.83 ] 

  → Allocation memoire pour 15 generateurs

3) place L dans structure et verifie l'admissibilite de chaque generateur

   1  : [  9868.50 , 19705.50 ] → x          
   2  : [  9938.12 , 18554.96 ] → x          
   3  : [ 10491.22 , 17405.09 ] → x          
   4  : [ 11036.21 , 16252.71 ] → x          
   5  : [ 11690.31 , 15109.34 ] → x          
   6  : [ 12523.85 , 13964.24 ] → x          
   7  : [ 13359.95 , 12811.45 ] → x          
   8  : [ 14217.42 , 11667.39 ] → x          
   9  : [ 14505.66 , 11291.34 ] → x          
  10  : [ 16071.44 ,  9896.21 ] → x          
  11  : [ 17594.18 ,  9589.60 ] → x          
  12  : [ 19154.02 ,  9533.35 ] → x          
  13  : [ 20697.58 ,  9478.18 ] → x          
  14  : [ 22239.48 ,  9423.29 ] → x          
  15  : [ 23797.35 ,  9369.79 ] → x          

  k=   1     xm= 9868.50   ym= 19705.50   Δx= 13928.85    Δy=     0.00   λ1= 0.00000    λ2= 1.00000 
  k=   2     xm= 9938.12   ym= 18554.96   Δx= 13859.23    Δy=  1150.54   λ1= 0.07665    λ2= 0.92335 
  k=   3     xm= 10491.22   ym= 17405.09   Δx= 13306.13    Δy=  2300.41   λ1= 0.14740    λ2= 0.85260 
  k=   4     xm= 11036.21   ym= 16252.71   Δx= 12761.14    Δy=  3452.79   λ1= 0.21295    λ2= 0.78705 
  k=   5     xm= 11690.31   ym= 15109.34   Δx= 12107.04    Δy=  4596.16   λ1= 0.27517    λ2= 0.72483 
  k=   6     xm= 12523.85   ym= 13964.24   Δx= 11273.50    Δy=  5741.26   λ1= 0.33743    λ2= 0.66257 
  k=   7     xm= 13359.95   ym= 12811.45   Δx= 10437.40    Δy=  6894.05   λ1= 0.39778    λ2= 0.60222 
  k=   8     xm= 14217.42   ym= 11667.39   Δx=  9579.93    Δy=  8038.11   λ1= 0.45624    λ2= 0.54376 
  k=   9     xm= 14505.66   ym= 11291.34   Δx=  9291.69    Δy=  8414.16   λ1= 0.47522    λ2= 0.52478 
  k=  10     xm= 16071.44   ym= 9896.21   Δx=  7725.91    Δy=  9809.29   λ1= 0.55941    λ2= 0.44059 
  k=  11     xm= 17594.18   ym= 9589.60   Δx=  6203.17    Δy= 10115.90   λ1= 0.61988    λ2= 0.38012 
  k=  12     xm= 19154.02   ym= 9533.35   Δx=  4643.33    Δy= 10172.15   λ1= 0.68659    λ2= 0.31341 
  k=  13     xm= 20697.58   ym= 9478.18   Δx=  3099.77    Δy= 10227.32   λ1= 0.76741    λ2= 0.23259 
  k=  14     xm= 22239.48   ym= 9423.29   Δx=  1557.87    Δy= 10282.21   λ1= 0.86842    λ2= 0.13158 
  k=  15     xm= 23797.35   ym= 9369.79   Δx=     0.00    Δy= 10335.71   λ1= 1.00000    λ2= 0.00000 
4) terraformation generateur par generateur 

   1R : [  9868.50 , 19705.50 ] → #round :    3 → [ 11313 , 20475 ]    t=0  |  Tps=0.0
   1P : [ 11451.36 , 19324.96 ] → x                                    t=1  |  Tps=0.0026
   1R : [ 11451.36 , 19324.96 ] → #round :    4 → [ 14238 , 21219 ]    t=1  |  Tps=0.0027
   1P : [ 14122.72 , 18863.12 ] → x                                    t=2  |  Tps=0.0051
   1R : [ 14122.72 , 18863.12 ] → #round :    6 → [ 14238 , 21219 ]    t=2  |  Tps=0.0051
CYCLE!!!!!!!!!!!!!!!
   1C : [ 15483.00 , 17274.00 ] 
   1P : [ 14000.25 , 16534.50 ] → x                                    t=3  |  Tps=0.0076
   1R : [ 14000.25 , 16534.50 ] → #round :    7 → [ 11907 , 18912 ]    t=3  |  Tps=0.0076
   1P : [ 14000.25 , 16534.50 ] → x                                    t=4  |  Tps=0.0102
   1R : [ 14000.25 , 16534.50 ] → #round :    7 → [ 11907 , 18912 ]    t=4  |  Tps=0.0102
CYCLE!!!!!!!!!!!!!!!
   1C : [ 15981.00 , 16167.00 ] 
   1P : [ 14040.00 , 16468.50 ] → x                                    t=5  |  Tps=0.0127
   1R : [ 14040.00 , 16468.50 ] → #round :    8 → [ 11907 , 18912 ]    t=5  |  Tps=0.0127
CYCLE!!!!!!!!!!!!!!!
   1C : [ 19092.00 , 16671.00 ] 
   1P : [ 13968.38 , 17280.72 ] → x                                    t=6  |  Tps=0.0153
   1R : [ 13968.38 , 17280.72 ] → #round :    7 → [ 12372 , 18390 ]    t=6  |  Tps=0.0153
   maxTrial 

   2R : [  9938.12 , 18554.96 ] → #round :    7 → [ 11484 , 19266 ]    t=0  |  Tps=0.0
   2P : [ 10002.00 , 18721.50 ] → x                                    t=1  |  Tps=0.0026
   2R : [ 10002.00 , 18721.50 ] → #round :    3 → [ 11484 , 19266 ]    t=1  |  Tps=0.0026
CYCLE!!!!!!!!!!!!!!!
   2C : [ 11193.00 , 21153.00 ] 
   2P : [ 10002.00 , 18721.50 ] → x                                    t=2  |  Tps=0.0052
   2R : [ 10002.00 , 18721.50 ] → #round :    3 → [ 11484 , 19266 ]    t=2  |  Tps=0.0052
CYCLE!!!!!!!!!!!!!!!
   2C : [ 11193.00 , 21153.00 ] 
   2P : [ 10002.00 , 18721.50 ] → x                                    t=3  |  Tps=0.0077
   2R : [ 10002.00 , 18721.50 ] → #round :    3 → [ 11484 , 19266 ]    t=3  |  Tps=0.0077
CYCLE!!!!!!!!!!!!!!!
   2C : [  9249.00 , 16029.00 ] 
   2P : [ 11264.98 , 19030.00 ] → x                                    t=4  |  Tps=0.0103
   2R : [ 11264.98 , 19030.00 ] → #round :    4 → [ 13119 , 19908 ]    t=4  |  Tps=0.0103
   2P : [ 11676.00 , 18745.50 ] → x                                    t=5  |  Tps=0.0127
   2R : [ 11676.00 , 18745.50 ] → #round :    3 → [ 14103 , 21462 ]    t=5  |  Tps=0.0127
   2P : [ 11676.00 , 18745.50 ] → x                                    t=6  |  Tps=0.0153
   2R : [ 11676.00 , 18745.50 ] → #round :    3 → [ 14103 , 21462 ]    t=6  |  Tps=0.0153
CYCLE!!!!!!!!!!!!!!!
   2C : [ 12252.00 , 19971.00 ] 
   maxTrial 

   3R : [ 10491.22 , 17405.09 ] → #round :    7 → [ 11484 , 19266 ]    t=0  |  Tps=0.0
   3P : [ 10002.00 , 18721.50 ] → x                                    t=1  |  Tps=0.0027
   3R : [ 10002.00 , 18721.50 ] → #round :    3 → [ 11484 , 19266 ]    t=1  |  Tps=0.0027
CYCLE!!!!!!!!!!!!!!!
   3C : [ 11193.00 , 21153.00 ] 
   3P : [ 10002.00 , 18721.50 ] → x                                    t=2  |  Tps=0.0054
   3R : [ 10002.00 , 18721.50 ] → #round :    3 → [ 11484 , 19266 ]    t=2  |  Tps=0.0054
CYCLE!!!!!!!!!!!!!!!
   3C : [ 11193.00 , 21153.00 ] 
   3P : [ 10002.00 , 18721.50 ] → x                                    t=3  |  Tps=0.0078
   3R : [ 10002.00 , 18721.50 ] → #round :    3 → [ 11484 , 19266 ]    t=3  |  Tps=0.0078
CYCLE!!!!!!!!!!!!!!!
   3C : [ 10755.00 , 21414.00 ] 
   3P : [ 10002.00 , 18721.50 ] → x                                    t=4  |  Tps=0.0103
   3R : [ 10002.00 , 18721.50 ] → #round :    3 → [ 11484 , 19266 ]    t=4  |  Tps=0.0103
CYCLE!!!!!!!!!!!!!!!
   3C : [  8520.00 , 18177.00 ] 
   3P : [ 11049.38 , 19225.48 ] → x                                    t=5  |  Tps=0.0126
   3R : [ 11049.38 , 19225.48 ] → #round :    7 → [ 13023 , 20295 ]    t=5  |  Tps=0.0126
   3P : [ 11049.38 , 19225.48 ] → x                                    t=6  |  Tps=0.0151
   3R : [ 11049.38 , 19225.48 ] → #round :    7 → [ 13023 , 20295 ]    t=6  |  Tps=0.0151
CYCLE!!!!!!!!!!!!!!!
   3C : [ 16668.00 , 23307.00 ] 
   maxTrial 

   4R : [ 11036.21 , 16252.71 ] → #round :    7 → [ 13140 , 17757 ]    t=0  |  Tps=0.0
   4P : [ 11264.98 , 19030.00 ] → x                                    t=1  |  Tps=0.0027
   4R : [ 11264.98 , 19030.00 ] → #round :    4 → [ 13119 , 19908 ]    t=1  |  Tps=0.0027
   4P : [ 11676.00 , 18745.50 ] → x                                    t=2  |  Tps=0.0055
   4R : [ 11676.00 , 18745.50 ] → #round :    3 → [ 14103 , 21462 ]    t=2  |  Tps=0.0055
   4P : [ 11676.00 , 18745.50 ] → x                                    t=3  |  Tps=0.0079
   4R : [ 11676.00 , 18745.50 ] → #round :    3 → [ 14103 , 21462 ]    t=3  |  Tps=0.0079
CYCLE!!!!!!!!!!!!!!!
   4C : [  9249.00 , 16029.00 ] 
   4P : [ 11264.98 , 19030.00 ] → x                                    t=4  |  Tps=0.0105
   4R : [ 11264.98 , 19030.00 ] → #round :    4 → [ 13119 , 19908 ]    t=4  |  Tps=0.0105
CYCLE!!!!!!!!!!!!!!!
   4C : [ 11433.00 , 21162.00 ] 
   4P : [ 10585.50 , 21781.50 ] → x                                    t=5  |  Tps=0.0132
   4R : [ 10585.50 , 21781.50 ] → #round :    4 → [ 12192 , 20622 ]    t=5  |  Tps=0.0132
   4P : [ 11733.00 , 18861.00 ] → x                                    t=6  |  Tps=0.0158
   4R : [ 11733.00 , 18861.00 ] → #round :    3 → [ 11274 , 17100 ]    t=6  |  Tps=0.0158
   maxTrial 

   5R : [ 11690.31 , 15109.34 ] → #round :   11 → [ 13140 , 17757 ]    t=0  |  Tps=0.0
   5P : [ 11264.98 , 19030.00 ] → x                                    t=1  |  Tps=0.0026
   5R : [ 11264.98 , 19030.00 ] → #round :    4 → [ 13119 , 19908 ]    t=1  |  Tps=0.0026
   5P : [ 11676.00 , 18745.50 ] → x                                    t=2  |  Tps=0.0052
   5R : [ 11676.00 , 18745.50 ] → #round :    3 → [ 14103 , 21462 ]    t=2  |  Tps=0.0052
   5P : [ 11676.00 , 18745.50 ] → x                                    t=3  |  Tps=0.0076
   5R : [ 11676.00 , 18745.50 ] → #round :    3 → [ 14103 , 21462 ]    t=3  |  Tps=0.0076
CYCLE!!!!!!!!!!!!!!!
   5C : [ 11100.00 , 17520.00 ] 
   5P : [ 13005.00 , 21645.00 ] → Admissible                           t=4  |  Tps=0.0104
   feasible 

   6R : [ 12523.85 , 13964.24 ] → #round :   11 → [ 14871 , 16884 ]    t=0  |  Tps=0.0
   6P : [ 12826.21 , 16746.40 ] → x                                    t=1  |  Tps=0.0024
   6R : [ 12826.21 , 16746.40 ] → #round :    9 → [ 13545 , 16200 ]    t=1  |  Tps=0.0025
   6P : [ 11264.98 , 19030.00 ] → x                                    t=2  |  Tps=0.005
   6R : [ 11264.98 , 19030.00 ] → #round :    4 → [ 13119 , 19908 ]    t=2  |  Tps=0.005
   6P : [ 11676.00 , 18745.50 ] → x                                    t=3  |  Tps=0.0075
   6R : [ 11676.00 , 18745.50 ] → #round :    3 → [ 11100 , 17520 ]    t=3  |  Tps=0.0076
   6P : [ 13005.00 , 21645.00 ] → Admissible                           t=4  |  Tps=0.0103
   feasible 

   7R : [ 13359.95 , 12811.45 ] → #round :   11 → [ 14946 , 15987 ]    t=0  |  Tps=0.0
   7P : [ 12097.50 , 14890.50 ] → x                                    t=1  |  Tps=0.0026
   7R : [ 12097.50 , 14890.50 ] → #round :    5 → [ 13140 , 17757 ]    t=1  |  Tps=0.0026
   7P : [ 11264.98 , 19030.00 ] → x                                    t=2  |  Tps=0.0051
   7R : [ 11264.98 , 19030.00 ] → #round :    4 → [ 13119 , 19908 ]    t=2  |  Tps=0.0051
   7P : [ 11676.00 , 18745.50 ] → x                                    t=3  |  Tps=0.0079
   7R : [ 11676.00 , 18745.50 ] → #round :    3 → [ 11100 , 17520 ]    t=3  |  Tps=0.0079
   7P : [ 13005.00 , 21645.00 ] → Admissible                           t=4  |  Tps=0.0107
   feasible 

   8R : [ 14217.42 , 11667.39 ] → #round :   11 → [ 17238 , 11793 ]    t=0  |  Tps=0.0
   8P : [ 15171.00 , 11130.75 ] → x                                    t=1  |  Tps=0.0026
   8R : [ 15171.00 , 11130.75 ] → #round :    6 → [ 17289 , 12378 ]    t=1  |  Tps=0.0027
   8P : [ 14172.00 , 12201.00 ] → x                                    t=2  |  Tps=0.0052
   8R : [ 14172.00 , 12201.00 ] → #round :    3 → [ 17289 , 12378 ]    t=2  |  Tps=0.0053
CYCLE!!!!!!!!!!!!!!!
   8C : [ 11055.00 , 12024.00 ] 
   8P : [ 14379.00 , 16764.00 ] → Admissible                           t=3  |  Tps=0.0078
   feasible 

   9R : [ 14505.66 , 11291.34 ] → #round :   13 → [ 17238 , 11793 ]    t=0  |  Tps=0.0
   9P : [ 15171.00 , 11130.75 ] → x                                    t=1  |  Tps=0.0027
   9R : [ 15171.00 , 11130.75 ] → #round :    6 → [ 17289 , 12378 ]    t=1  |  Tps=0.0027
   9P : [ 14172.00 , 12201.00 ] → x                                    t=2  |  Tps=0.0054
   9R : [ 14172.00 , 12201.00 ] → #round :    3 → [ 17289 , 12378 ]    t=2  |  Tps=0.0054
CYCLE!!!!!!!!!!!!!!!
   9C : [ 15510.00 , 14712.00 ] 
   9P : [ 14172.00 , 12201.00 ] → x                                    t=3  |  Tps=0.0082
   9R : [ 14172.00 , 12201.00 ] → #round :    3 → [ 17289 , 12378 ]    t=3  |  Tps=0.0082
CYCLE!!!!!!!!!!!!!!!
   9C : [ 14946.00 , 13752.00 ] 
   9P : [ 14172.00 , 12201.00 ] → x                                    t=4  |  Tps=0.0109
   9R : [ 14172.00 , 12201.00 ] → #round :    3 → [ 17289 , 12378 ]    t=4  |  Tps=0.0109
CYCLE!!!!!!!!!!!!!!!
   9C : [ 15510.00 , 14712.00 ] 
   9P : [ 14172.00 , 12201.00 ] → x                                    t=5  |  Tps=0.0141
   9R : [ 14172.00 , 12201.00 ] → #round :    3 → [ 17289 , 12378 ]    t=5  |  Tps=0.0142
CYCLE!!!!!!!!!!!!!!!
   9C : [ 11055.00 , 12024.00 ] 
   9P : [ 14379.00 , 16764.00 ] → Admissible                           t=6  |  Tps=0.017
   feasible 

  10R : [ 16071.44 ,  9896.21 ] → #round :   14 → [ 19131 , 11394 ]    t=0  |  Tps=0.0
  10P : [ 15168.00 , 15297.00 ] → Admissible                           t=1  |  Tps=0.0027
   feasible 

  11R : [ 17594.18 ,  9589.60 ] → #round :   13 → [ 19131 , 11394 ]    t=0  |  Tps=0.0
  11P : [ 15168.00 , 15297.00 ] → Admissible                           t=1  |  Tps=0.0026
   feasible 

  12R : [ 19154.02 ,  9533.35 ] → #round :   14 → [ 17802 , 12105 ]    t=0  |  Tps=0.0
  12P : [ 15168.00 , 15297.00 ] → Admissible                           t=1  |  Tps=0.0026
   feasible 

  13R : [ 20697.58 ,  9478.18 ] → #round :   14 → [ 26700 , 10617 ]    t=0  |  Tps=0.0
  13P : [ 22287.00 , 14817.00 ] → Admissible                           t=1  |  Tps=0.0024
   feasible 

  14R : [ 22239.48 ,  9423.29 ] → #round :   14 → [ 23235 , 13062 ]    t=0  |  Tps=0.0
  14P : [ 25851.00 , 13197.00 ] → Admissible                           t=1  |  Tps=0.0024
   feasible 

  15R : [ 23797.35 ,  9369.79 ] → #round :   13 → [ 25353 ,  9777 ]    t=0  |  Tps=0.0
  15P : [ 25851.00 , 13197.00 ] → Admissible                           t=1  |  Tps=0.0026
   feasible 


5) Extraction des resultats

  Nombre de cycle : 20
   1  : [ 12372.00 , 18390.00 ] → x          
   2  : [ 12252.00 , 19971.00 ] → x          
   3  : [ 16668.00 , 23307.00 ] → x          
   4  : [ 11274.00 , 17100.00 ] → x          
   5  : [ 13005.00 , 21645.00 ] → Admissible 
   6  : [ 13005.00 , 21645.00 ] → Admissible 
   7  : [ 13005.00 , 21645.00 ] → Admissible 
   8  : [ 14379.00 , 16764.00 ] → Admissible 
   9  : [ 14379.00 , 16764.00 ] → Admissible 
  10  : [ 15168.00 , 15297.00 ] → Admissible 
  11  : [ 15168.00 , 15297.00 ] → Admissible 
  12  : [ 15168.00 , 15297.00 ] → Admissible 
  13  : [ 22287.00 , 14817.00 ] → Admissible 
  14  : [ 25851.00 , 13197.00 ] → Admissible 
  15  : [ 25851.00 , 13197.00 ] → Admissible 

6) Edition des resultats 

#U = 5
X_EBP = [13005, 14379, 15168, 22287, 25851]
Y_EBP = [21645, 16764, 15297, 14817, 13197]
XN = [10080, 10512, 10545, 13461, 14157, 17439, 17979, 21036, 21171, 22038, 25848, 26367]
YN = [20349, 20040, 18408, 18162, 14415, 14109, 13695, 13467, 12777, 12045, 10956, 10527]
Quality measure: 65.90 %
  0.434056 seconds (1.87 M allocations: 185.627 MiB, 3.37% gc time)
