0) instance et parametres 

  instance = sppnw17.txt | tailleSampling = 10 | maxTrial = 5 | maxTime = 9223372036854775807


1) calcule les etendues de valeurs sur les 2 objectifs

  f1_min=10875.75 ↔ f1_max=38491.44 (Δ=27615.69) 
  f2_min=13877.23 ↔ f2_max=50917.50 (Δ=37040.27) 

2) calcule les generateurs par e-contrainte alternant minimiser z1 et z2

  z1  1 : ϵ = 50917.50  fRL = 10875.75  [ 10875.75 , 50917.50 ] 
  z2  1 : ϵ = 38491.44  fRL = 13877.23  [ 38513.45 , 13884.36 ] 
  z1  2 : ϵ = 46801.91  fRL = 10919.36  [ 10920.90 , 46804.03 ] 
  z2  2 : ϵ = 35423.03  fRL = 14009.61  [ 35431.04 , 14011.99 ] 
  z1  3 : ϵ = 42686.33  fRL = 11030.45  [ 11030.49 , 42685.32 ] 
  z2  3 : ϵ = 32354.62  fRL = 14308.33  [ 32352.42 , 14309.73 ] 
  z1  4 : ϵ = 38570.74  fRL = 11240.25  [ 11240.08 , 38573.85 ] 
  z2  4 : ϵ = 29286.21  fRL = 14698.12  [ 29281.25 , 14696.67 ] 
  z1  5 : ϵ = 34455.16  fRL = 11739.01  [ 11735.58 , 34446.67 ] 
  z2  5 : ϵ = 26217.80  fRL = 15399.28  [ 26204.32 , 15392.59 ] 
  z1  6 : ϵ = 30339.57  fRL = 12562.87  [ 12560.21 , 30336.05 ] 
  z2  6 : ϵ = 23149.39  fRL = 16406.83  [ 23155.42 , 16407.78 ] 
  z1  7 : ϵ = 26223.99  fRL = 13912.80  [ 13916.98 , 26228.12 ] 
  z2  7 : ϵ = 20080.98  fRL = 18314.63  [ 20083.40 , 18315.62 ] 
  z1  8 : ϵ = 22108.40  fRL = 16443.42  [ 16442.56 , 22108.56 ] 
  z2  8 : ϵ = 17012.57  fRL = 21435.60  [ 17017.36 , 21436.90 ] 
  z1  9 : ϵ = 17992.82  fRL = 20453.78  [ 20439.06 , 17985.92 ] 

  → Allocation memoire pour 16 generateurs

3) place L dans structure et verifie l'admissibilite de chaque generateur

   1  : [ 10875.75 , 50917.50 ] → x          
   2  : [ 10920.90 , 46804.03 ] → x          
   3  : [ 11030.49 , 42685.32 ] → x          
   4  : [ 11240.08 , 38573.85 ] → x          
   5  : [ 11735.58 , 34446.67 ] → x          
   6  : [ 12560.21 , 30336.05 ] → x          
   7  : [ 13916.98 , 26228.12 ] → x          
   8  : [ 16442.56 , 22108.56 ] → x          
   9  : [ 17017.36 , 21436.90 ] → x          
  10  : [ 20083.40 , 18315.62 ] → x          
  11  : [ 23155.42 , 16407.78 ] → x          
  12  : [ 26204.32 , 15392.59 ] → x          
  13  : [ 29281.25 , 14696.67 ] → x          
  14  : [ 32352.42 , 14309.73 ] → x          
  15  : [ 35431.04 , 14011.99 ] → x          
  16  : [ 38513.45 , 13884.36 ] → x          

  k=   1     xm= 10875.75   ym= 50917.50   Δx= 27637.70    Δy=     0.00   λ1= 0.00000    λ2= 1.00000 
  k=   2     xm= 10920.90   ym= 46804.03   Δx= 27592.55    Δy=  4113.47   λ1= 0.12974    λ2= 0.87026 
  k=   3     xm= 11030.49   ym= 42685.32   Δx= 27482.96    Δy=  8232.18   λ1= 0.23050    λ2= 0.76950 
  k=   4     xm= 11240.08   ym= 38573.85   Δx= 27273.37    Δy= 12343.65   λ1= 0.31157    λ2= 0.68843 
  k=   5     xm= 11735.58   ym= 34446.67   Δx= 26777.87    Δy= 16470.83   λ1= 0.38084    λ2= 0.61916 
  k=   6     xm= 12560.21   ym= 30336.05   Δx= 25953.24    Δy= 20581.45   λ1= 0.44228    λ2= 0.55772 
  k=   7     xm= 13916.98   ym= 26228.12   Δx= 24596.47    Δy= 24689.38   λ1= 0.50094    λ2= 0.49906 
  k=   8     xm= 16442.56   ym= 22108.56   Δx= 22070.89    Δy= 28808.94   λ1= 0.56622    λ2= 0.43378 
  k=   9     xm= 17017.36   ym= 21436.90   Δx= 21496.09    Δy= 29480.60   λ1= 0.57832    λ2= 0.42168 
  k=  10     xm= 20083.40   ym= 18315.62   Δx= 18430.05    Δy= 32601.88   λ1= 0.63885    λ2= 0.36115 
  k=  11     xm= 23155.42   ym= 16407.78   Δx= 15358.03    Δy= 34509.72   λ1= 0.69202    λ2= 0.30798 
  k=  12     xm= 26204.32   ym= 15392.59   Δx= 12309.13    Δy= 35524.91   λ1= 0.74267    λ2= 0.25733 
  k=  13     xm= 29281.25   ym= 14696.67   Δx=  9232.20    Δy= 36220.83   λ1= 0.79688    λ2= 0.20312 
  k=  14     xm= 32352.42   ym= 14309.73   Δx=  6161.03    Δy= 36607.77   λ1= 0.85595    λ2= 0.14405 
  k=  15     xm= 35431.04   ym= 14011.99   Δx=  3082.41    Δy= 36905.51   λ1= 0.92292    λ2= 0.07708 
  k=  16     xm= 38513.45   ym= 13884.36   Δx=     0.00    Δy= 37033.14   λ1= 1.00000    λ2= 0.00000 
4) terraformation generateur par generateur 

   1R : [ 10875.75 , 50917.50 ] → #round :   22 → [ 10995 , 50046 ]    t=0  |  Tps=0.0022
   1P : [ 16761.34 , 45486.19 ] → x                                    t=1  |  Tps=1.2209
   1R : [ 16761.34 , 45486.19 ] → #round :    8 → [ 13494 , 45783 ]    t=1  |  Tps=1.2219
   1P : [ 16156.51 , 46213.14 ] → x                                    t=2  |  Tps=2.4397
   1R : [ 16156.51 , 46213.14 ] → #round :   10 → [ 12585 , 45735 ]    t=2  |  Tps=2.4408
   1P : [ 15108.67 , 47083.52 ] → x                                    t=3  |  Tps=3.7454
   1R : [ 15108.67 , 47083.52 ] → #round :   24 → [ 13029 , 49854 ]    t=3  |  Tps=3.7476
   1P : [ 14902.50 , 49215.00 ] → x                                    t=4  |  Tps=5.1543
   1R : [ 14902.50 , 49215.00 ] → #round :    4 → [ 13029 , 49854 ]    t=4  |  Tps=5.155
CYCLE!!!!!!!!!!!!!!!
   1C : [ 16776.00 , 48576.00 ] 
   1P : [ 17391.00 , 49146.00 ] → Admissible                           t=5  |  Tps=6.5932
   feasible 

   2R : [ 10920.90 , 46804.03 ] → #round :   30 → [ 11613 , 48951 ]    t=0  |  Tps=0.0031
   2P : [ 18216.08 , 42180.66 ] → x                                    t=1  |  Tps=1.1654
   2R : [ 18216.08 , 42180.66 ] → #round :   33 → [ 12711 , 47064 ]    t=1  |  Tps=1.1686
   2P : [ 19298.68 , 42333.56 ] → x                                    t=2  |  Tps=2.3787
   2R : [ 19298.68 , 42333.56 ] → #round :   31 → [ 11796 , 43410 ]    t=2  |  Tps=2.3817
   2P : [ 18867.09 , 41816.96 ] → x                                    t=3  |  Tps=3.5304
   2R : [ 18867.09 , 41816.96 ] → #round :   26 → [ 11736 , 44058 ]    t=3  |  Tps=3.5331
   2P : [ 19298.68 , 42333.56 ] → x                                    t=4  |  Tps=4.6753
   2R : [ 19298.68 , 42333.56 ] → #round :   31 → [ 11796 , 43410 ]    t=4  |  Tps=4.6781
CYCLE!!!!!!!!!!!!!!!
   2C : [ 60258.00 , 49914.00 ] 
   2P : [ 23293.40 , 37869.63 ] → x                                    t=5  |  Tps=5.8198
   2R : [ 23293.40 , 37869.63 ] → #round :   30 → [ 11823 , 35541 ]    t=5  |  Tps=5.8225
   2P : [ 21416.18 , 37980.53 ] → x                                    t=6  |  Tps=7.0589
   2R : [ 21416.18 , 37980.53 ] → #round :   22 → [ 11847 , 37410 ]    t=6  |  Tps=7.0611
   maxTrial 

   3R : [ 11030.49 , 42685.32 ] → #round :   16 → [ 12153 , 45702 ]    t=0  |  Tps=0.0018
   3P : [ 16882.46 , 40563.13 ] → x                                    t=1  |  Tps=1.1083
   3R : [ 16882.46 , 40563.13 ] → #round :   21 → [ 12144 , 43422 ]    t=1  |  Tps=1.1105
   3P : [ 17359.36 , 39726.38 ] → x                                    t=2  |  Tps=2.3513
   3R : [ 17359.36 , 39726.38 ] → #round :   19 → [ 13335 , 44208 ]    t=2  |  Tps=2.3532
   3P : [ 17333.25 , 42884.25 ] → x                                    t=3  |  Tps=3.55
   3R : [ 17333.25 , 42884.25 ] → #round :   11 → [ 11250 , 42774 ]    t=3  |  Tps=3.5513
   3P : [ 18048.78 , 43176.14 ] → x                                    t=4  |  Tps=4.76
   3R : [ 18048.78 , 43176.14 ] → #round :   18 → [ 12402 , 44007 ]    t=4  |  Tps=4.7619
   3P : [ 14667.00 , 42765.00 ] → Admissible                           t=5  |  Tps=5.9442
   feasible 

   4R : [ 11240.08 , 38573.85 ] → #round :   16 → [ 12072 , 36990 ]    t=0  |  Tps=0.0017
   4P : [ 14968.20 , 33675.60 ] → x                                    t=1  |  Tps=1.1748
   4R : [ 14968.20 , 33675.60 ] → #round :   20 → [ 13101 , 40416 ]    t=1  |  Tps=1.1769
   4P : [ 14743.16 , 33536.84 ] → x                                    t=2  |  Tps=2.4195
   4R : [ 14743.16 , 33536.84 ] → #round :   30 → [ 12231 , 40065 ]    t=2  |  Tps=2.4223
   4P : [ 15434.11 , 35168.57 ] → x                                    t=3  |  Tps=3.697
   4R : [ 15434.11 , 35168.57 ] → #round :   31 → [ 14925 , 41865 ]    t=3  |  Tps=3.7
   4P : [ 16008.81 , 34949.11 ] → x                                    t=4  |  Tps=4.9506
   4R : [ 16008.81 , 34949.11 ] → #round :   26 → [ 11760 , 40698 ]    t=4  |  Tps=4.9532
   4P : [ 15882.39 , 36193.99 ] → x                                    t=5  |  Tps=6.1369
   4R : [ 15882.39 , 36193.99 ] → #round :   24 → [ 11748 , 38655 ]    t=5  |  Tps=6.1392
   4P : [ 16713.36 , 37242.52 ] → x                                    t=6  |  Tps=7.3899
   4R : [ 16713.36 , 37242.52 ] → #round :   16 → [ 12498 , 38754 ]    t=6  |  Tps=7.3916
   maxTrial 

   5R : [ 11735.58 , 34446.67 ] → #round :   33 → [ 12150 , 35535 ]    t=0  |  Tps=0.0031
   5P : [ 14244.86 , 33233.20 ] → x                                    t=1  |  Tps=1.1422
   5R : [ 14244.86 , 33233.20 ] → #round :   30 → [ 12486 , 36342 ]    t=1  |  Tps=1.145
   5P : [ 17708.32 , 37751.70 ] → x                                    t=2  |  Tps=2.3342
   5R : [ 17708.32 , 37751.70 ] → #round :   25 → [ 12876 , 35826 ]    t=2  |  Tps=2.3368
   5P : [ 15577.50 , 38814.75 ] → x                                    t=3  |  Tps=3.5352
   5R : [ 15577.50 , 38814.75 ] → #round :   12 → [ 13410 , 35127 ]    t=3  |  Tps=3.5365
   5P : [ 19641.38 , 37545.93 ] → x                                    t=4  |  Tps=4.7945
   5R : [ 19641.38 , 37545.93 ] → #round :    8 → [ 13521 , 35667 ]    t=4  |  Tps=4.7955
   5P : [ 19404.00 , 38421.00 ] → Admissible                           t=5  |  Tps=5.9327
   feasible 

   6R : [ 12560.21 , 30336.05 ] → #round :   39 → [ 13143 , 29298 ]    t=0  |  Tps=0.0035
   6P : [ 15097.83 , 28804.32 ] → x                                    t=1  |  Tps=1.171
   6R : [ 15097.83 , 28804.32 ] → #round :   29 → [ 14850 , 32193 ]    t=1  |  Tps=1.1738
   6P : [ 15139.17 , 29190.16 ] → x                                    t=2  |  Tps=2.3406
   6R : [ 15139.17 , 29190.16 ] → #round :   33 → [ 14535 , 31632 ]    t=2  |  Tps=2.3436
   6P : [ 15529.79 , 31134.43 ] → x                                    t=3  |  Tps=3.5356
   6R : [ 15529.79 , 31134.43 ] → #round :   30 → [ 14709 , 31245 ]    t=3  |  Tps=3.5385
   6P : [ 16732.65 , 30654.15 ] → x                                    t=4  |  Tps=4.6964
   6R : [ 16732.65 , 30654.15 ] → #round :   20 → [ 13536 , 31938 ]    t=4  |  Tps=4.6984
   6P : [ 16038.42 , 31974.35 ] → x                                    t=5  |  Tps=5.811
   6R : [ 16038.42 , 31974.35 ] → #round :    5 → [ 14769 , 29847 ]    t=5  |  Tps=5.8118
   6P : [ 17724.00 , 33711.00 ] → Admissible                           t=6  |  Tps=7.0125
   feasible 

   7R : [ 13916.98 , 26228.12 ] → #round :   43 → [ 15171 , 28257 ]    t=0  |  Tps=0.0038
   7P : [ 14609.57 , 27997.82 ] → x                                    t=1  |  Tps=1.1361
   7R : [ 14609.57 , 27997.82 ] → #round :   35 → [ 14784 , 28287 ]    t=1  |  Tps=1.1394
   7P : [ 14349.60 , 29550.00 ] → x                                    t=2  |  Tps=2.3753
   7R : [ 14349.60 , 29550.00 ] → #round :   15 → [ 15831 , 28404 ]    t=2  |  Tps=2.377
   7P : [ 15557.40 , 29241.60 ] → x                                    t=3  |  Tps=3.623
   7R : [ 15557.40 , 29241.60 ] → #round :   15 → [ 16044 , 26151 ]    t=3  |  Tps=3.6246
   7P : [ 15367.50 , 28465.50 ] → x                                    t=4  |  Tps=4.7876
   7R : [ 15367.50 , 28465.50 ] → #round :    6 → [ 14859 , 26655 ]    t=4  |  Tps=4.7885
   7P : [ 15183.00 , 28393.50 ] → x                                    t=5  |  Tps=6.1053
   7R : [ 15183.00 , 28393.50 ] → #round :    9 → [ 15609 , 29067 ]    t=5  |  Tps=6.1064
   7P : [ 14751.61 , 29566.24 ] → x                                    t=6  |  Tps=7.344
   7R : [ 14751.61 , 29566.24 ] → #round :    8 → [ 14361 , 26712 ]    t=6  |  Tps=7.3451
   maxTrial 

   8R : [ 16442.56 , 22108.56 ] → #round :   42 → [ 17865 , 23823 ]    t=0  |  Tps=0.0039
   8P : [ 17838.57 , 22682.15 ] → x                                    t=1  |  Tps=1.1952
   8R : [ 17838.57 , 22682.15 ] → #round :   31 → [ 16197 , 23520 ]    t=1  |  Tps=1.1991
   8P : [ 18557.84 , 22889.31 ] → x                                    t=2  |  Tps=2.3052
   8R : [ 18557.84 , 22889.31 ] → #round :    8 → [ 17145 , 22581 ]    t=2  |  Tps=2.3062
   8P : [ 17982.00 , 23785.50 ] → x                                    t=3  |  Tps=3.4682
   8R : [ 17982.00 , 23785.50 ] → #round :    4 → [ 19239 , 24681 ]    t=3  |  Tps=3.4689
   8P : [ 18798.00 , 27537.00 ] → Admissible                           t=4  |  Tps=4.5619
   feasible 

   9R : [ 17017.36 , 21436.90 ] → #round :   40 → [ 16683 , 21876 ]    t=0  |  Tps=0.0036
   9P : [ 17559.23 , 22186.22 ] → x                                    t=1  |  Tps=1.2664
   9R : [ 17559.23 , 22186.22 ] → #round :   31 → [ 21306 , 23292 ]    t=1  |  Tps=1.2692
   9P : [ 18891.00 , 25806.00 ] → Admissible                           t=2  |  Tps=2.4671
   feasible 

  10R : [ 20083.40 , 18315.62 ] → #round :   42 → [ 20109 , 19365 ]    t=0  |  Tps=0.0037
  10P : [ 17319.24 , 22811.72 ] → x                                    t=1  |  Tps=1.114
  10R : [ 17319.24 , 22811.72 ] → #round :   39 → [ 19989 , 18894 ]    t=1  |  Tps=1.1176
  10P : [ 18477.74 , 22262.03 ] → x                                    t=2  |  Tps=2.193
  10R : [ 18477.74 , 22262.03 ] → #round :   32 → [ 22512 , 20007 ]    t=2  |  Tps=2.196
  10P : [ 18463.65 , 22877.20 ] → x                                    t=3  |  Tps=3.3038
  10R : [ 18463.65 , 22877.20 ] → #round :   30 → [ 21714 , 18771 ]    t=3  |  Tps=3.3066
  10P : [ 18939.48 , 24152.31 ] → x                                    t=4  |  Tps=4.4201
  10R : [ 18939.48 , 24152.31 ] → #round :   29 → [ 21714 , 18771 ]    t=4  |  Tps=4.4228
CYCLE!!!!!!!!!!!!!!!
  10C : [ 38910.00 , 36921.00 ] 
  10P : [ 18803.09 , 25720.17 ] → x                                    t=5  |  Tps=5.649
  10R : [ 18803.09 , 25720.17 ] → #round :   26 → [ 21537 , 20727 ]    t=5  |  Tps=5.6516
  10P : [ 20023.55 , 25293.14 ] → x                                    t=6  |  Tps=6.8268
  10R : [ 20023.55 , 25293.14 ] → #round :   25 → [ 20262 , 20055 ]    t=6  |  Tps=6.8291
   maxTrial 

  11R : [ 23155.42 , 16407.78 ] → #round :   46 → [ 27345 , 18180 ]    t=0  |  Tps=0.0043
  11P : [ 24555.00 , 20490.00 ] → x                                    t=1  |  Tps=1.0727
  11R : [ 24555.00 , 20490.00 ] → #round :    5 → [ 23685 , 16992 ]    t=1  |  Tps=1.0735
  11P : [ 25047.00 , 22020.00 ] → Admissible                           t=2  |  Tps=2.1972
   feasible 

  12R : [ 26204.32 , 15392.59 ] → #round :   45 → [ 24849 , 17511 ]    t=0  |  Tps=0.004
  12P : [ 20526.00 , 23544.00 ] → Admissible                           t=1  |  Tps=1.1622
   feasible 

  13R : [ 29281.25 , 14696.67 ] → #round :   46 → [ 31761 , 15969 ]    t=0  |  Tps=0.0042
  13P : [ 24324.00 , 19536.00 ] → Admissible                           t=1  |  Tps=1.1908
   feasible 

  14R : [ 32352.42 , 14309.73 ] → #round :   47 → [ 32937 , 14688 ]    t=0  |  Tps=0.0042
  14P : [ 23248.12 , 25219.12 ] → x                                    t=1  |  Tps=1.1499
  14R : [ 23248.12 , 25219.12 ] → #round :   24 → [ 32730 , 18405 ]    t=1  |  Tps=1.1523
  14P : [ 23239.50 , 23779.50 ] → x                                    t=2  |  Tps=2.2766
  14R : [ 23239.50 , 23779.50 ] → #round :   15 → [ 32037 , 19089 ]    t=2  |  Tps=2.2782
  14P : [ 23239.50 , 23779.50 ] → x                                    t=3  |  Tps=3.4376
  14R : [ 23239.50 , 23779.50 ] → #round :   15 → [ 32037 , 19089 ]    t=3  |  Tps=3.4391
CYCLE!!!!!!!!!!!!!!!
  14C : [ 22032.00 , 21828.00 ] 
  14P : [ 21753.70 , 26616.77 ] → x                                    t=4  |  Tps=4.6714
  14R : [ 21753.70 , 26616.77 ] → #round :   22 → [ 30702 , 21648 ]    t=4  |  Tps=4.6737
  14P : [ 24826.50 , 29229.00 ] → x                                    t=5  |  Tps=5.9129
  14R : [ 24826.50 , 29229.00 ] → #round :   14 → [ 31431 , 25335 ]    t=5  |  Tps=5.9144
  14P : [ 24826.50 , 29229.00 ] → x                                    t=6  |  Tps=7.1155
  14R : [ 24826.50 , 29229.00 ] → #round :   14 → [ 31431 , 25335 ]    t=6  |  Tps=7.117
CYCLE!!!!!!!!!!!!!!!
  14C : [ 23712.00 , 32364.00 ] 
   maxTrial 

  15R : [ 35431.04 , 14011.99 ] → #round :   46 → [ 34968 , 16152 ]    t=0  |  Tps=0.004
  15P : [ 32931.00 , 24126.00 ] → Admissible                           t=1  |  Tps=1.1454
   feasible 

  16R : [ 38513.45 , 13884.36 ] → #round :   46 → [ 41829 , 14679 ]    t=0  |  Tps=0.0041
  16P : [ 35208.00 , 31623.00 ] → Admissible                           t=1  |  Tps=1.1234
   feasible 


5) Extraction des resultats

  Nombre de cycle : 5
   1  : [ 17391.00 , 49146.00 ] → Admissible 
   2  : [ 11847.00 , 37410.00 ] → x          
   3  : [ 14667.00 , 42765.00 ] → Admissible 
   4  : [ 12498.00 , 38754.00 ] → x          
   5  : [ 19404.00 , 38421.00 ] → Admissible 
   6  : [ 17724.00 , 33711.00 ] → Admissible 
   7  : [ 14361.00 , 26712.00 ] → x          
   8  : [ 18798.00 , 27537.00 ] → Admissible 
   9  : [ 18891.00 , 25806.00 ] → Admissible 
  10  : [ 20262.00 , 20055.00 ] → x          
  11  : [ 25047.00 , 22020.00 ] → Admissible 
  12  : [ 20526.00 , 23544.00 ] → Admissible 
  13  : [ 24324.00 , 19536.00 ] → Admissible 
  14  : [ 23712.00 , 32364.00 ] → x          
  15  : [ 32931.00 , 24126.00 ] → Admissible 
  16  : [ 35208.00 , 31623.00 ] → Admissible 

6) Edition des resultats 

#U = 6
X_EBP = [14667, 17724, 18798, 18891, 20526, 24324]
Y_EBP = [42765, 33711, 27537, 25806, 23544, 19536]
XN = [11115, 11133, 11142, 11196, 11550, 11640, 11676, 11784, 11787, 11928, 11943, 11994, 12123, 12135, 12138, 12378, 13458, 13851, 13977, 14091, 15192, 15603, 15681, 15828, 16464, 16680, 16713, 16809, 16920, 16992, 17037, 17046, 17679, 17859, 17961, 18006, 18102, 18201, 18366, 18504, 18519, 18537, 18876, 19086, 19644, 19965, 20268, 20826, 20925, 23685, 23703, 25116, 25167, 26097, 26511, 27027, 27033, 27870]
YN = [55617, 50835, 50214, 45981, 44283, 43692, 43059, 41175, 40137, 39642, 38622, 37857, 37413, 34266, 33348, 32538, 32124, 29421, 29391, 28611, 28125, 26583, 26169, 26055, 25974, 25932, 25836, 25581, 25542, 25425, 25158, 24492, 24180, 23856, 23538, 23475, 23454, 23439, 23430, 23394, 23298, 22863, 22326, 22089, 21798, 21696, 21309, 20370, 19257, 18984, 18600, 18531, 17880, 17838, 17517, 16704, 16608, 15408]
Quality measure: 68.90 %
 99.161576 seconds (360.70 M allocations: 34.533 GiB, 3.56% gc time)
