0) instance et parametres 

  instance = sppnw23.txt | tailleSampling = 10 | maxTrial = 5 | maxTime = 9223372036854775807


1) calcule les etendues de valeurs sur les 2 objectifs

  f1_min=12317.00 ↔ f1_max=16280.00 (Δ=3963.00) 
  f2_min=19341.33 ↔ f2_max=35489.00 (Δ=16147.67) 

2) calcule les generateurs par e-contrainte alternant minimiser z1 et z2

  z1  1 : ϵ = 35489.00  fRL = 12317.00  [ 12317.00 , 35489.00 ] 
  z2  1 : ϵ = 16280.00  fRL = 19341.33  [ 16274.99 , 19339.52 ] 
  z1  2 : ϵ = 33694.81  fRL = 12317.00  [ 12317.00 , 33694.25 ] 
  z2  2 : ϵ = 15839.67  fRL = 19362.67  [ 15832.78 , 19360.66 ] 
  z1  3 : ϵ = 31900.63  fRL = 12317.00  [ 12317.00 , 31899.50 ] 
  z2  3 : ϵ = 15399.33  fRL = 19483.89  [ 15398.09 , 19484.84 ] 
  z1  4 : ϵ = 30106.44  fRL = 12324.41  [ 12324.41 , 30106.34 ] 
  z2  4 : ϵ = 14959.00  fRL = 19894.91  [ 14959.28 , 19894.64 ] 
  z1  5 : ϵ = 28312.26  fRL = 12333.19  [ 12333.18 , 28313.75 ] 
  z2  5 : ϵ = 14518.67  fRL = 20322.46  [ 14522.44 , 20325.29 ] 
  z1  6 : ϵ = 26518.07  fRL = 12359.70  [ 12359.69 , 26518.21 ] 
  z2  6 : ϵ = 14078.33  fRL = 20750.00  [ 14072.36 , 20747.04 ] 
  z1  7 : ϵ = 24723.89  fRL = 12486.99  [ 12487.13 , 24721.91 ] 
  z2  7 : ϵ = 13638.00  fRL = 21177.54  [ 13635.52 , 21177.69 ] 
  z1  8 : ϵ = 22929.70  fRL = 12724.88  [ 12724.68 , 22930.70 ] 
  z2  8 : ϵ = 13197.67  fRL = 21605.09  [ 13193.32 , 21604.89 ] 
  z1  9 : ϵ = 21135.52  fRL = 13681.28  [ 13683.92 , 21135.23 ] 

  → Allocation memoire pour 16 generateurs

3) place L dans structure et verifie l'admissibilite de chaque generateur

   1  : [ 12317.00 , 35489.00 ] → x          
   2  : [ 12317.00 , 33694.25 ] → x          
   3  : [ 12317.00 , 31899.50 ] → x          
   4  : [ 12324.41 , 30106.34 ] → x          
   5  : [ 12333.18 , 28313.75 ] → x          
   6  : [ 12359.69 , 26518.21 ] → x          
   7  : [ 12487.13 , 24721.91 ] → x          
   8  : [ 12724.68 , 22930.70 ] → x          
   9  : [ 13193.32 , 21604.89 ] → x          
  10  : [ 13635.52 , 21177.69 ] → x          
  11  : [ 14072.36 , 20747.04 ] → x          
  12  : [ 14522.44 , 20325.29 ] → x          
  13  : [ 14959.28 , 19894.64 ] → x          
  14  : [ 15398.09 , 19484.84 ] → x          
  15  : [ 15832.78 , 19360.66 ] → x          
  16  : [ 16274.99 , 19339.52 ] → x          

  k=   1     xm= 12317.00   ym= 35489.00   Δx=  3957.99    Δy=     0.00   λ1= 0.00000    λ2= 1.00000 
  k=   2     xm= 12317.00   ym= 33694.25   Δx=  3957.99    Δy=  1794.75   λ1= 0.31198    λ2= 0.68802 
  k=   3     xm= 12317.00   ym= 31899.50   Δx=  3957.99    Δy=  3589.50   λ1= 0.47559    λ2= 0.52441 
  k=   4     xm= 12324.41   ym= 30106.34   Δx=  3950.58    Δy=  5382.66   λ1= 0.57672    λ2= 0.42328 
  k=   5     xm= 12333.18   ym= 28313.75   Δx=  3941.81    Δy=  7175.25   λ1= 0.64543    λ2= 0.35457 
  k=   6     xm= 12359.69   ym= 26518.21   Δx=  3915.30    Δy=  8970.79   λ1= 0.69616    λ2= 0.30384 
  k=   7     xm= 12487.13   ym= 24721.91   Δx=  3787.86    Δy= 10767.09   λ1= 0.73975    λ2= 0.26025 
  k=   8     xm= 12724.68   ym= 22930.70   Δx=  3550.31    Δy= 12558.30   λ1= 0.77960    λ2= 0.22040 
  k=   9     xm= 13193.32   ym= 21604.89   Δx=  3081.67    Δy= 13884.11   λ1= 0.81836    λ2= 0.18164 
  k=  10     xm= 13635.52   ym= 21177.69   Δx=  2639.47    Δy= 14311.31   λ1= 0.84429    λ2= 0.15571 
  k=  11     xm= 14072.36   ym= 20747.04   Δx=  2202.63    Δy= 14741.96   λ1= 0.87001    λ2= 0.12999 
  k=  12     xm= 14522.44   ym= 20325.29   Δx=  1752.55    Δy= 15163.71   λ1= 0.89640    λ2= 0.10360 
  k=  13     xm= 14959.28   ym= 19894.64   Δx=  1315.71    Δy= 15594.36   λ1= 0.92219    λ2= 0.07781 
  k=  14     xm= 15398.09   ym= 19484.84   Δx=   876.90    Δy= 16004.16   λ1= 0.94805    λ2= 0.05195 
  k=  15     xm= 15832.78   ym= 19360.66   Δx=   442.21    Δy= 16128.34   λ1= 0.97331    λ2= 0.02669 
  k=  16     xm= 16274.99   ym= 19339.52   Δx=     0.00    Δy= 16149.48   λ1= 1.00000    λ2= 0.00000 
4) terraformation generateur par generateur 

   1R : [ 12317.00 , 35489.00 ] → #round :    6 → [ 14604 , 37936 ]    t=0  |  Tps=0.0
   1P : [ 14202.50 , 34179.50 ] → x                                    t=1  |  Tps=0.0024
   1R : [ 14202.50 , 34179.50 ] → #round :    9 → [ 12546 , 33608 ]    t=1  |  Tps=0.0025
   1P : [ 14725.00 , 38357.00 ] → x                                    t=2  |  Tps=0.0048
   1R : [ 14725.00 , 38357.00 ] → #round :    4 → [ 13032 , 37374 ]    t=2  |  Tps=0.0048
   1P : [ 13681.00 , 39908.00 ] → x                                    t=3  |  Tps=0.0074
   1R : [ 13681.00 , 39908.00 ] → #round :    3 → [ 13032 , 37374 ]    t=3  |  Tps=0.0075
CYCLE!!!!!!!!!!!!!!!
   1C : [  9578.00 , 37714.00 ] 
   1P : [ 13822.00 , 40668.00 ] → Admissible                           t=4  |  Tps=0.033
   feasible 

   2R : [ 12317.00 , 33694.25 ] → #round :    8 → [ 13930 , 36910 ]    t=0  |  Tps=0.0
   2P : [ 14776.00 , 38043.00 ] → x                                    t=1  |  Tps=0.0023
   2R : [ 14776.00 , 38043.00 ] → #round :    5 → [ 16654 , 38594 ]    t=1  |  Tps=0.0023
   2P : [ 15614.50 , 37331.50 ] → x                                    t=2  |  Tps=0.0046
   2R : [ 15614.50 , 37331.50 ] → #round :    7 → [ 14740 , 33976 ]    t=2  |  Tps=0.0046
   2P : [ 15446.11 , 35589.47 ] → x                                    t=3  |  Tps=0.0071
   2R : [ 15446.11 , 35589.47 ] → #round :    6 → [ 13560 , 33064 ]    t=3  |  Tps=0.0071
   2P : [ 15446.11 , 35589.47 ] → x                                    t=4  |  Tps=0.0094
   2R : [ 15446.11 , 35589.47 ] → #round :    6 → [ 13560 , 33064 ]    t=4  |  Tps=0.0094
CYCLE!!!!!!!!!!!!!!!
   2C : [ 16130.00 , 35118.00 ] 
   2P : [ 16028.00 , 34674.00 ] → x                                    t=5  |  Tps=0.0115
   2R : [ 16028.00 , 34674.00 ] → #round :    4 → [ 17106 , 35142 ]    t=5  |  Tps=0.0115
   2P : [ 16028.00 , 34674.00 ] → x                                    t=6  |  Tps=0.0137
   2R : [ 16028.00 , 34674.00 ] → #round :    4 → [ 17106 , 35142 ]    t=6  |  Tps=0.0137
CYCLE!!!!!!!!!!!!!!!
   2C : [ 13812.00 , 33708.00 ] 
   maxTrial 

   3R : [ 12317.00 , 31899.50 ] → #round :    8 → [ 14604 , 34068 ]    t=0  |  Tps=0.0
   3P : [ 12521.50 , 28510.00 ] → x                                    t=1  |  Tps=0.0021
   3R : [ 12521.50 , 28510.00 ] → #round :    8 → [ 16732 , 36214 ]    t=1  |  Tps=0.0022
   3P : [ 12532.00 , 31258.00 ] → x                                    t=2  |  Tps=0.0046
   3R : [ 12532.00 , 31258.00 ] → #round :    5 → [ 13426 , 33194 ]    t=2  |  Tps=0.0046
   3P : [ 12532.00 , 31258.00 ] → x                                    t=3  |  Tps=0.0068
   3R : [ 12532.00 , 31258.00 ] → #round :    5 → [ 13426 , 33194 ]    t=3  |  Tps=0.0068
CYCLE!!!!!!!!!!!!!!!
   3C : [ 11836.00 , 35786.00 ] 
   3P : [ 12532.00 , 31258.00 ] → x                                    t=4  |  Tps=0.009
   3R : [ 12532.00 , 31258.00 ] → #round :    5 → [ 13426 , 33194 ]    t=4  |  Tps=0.009
CYCLE!!!!!!!!!!!!!!!
   3C : [ 16324.00 , 34326.00 ] 
   3P : [ 14522.00 , 35102.00 ] → Admissible                           t=5  |  Tps=0.0112
   feasible 

   4R : [ 12324.41 , 30106.34 ] → #round :    8 → [ 12352 , 28462 ]    t=0  |  Tps=0.0
   4P : [ 12489.60 , 27033.20 ] → x                                    t=1  |  Tps=0.0022
   4R : [ 12489.60 , 27033.20 ] → #round :    9 → [ 12940 , 31486 ]    t=1  |  Tps=0.0023
   4P : [ 12492.55 , 28502.27 ] → x                                    t=2  |  Tps=0.0044
   4R : [ 12492.55 , 28502.27 ] → #round :    7 → [ 12940 , 31486 ]    t=2  |  Tps=0.0044
CYCLE!!!!!!!!!!!!!!!
   4C : [ 10980.00 , 28518.00 ] 
   4P : [ 15890.00 , 27723.00 ] → x                                    t=3  |  Tps=0.0066
   4R : [ 15890.00 , 27723.00 ] → #round :    4 → [ 13782 , 28562 ]    t=3  |  Tps=0.0066
   4P : [ 15791.00 , 29293.00 ] → x                                    t=4  |  Tps=0.0087
   4R : [ 15791.00 , 29293.00 ] → #round :    3 → [ 13782 , 28562 ]    t=4  |  Tps=0.0087
CYCLE!!!!!!!!!!!!!!!
   4C : [ 15070.00 , 28656.00 ] 
   4P : [ 16366.00 , 29590.00 ] → Admissible                           t=5  |  Tps=0.0108
   feasible 

   5R : [ 12333.18 , 28313.75 ] → #round :    8 → [ 14994 , 30628 ]    t=0  |  Tps=0.0
   5P : [ 12669.63 , 25830.56 ] → x                                    t=1  |  Tps=0.0022
   5R : [ 12669.63 , 25830.56 ] → #round :   10 → [ 16174 , 31540 ]    t=1  |  Tps=0.0022
   5P : [ 13073.00 , 26532.00 ] → x                                    t=2  |  Tps=0.0043
   5R : [ 13073.00 , 26532.00 ] → #round :    7 → [ 12436 , 27770 ]    t=2  |  Tps=0.0043
   5P : [ 12575.00 , 26845.00 ] → x                                    t=3  |  Tps=0.0065
   5R : [ 12575.00 , 26845.00 ] → #round :    5 → [ 16608 , 31964 ]    t=3  |  Tps=0.0065
   5P : [ 13788.00 , 32710.00 ] → Admissible                           t=4  |  Tps=0.0086
   feasible 

   6R : [ 12359.69 , 26518.21 ] → #round :    9 → [ 13552 , 24366 ]    t=0  |  Tps=0.0
   6P : [ 12358.00 , 26542.00 ] → x                                    t=1  |  Tps=0.0023
   6R : [ 12358.00 , 26542.00 ] → #round :    6 → [ 13424 , 23728 ]    t=1  |  Tps=0.0023
   6P : [ 12481.00 , 25852.00 ] → x                                    t=2  |  Tps=0.0044
   6R : [ 12481.00 , 25852.00 ] → #round :    6 → [ 13796 , 27396 ]    t=2  |  Tps=0.0044
   6P : [ 12481.00 , 25852.00 ] → x                                    t=3  |  Tps=0.0066
   6R : [ 12481.00 , 25852.00 ] → #round :    6 → [ 13796 , 27396 ]    t=3  |  Tps=0.0067
CYCLE!!!!!!!!!!!!!!!
   6C : [ 14128.00 , 27334.00 ] 
   6P : [ 12788.00 , 26952.00 ] → Admissible                           t=4  |  Tps=0.0089
   feasible 

   7R : [ 12487.13 , 24721.91 ] → #round :    9 → [ 17462 , 27552 ]    t=0  |  Tps=0.0
   7P : [ 12788.00 , 26952.00 ] → Admissible                           t=1  |  Tps=0.0021
   feasible 

   8R : [ 12724.68 , 22930.70 ] → #round :    7 → [ 14142 , 21750 ]    t=0  |  Tps=0.0
   8P : [ 12815.50 , 22469.00 ] → x                                    t=1  |  Tps=0.0022
   8R : [ 12815.50 , 22469.00 ] → #round :    5 → [ 15460 , 22322 ]    t=1  |  Tps=0.0022
   8P : [ 13565.00 , 23058.00 ] → x                                    t=2  |  Tps=0.0044
   8R : [ 13565.00 , 23058.00 ] → #round :    4 → [ 16290 , 25462 ]    t=2  |  Tps=0.0044
   8P : [ 13850.36 , 24700.84 ] → x                                    t=3  |  Tps=0.0066
   8R : [ 13850.36 , 24700.84 ] → #round :    5 → [ 16290 , 25462 ]    t=3  |  Tps=0.0066
CYCLE!!!!!!!!!!!!!!!
   8C : [ 15372.00 , 26576.00 ] 
   8P : [ 13120.00 , 24876.00 ] → Admissible                           t=4  |  Tps=0.0087
   feasible 

   9R : [ 13193.32 , 21604.89 ] → #round :   15 → [ 17848 , 23282 ]    t=0  |  Tps=0.0
   9P : [ 13034.00 , 21764.00 ] → Admissible                           t=1  |  Tps=0.0021
   feasible 

  10R : [ 13635.52 , 21177.69 ] → #round :   15 → [ 13034 , 21764 ]    t=0  |  Tps=0.0
  10P : [ 13034.00 , 21764.00 ] → Admissible                           t=1  |  Tps=0.0021
   feasible 

  11R : [ 14072.36 , 20747.04 ] → #round :   15 → [ 17614 , 24082 ]    t=0  |  Tps=0.0
  11P : [ 13034.00 , 21764.00 ] → Admissible                           t=1  |  Tps=0.0022
   feasible 

  12R : [ 14522.44 , 20325.29 ] → #round :   15 → [ 15316 , 23796 ]    t=0  |  Tps=0.0
  12P : [ 13402.66 , 21682.82 ] → x                                    t=1  |  Tps=0.0021
  12R : [ 13402.66 , 21682.82 ] → #round :    6 → [ 14142 , 21750 ]    t=1  |  Tps=0.0022
  12P : [ 13120.00 , 24876.00 ] → Admissible                           t=2  |  Tps=0.0043
   feasible 

  13R : [ 14959.28 , 19894.64 ] → #round :   15 → [ 16076 , 20260 ]    t=0  |  Tps=0.0
  13P : [ 15131.00 , 23101.50 ] → x                                    t=1  |  Tps=0.0021
  13R : [ 15131.00 , 23101.50 ] → #round :   10 → [ 16076 , 20260 ]    t=1  |  Tps=0.0021
CYCLE!!!!!!!!!!!!!!!
  13C : [ 18828.00 , 23970.00 ] 
  13P : [ 14569.00 , 22941.00 ] → x                                    t=2  |  Tps=0.0042
  13R : [ 14569.00 , 22941.00 ] → #round :    6 → [ 15998 , 21560 ]    t=2  |  Tps=0.0043
  13P : [ 14569.00 , 22941.00 ] → x                                    t=3  |  Tps=0.0066
  13R : [ 14569.00 , 22941.00 ] → #round :    6 → [ 15998 , 21560 ]    t=3  |  Tps=0.0066
CYCLE!!!!!!!!!!!!!!!
  13C : [ 13280.00 , 21564.00 ] 
  13P : [ 16352.00 , 28820.00 ] → Admissible                           t=4  |  Tps=0.0092
   feasible 

  14R : [ 15398.09 , 19484.84 ] → #round :   15 → [ 14884 , 20364 ]    t=0  |  Tps=0.0
  14P : [ 14607.20 , 21093.60 ] → x                                    t=1  |  Tps=0.0024
  14R : [ 14607.20 , 21093.60 ] → #round :    5 → [ 17420 , 22102 ]    t=1  |  Tps=0.0024
  14P : [ 15094.00 , 21414.00 ] → Admissible                           t=2  |  Tps=0.0047
   feasible 

  15R : [ 15832.78 , 19360.66 ] → #round :   13 → [ 14408 , 20626 ]    t=0  |  Tps=0.0
  15P : [ 15303.26 , 22453.12 ] → x                                    t=1  |  Tps=0.0022
  15R : [ 15303.26 , 22453.12 ] → #round :    6 → [ 15838 , 20424 ]    t=1  |  Tps=0.0022
  15P : [ 15137.00 , 22840.00 ] → x                                    t=2  |  Tps=0.0044
  15R : [ 15137.00 , 22840.00 ] → #round :    5 → [ 15838 , 20424 ]    t=2  |  Tps=0.0045
CYCLE!!!!!!!!!!!!!!!
  15C : [ 14436.00 , 20488.00 ] 
  15P : [ 16352.00 , 28820.00 ] → Admissible                           t=3  |  Tps=0.0065
   feasible 

  16R : [ 16274.99 , 19339.52 ] → #round :   10 → [ 18776 , 21706 ]    t=0  |  Tps=0.0
  16P : [ 18154.00 , 23334.00 ] → Admissible                           t=1  |  Tps=0.0021
   feasible 


5) Extraction des resultats

  Nombre de cycle : 12
   1  : [ 13822.00 , 40668.00 ] → Admissible 
   2  : [ 13812.00 , 33708.00 ] → x          
   3  : [ 14522.00 , 35102.00 ] → Admissible 
   4  : [ 16366.00 , 29590.00 ] → Admissible 
   5  : [ 13788.00 , 32710.00 ] → Admissible 
   6  : [ 12788.00 , 26952.00 ] → Admissible 
   7  : [ 12788.00 , 26952.00 ] → Admissible 
   8  : [ 13120.00 , 24876.00 ] → Admissible 
   9  : [ 13034.00 , 21764.00 ] → Admissible 
  10  : [ 13034.00 , 21764.00 ] → Admissible 
  11  : [ 13034.00 , 21764.00 ] → Admissible 
  12  : [ 13120.00 , 24876.00 ] → Admissible 
  13  : [ 16352.00 , 28820.00 ] → Admissible 
  14  : [ 15094.00 , 21414.00 ] → Admissible 
  15  : [ 16352.00 , 28820.00 ] → Admissible 
  16  : [ 18154.00 , 23334.00 ] → Admissible 

6) Edition des resultats 

#U = 3
X_EBP = [12788, 13034, 15094]
Y_EBP = [26952, 21764, 21414]
XN = [12534, 12652, 12992, 13034, 15094, 15434]
YN = [26636, 24100, 23910, 21764, 21414, 21224]
Quality measure: 92.36 %
  0.376826 seconds (1.89 M allocations: 175.669 MiB, 4.97% gc time)
