0) instance et parametres 

  instance = sppnw32.txt | tailleSampling = 10 | maxTrial = 5 | maxTime = 9223372036854775807


1) calcule les etendues de valeurs sur les 2 objectifs

  f1_min=14570.00 ↔ f1_max=22998.00 (Δ=8428.00) 
  f2_min=14577.00 ↔ f2_max=25379.00 (Δ=10802.00) 

2) calcule les generateurs par e-contrainte alternant minimiser z1 et z2

  z1  1 : ϵ = 25379.00  fRL = 14570.00  [ 14566.46 , 25374.00 ] 
  z2  1 : ϵ = 22998.00  fRL = 14577.00  [ 22998.00 , 14577.00 ] 
  z1  2 : ϵ = 24178.78  fRL = 14731.57  [ 14729.96 , 24175.44 ] 
  z2  2 : ϵ = 22061.56  fRL = 14626.39  [ 22067.35 , 14628.90 ] 
  z1  3 : ϵ = 22978.56  fRL = 14913.49  [ 14913.58 , 22978.04 ] 
  z2  3 : ϵ = 21125.11  fRL = 14683.25  [ 21128.55 , 14683.72 ] 
  z1  4 : ϵ = 21778.33  fRL = 15107.11  [ 15102.92 , 21777.60 ] 
  z2  4 : ϵ = 20188.67  fRL = 14757.82  [ 20192.70 , 14758.24 ] 
  z1  5 : ϵ = 20578.11  fRL = 15300.72  [ 15304.50 , 20581.36 ] 
  z2  5 : ϵ = 19252.22  fRL = 14847.58  [ 19251.43 , 14845.97 ] 
  z1  6 : ϵ = 19377.89  fRL = 15494.34  [ 15498.56 , 19378.42 ] 
  z2  6 : ϵ = 18315.78  fRL = 15110.39  [ 18315.22 , 15110.99 ] 
  z1  7 : ϵ = 18177.67  fRL = 15687.95  [ 15687.90 , 18177.97 ] 
  z2  7 : ϵ = 17379.33  fRL = 16117.53  [ 17380.20 , 16116.60 ] 
  z1  8 : ϵ = 16977.44  fRL = 16579.78  [ 16579.54 , 16977.71 ] 
  z2  8 : ϵ = 16442.89  fRL = 17124.67  [ 16442.44 , 17125.16 ] 

  → Allocation memoire pour 15 generateurs

3) place L dans structure et verifie l'admissibilite de chaque generateur

   1  : [ 14566.46 , 25374.00 ] → x          
   2  : [ 14729.96 , 24175.44 ] → x          
   3  : [ 14913.58 , 22978.04 ] → x          
   4  : [ 15102.92 , 21777.60 ] → x          
   5  : [ 15304.50 , 20581.36 ] → x          
   6  : [ 15498.56 , 19378.42 ] → x          
   7  : [ 15687.90 , 18177.97 ] → x          
   8  : [ 16579.54 , 16977.71 ] → x          
   9  : [ 17380.20 , 16116.60 ] → x          
  10  : [ 18315.22 , 15110.99 ] → x          
  11  : [ 19251.43 , 14845.97 ] → x          
  12  : [ 20192.70 , 14758.24 ] → x          
  13  : [ 21128.55 , 14683.72 ] → x          
  14  : [ 22067.35 , 14628.90 ] → x          
  15  : [ 22998.00 , 14577.00 ] → Admissible 

  k=   1     xm= 14566.46   ym= 25374.00   Δx=  8431.54    Δy=     0.00   λ1= 0.00000    λ2= 1.00000 
  k=   2     xm= 14729.96   ym= 24175.44   Δx=  8268.04    Δy=  1198.56   λ1= 0.12661    λ2= 0.87339 
  k=   3     xm= 14913.58   ym= 22978.04   Δx=  8084.42    Δy=  2395.96   λ1= 0.22861    λ2= 0.77139 
  k=   4     xm= 15102.92   ym= 21777.60   Δx=  7895.08    Δy=  3596.40   λ1= 0.31296    λ2= 0.68704 
  k=   5     xm= 15304.50   ym= 20581.36   Δx=  7693.50    Δy=  4792.64   λ1= 0.38384    λ2= 0.61616 
  k=   6     xm= 15498.56   ym= 19378.42   Δx=  7499.44    Δy=  5995.58   λ1= 0.44428    λ2= 0.55572 
  k=   7     xm= 15687.90   ym= 18177.97   Δx=  7310.10    Δy=  7196.03   λ1= 0.49607    λ2= 0.50393 
  k=   8     xm= 16579.54   ym= 16977.71   Δx=  6418.46    Δy=  8396.29   λ1= 0.56675    λ2= 0.43325 
  k=   9     xm= 17380.20   ym= 16116.60   Δx=  5617.80    Δy=  9257.40   λ1= 0.62234    λ2= 0.37766 
  k=  10     xm= 18315.22   ym= 15110.99   Δx=  4682.78    Δy= 10263.01   λ1= 0.68668    λ2= 0.31332 
  k=  11     xm= 19251.43   ym= 14845.97   Δx=  3746.57    Δy= 10528.03   λ1= 0.73754    λ2= 0.26246 
  k=  12     xm= 20192.70   ym= 14758.24   Δx=  2805.30    Δy= 10615.76   λ1= 0.79098    λ2= 0.20902 
  k=  13     xm= 21128.55   ym= 14683.72   Δx=  1869.45    Δy= 10690.28   λ1= 0.85116    λ2= 0.14884 
  k=  14     xm= 22067.35   ym= 14628.90   Δx=   930.65    Δy= 10745.10   λ1= 0.92029    λ2= 0.07971 
  k=  15     xm= 22998.00   ym= 14577.00   Δx=     0.00    Δy= 10797.00   λ1= 1.00000    λ2= 0.00000 
4) terraformation generateur par generateur 

   1R : [ 14566.46 , 25374.00 ] → #round :    4 → [ 16782 , 27132 ]    t=0  |  Tps=0.0
   1P : [ 15120.00 , 28776.00 ] → Admissible                           t=1  |  Tps=0.0012
   feasible 

   2R : [ 14729.96 , 24175.44 ] → #round :   12 → [ 15756 , 24162 ]    t=0  |  Tps=0.0
   2P : [ 14793.00 , 23725.50 ] → x                                    t=1  |  Tps=0.0011
   2R : [ 14793.00 , 23725.50 ] → #round :    3 → [ 15756 , 24162 ]    t=1  |  Tps=0.0011
CYCLE!!!!!!!!!!!!!!!
   2C : [ 18558.00 , 27072.00 ] 
   2P : [ 14793.00 , 23725.50 ] → x                                    t=2  |  Tps=0.0024
   2R : [ 14793.00 , 23725.50 ] → #round :    3 → [ 15756 , 24162 ]    t=2  |  Tps=0.0024
CYCLE!!!!!!!!!!!!!!!
   2C : [ 18558.00 , 27072.00 ] 
   2P : [ 14793.00 , 23725.50 ] → x                                    t=3  |  Tps=0.0036
   2R : [ 14793.00 , 23725.50 ] → #round :    3 → [ 15756 , 24162 ]    t=3  |  Tps=0.0036
CYCLE!!!!!!!!!!!!!!!
   2C : [ 18558.00 , 27072.00 ] 
   2P : [ 14793.00 , 23725.50 ] → x                                    t=4  |  Tps=0.0047
   2R : [ 14793.00 , 23725.50 ] → #round :    3 → [ 15756 , 24162 ]    t=4  |  Tps=0.0047
CYCLE!!!!!!!!!!!!!!!
   2C : [ 18558.00 , 27072.00 ] 
   2P : [ 14793.00 , 23725.50 ] → x                                    t=5  |  Tps=0.0061
   2R : [ 14793.00 , 23725.50 ] → #round :    3 → [ 15756 , 24162 ]    t=5  |  Tps=0.0061
CYCLE!!!!!!!!!!!!!!!
   2C : [ 18558.00 , 27072.00 ] 
   2P : [ 14793.00 , 23725.50 ] → x                                    t=6  |  Tps=0.0072
   2R : [ 14793.00 , 23725.50 ] → #round :    3 → [ 15756 , 24162 ]    t=6  |  Tps=0.0072
CYCLE!!!!!!!!!!!!!!!
   2C : [ 18558.00 , 27072.00 ] 
   maxTrial 

   3R : [ 14913.58 , 22978.04 ] → #round :    6 → [ 15756 , 24162 ]    t=0  |  Tps=0.0
   3P : [ 14793.00 , 23725.50 ] → x                                    t=1  |  Tps=0.0011
   3R : [ 14793.00 , 23725.50 ] → #round :    3 → [ 15756 , 24162 ]    t=1  |  Tps=0.0011
CYCLE!!!!!!!!!!!!!!!
   3C : [ 18558.00 , 27072.00 ] 
   3P : [ 14793.00 , 23725.50 ] → x                                    t=2  |  Tps=0.0024
   3R : [ 14793.00 , 23725.50 ] → #round :    3 → [ 15756 , 24162 ]    t=2  |  Tps=0.0024
CYCLE!!!!!!!!!!!!!!!
   3C : [ 18558.00 , 27072.00 ] 
   3P : [ 14793.00 , 23725.50 ] → x                                    t=3  |  Tps=0.0036
   3R : [ 14793.00 , 23725.50 ] → #round :    3 → [ 15756 , 24162 ]    t=3  |  Tps=0.0036
CYCLE!!!!!!!!!!!!!!!
   3C : [ 18558.00 , 27072.00 ] 
   3P : [ 14793.00 , 23725.50 ] → x                                    t=4  |  Tps=0.0047
   3R : [ 14793.00 , 23725.50 ] → #round :    3 → [ 15756 , 24162 ]    t=4  |  Tps=0.0048
CYCLE!!!!!!!!!!!!!!!
   3C : [ 18558.00 , 27072.00 ] 
   3P : [ 14793.00 , 23725.50 ] → x                                    t=5  |  Tps=0.0058
   3R : [ 14793.00 , 23725.50 ] → #round :    3 → [ 15756 , 24162 ]    t=5  |  Tps=0.0058
CYCLE!!!!!!!!!!!!!!!
   3C : [ 18558.00 , 27072.00 ] 
   3P : [ 14793.00 , 23725.50 ] → x                                    t=6  |  Tps=0.007
   3R : [ 14793.00 , 23725.50 ] → #round :    3 → [ 15756 , 24162 ]    t=6  |  Tps=0.007
CYCLE!!!!!!!!!!!!!!!
   3C : [ 18558.00 , 27072.00 ] 
   maxTrial 

   4R : [ 15102.92 , 21777.60 ] → #round :    6 → [ 19662 , 25665 ]    t=0  |  Tps=0.0
   4P : [ 15735.00 , 17886.00 ] → Admissible                           t=1  |  Tps=0.0011
   feasible 

   5R : [ 15304.50 , 20581.36 ] → #round :    6 → [ 20463 , 21669 ]    t=0  |  Tps=0.0
   5P : [ 15735.00 , 17886.00 ] → Admissible                           t=1  |  Tps=0.0011
   feasible 

   6R : [ 15498.56 , 19378.42 ] → #round :    6 → [ 15735 , 17886 ]    t=0  |  Tps=0.0
   6P : [ 15735.00 , 17886.00 ] → Admissible                           t=1  |  Tps=0.0011
   feasible 

   7R : [ 15687.90 , 18177.97 ] → #round :    6 → [ 17847 , 23787 ]    t=0  |  Tps=0.0
   7P : [ 15735.00 , 17886.00 ] → Admissible                           t=1  |  Tps=0.0011
   feasible 

   8R : [ 16579.54 , 16977.71 ] → #round :    7 → [ 21993 , 21522 ]    t=0  |  Tps=0.0
   8P : [ 15735.00 , 17886.00 ] → Admissible                           t=1  |  Tps=0.0011
   feasible 

   9R : [ 17380.20 , 16116.60 ] → #round :    7 → [ 20586 , 15141 ]    t=0  |  Tps=0.0
   9P : [ 18477.00 , 14937.00 ] → Admissible                           t=1  |  Tps=0.0011
   feasible 

  10R : [ 18315.22 , 15110.99 ] → #round :    7 → [ 19107 , 21087 ]    t=0  |  Tps=0.0
  10P : [ 18477.00 , 14937.00 ] → Admissible                           t=1  |  Tps=0.0013
   feasible 

  11R : [ 19251.43 , 14845.97 ] → #round :   13 → [ 21429 , 16542 ]    t=0  |  Tps=0.0
  11P : [ 18477.00 , 14937.00 ] → Admissible                           t=1  |  Tps=0.0013
   feasible 

  12R : [ 20192.70 , 14758.24 ] → #round :   13 → [ 27117 , 17580 ]    t=0  |  Tps=0.0
  12P : [ 19906.50 , 17523.00 ] → x                                    t=1  |  Tps=0.0011
  12R : [ 19906.50 , 17523.00 ] → #round :    8 → [ 26355 , 18057 ]    t=1  |  Tps=0.0011
  12P : [ 19906.50 , 17523.00 ] → x                                    t=2  |  Tps=0.0024
  12R : [ 19906.50 , 17523.00 ] → #round :    8 → [ 26355 , 18057 ]    t=2  |  Tps=0.0024
CYCLE!!!!!!!!!!!!!!!
  12C : [ 33636.00 , 26922.00 ] 
  12P : [ 19906.50 , 17523.00 ] → x                                    t=3  |  Tps=0.0036
  12R : [ 19906.50 , 17523.00 ] → #round :    8 → [ 26355 , 18057 ]    t=3  |  Tps=0.0036
CYCLE!!!!!!!!!!!!!!!
  12C : [ 33636.00 , 26922.00 ] 
  12P : [ 19906.50 , 17523.00 ] → x                                    t=4  |  Tps=0.0047
  12R : [ 19906.50 , 17523.00 ] → #round :    8 → [ 26355 , 18057 ]    t=4  |  Tps=0.0047
CYCLE!!!!!!!!!!!!!!!
  12C : [ 33636.00 , 26922.00 ] 
  12P : [ 19906.50 , 17523.00 ] → x                                    t=5  |  Tps=0.0058
  12R : [ 19906.50 , 17523.00 ] → #round :    8 → [ 26355 , 18057 ]    t=5  |  Tps=0.0058
CYCLE!!!!!!!!!!!!!!!
  12C : [ 33636.00 , 26922.00 ] 
  12P : [ 19906.50 , 17523.00 ] → x                                    t=6  |  Tps=0.0071
  12R : [ 19906.50 , 17523.00 ] → #round :    8 → [ 26355 , 18057 ]    t=6  |  Tps=0.0071
CYCLE!!!!!!!!!!!!!!!
  12C : [ 33636.00 , 26922.00 ] 
   maxTrial 

  13R : [ 21128.55 , 14683.72 ] → #round :   13 → [ 22407 , 16989 ]    t=0  |  Tps=0.0
  13P : [ 18561.00 , 17847.00 ] → Admissible                           t=1  |  Tps=0.0013
   feasible 

  14R : [ 22067.35 , 14628.90 ] → #round :   13 → [ 22998 , 14577 ]    t=0  |  Tps=0.0
  14P : [ 22998.00 , 14577.00 ] → Admissible                           t=1  |  Tps=0.0012
   feasible 


5) Extraction des resultats

  Nombre de cycle : 17
   1  : [ 15120.00 , 28776.00 ] → Admissible 
   2  : [ 18558.00 , 27072.00 ] → x          
   3  : [ 18558.00 , 27072.00 ] → x          
   4  : [ 15735.00 , 17886.00 ] → Admissible 
   5  : [ 15735.00 , 17886.00 ] → Admissible 
   6  : [ 15735.00 , 17886.00 ] → Admissible 
   7  : [ 15735.00 , 17886.00 ] → Admissible 
   8  : [ 15735.00 , 17886.00 ] → Admissible 
   9  : [ 18477.00 , 14937.00 ] → Admissible 
  10  : [ 18477.00 , 14937.00 ] → Admissible 
  11  : [ 18477.00 , 14937.00 ] → Admissible 
  12  : [ 33636.00 , 26922.00 ] → x          
  13  : [ 18561.00 , 17847.00 ] → Admissible 
  14  : [ 22998.00 , 14577.00 ] → Admissible 
  15  : [ 22998.00 , 14577.00 ] → Admissible 
6) Edition des resultats 

X_EBP = [15120, 15735, 18477, 22998]
Y_EBP = [28776, 17886, 14937, 14577]
XN = [14877, 15075, 15402, 15528, 15735, 18186, 18477, 22998]
YN = [29775, 27942, 25086, 20880, 17886, 17688, 14937, 14577]
Quality measure: 97.59 %
  0.312972 seconds (596.95 k allocations: 49.904 MiB, 2.20% gc time)
