0) instance et parametres 

  instance = sppnw14.txt | tailleSampling = 10 | maxTrial = 5 | maxTime = 9223372036854775807


1) calcule les etendues de valeurs sur les 2 objectifs

  f1_min=61844.00 ↔ f1_max=71893.66 (Δ=10049.66) 
  f2_min=21482.61 ↔ f2_max=54668.00 (Δ=33185.39) 

2) calcule les generateurs par e-contrainte alternant minimiser z1 et z2

  z1  1 : ϵ = 54668.00  fRL = 61844.00  [ 61844.00 , 54668.00 ] 
  z2  1 : ϵ = 71893.66  fRL = 21482.61  [ 71896.20 , 21484.68 ] 
  z1  2 : ϵ = 50980.73  fRL = 61844.53  [ 61844.53 , 50980.07 ] 
  z2  2 : ϵ = 70777.03  fRL = 21506.09  [ 70778.67 , 21505.30 ] 
  z1  3 : ϵ = 47293.47  fRL = 61848.51  [ 61846.53 , 47290.98 ] 
  z2  3 : ϵ = 69660.40  fRL = 21581.56  [ 69663.06 , 21584.71 ] 
  z1  4 : ϵ = 43606.20  fRL = 61857.36  [ 61857.36 , 43606.51 ] 
  z2  4 : ϵ = 68543.77  fRL = 21770.29  [ 68553.99 , 21774.52 ] 
  z1  5 : ϵ = 39918.94  fRL = 61913.81  [ 61913.80 , 39919.80 ] 
  z2  5 : ϵ = 67427.14  fRL = 22102.89  [ 67428.19 , 22104.17 ] 
  z1  6 : ϵ = 36231.67  fRL = 62043.85  [ 62041.36 , 36230.88 ] 
  z2  6 : ϵ = 66310.52  fRL = 22690.49  [ 66316.78 , 22693.49 ] 
  z1  7 : ϵ = 32544.41  fRL = 62487.11  [ 62487.71 , 32545.55 ] 
  z2  7 : ϵ = 65193.89  fRL = 23743.13  [ 65194.80 , 23742.40 ] 
  z1  8 : ϵ = 28857.14  fRL = 63239.83  [ 63241.84 , 28858.85 ] 
  z2  8 : ϵ = 64077.26  fRL = 26140.69  [ 64082.37 , 26144.15 ] 
  z1  9 : ϵ = 25169.88  fRL = 64461.86  [ 64457.65 , 25165.67 ] 

  → Allocation memoire pour 16 generateurs

3) place L dans structure et verifie l'admissibilite de chaque generateur

   1  : [ 61844.00 , 54668.00 ] → Admissible 
   2  : [ 61844.53 , 50980.07 ] → x          
   3  : [ 61846.53 , 47290.98 ] → x          
   4  : [ 61857.36 , 43606.51 ] → x          
   5  : [ 61913.80 , 39919.80 ] → x          
   6  : [ 62041.36 , 36230.88 ] → x          
   7  : [ 62487.71 , 32545.55 ] → x          
   8  : [ 63241.84 , 28858.85 ] → x          
   9  : [ 64082.37 , 26144.15 ] → x          
  10  : [ 65194.80 , 23742.40 ] → x          
  11  : [ 66316.78 , 22693.49 ] → x          
  12  : [ 67428.19 , 22104.17 ] → x          
  13  : [ 68553.99 , 21774.52 ] → x          
  14  : [ 69663.06 , 21584.71 ] → x          
  15  : [ 70778.67 , 21505.30 ] → x          
  16  : [ 71896.20 , 21484.68 ] → x          

  k=   1     xm= 61844.00   ym= 54668.00   Δx= 10052.20    Δy=     0.00   λ1= 0.00000    λ2= 1.00000 
  k=   2     xm= 61844.53   ym= 50980.07   Δx= 10051.67    Δy=  3687.93   λ1= 0.26842    λ2= 0.73158 
  k=   3     xm= 61846.53   ym= 47290.98   Δx= 10049.67    Δy=  7377.02   λ1= 0.42332    λ2= 0.57668 
  k=   4     xm= 61857.36   ym= 43606.51   Δx= 10038.84    Δy= 11061.49   λ1= 0.52423    λ2= 0.47577 
  k=   5     xm= 61913.80   ym= 39919.80   Δx=  9982.40    Δy= 14748.20   λ1= 0.59635    λ2= 0.40365 
  k=   6     xm= 62041.36   ym= 36230.88   Δx=  9854.84    Δy= 18437.12   λ1= 0.65167    λ2= 0.34833 
  k=   7     xm= 62487.71   ym= 32545.55   Δx=  9408.49    Δy= 22122.45   λ1= 0.70161    λ2= 0.29839 
  k=   8     xm= 63241.84   ym= 28858.85   Δx=  8654.36    Δy= 25809.15   λ1= 0.74888    λ2= 0.25112 
  k=   9     xm= 64082.37   ym= 26144.15   Δx=  7813.83    Δy= 28523.85   λ1= 0.78497    λ2= 0.21503 
  k=  10     xm= 65194.80   ym= 23742.40   Δx=  6701.40    Δy= 30925.60   λ1= 0.82190    λ2= 0.17810 
  k=  11     xm= 66316.78   ym= 22693.49   Δx=  5579.42    Δy= 31974.51   λ1= 0.85143    λ2= 0.14857 
  k=  12     xm= 67428.19   ym= 22104.17   Δx=  4468.01    Δy= 32563.83   λ1= 0.87935    λ2= 0.12065 
  k=  13     xm= 68553.99   ym= 21774.52   Δx=  3342.21    Δy= 32893.48   λ1= 0.90776    λ2= 0.09224 
  k=  14     xm= 69663.06   ym= 21584.71   Δx=  2233.14    Δy= 33083.29   λ1= 0.93677    λ2= 0.06323 
  k=  15     xm= 70778.67   ym= 21505.30   Δx=  1117.53    Δy= 33162.70   λ1= 0.96740    λ2= 0.03260 
  k=  16     xm= 71896.20   ym= 21484.68   Δx=     0.00    Δy= 33183.32   λ1= 1.00000    λ2= 0.00000 
4) terraformation generateur par generateur 

   2R : [ 61844.53 , 50980.07 ] → #round :    6 → [ 62682 , 52278 ]    t=0  |  Tps=0.001
   2P : [ 61844.00 , 51606.00 ] → Admissible                           t=1  |  Tps=1.4497
   feasible 

   3R : [ 61846.53 , 47290.98 ] → #round :    7 → [ 63326 , 49240 ]    t=0  |  Tps=0.0012
   3P : [ 61852.00 , 46570.00 ] → Admissible                           t=1  |  Tps=1.614
   feasible 

   4R : [ 61857.36 , 43606.51 ] → #round :    4 → [ 63508 , 44878 ]    t=0  |  Tps=0.0008
   4P : [ 61856.00 , 43762.00 ] → Admissible                           t=1  |  Tps=1.54
   feasible 

   5R : [ 61913.80 , 39919.80 ] → #round :    3 → [ 62062 , 41334 ]    t=0  |  Tps=0.0007
   5P : [ 61936.00 , 38568.00 ] → Admissible                           t=1  |  Tps=1.3938
   feasible 

   6R : [ 62041.36 , 36230.88 ] → #round :   18 → [ 63740 , 36876 ]    t=0  |  Tps=0.0021
   6P : [ 62346.58 , 36644.58 ] → x                                    t=1  |  Tps=1.4653
   6R : [ 62346.58 , 36644.58 ] → #round :    8 → [ 63932 , 36944 ]    t=1  |  Tps=1.4666
   6P : [ 62066.00 , 35816.00 ] → Admissible                           t=2  |  Tps=3.0066
   feasible 

   7R : [ 62487.71 , 32545.55 ] → #round :   43 → [ 63136 , 33396 ]    t=0  |  Tps=0.0044
   7P : [ 63538.00 , 33452.00 ] → Admissible                           t=1  |  Tps=1.4182
   feasible 

   8R : [ 63241.84 , 28858.85 ] → #round :   47 → [ 64770 , 29598 ]    t=0  |  Tps=0.0051
   8P : [ 63592.71 , 29586.94 ] → x                                    t=1  |  Tps=1.3878
   8R : [ 63592.71 , 29586.94 ] → #round :   30 → [ 64038 , 30030 ]    t=1  |  Tps=1.3911
   8P : [ 64490.00 , 30682.00 ] → x                                    t=2  |  Tps=2.8728
   8R : [ 64490.00 , 30682.00 ] → #round :    4 → [ 63716 , 29498 ]    t=2  |  Tps=2.8736
   8P : [ 65066.00 , 32178.00 ] → Admissible                           t=3  |  Tps=4.3537
   feasible 

   9R : [ 64082.37 , 26144.15 ] → #round :   51 → [ 65190 , 27042 ]    t=0  |  Tps=0.0052
   9P : [ 63448.00 , 30276.00 ] → Admissible                           t=1  |  Tps=1.4215
   feasible 

  10R : [ 65194.80 , 23742.40 ] → #round :   51 → [ 66216 , 24256 ]    t=0  |  Tps=0.0054
  10P : [ 65705.00 , 28052.00 ] → x                                    t=1  |  Tps=1.4558
  10R : [ 65705.00 , 28052.00 ] → #round :   17 → [ 67664 , 24960 ]    t=1  |  Tps=1.4577
  10P : [ 65949.00 , 28596.00 ] → x                                    t=2  |  Tps=2.8428
  10R : [ 65949.00 , 28596.00 ] → #round :   11 → [ 66688 , 24530 ]    t=2  |  Tps=2.8442
  10P : [ 65400.00 , 29803.00 ] → x                                    t=3  |  Tps=4.3083
  10R : [ 65400.00 , 29803.00 ] → #round :    8 → [ 64602 , 25220 ]    t=3  |  Tps=4.3096
  10P : [ 65928.00 , 28852.00 ] → Admissible                           t=4  |  Tps=5.7197
   feasible 

  11R : [ 66316.78 , 22693.49 ] → #round :   47 → [ 68286 , 23746 ]    t=0  |  Tps=0.0048
  11P : [ 66830.00 , 25350.00 ] → Admissible                           t=1  |  Tps=1.3814
   feasible 

  12R : [ 67428.19 , 22104.17 ] → #round :   51 → [ 69422 , 23474 ]    t=0  |  Tps=0.0055
  12P : [ 66722.60 , 24122.00 ] → x                                    t=1  |  Tps=1.5232
  12R : [ 66722.60 , 24122.00 ] → #round :   15 → [ 67614 , 22816 ]    t=1  |  Tps=1.5251
  12P : [ 66979.00 , 26519.00 ] → x                                    t=2  |  Tps=2.9284
  12R : [ 66979.00 , 26519.00 ] → #round :    5 → [ 66532 , 24170 ]    t=2  |  Tps=2.9293
  12P : [ 67322.00 , 26512.00 ] → Admissible                           t=3  |  Tps=4.4212
   feasible 

  13R : [ 68553.99 , 21774.52 ] → #round :   53 → [ 70338 , 22528 ]    t=0  |  Tps=0.0054
  13P : [ 68209.00 , 23986.00 ] → x                                    t=1  |  Tps=1.5652
  13R : [ 68209.00 , 23986.00 ] → #round :    7 → [ 68374 , 22710 ]    t=1  |  Tps=1.5663
  13P : [ 68209.00 , 23986.00 ] → x                                    t=2  |  Tps=3.0352
  13R : [ 68209.00 , 23986.00 ] → #round :    7 → [ 68374 , 22710 ]    t=2  |  Tps=3.0363
CYCLE!!!!!!!!!!!!!!!
  13C : [ 68044.00 , 25262.00 ] 
  13P : [ 68089.00 , 26933.00 ] → x                                    t=3  |  Tps=4.6768
  13R : [ 68089.00 , 26933.00 ] → #round :    6 → [ 67736 , 23798 ]    t=3  |  Tps=4.6781
  13P : [ 68526.00 , 26140.00 ] → Admissible                           t=4  |  Tps=6.1719
   feasible 

  14R : [ 69663.06 , 21584.71 ] → #round :   63 → [ 70936 , 22060 ]    t=0  |  Tps=0.006
  14P : [ 67170.51 , 26569.87 ] → x                                    t=1  |  Tps=1.4693
  14R : [ 67170.51 , 26569.87 ] → #round :   27 → [ 69776 , 22386 ]    t=1  |  Tps=1.4721
  14P : [ 67132.00 , 27850.00 ] → Admissible                           t=2  |  Tps=3.0933
   feasible 

  15R : [ 70778.67 , 21505.30 ] → #round :   59 → [ 70158 , 21582 ]    t=0  |  Tps=0.0058
  15P : [ 66472.00 , 31582.00 ] → Admissible                           t=1  |  Tps=1.3448
   feasible 

  16R : [ 71896.20 , 21484.68 ] → #round :   57 → [ 81060 , 24096 ]    t=0  |  Tps=0.0092
  16P : [ 88428.00 , 43160.00 ] → Admissible                           t=1  |  Tps=1.5515
   feasible 


5) Extraction des resultats

  Nombre de cycle : 1
   1  : [ 61844.00 , 54668.00 ] → Admissible 
   2  : [ 61844.00 , 51606.00 ] → Admissible 
   3  : [ 61852.00 , 46570.00 ] → Admissible 
   4  : [ 61856.00 , 43762.00 ] → Admissible 
   5  : [ 61936.00 , 38568.00 ] → Admissible 
   6  : [ 62066.00 , 35816.00 ] → Admissible 
   7  : [ 63538.00 , 33452.00 ] → Admissible 
   8  : [ 65066.00 , 32178.00 ] → Admissible 
   9  : [ 63448.00 , 30276.00 ] → Admissible 
  10  : [ 65928.00 , 28852.00 ] → Admissible 
  11  : [ 66830.00 , 25350.00 ] → Admissible 
  12  : [ 67322.00 , 26512.00 ] → Admissible 
  13  : [ 68526.00 , 26140.00 ] → Admissible 
  14  : [ 67132.00 , 27850.00 ] → Admissible 
  15  : [ 66472.00 , 31582.00 ] → Admissible 
  16  : [ 88428.00 , 43160.00 ] → Admissible 
6) Edition des resultats 

X_EBP = [61844, 61844, 61852, 61856, 61936, 62066, 63448, 65928, 66830]
Y_EBP = [54668, 51606, 46570, 43762, 38568, 35816, 30276, 28852, 25350]
XN = [61844, 61846, 61848, 61850, 61854, 61856, 61862, 61874, 61880, 61914, 61930, 61936, 61970, 62016, 62030, 62032, 62064, 62066, 62110, 62274, 62320, 62354, 62508, 62530, 62558, 62564, 62598, 62758, 62764, 62910, 62912, 62922, 62932, 62974, 63130, 63258, 63276, 63382, 63402, 63404, 63562, 63564, 63568, 63570, 63610, 63652, 63714, 63716, 63718, 63728, 63736, 63738, 63780, 63936, 64080, 64240, 64246, 64392, 64394, 64404, 64414, 64456, 64612, 64730, 64790, 64800, 64810, 64852, 65008, 65052, 65144, 65162, 65170, 65172, 65214, 65330, 65336, 65482, 65484, 65494, 65504, 65546, 65702, 66100, 66106, 66456, 66612, 66718, 66760, 66890, 66932, 67088, 67334, 67340, 67500, 67506, 67950, 67956, 68872, 69134, 69154, 69160, 70076]
YN = [51606, 49244, 48506, 46144, 46124, 43762, 43074, 42792, 42104, 41294, 39256, 38568, 37758, 37170, 37048, 36626, 36378, 35816, 35038, 34384, 34266, 33456, 33438, 33236, 33020, 32704, 31894, 31724, 31454, 31142, 31006, 30880, 30646, 30598, 30586, 30412, 29916, 29796, 29270, 29130, 29100, 28960, 28830, 28690, 28668, 28620, 28518, 28378, 28242, 28116, 28022, 27882, 27834, 27822, 27292, 27122, 26852, 26540, 26404, 26278, 26044, 25996, 25984, 25954, 25940, 25814, 25580, 25532, 25520, 25472, 25340, 25308, 25124, 25074, 25026, 24954, 24684, 24372, 24236, 24110, 23876, 23828, 23816, 23700, 23612, 23566, 23554, 23368, 23320, 23222, 23174, 23162, 23000, 22912, 22778, 22690, 22572, 22484, 22464, 22418, 22200, 22112, 22092]
Quality measure: 86.08 %
 70.063708 seconds (210.76 M allocations: 19.248 GiB, 3.49% gc time)
