0) instance et parametres 

  instance = sppnw08.txt | tailleSampling = 10 | maxTrial = 5 | maxTime = 9223372036854775807


1) calcule les etendues de valeurs sur les 2 objectifs

  f1_min=35894.00 ↔ f1_max=55634.00 (Δ=19740.00) 
  f2_min=18348.00 ↔ f2_max=38374.00 (Δ=20026.00) 

2) calcule les generateurs par e-contrainte alternant minimiser z1 et z2

  z1  1 : ϵ = 38374.00  fRL = 35894.00  [ 35894.00 , 38374.00 ] 
  z2  1 : ϵ = 55634.00  fRL = 18348.00  [ 55634.00 , 18348.00 ] 
  z1  2 : ϵ = 36148.89  fRL = 36115.15  [ 36115.34 , 36147.00 ] 
  z2  2 : ϵ = 53440.67  fRL = 18977.67  [ 53436.04 , 18984.72 ] 
  z1  3 : ϵ = 33923.78  fRL = 36336.30  [ 36336.09 , 33925.87 ] 
  z2  3 : ϵ = 51247.33  fRL = 19607.33  [ 51248.76 , 19606.92 ] 
  z1  4 : ϵ = 31698.67  fRL = 36604.99  [ 36605.12 , 31697.88 ] 
  z2  4 : ϵ = 49054.00  fRL = 20316.93  [ 49056.30 , 20316.10 ] 
  z1  5 : ϵ = 29473.56  fRL = 36996.85  [ 36996.65 , 29474.27 ] 
  z2  5 : ϵ = 46860.67  fRL = 21210.40  [ 46861.84 , 21209.82 ] 
  z1  6 : ϵ = 27248.44  fRL = 37608.61  [ 37608.31 , 27249.54 ] 
  z2  6 : ϵ = 44667.33  fRL = 22297.39  [ 44667.36 , 22297.37 ] 
  z1  7 : ϵ = 25023.33  fRL = 39703.66  [ 39711.95 , 25025.43 ] 
  z2  7 : ϵ = 42474.00  fRL = 23460.12  [ 42481.83 , 23462.47 ] 
  z1  8 : ϵ = 22798.22  fRL = 43683.06  [ 43683.36 , 22798.07 ] 

  → Allocation memoire pour 14 generateurs

3) place L dans structure et verifie l'admissibilite de chaque generateur

   1  : [ 35894.00 , 38374.00 ] → Admissible 
   2  : [ 36115.34 , 36147.00 ] → x          
   3  : [ 36336.09 , 33925.87 ] → x          
   4  : [ 36605.12 , 31697.88 ] → x          
   5  : [ 36996.65 , 29474.27 ] → x          
   6  : [ 37608.31 , 27249.54 ] → x          
   7  : [ 39711.95 , 25025.43 ] → x          
   8  : [ 42481.83 , 23462.47 ] → x          
   9  : [ 44667.36 , 22297.37 ] → x          
  10  : [ 46861.84 , 21209.82 ] → x          
  11  : [ 49056.30 , 20316.10 ] → x          
  12  : [ 51248.76 , 19606.92 ] → x          
  13  : [ 53436.04 , 18984.72 ] → x          
  14  : [ 55634.00 , 18348.00 ] → Admissible 

  k=   1     xm= 35894.00   ym= 38374.00   Δx= 19740.00    Δy=     0.00   λ1= 0.00000    λ2= 1.00000 
  k=   2     xm= 36115.34   ym= 36147.00   Δx= 19518.66    Δy=  2227.00   λ1= 0.10241    λ2= 0.89759 
  k=   3     xm= 36336.09   ym= 33925.87   Δx= 19297.91    Δy=  4448.13   λ1= 0.18732    λ2= 0.81268 
  k=   4     xm= 36605.12   ym= 31697.88   Δx= 19028.88    Δy=  6676.12   λ1= 0.25972    λ2= 0.74028 
  k=   5     xm= 36996.65   ym= 29474.27   Δx= 18637.35    Δy=  8899.73   λ1= 0.32319    λ2= 0.67681 
  k=   6     xm= 37608.31   ym= 27249.54   Δx= 18025.69    Δy= 11124.46   λ1= 0.38163    λ2= 0.61837 
  k=   7     xm= 39711.95   ym= 25025.43   Δx= 15922.05    Δy= 13348.57   λ1= 0.45604    λ2= 0.54396 
  k=   8     xm= 42481.83   ym= 23462.47   Δx= 13152.17    Δy= 14911.53   λ1= 0.53135    λ2= 0.46865 
  k=   9     xm= 44667.36   ym= 22297.37   Δx= 10966.64    Δy= 16076.63   λ1= 0.59448    λ2= 0.40552 
  k=  10     xm= 46861.84   ym= 21209.82   Δx=  8772.16    Δy= 17164.18   λ1= 0.66178    λ2= 0.33822 
  k=  11     xm= 49056.30   ym= 20316.10   Δx=  6577.70    Δy= 18057.90   λ1= 0.73300    λ2= 0.26700 
  k=  12     xm= 51248.76   ym= 19606.92   Δx=  4385.24    Δy= 18767.08   λ1= 0.81059    λ2= 0.18941 
  k=  13     xm= 53436.04   ym= 18984.72   Δx=  2197.96    Δy= 19389.28   λ1= 0.89818    λ2= 0.10182 
  k=  14     xm= 55634.00   ym= 18348.00   Δx=     0.00    Δy= 20026.00   λ1= 1.00000    λ2= 0.00000 
4) terraformation generateur par generateur 

   2R : [ 36115.34 , 36147.00 ] → #round :    4 → [ 37550 , 36498 ]    t=0  |  Tps=0.0
   2P : [ 36478.00 , 32498.00 ] → Admissible                           t=1  |  Tps=0.0021
   feasible 

   3R : [ 36336.09 , 33925.87 ] → #round :    4 → [ 36778 , 36016 ]    t=0  |  Tps=0.0
   3P : [ 36478.00 , 32498.00 ] → Admissible                           t=1  |  Tps=0.0019
   feasible 

   4R : [ 36605.12 , 31697.88 ] → #round :    2 → [ 39656 , 32568 ]    t=0  |  Tps=0.0
   4P : [ 36478.00 , 32498.00 ] → Admissible                           t=1  |  Tps=0.0021
   feasible 

   5R : [ 36996.65 , 29474.27 ] → #round :    6 → [ 39420 , 30796 ]    t=0  |  Tps=0.0
   5P : [ 36906.00 , 29804.00 ] → Admissible                           t=1  |  Tps=0.002
   feasible 

   6R : [ 37608.31 , 27249.54 ] → #round :    6 → [ 39092 , 29248 ]    t=0  |  Tps=0.0
   6P : [ 37948.00 , 26014.00 ] → Admissible                           t=1  |  Tps=0.002
   feasible 

   7R : [ 39711.95 , 25025.43 ] → #round :   17 → [ 47448 , 28084 ]    t=0  |  Tps=0.0
   7P : [ 37948.00 , 26014.00 ] → Admissible                           t=1  |  Tps=0.002
   feasible 

   8R : [ 42481.83 , 23462.47 ] → #round :   17 → [ 49758 , 28508 ]    t=0  |  Tps=0.0
   8P : [ 37948.00 , 26014.00 ] → Admissible                           t=1  |  Tps=0.0018
   feasible 

   9R : [ 44667.36 , 22297.37 ] → #round :   21 → [ 55640 , 28220 ]    t=0  |  Tps=0.0
   9P : [ 37948.00 , 26014.00 ] → Admissible                           t=1  |  Tps=0.0018
   feasible 

  10R : [ 46861.84 , 21209.82 ] → #round :   21 → [ 55184 , 27552 ]    t=0  |  Tps=0.0
  10P : [ 37948.00 , 26014.00 ] → Admissible                           t=1  |  Tps=0.0017
   feasible 

  11R : [ 49056.30 , 20316.10 ] → #round :   19 → [ 58664 , 27228 ]    t=0  |  Tps=0.0
  11P : [ 73797.00 , 30637.00 ] → x                                    t=1  |  Tps=0.0018
  11R : [ 73797.00 , 30637.00 ] → #round :    5 → [ 69544 , 24738 ]    t=1  |  Tps=0.0018
  11P : [ 73582.00 , 29482.00 ] → Admissible                           t=2  |  Tps=0.0038
   feasible 

  12R : [ 51248.76 , 19606.92 ] → #round :   17 → [ 55816 , 18820 ]    t=0  |  Tps=0.0
  12P : [ 55890.00 , 19894.00 ] → Admissible                           t=1  |  Tps=0.0019
   feasible 

  13R : [ 53436.04 , 18984.72 ] → #round :   17 → [ 55634 , 18348 ]    t=0  |  Tps=0.0
  13P : [ 55634.00 , 18348.00 ] → Admissible                           t=1  |  Tps=0.002
   feasible 


5) Extraction des resultats

  Nombre de cycle : 0
   1  : [ 35894.00 , 38374.00 ] → Admissible 
   2  : [ 36478.00 , 32498.00 ] → Admissible 
   3  : [ 36478.00 , 32498.00 ] → Admissible 
   4  : [ 36478.00 , 32498.00 ] → Admissible 
   5  : [ 36906.00 , 29804.00 ] → Admissible 
   6  : [ 37948.00 , 26014.00 ] → Admissible 
   7  : [ 37948.00 , 26014.00 ] → Admissible 
   8  : [ 37948.00 , 26014.00 ] → Admissible 
   9  : [ 37948.00 , 26014.00 ] → Admissible 
  10  : [ 37948.00 , 26014.00 ] → Admissible 
  11  : [ 73582.00 , 29482.00 ] → Admissible 
  12  : [ 55890.00 , 19894.00 ] → Admissible 
  13  : [ 55634.00 , 18348.00 ] → Admissible 
  14  : [ 55634.00 , 18348.00 ] → Admissible 
6) Edition des resultats 

X_EBP = [35894, 36478, 36906, 37948, 55634]
Y_EBP = [38374, 32498, 29804, 26014, 18348]
XN = [35894, 36068, 36322, 36478, 36906, 37482, 37520, 37948, 38524, 45826, 46074, 47052, 47222, 47856, 48208, 48284, 54018, 54224, 54772, 55634]
YN = [38374, 36828, 35680, 32498, 29804, 29644, 28708, 26014, 25854, 22762, 22596, 22518, 22308, 22156, 21814, 21472, 20064, 19626, 18762, 18348]
Quality measure: 82.67 %
  0.281070 seconds (543.72 k allocations: 45.948 MiB)
