0) instance et parametres 

  instance = sppnw29.txt | tailleSampling = 10 | maxTrial = 5 | maxTime = 9223372036854775807


1) calcule les etendues de valeurs sur les 2 objectifs

  f1_min= 4185.33 ↔ f1_max= 9911.14 (Δ=5725.81) 
  f2_min= 1758.29 ↔ f2_max= 7943.00 (Δ=6184.71) 

2) calcule les generateurs par e-contrainte alternant minimiser z1 et z2

  z1  1 : ϵ =  7943.00  fRL =  4185.33  [  4188.51 ,  7949.78 ] 
  z2  1 : ϵ =  9911.14  fRL =  1758.29  [  9916.76 ,  1759.58 ] 
  z1  2 : ϵ =  7255.81  fRL =  4190.64  [  4193.81 ,  7263.53 ] 
  z2  2 : ϵ =  9274.94  fRL =  1772.13  [  9276.67 ,  1772.15 ] 
  z1  3 : ϵ =  6568.62  fRL =  4195.96  [  4192.24 ,  6558.94 ] 
  z2  3 : ϵ =  8638.74  fRL =  1887.44  [  8644.68 ,  1889.08 ] 
  z1  4 : ϵ =  5881.43  fRL =  4312.42  [  4314.90 ,  5883.03 ] 
  z2  4 : ϵ =  8002.54  fRL =  2144.53  [  8003.68 ,  2145.46 ] 
  z1  5 : ϵ =  5194.24  fRL =  4647.56  [  4647.48 ,  5194.05 ] 
  z2  5 : ϵ =  7366.34  fRL =  2521.81  [  7364.53 ,  2520.74 ] 
  z1  6 : ϵ =  4507.05  fRL =  5049.37  [  5049.19 ,  4505.45 ] 
  z2  6 : ϵ =  6730.13  fRL =  2948.81  [  6729.03 ,  2948.51 ] 
  z1  7 : ϵ =  3819.86  fRL =  5619.48  [  5615.99 ,  3819.77 ] 
  z2  7 : ϵ =  6093.93  fRL =  3409.88  [  6094.32 ,  3409.60 ] 
  z1  8 : ϵ =  3132.67  fRL =  6470.76  [  6469.71 ,  3131.59 ] 

  → Allocation memoire pour 14 generateurs

3) place L dans structure et verifie l'admissibilite de chaque generateur

   1  : [  4188.51 ,  7949.78 ] → x          
   2  : [  4193.81 ,  7263.53 ] → x          
   3  : [  4192.24 ,  6558.94 ] → x          
   4  : [  4314.90 ,  5883.03 ] → x          
   5  : [  4647.48 ,  5194.05 ] → x          
   6  : [  5049.19 ,  4505.45 ] → x          
   7  : [  5615.99 ,  3819.77 ] → x          
   8  : [  6094.32 ,  3409.60 ] → x          
   9  : [  6729.03 ,  2948.51 ] → x          
  10  : [  7364.53 ,  2520.74 ] → x          
  11  : [  8003.68 ,  2145.46 ] → x          
  12  : [  8644.68 ,  1889.08 ] → x          
  13  : [  9276.67 ,  1772.15 ] → x          
  14  : [  9916.76 ,  1759.58 ] → x          

  k=   1     xm= 4188.51   ym= 7949.78   Δx=  5728.25    Δy=     0.00   λ1= 0.00000    λ2= 1.00000 
  k=   2     xm= 4193.81   ym= 7263.53   Δx=  5722.95    Δy=   686.25   λ1= 0.10707    λ2= 0.89293 
  k=   3     xm= 4192.24   ym= 6558.94   Δx=  5724.52    Δy=  1390.84   λ1= 0.19547    λ2= 0.80453 
  k=   4     xm= 4314.90   ym= 5883.03   Δx=  5601.86    Δy=  2066.75   λ1= 0.26951    λ2= 0.73049 
  k=   5     xm= 4647.48   ym= 5194.05   Δx=  5269.28    Δy=  2755.73   λ1= 0.34339    λ2= 0.65661 
  k=   6     xm= 5049.19   ym= 4505.45   Δx=  4867.57    Δy=  3444.33   λ1= 0.41439    λ2= 0.58561 
  k=   7     xm= 5615.99   ym= 3819.77   Δx=  4300.77    Δy=  4130.01   λ1= 0.48987    λ2= 0.51013 
  k=   8     xm= 6094.32   ym= 3409.60   Δx=  3822.44    Δy=  4540.18   λ1= 0.54291    λ2= 0.45709 
  k=   9     xm= 6729.03   ym= 2948.51   Δx=  3187.73    Δy=  5001.27   λ1= 0.61073    λ2= 0.38927 
  k=  10     xm= 7364.53   ym= 2520.74   Δx=  2552.23    Δy=  5429.04   λ1= 0.68022    λ2= 0.31978 
  k=  11     xm= 8003.68   ym= 2145.46   Δx=  1913.08    Δy=  5804.32   λ1= 0.75211    λ2= 0.24789 
  k=  12     xm= 8644.68   ym= 1889.08   Δx=  1272.08    Δy=  6060.70   λ1= 0.82652    λ2= 0.17348 
  k=  13     xm= 9276.67   ym= 1772.15   Δx=   640.09    Δy=  6177.63   λ1= 0.90611    λ2= 0.09389 
  k=  14     xm= 9916.76   ym= 1759.58   Δx=     0.00    Δy=  6190.20   λ1= 1.00000    λ2= 0.00000 
4) terraformation generateur par generateur 

   1R : [  4188.51 ,  7949.78 ] → #round :   12 → [  4816 ,  8330 ]    t=0  |  Tps=0.0
   1P : [  6470.67 ,  5459.88 ] → x                                    t=1  |  Tps=0.0083
   1R : [  6470.67 ,  5459.88 ] → #round :   13 → [  4816 ,  8330 ]    t=1  |  Tps=0.0083
CYCLE!!!!!!!!!!!!!!!
   1C : [  2970.00 ,  4744.00 ] 
   1P : [  5855.60 ,  4969.00 ] → x                                    t=2  |  Tps=0.0165
   1R : [  5855.60 ,  4969.00 ] → #round :   12 → [  4314 ,  6068 ]    t=2  |  Tps=0.0165
   1P : [  6063.25 ,  5031.53 ] → x                                    t=3  |  Tps=0.0245
   1R : [  6063.25 ,  5031.53 ] → #round :   11 → [  4314 ,  6068 ]    t=3  |  Tps=0.0246
CYCLE!!!!!!!!!!!!!!!
   1C : [  2140.00 ,  3696.00 ] 
   1P : [  5039.00 ,  5348.00 ] → x                                    t=4  |  Tps=0.0324
   1R : [  5039.00 ,  5348.00 ] → #round :    3 → [  4606 ,  5562 ]    t=4  |  Tps=0.0324
   1P : [  5388.00 ,  6596.00 ] → Admissible                           t=5  |  Tps=0.0404
   feasible 

   2R : [  4193.81 ,  7263.53 ] → #round :   14 → [  4814 ,  8392 ]    t=0  |  Tps=0.0
   2P : [  6742.00 ,  6096.00 ] → Admissible                           t=1  |  Tps=0.0081
   feasible 

   3R : [  4192.24 ,  6558.94 ] → #round :   14 → [  4750 ,  8338 ]    t=0  |  Tps=0.0001
   3P : [  5445.71 ,  5269.67 ] → x                                    t=1  |  Tps=0.0081
   3R : [  5445.71 ,  5269.67 ] → #round :   13 → [  5562 ,  8724 ]    t=1  |  Tps=0.0082
   3P : [  5217.84 ,  5402.17 ] → x                                    t=2  |  Tps=0.0158
   3R : [  5217.84 ,  5402.17 ] → #round :   12 → [  4878 ,  8372 ]    t=2  |  Tps=0.0158
   3P : [  4878.02 ,  6318.80 ] → x                                    t=3  |  Tps=0.0237
   3R : [  4878.02 ,  6318.80 ] → #round :    8 → [  5896 ,  7192 ]    t=3  |  Tps=0.0237
   3P : [  5981.00 ,  5706.00 ] → x                                    t=4  |  Tps=0.0316
   3R : [  5981.00 ,  5706.00 ] → #round :    6 → [  6454 ,  6248 ]    t=4  |  Tps=0.0317
   3P : [  7754.00 ,  5946.00 ] → Admissible                           t=5  |  Tps=0.04
   feasible 

   4R : [  4314.90 ,  5883.03 ] → #round :   17 → [  5070 ,  7524 ]    t=0  |  Tps=0.0001
   4P : [  5436.80 ,  4821.70 ] → x                                    t=1  |  Tps=0.0089
   4R : [  5436.80 ,  4821.70 ] → #round :   13 → [  4458 ,  6012 ]    t=1  |  Tps=0.0089
   4P : [  5020.51 ,  5468.51 ] → x                                    t=2  |  Tps=0.0175
   4R : [  5020.51 ,  5468.51 ] → #round :   13 → [  4580 ,  5846 ]    t=2  |  Tps=0.0175
   4P : [  4958.07 ,  5226.47 ] → x                                    t=3  |  Tps=0.0254
   4R : [  4958.07 ,  5226.47 ] → #round :   11 → [  4780 ,  6268 ]    t=3  |  Tps=0.0254
   4P : [  5980.00 ,  5732.00 ] → Admissible                           t=4  |  Tps=0.0331
   feasible 

   5R : [  4647.48 ,  5194.05 ] → #round :   15 → [  5192 ,  5812 ]    t=0  |  Tps=0.0
   5P : [  5398.00 ,  5152.37 ] → x                                    t=1  |  Tps=0.008
   5R : [  5398.00 ,  5152.37 ] → #round :   15 → [  6906 ,  5614 ]    t=1  |  Tps=0.008
   5P : [  5057.50 ,  5432.87 ] → x                                    t=2  |  Tps=0.0163
   5R : [  5057.50 ,  5432.87 ] → #round :    7 → [  6798 ,  5598 ]    t=2  |  Tps=0.0163
   5P : [  5591.57 ,  4918.05 ] → x                                    t=3  |  Tps=0.0243
   5R : [  5591.57 ,  4918.05 ] → #round :   12 → [  5688 ,  5986 ]    t=3  |  Tps=0.0244
   5P : [  5513.32 ,  5094.77 ] → x                                    t=4  |  Tps=0.0323
   5R : [  5513.32 ,  5094.77 ] → #round :   13 → [  6332 ,  5806 ]    t=4  |  Tps=0.0324
   5P : [  5067.05 ,  5256.60 ] → x                                    t=5  |  Tps=0.0411
   5R : [  5067.05 ,  5256.60 ] → #round :   12 → [  6300 ,  6200 ]    t=5  |  Tps=0.0411
   5P : [  5264.75 ,  5680.25 ] → x                                    t=6  |  Tps=0.0491
   5R : [  5264.75 ,  5680.25 ] → #round :    9 → [  5434 ,  5898 ]    t=6  |  Tps=0.0492
   maxTrial 

   6R : [  5049.19 ,  4505.45 ] → #round :   18 → [  5340 ,  5400 ]    t=0  |  Tps=0.0
   6P : [  4792.43 ,  4918.92 ] → x                                    t=1  |  Tps=0.0087
   6R : [  4792.43 ,  4918.92 ] → #round :    7 → [  5940 ,  7176 ]    t=1  |  Tps=0.0087
   6P : [  5112.00 ,  7084.00 ] → Admissible                           t=2  |  Tps=0.0177
   feasible 

   7R : [  5615.99 ,  3819.77 ] → #round :   14 → [  7266 ,  5802 ]    t=0  |  Tps=0.0001
   7P : [  5394.42 ,  4977.13 ] → x                                    t=1  |  Tps=0.0092
   7R : [  5394.42 ,  4977.13 ] → #round :   12 → [  6468 ,  5086 ]    t=1  |  Tps=0.0092
   7P : [  5179.80 ,  4622.42 ] → x                                    t=2  |  Tps=0.0178
   7R : [  5179.80 ,  4622.42 ] → #round :   14 → [  5648 ,  4054 ]    t=2  |  Tps=0.0179
   7P : [  5960.00 ,  4148.00 ] → Admissible                           t=3  |  Tps=0.0264
   feasible 

   8R : [  6094.32 ,  3409.60 ] → #round :   14 → [  5892 ,  3640 ]    t=0  |  Tps=0.0
   8P : [  5036.00 ,  4908.00 ] → x                                    t=1  |  Tps=0.0085
   8R : [  5036.00 ,  4908.00 ] → #round :    6 → [  7496 ,  4780 ]    t=1  |  Tps=0.0085
   8P : [  5036.00 ,  4908.00 ] → x                                    t=2  |  Tps=0.0174
   8R : [  5036.00 ,  4908.00 ] → #round :    6 → [  7496 ,  4780 ]    t=2  |  Tps=0.0174
CYCLE!!!!!!!!!!!!!!!
   8C : [  9720.00 ,  7772.00 ] 
   8P : [  5036.00 ,  4908.00 ] → x                                    t=3  |  Tps=0.0277
   8R : [  5036.00 ,  4908.00 ] → #round :    6 → [  7496 ,  4780 ]    t=3  |  Tps=0.0278
CYCLE!!!!!!!!!!!!!!!
   8C : [  9720.00 ,  7772.00 ] 
   8P : [  5036.00 ,  4908.00 ] → x                                    t=4  |  Tps=0.0374
   8R : [  5036.00 ,  4908.00 ] → #round :    6 → [  7496 ,  4780 ]    t=4  |  Tps=0.0375
CYCLE!!!!!!!!!!!!!!!
   8C : [  9720.00 ,  7772.00 ] 
   8P : [  5036.00 ,  4908.00 ] → x                                    t=5  |  Tps=0.0462
   8R : [  5036.00 ,  4908.00 ] → #round :    6 → [  7496 ,  4780 ]    t=5  |  Tps=0.0462
CYCLE!!!!!!!!!!!!!!!
   8C : [  9720.00 ,  7772.00 ] 
   8P : [  5036.00 ,  4908.00 ] → x                                    t=6  |  Tps=0.0549
   8R : [  5036.00 ,  4908.00 ] → #round :    6 → [  7496 ,  4780 ]    t=6  |  Tps=0.0549
CYCLE!!!!!!!!!!!!!!!
   8C : [  9720.00 ,  7772.00 ] 
   maxTrial 

   9R : [  6729.03 ,  2948.51 ] → #round :   17 → [  9438 ,  3582 ]    t=0  |  Tps=0.0
   9P : [  7105.49 ,  3270.71 ] → x                                    t=1  |  Tps=0.0087
   9R : [  7105.49 ,  3270.71 ] → #round :    9 → [  7494 ,  4342 ]    t=1  |  Tps=0.0087
   9P : [  7058.89 ,  3435.29 ] → x                                    t=2  |  Tps=0.018
   9R : [  7058.89 ,  3435.29 ] → #round :    8 → [  6696 ,  3626 ]    t=2  |  Tps=0.0181
   9P : [  6851.98 ,  3361.92 ] → x                                    t=3  |  Tps=0.0283
   9R : [  6851.98 ,  3361.92 ] → #round :    5 → [  7818 ,  4630 ]    t=3  |  Tps=0.0283
   9P : [  6851.98 ,  3361.92 ] → x                                    t=4  |  Tps=0.0378
   9R : [  6851.98 ,  3361.92 ] → #round :    5 → [  7818 ,  4630 ]    t=4  |  Tps=0.0378
CYCLE!!!!!!!!!!!!!!!
   9C : [  6164.00 ,  1286.00 ] 
   9P : [  6906.00 ,  3892.00 ] → Admissible                           t=5  |  Tps=0.0471
   feasible 

  10R : [  7364.53 ,  2520.74 ] → #round :   17 → [  9542 ,  3236 ]    t=0  |  Tps=0.0
  10P : [  6906.00 ,  3892.00 ] → Admissible                           t=1  |  Tps=0.0086
   feasible 

  11R : [  8003.68 ,  2145.46 ] → #round :   18 → [  9190 ,  2814 ]    t=0  |  Tps=0.0001
  11P : [  7064.09 ,  4918.25 ] → x                                    t=1  |  Tps=0.009
  11R : [  7064.09 ,  4918.25 ] → #round :    7 → [  7514 ,  3568 ]    t=1  |  Tps=0.009
  11P : [  7466.00 ,  7924.00 ] → Admissible                           t=2  |  Tps=0.0179
   feasible 

  12R : [  8644.68 ,  1889.08 ] → #round :   18 → [ 10840 ,  3088 ]    t=0  |  Tps=0.0001
  12P : [  7466.00 ,  7924.00 ] → Admissible                           t=1  |  Tps=0.009
   feasible 

  13R : [  9276.67 ,  1772.15 ] → #round :   14 → [ 10482 ,  2476 ]    t=0  |  Tps=0.0
  13P : [  8992.00 ,  5886.00 ] → Admissible                           t=1  |  Tps=0.036
   feasible 

  14R : [  9916.76 ,  1759.58 ] → #round :   12 → [ 11350 ,  2264 ]    t=0  |  Tps=0.0
  14P : [  8992.00 ,  5886.00 ] → Admissible                           t=1  |  Tps=0.0083
   feasible 


5) Extraction des resultats

  Nombre de cycle : 8
   1  : [  5388.00 ,  6596.00 ] → Admissible 
   2  : [  6742.00 ,  6096.00 ] → Admissible 
   3  : [  7754.00 ,  5946.00 ] → Admissible 
   4  : [  5980.00 ,  5732.00 ] → Admissible 
   5  : [  5434.00 ,  5898.00 ] → x          
   6  : [  5112.00 ,  7084.00 ] → Admissible 
   7  : [  5960.00 ,  4148.00 ] → Admissible 
   8  : [  9720.00 ,  7772.00 ] → x          
   9  : [  6906.00 ,  3892.00 ] → Admissible 
  10  : [  6906.00 ,  3892.00 ] → Admissible 
  11  : [  7466.00 ,  7924.00 ] → Admissible 
  12  : [  7466.00 ,  7924.00 ] → Admissible 
  13  : [  8992.00 ,  5886.00 ] → Admissible 
  14  : [  8992.00 ,  5886.00 ] → Admissible 

6) Edition des resultats 

#U = 4
X_EBP = [5112, 5388, 5960, 6906]
Y_EBP = [7084, 6596, 4148, 3892]
XN = [4274, 4344, 4430, 4474, 4564, 5358, 5496, 5956, 5960, 6870, 8618, 8848]
YN = [7672, 7518, 6510, 6446, 5958, 5776, 5724, 4868, 4148, 3482, 3296, 2130]
Quality measure: 80.41 %
  0.780420 seconds (5.76 M allocations: 500.727 MiB, 6.54% gc time)
