0) instance et parametres 

  instance = sppnw40.txt | tailleSampling = 10 | maxTrial = 5 | maxTime = 9223372036854775807


1) calcule les etendues de valeurs sur les 2 objectifs

  f1_min=10658.25 ↔ f1_max=17115.90 (Δ=6457.65) 
  f2_min= 7146.90 ↔ f2_max=14733.75 (Δ=7586.85) 

2) calcule les generateurs par e-contrainte alternant minimiser z1 et z2

  z1  1 : ϵ = 14733.75  fRL = 10658.25  [ 10658.25 , 14733.75 ] 
  z2  1 : ϵ = 17115.90  fRL =  7146.90  [ 17115.90 ,  7146.90 ] 
  z1  2 : ϵ = 13890.77  fRL = 10662.67  [ 10662.66 , 13892.76 ] 
  z2  2 : ϵ = 16398.38  fRL =  7232.74  [ 16405.09 ,  7237.93 ] 
  z1  3 : ϵ = 13047.78  fRL = 10673.27  [ 10673.28 , 13047.58 ] 
  z2  3 : ϵ = 15680.87  fRL =  7335.42  [ 15680.04 ,  7333.99 ] 
  z1  4 : ϵ = 12204.80  fRL = 10715.37  [ 10713.36 , 12204.15 ] 
  z2  4 : ϵ = 14963.35  fRL =  7450.35  [ 14974.04 ,  7456.29 ] 
  z1  5 : ϵ = 11361.82  fRL = 10766.59  [ 10763.88 , 11360.33 ] 
  z2  5 : ϵ = 14245.83  fRL =  7575.90  [ 14235.50 ,  7569.90 ] 
  z1  6 : ϵ = 10518.83  fRL = 10841.46  [ 10836.41 , 10512.34 ] 
  z2  6 : ϵ = 13528.32  fRL =  7701.45  [ 13527.96 ,  7701.51 ] 
  z1  7 : ϵ =  9675.85  fRL = 10973.76  [ 10973.71 ,  9676.06 ] 
  z2  7 : ϵ = 12810.80  fRL =  7858.29  [ 12808.23 ,  7858.43 ] 
  z1  8 : ϵ =  8832.87  fRL = 11159.30  [ 11160.94 ,  8833.23 ] 
  z2  8 : ϵ = 12093.28  fRL =  8069.72  [ 12095.16 ,  8069.91 ] 
  z1  9 : ϵ =  7989.88  fRL = 12276.91  [ 12281.94 ,  7994.70 ] 

  → Allocation memoire pour 16 generateurs

3) place L dans structure et verifie l'admissibilite de chaque generateur

   1  : [ 10658.25 , 14733.75 ] → x          
   2  : [ 10662.66 , 13892.76 ] → x          
   3  : [ 10673.28 , 13047.58 ] → x          
   4  : [ 10713.36 , 12204.15 ] → x          
   5  : [ 10763.88 , 11360.33 ] → x          
   6  : [ 10836.41 , 10512.34 ] → x          
   7  : [ 10973.71 ,  9676.06 ] → x          
   8  : [ 11160.94 ,  8833.23 ] → x          
   9  : [ 12095.16 ,  8069.91 ] → x          
  10  : [ 12808.23 ,  7858.43 ] → x          
  11  : [ 13527.96 ,  7701.51 ] → x          
  12  : [ 14235.50 ,  7569.90 ] → x          
  13  : [ 14974.04 ,  7456.29 ] → x          
  14  : [ 15680.04 ,  7333.99 ] → x          
  15  : [ 16405.09 ,  7237.93 ] → x          
  16  : [ 17115.90 ,  7146.90 ] → x          

  k=   1     xm= 10658.25   ym= 14733.75   Δx=  6457.65    Δy=     0.00   λ1= 0.00000    λ2= 1.00000 
  k=   2     xm= 10662.66   ym= 13892.76   Δx=  6453.24    Δy=   840.99   λ1= 0.11530    λ2= 0.88470 
  k=   3     xm= 10673.28   ym= 13047.58   Δx=  6442.62    Δy=  1686.17   λ1= 0.20743    λ2= 0.79257 
  k=   4     xm= 10713.36   ym= 12204.15   Δx=  6402.54    Δy=  2529.60   λ1= 0.28320    λ2= 0.71680 
  k=   5     xm= 10763.88   ym= 11360.33   Δx=  6352.02    Δy=  3373.42   λ1= 0.34687    λ2= 0.65313 
  k=   6     xm= 10836.41   ym= 10512.34   Δx=  6279.49    Δy=  4221.41   λ1= 0.40200    λ2= 0.59800 
  k=   7     xm= 10973.71   ym= 9676.06   Δx=  6142.19    Δy=  5057.69   λ1= 0.45158    λ2= 0.54842 
  k=   8     xm= 11160.94   ym= 8833.23   Δx=  5954.96    Δy=  5900.52   λ1= 0.49770    λ2= 0.50230 
  k=   9     xm= 12095.16   ym= 8069.91   Δx=  5020.74    Δy=  6663.84   λ1= 0.57031    λ2= 0.42969 
  k=  10     xm= 12808.23   ym= 7858.43   Δx=  4307.67    Δy=  6875.32   λ1= 0.61480    λ2= 0.38520 
  k=  11     xm= 13527.96   ym= 7701.51   Δx=  3587.94    Δy=  7032.24   λ1= 0.66216    λ2= 0.33784 
  k=  12     xm= 14235.50   ym= 7569.90   Δx=  2880.40    Δy=  7163.85   λ1= 0.71323    λ2= 0.28677 
  k=  13     xm= 14974.04   ym= 7456.29   Δx=  2141.86    Δy=  7277.46   λ1= 0.77261    λ2= 0.22739 
  k=  14     xm= 15680.04   ym= 7333.99   Δx=  1435.86    Δy=  7399.76   λ1= 0.83749    λ2= 0.16251 
  k=  15     xm= 16405.09   ym= 7237.93   Δx=   710.81    Δy=  7495.82   λ1= 0.91339    λ2= 0.08661 
  k=  16     xm= 17115.90   ym= 7146.90   Δx=     0.00    Δy=  7586.85   λ1= 1.00000    λ2= 0.00000 
4) terraformation generateur par generateur 

   1R : [ 10658.25 , 14733.75 ] → #round :    9 → [ 11883 , 14490 ]    t=0  |  Tps=0.0
   1P : [ 11031.00 ,  9838.50 ] → x                                    t=1  |  Tps=0.0016
   1R : [ 11031.00 ,  9838.50 ] → #round :    5 → [ 11958 , 14418 ]    t=1  |  Tps=0.0016
   1P : [ 11652.00 , 14496.00 ] → Admissible                           t=2  |  Tps=0.0031
   feasible 

   2R : [ 10662.66 , 13892.76 ] → #round :   10 → [ 11286 , 16353 ]    t=0  |  Tps=0.0
   2P : [ 13950.00 , 15423.00 ] → Admissible                           t=1  |  Tps=0.0016
   feasible 

   3R : [ 10673.28 , 13047.58 ] → #round :   10 → [ 11832 , 12447 ]    t=0  |  Tps=0.0
   3P : [ 10855.50 , 11419.50 ] → x                                    t=1  |  Tps=0.0015
   3R : [ 10855.50 , 11419.50 ] → #round :    8 → [ 11832 , 12447 ]    t=1  |  Tps=0.0015
CYCLE!!!!!!!!!!!!!!!
   3C : [ 11832.00 , 12447.00 ] 
   3P : [ 10855.50 , 11419.50 ] → x                                    t=2  |  Tps=0.003
   3R : [ 10855.50 , 11419.50 ] → #round :    8 → [ 11832 , 12447 ]    t=2  |  Tps=0.003
CYCLE!!!!!!!!!!!!!!!
   3C : [ 11832.00 , 12447.00 ] 
   3P : [ 10855.50 , 11419.50 ] → x                                    t=3  |  Tps=0.0045
   3R : [ 10855.50 , 11419.50 ] → #round :    8 → [ 11832 , 12447 ]    t=3  |  Tps=0.0045
CYCLE!!!!!!!!!!!!!!!
   3C : [ 11832.00 , 12447.00 ] 
   3P : [ 10855.50 , 11419.50 ] → x                                    t=4  |  Tps=0.0061
   3R : [ 10855.50 , 11419.50 ] → #round :    8 → [ 11832 , 12447 ]    t=4  |  Tps=0.0061
CYCLE!!!!!!!!!!!!!!!
   3C : [ 11832.00 , 12447.00 ] 
   3P : [ 10855.50 , 11419.50 ] → x                                    t=5  |  Tps=0.0075
   3R : [ 10855.50 , 11419.50 ] → #round :    8 → [ 11832 , 12447 ]    t=5  |  Tps=0.0075
CYCLE!!!!!!!!!!!!!!!
   3C : [ 11832.00 , 12447.00 ] 
   3P : [ 10855.50 , 11419.50 ] → x                                    t=6  |  Tps=0.009
   3R : [ 10855.50 , 11419.50 ] → #round :    8 → [ 11832 , 12447 ]    t=6  |  Tps=0.009
CYCLE!!!!!!!!!!!!!!!
   3C : [ 11832.00 , 12447.00 ] 
   maxTrial 

   4R : [ 10713.36 , 12204.15 ] → #round :    9 → [ 11832 , 12447 ]    t=0  |  Tps=0.0
   4P : [ 10982.02 , 11566.22 ] → x                                    t=1  |  Tps=0.0015
   4R : [ 10982.02 , 11566.22 ] → #round :    7 → [ 12564 , 15405 ]    t=1  |  Tps=0.0015
   4P : [ 11149.50 , 11416.50 ] → x                                    t=2  |  Tps=0.003
   4R : [ 11149.50 , 11416.50 ] → #round :    4 → [ 13485 , 14247 ]    t=2  |  Tps=0.003
   4P : [ 12399.00 , 13311.00 ] → Admissible                           t=3  |  Tps=0.0045
   feasible 

   5R : [ 10763.88 , 11360.33 ] → #round :    9 → [ 12363 , 11847 ]    t=0  |  Tps=0.0
   5P : [ 10809.00 , 14448.00 ] → Admissible                           t=1  |  Tps=0.0016
   feasible 

   6R : [ 10836.41 , 10512.34 ] → #round :   10 → [ 11733 ,  8871 ]    t=0  |  Tps=0.0
   6P : [ 11161.50 ,  9856.50 ] → x                                    t=1  |  Tps=0.0015
   6R : [ 11161.50 ,  9856.50 ] → #round :    4 → [ 13317 , 12921 ]    t=1  |  Tps=0.0015
   6P : [ 11161.50 ,  9856.50 ] → x                                    t=2  |  Tps=0.0032
   6R : [ 11161.50 ,  9856.50 ] → #round :    4 → [ 13317 , 12921 ]    t=2  |  Tps=0.0032
CYCLE!!!!!!!!!!!!!!!
   6C : [ 16119.00 , 15972.00 ] 
   6P : [ 11161.50 ,  9856.50 ] → x                                    t=3  |  Tps=0.0047
   6R : [ 11161.50 ,  9856.50 ] → #round :    4 → [ 13317 , 12921 ]    t=3  |  Tps=0.0047
CYCLE!!!!!!!!!!!!!!!
   6C : [ 16119.00 , 15972.00 ] 
   6P : [ 11161.50 ,  9856.50 ] → x                                    t=4  |  Tps=0.0062
   6R : [ 11161.50 ,  9856.50 ] → #round :    4 → [ 13317 , 12921 ]    t=4  |  Tps=0.0062
CYCLE!!!!!!!!!!!!!!!
   6C : [ 16119.00 , 15972.00 ] 
   6P : [ 11161.50 ,  9856.50 ] → x                                    t=5  |  Tps=0.0077
   6R : [ 11161.50 ,  9856.50 ] → #round :    4 → [ 13317 , 12921 ]    t=5  |  Tps=0.0077
CYCLE!!!!!!!!!!!!!!!
   6C : [ 16119.00 , 15972.00 ] 
   6P : [ 11161.50 ,  9856.50 ] → x                                    t=6  |  Tps=0.0092
   6R : [ 11161.50 ,  9856.50 ] → #round :    4 → [ 13317 , 12921 ]    t=6  |  Tps=0.0092
CYCLE!!!!!!!!!!!!!!!
   6C : [ 16119.00 , 15972.00 ] 
   maxTrial 

   7R : [ 10973.71 ,  9676.06 ] → #round :   10 → [ 12339 ,  9243 ]    t=0  |  Tps=0.0
   7P : [ 11211.00 , 11340.00 ] → Admissible                           t=1  |  Tps=0.0016
   feasible 

   8R : [ 11160.94 ,  8833.23 ] → #round :    9 → [ 12339 ,  9243 ]    t=0  |  Tps=0.0
   8P : [ 11211.00 , 11340.00 ] → Admissible                           t=1  |  Tps=0.0015
   feasible 

   9R : [ 12095.16 ,  8069.91 ] → #round :   11 → [ 16305 , 10944 ]    t=0  |  Tps=0.0
   9P : [ 11418.83 ,  8513.90 ] → x                                    t=1  |  Tps=0.0016
   9R : [ 11418.83 ,  8513.90 ] → #round :    6 → [ 12297 ,  9447 ]    t=1  |  Tps=0.0016
   9P : [ 11588.66 ,  9185.23 ] → x                                    t=2  |  Tps=0.0033
   9R : [ 11588.66 ,  9185.23 ] → #round :    4 → [ 12375 ,  9108 ]    t=2  |  Tps=0.0033
   9P : [ 11588.66 ,  9185.23 ] → x                                    t=3  |  Tps=0.005
   9R : [ 11588.66 ,  9185.23 ] → #round :    4 → [ 12375 ,  9108 ]    t=3  |  Tps=0.005
CYCLE!!!!!!!!!!!!!!!
   9C : [ 10245.00 ,  6414.00 ] 
   9P : [ 12567.00 , 10878.00 ] → Admissible                           t=4  |  Tps=0.0068
   feasible 

  10R : [ 12808.23 ,  7858.43 ] → #round :   12 → [ 14475 ,  8958 ]    t=0  |  Tps=0.0
  10P : [ 14457.00 , 11220.00 ] → Admissible                           t=1  |  Tps=0.0017
   feasible 

  11R : [ 13527.96 ,  7701.51 ] → #round :   13 → [ 15870 ,  8064 ]    t=0  |  Tps=0.0
  11P : [ 15483.00 , 12987.00 ] → Admissible                           t=1  |  Tps=0.0016
   feasible 

  12R : [ 14235.50 ,  7569.90 ] → #round :   13 → [ 16686 ,  7215 ]    t=0  |  Tps=0.0
  12P : [ 17601.00 ,  7846.50 ] → x                                    t=1  |  Tps=0.0017
  12R : [ 17601.00 ,  7846.50 ] → #round :    3 → [ 18891 ,  9360 ]    t=1  |  Tps=0.0017
  12P : [ 17601.00 ,  7846.50 ] → x                                    t=2  |  Tps=0.0032
  12R : [ 17601.00 ,  7846.50 ] → #round :    3 → [ 18891 ,  9360 ]    t=2  |  Tps=0.0032
CYCLE!!!!!!!!!!!!!!!
  12C : [ 24336.00 , 12273.00 ] 
  12P : [ 17601.00 ,  7846.50 ] → x                                    t=3  |  Tps=0.0047
  12R : [ 17601.00 ,  7846.50 ] → #round :    3 → [ 18891 ,  9360 ]    t=3  |  Tps=0.0047
CYCLE!!!!!!!!!!!!!!!
  12C : [ 24336.00 , 12273.00 ] 
  12P : [ 17601.00 ,  7846.50 ] → x                                    t=4  |  Tps=0.0062
  12R : [ 17601.00 ,  7846.50 ] → #round :    3 → [ 18891 ,  9360 ]    t=4  |  Tps=0.0062
CYCLE!!!!!!!!!!!!!!!
  12C : [ 24336.00 , 12273.00 ] 
  12P : [ 17601.00 ,  7846.50 ] → x                                    t=5  |  Tps=0.0077
  12R : [ 17601.00 ,  7846.50 ] → #round :    3 → [ 18891 ,  9360 ]    t=5  |  Tps=0.0077
CYCLE!!!!!!!!!!!!!!!
  12C : [ 24336.00 , 12273.00 ] 
  12P : [ 17601.00 ,  7846.50 ] → x                                    t=6  |  Tps=0.0094
  12R : [ 17601.00 ,  7846.50 ] → #round :    3 → [ 18891 ,  9360 ]    t=6  |  Tps=0.0094
CYCLE!!!!!!!!!!!!!!!
  12C : [ 24336.00 , 12273.00 ] 
   maxTrial 

  13R : [ 14974.04 ,  7456.29 ] → #round :   13 → [ 16764 ,  9312 ]    t=0  |  Tps=0.0
  13P : [ 17454.00 , 10719.00 ] → Admissible                           t=1  |  Tps=0.0015
   feasible 

  14R : [ 15680.04 ,  7333.99 ] → #round :   13 → [ 17310 ,  7896 ]    t=0  |  Tps=0.0
  14P : [ 17454.00 , 10719.00 ] → Admissible                           t=1  |  Tps=0.0016
   feasible 

  15R : [ 16405.09 ,  7237.93 ] → #round :   13 → [ 17292 ,  7587 ]    t=0  |  Tps=0.0
  15P : [ 17454.00 , 10719.00 ] → Admissible                           t=1  |  Tps=0.0015
   feasible 

  16R : [ 17115.90 ,  7146.90 ] → #round :   12 → [ 17292 ,  7587 ]    t=0  |  Tps=0.0
  16P : [ 17454.00 , 10719.00 ] → Admissible                           t=1  |  Tps=0.0015
   feasible 


5) Extraction des resultats

  Nombre de cycle : 17
   1  : [ 11652.00 , 14496.00 ] → Admissible 
   2  : [ 13950.00 , 15423.00 ] → Admissible 
   3  : [ 11832.00 , 12447.00 ] → x          
   4  : [ 12399.00 , 13311.00 ] → Admissible 
   5  : [ 10809.00 , 14448.00 ] → Admissible 
   6  : [ 16119.00 , 15972.00 ] → x          
   7  : [ 11211.00 , 11340.00 ] → Admissible 
   8  : [ 11211.00 , 11340.00 ] → Admissible 
   9  : [ 12567.00 , 10878.00 ] → Admissible 
  10  : [ 14457.00 , 11220.00 ] → Admissible 
  11  : [ 15483.00 , 12987.00 ] → Admissible 
  12  : [ 24336.00 , 12273.00 ] → x          
  13  : [ 17454.00 , 10719.00 ] → Admissible 
  14  : [ 17454.00 , 10719.00 ] → Admissible 
  15  : [ 17454.00 , 10719.00 ] → Admissible 
  16  : [ 17454.00 , 10719.00 ] → Admissible 

6) Edition des resultats 

#U = 4
X_EBP = [10809, 11211, 12567, 17454]
Y_EBP = [14448, 11340, 10878, 10719]
XN = [10809, 10848, 11016, 11172, 11199, 12561, 14799, 14850, 16674, 18087]
YN = [14448, 13800, 12834, 11004, 9342, 9150, 9078, 8910, 8775, 8589]
Quality measure: 63.80 %
  0.289448 seconds (939.95 k allocations: 78.839 MiB)
