0) instance et parametres 

  instance = sppnw16.txt | tailleSampling = 10 | maxTrial = 5 | maxTime = 9223372036854775807


1) calcule les etendues de valeurs sur les 2 objectifs

  f1_min=1181590.00 ↔ f1_max=1184012.00 (Δ=2422.00) 
  f2_min=315136.00 ↔ f2_max=320266.00 (Δ=5130.00) 

2) calcule les generateurs par e-contrainte alternant minimiser z1 et z2

  z1  1 : ϵ = 320266.00  fRL = 1181590.00  [ 1181590.00 , 320266.00 ] 
  z2  1 : ϵ = 1184012.00  fRL = 315136.00  [ 1184012.00 , 315136.00 ] 
  z1  2 : ϵ = 319696.00  fRL = 1181859.11  [ 1181858.84 , 319696.57 ] 
  z2  2 : ϵ = 1183742.89  fRL = 315706.00  [ 1183743.16 , 315705.43 ] 
  z1  3 : ϵ = 319126.00  fRL = 1182128.22  [ 1182127.68 , 319127.14 ] 
  z2  3 : ϵ = 1183473.78  fRL = 316276.00  [ 1183474.32 , 316274.86 ] 
  z1  4 : ϵ = 318556.00  fRL = 1182397.33  [ 1182396.53 , 318557.71 ] 
  z2  4 : ϵ = 1183204.67  fRL = 316846.00  [ 1183205.47 , 316844.29 ] 
  z1  5 : ϵ = 317986.00  fRL = 1182666.44  [ 1182665.37 , 317988.28 ] 
  z2  5 : ϵ = 1182935.56  fRL = 317416.00  [ 1182936.63 , 317413.72 ] 
  z1  6 : ϵ = 317416.00  fRL = 1182935.56  [ 1182936.63 , 317413.72 ] 

  → Allocation memoire pour 10 generateurs

3) place L dans structure et verifie l'admissibilite de chaque generateur

   1  : [ 1181590.00 , 320266.00 ] → Admissible 
   2  : [ 1181858.84 , 319696.57 ] → x          
   3  : [ 1182127.68 , 319127.14 ] → x          
   4  : [ 1182396.53 , 318557.71 ] → x          
   5  : [ 1182665.37 , 317988.28 ] → x          
   6  : [ 1182936.63 , 317413.72 ] → x          
   7  : [ 1183205.47 , 316844.29 ] → x          
   8  : [ 1183474.32 , 316274.86 ] → x          
   9  : [ 1183743.16 , 315705.43 ] → x          
  10  : [ 1184012.00 , 315136.00 ] → Admissible 

  k=   1     xm= 1181590.00   ym= 320266.00   Δx=  2422.00    Δy=     0.00   λ1= 0.00000    λ2= 1.00000 
  k=   2     xm= 1181858.84   ym= 319696.57   Δx=  2153.16    Δy=   569.43   λ1= 0.20915    λ2= 0.79085 
  k=   3     xm= 1182127.68   ym= 319127.14   Δx=  1884.32    Δy=  1138.86   λ1= 0.37671    λ2= 0.62329 
  k=   4     xm= 1182396.53   ym= 318557.71   Δx=  1615.47    Δy=  1708.29   λ1= 0.51396    λ2= 0.48604 
  k=   5     xm= 1182665.37   ym= 317988.28   Δx=  1346.63    Δy=  2277.72   λ1= 0.62845    λ2= 0.37155 
  k=   6     xm= 1182936.63   ym= 317413.72   Δx=  1075.37    Δy=  2852.28   λ1= 0.72621    λ2= 0.27379 
  k=   7     xm= 1183205.47   ym= 316844.29   Δx=   806.53    Δy=  3421.71   λ1= 0.80925    λ2= 0.19075 
  k=   8     xm= 1183474.32   ym= 316274.86   Δx=   537.68    Δy=  3991.14   λ1= 0.88128    λ2= 0.11872 
  k=   9     xm= 1183743.16   ym= 315705.43   Δx=   268.84    Δy=  4560.57   λ1= 0.94433    λ2= 0.05567 
  k=  10     xm= 1184012.00   ym= 315136.00   Δx=     0.00    Δy=  5130.00   λ1= 1.00000    λ2= 0.00000 
4) terraformation generateur par generateur 

   2R : [ 1181858.84 , 319696.57 ] → #round :   20 → [ 1184956 , 321256 ]    t=0  |  Tps=0.0025
   2P : [ 1181590.00 , 320266.00 ] → Admissible                           t=1  |  Tps=4.1182
   feasible 

   3R : [ 1182127.68 , 319127.14 ] → #round :   20 → [ 1184956 , 321256 ]    t=0  |  Tps=0.0025
   3P : [ 1181590.00 , 320266.00 ] → Admissible                           t=1  |  Tps=4.3992
   feasible 

   4R : [ 1182396.53 , 318557.71 ] → #round :   20 → [ 1184956 , 321256 ]    t=0  |  Tps=0.0026
   4P : [ 1181590.00 , 320266.00 ] → Admissible                           t=1  |  Tps=4.3723
   feasible 

   5R : [ 1182665.37 , 317988.28 ] → #round :   20 → [ 1184982 , 318210 ]    t=0  |  Tps=0.0026
   5P : [ 1211222.00 , 325688.00 ] → Admissible                           t=1  |  Tps=4.5295
   feasible 

   6R : [ 1182936.63 , 317413.72 ] → #round :   20 → [ 1184012 , 315136 ]    t=0  |  Tps=0.0029
   6P : [ 1184012.00 , 315136.00 ] → Admissible                           t=1  |  Tps=4.5179
   feasible 

   7R : [ 1183205.47 , 316844.29 ] → #round :   20 → [ 1193402 , 318768 ]    t=0  |  Tps=0.0025
   7P : [ 1184012.00 , 315136.00 ] → Admissible                           t=1  |  Tps=4.4918
   feasible 

   8R : [ 1183474.32 , 316274.86 ] → #round :   20 → [ 1184012 , 315136 ]    t=0  |  Tps=0.0027
   8P : [ 1184012.00 , 315136.00 ] → Admissible                           t=1  |  Tps=4.409
   feasible 

   9R : [ 1183743.16 , 315705.43 ] → #round :   20 → [ 1184012 , 315136 ]    t=0  |  Tps=0.0025
   9P : [ 1184012.00 , 315136.00 ] → Admissible                           t=1  |  Tps=4.9812
   feasible 


5) Extraction des resultats

  Nombre de cycle : 0
   1  : [ 1181590.00 , 320266.00 ] → Admissible 
   2  : [ 1181590.00 , 320266.00 ] → Admissible 
   3  : [ 1181590.00 , 320266.00 ] → Admissible 
   4  : [ 1181590.00 , 320266.00 ] → Admissible 
   5  : [ 1211222.00 , 325688.00 ] → Admissible 
   6  : [ 1184012.00 , 315136.00 ] → Admissible 
   7  : [ 1184012.00 , 315136.00 ] → Admissible 
   8  : [ 1184012.00 , 315136.00 ] → Admissible 
   9  : [ 1184012.00 , 315136.00 ] → Admissible 
  10  : [ 1184012.00 , 315136.00 ] → Admissible 

6) Edition des resultats 

#U = 2
X_EBP = [1181590, 1184012]
Y_EBP = [320266, 315136]
XN = [1181590, 1183750, 1183770, 1183814, 1183878, 1183904, 1184012]
YN = [320266, 319396, 318872, 317764, 317286, 317066, 315136]
Quality measure:  1.13 %
 91.401083 seconds (116.26 M allocations: 12.347 GiB, 1.25% gc time)
