0) instance et parametres 

  instance = sppnw20.txt | tailleSampling = 10 | maxTrial = 5 | maxTime = 9223372036854775807


1) calcule les etendues de valeurs sur les 2 objectifs

  f1_min=16626.00 ↔ f1_max=23019.50 (Δ=6393.50) 
  f2_min=10239.50 ↔ f2_max=19525.50 (Δ=9286.00) 

2) calcule les generateurs par e-contrainte alternant minimiser z1 et z2

  z1  1 : ϵ = 19525.50  fRL = 16626.00  [ 16626.00 , 19525.50 ] 
  z2  1 : ϵ = 23019.50  fRL = 10239.50  [ 23033.19 , 10248.05 ] 
  z1  2 : ϵ = 18493.72  fRL = 16635.93  [ 16635.96 , 18491.77 ] 
  z2  2 : ϵ = 22309.11  fRL = 10287.55  [ 22312.07 , 10292.83 ] 
  z1  3 : ϵ = 17461.94  fRL = 16665.40  [ 16660.70 , 17462.58 ] 
  z2  3 : ϵ = 21598.72  fRL = 10360.61  [ 21583.47 , 10355.20 ] 
  z1  4 : ϵ = 16430.17  fRL = 16732.84  [ 16732.77 , 16430.98 ] 
  z2  4 : ϵ = 20888.33  fRL = 10452.89  [ 20895.00 , 10457.45 ] 
  z1  5 : ϵ = 15398.39  fRL = 16862.91  [ 16870.77 , 15402.26 ] 
  z2  5 : ϵ = 20177.94  fRL = 10685.50  [ 20176.85 , 10686.10 ] 
  z1  6 : ϵ = 14366.61  fRL = 17127.43  [ 17133.09 , 14369.55 ] 
  z2  6 : ϵ = 19467.56  fRL = 11072.33  [ 19467.09 , 11072.58 ] 
  z1  7 : ϵ = 13334.83  fRL = 17505.98  [ 17505.56 , 13335.74 ] 
  z2  7 : ϵ = 18757.17  fRL = 11584.74  [ 18759.04 , 11587.56 ] 
  z1  8 : ϵ = 12303.06  fRL = 18111.72  [ 18111.49 , 12303.34 ] 
  z2  8 : ϵ = 18046.78  fRL = 12388.12  [ 18046.98 , 12387.84 ] 

  → Allocation memoire pour 15 generateurs

3) place L dans structure et verifie l'admissibilite de chaque generateur

   1  : [ 16626.00 , 19525.50 ] → x          
   2  : [ 16635.96 , 18491.77 ] → x          
   3  : [ 16660.70 , 17462.58 ] → x          
   4  : [ 16732.77 , 16430.98 ] → x          
   5  : [ 16870.77 , 15402.26 ] → x          
   6  : [ 17133.09 , 14369.55 ] → x          
   7  : [ 17505.56 , 13335.74 ] → x          
   8  : [ 18111.49 , 12303.34 ] → x          
   9  : [ 18759.04 , 11587.56 ] → x          
  10  : [ 19467.09 , 11072.58 ] → x          
  11  : [ 20176.85 , 10686.10 ] → x          
  12  : [ 20895.00 , 10457.45 ] → x          
  13  : [ 21583.47 , 10355.20 ] → x          
  14  : [ 22312.07 , 10292.83 ] → x          
  15  : [ 23033.19 , 10248.05 ] → x          

  k=   1     xm= 16626.00   ym= 19525.50   Δx=  6407.19    Δy=     0.00   λ1= 0.00000    λ2= 1.00000 
  k=   2     xm= 16635.96   ym= 18491.77   Δx=  6397.23    Δy=  1033.73   λ1= 0.13911    λ2= 0.86089 
  k=   3     xm= 16660.70   ym= 17462.58   Δx=  6372.49    Δy=  2062.92   λ1= 0.24455    λ2= 0.75545 
  k=   4     xm= 16732.77   ym= 16430.98   Δx=  6300.42    Δy=  3094.52   λ1= 0.32938    λ2= 0.67062 
  k=   5     xm= 16870.77   ym= 15402.26   Δx=  6162.42    Δy=  4123.24   λ1= 0.40087    λ2= 0.59913 
  k=   6     xm= 17133.09   ym= 14369.55   Δx=  5900.10    Δy=  5155.95   λ1= 0.46635    λ2= 0.53365 
  k=   7     xm= 17505.56   ym= 13335.74   Δx=  5527.63    Δy=  6189.76   λ1= 0.52825    λ2= 0.47175 
  k=   8     xm= 18111.49   ym= 12303.34   Δx=  4921.70    Δy=  7222.16   λ1= 0.59472    λ2= 0.40528 
  k=   9     xm= 18759.04   ym= 11587.56   Δx=  4274.15    Δy=  7937.94   λ1= 0.65001    λ2= 0.34999 
  k=  10     xm= 19467.09   ym= 11072.58   Δx=  3566.10    Δy=  8452.92   λ1= 0.70330    λ2= 0.29670 
  k=  11     xm= 20176.85   ym= 10686.10   Δx=  2856.34    Δy=  8839.40   λ1= 0.75578    λ2= 0.24422 
  k=  12     xm= 20895.00   ym= 10457.45   Δx=  2138.19    Δy=  9068.05   λ1= 0.80920    λ2= 0.19080 
  k=  13     xm= 21583.47   ym= 10355.20   Δx=  1449.72    Δy=  9170.30   λ1= 0.86349    λ2= 0.13651 
  k=  14     xm= 22312.07   ym= 10292.83   Δx=   721.12    Δy=  9232.67   λ1= 0.92755    λ2= 0.07245 
  k=  15     xm= 23033.19   ym= 10248.05   Δx=     0.00    Δy=  9277.45   λ1= 1.00000    λ2= 0.00000 
4) terraformation generateur par generateur 

   1R : [ 16626.00 , 19525.50 ] → #round :   15 → [ 19221 , 20820 ]    t=0  |  Tps=0.0
   1P : [ 18855.32 , 14739.11 ] → x                                    t=1  |  Tps=0.0023
   1R : [ 18855.32 , 14739.11 ] → #round :    8 → [ 19470 , 16251 ]    t=1  |  Tps=0.0023
   1P : [ 18855.32 , 14739.11 ] → x                                    t=2  |  Tps=0.0045
   1R : [ 18855.32 , 14739.11 ] → #round :    8 → [ 19470 , 16251 ]    t=2  |  Tps=0.0045
CYCLE!!!!!!!!!!!!!!!
   1C : [ 16146.00 , 12267.00 ] 
   1P : [ 19143.00 , 14316.00 ] → x                                    t=3  |  Tps=0.0068
   1R : [ 19143.00 , 14316.00 ] → #round :    7 → [ 19266 , 15783 ]    t=3  |  Tps=0.0068
   1P : [ 19143.00 , 14316.00 ] → x                                    t=4  |  Tps=0.0089
   1R : [ 19143.00 , 14316.00 ] → #round :    7 → [ 19266 , 15783 ]    t=4  |  Tps=0.0089
CYCLE!!!!!!!!!!!!!!!
   1C : [ 16146.00 , 12267.00 ] 
   1P : [ 19143.00 , 14316.00 ] → x                                    t=5  |  Tps=0.0115
   1R : [ 19143.00 , 14316.00 ] → #round :    7 → [ 19266 , 15783 ]    t=5  |  Tps=0.0115
CYCLE!!!!!!!!!!!!!!!
   1C : [ 16146.00 , 12267.00 ] 
   1P : [ 19143.00 , 14316.00 ] → x                                    t=6  |  Tps=0.0139
   1R : [ 19143.00 , 14316.00 ] → #round :    7 → [ 19266 , 15783 ]    t=6  |  Tps=0.0139
CYCLE!!!!!!!!!!!!!!!
   1C : [ 16146.00 , 12267.00 ] 
   maxTrial 

   2R : [ 16635.96 , 18491.77 ] → #round :   18 → [ 19866 , 21318 ]    t=0  |  Tps=0.0
   2P : [ 19143.00 , 13626.00 ] → x                                    t=1  |  Tps=0.0023
   2R : [ 19143.00 , 13626.00 ] → #round :    7 → [ 19266 , 15093 ]    t=1  |  Tps=0.0023
   2P : [ 19143.00 , 13626.00 ] → x                                    t=2  |  Tps=0.0045
   2R : [ 19143.00 , 13626.00 ] → #round :    7 → [ 19266 , 15093 ]    t=2  |  Tps=0.0045
CYCLE!!!!!!!!!!!!!!!
   2C : [ 16146.00 , 11577.00 ] 
   2P : [ 19143.00 , 13626.00 ] → x                                    t=3  |  Tps=0.0067
   2R : [ 19143.00 , 13626.00 ] → #round :    7 → [ 19266 , 15093 ]    t=3  |  Tps=0.0067
CYCLE!!!!!!!!!!!!!!!
   2C : [ 16146.00 , 11577.00 ] 
   2P : [ 19143.00 , 13626.00 ] → x                                    t=4  |  Tps=0.009
   2R : [ 19143.00 , 13626.00 ] → #round :    7 → [ 19266 , 15093 ]    t=4  |  Tps=0.009
CYCLE!!!!!!!!!!!!!!!
   2C : [ 16146.00 , 11577.00 ] 
   2P : [ 19143.00 , 13626.00 ] → x                                    t=5  |  Tps=0.0113
   2R : [ 19143.00 , 13626.00 ] → #round :    7 → [ 19266 , 15093 ]    t=5  |  Tps=0.0113
CYCLE!!!!!!!!!!!!!!!
   2C : [ 16146.00 , 11577.00 ] 
   2P : [ 19143.00 , 13626.00 ] → x                                    t=6  |  Tps=0.0135
   2R : [ 19143.00 , 13626.00 ] → #round :    7 → [ 19266 , 15093 ]    t=6  |  Tps=0.0135
CYCLE!!!!!!!!!!!!!!!
   2C : [ 16146.00 , 11577.00 ] 
   maxTrial 

   3R : [ 16660.70 , 17462.58 ] → #round :   18 → [ 19992 , 21201 ]    t=0  |  Tps=0.0
   3P : [ 17712.00 , 15723.00 ] → Admissible                           t=1  |  Tps=0.0023
   feasible 

   4R : [ 16732.77 , 16430.98 ] → #round :   17 → [ 18657 , 19080 ]    t=0  |  Tps=0.0
   4P : [ 18145.91 , 14897.65 ] → x                                    t=1  |  Tps=0.0023
   4R : [ 18145.91 , 14897.65 ] → #round :    9 → [ 19626 , 15318 ]    t=1  |  Tps=0.0023
   4P : [ 18174.00 , 18423.00 ] → Admissible                           t=2  |  Tps=0.0044
   feasible 

   5R : [ 16870.77 , 15402.26 ] → #round :   15 → [ 19470 , 15561 ]    t=0  |  Tps=0.0
   5P : [ 18442.49 , 14087.69 ] → x                                    t=1  |  Tps=0.0024
   5R : [ 18442.49 , 14087.69 ] → #round :    8 → [ 17412 , 14724 ]    t=1  |  Tps=0.0025
   5P : [ 18024.00 , 17823.00 ] → Admissible                           t=2  |  Tps=0.0046
   feasible 

   6R : [ 17133.09 , 14369.55 ] → #round :   15 → [ 19470 , 15561 ]    t=0  |  Tps=0.0
   6P : [ 18024.00 , 17823.00 ] → Admissible                           t=1  |  Tps=0.0023
   feasible 

   7R : [ 17505.56 , 13335.74 ] → #round :   16 → [ 21606 , 15795 ]    t=0  |  Tps=0.0
   7P : [ 18024.00 , 17823.00 ] → Admissible                           t=1  |  Tps=0.0025
   feasible 

   8R : [ 18111.49 , 12303.34 ] → #round :   15 → [ 20214 , 15183 ]    t=0  |  Tps=0.0
   8P : [ 17867.11 , 13055.12 ] → x                                    t=1  |  Tps=0.0024
   8R : [ 17867.11 , 13055.12 ] → #round :   12 → [ 18078 , 14949 ]    t=1  |  Tps=0.0024
   8P : [ 17867.11 , 13055.12 ] → x                                    t=2  |  Tps=0.0046
   8R : [ 17867.11 , 13055.12 ] → #round :   12 → [ 18078 , 14949 ]    t=2  |  Tps=0.0047
CYCLE!!!!!!!!!!!!!!!
   8C : [ 10380.00 , 11421.00 ] 
   8P : [ 18024.00 , 17823.00 ] → Admissible                           t=3  |  Tps=0.0069
   feasible 

   9R : [ 18759.04 , 11587.56 ] → #round :   15 → [ 19056 , 13212 ]    t=0  |  Tps=0.0
   9P : [ 18312.00 , 14748.00 ] → Admissible                           t=1  |  Tps=0.0023
   feasible 

  10R : [ 19467.09 , 11072.58 ] → #round :   14 → [ 20823 , 10794 ]    t=0  |  Tps=0.0
  10P : [ 21078.00 , 16560.00 ] → Admissible                           t=1  |  Tps=0.0023
   feasible 

  11R : [ 20176.85 , 10686.10 ] → #round :   14 → [ 20823 , 10794 ]    t=0  |  Tps=0.0
  11P : [ 21078.00 , 16560.00 ] → Admissible                           t=1  |  Tps=0.0024
   feasible 

  12R : [ 20895.00 , 10457.45 ] → #round :   20 → [ 19983 , 12279 ]    t=0  |  Tps=0.0
  12P : [ 20505.00 , 12413.40 ] → x                                    t=1  |  Tps=0.0023
  12R : [ 20505.00 , 12413.40 ] → #round :    9 → [ 20823 , 10794 ]    t=1  |  Tps=0.0024
  12P : [ 21078.00 , 16560.00 ] → Admissible                           t=2  |  Tps=0.0046
   feasible 

  13R : [ 21583.47 , 10355.20 ] → #round :   19 → [ 26475 , 12369 ]    t=0  |  Tps=0.0
  13P : [ 21564.00 , 16332.00 ] → Admissible                           t=1  |  Tps=0.0023
   feasible 

  14R : [ 22312.07 , 10292.83 ] → #round :   20 → [ 29232 , 12585 ]    t=0  |  Tps=0.0
  14P : [ 21564.00 , 16332.00 ] → Admissible                           t=1  |  Tps=0.0026
   feasible 

  15R : [ 23033.19 , 10248.05 ] → #round :   17 → [ 27651 , 11520 ]    t=0  |  Tps=0.0
  15P : [ 21564.00 , 16332.00 ] → Admissible                           t=1  |  Tps=0.0025
   feasible 


5) Extraction des resultats

  Nombre de cycle : 10
   1  : [ 16146.00 , 12267.00 ] → x          
   2  : [ 16146.00 , 11577.00 ] → x          
   3  : [ 17712.00 , 15723.00 ] → Admissible 
   4  : [ 18174.00 , 18423.00 ] → Admissible 
   5  : [ 18024.00 , 17823.00 ] → Admissible 
   6  : [ 18024.00 , 17823.00 ] → Admissible 
   7  : [ 18024.00 , 17823.00 ] → Admissible 
   8  : [ 18024.00 , 17823.00 ] → Admissible 
   9  : [ 18312.00 , 14748.00 ] → Admissible 
  10  : [ 21078.00 , 16560.00 ] → Admissible 
  11  : [ 21078.00 , 16560.00 ] → Admissible 
  12  : [ 21078.00 , 16560.00 ] → Admissible 
  13  : [ 21564.00 , 16332.00 ] → Admissible 
  14  : [ 21564.00 , 16332.00 ] → Admissible 
  15  : [ 21564.00 , 16332.00 ] → Admissible 

6) Edition des resultats 

#U = 2
X_EBP = [17712, 18312]
Y_EBP = [15723, 14748]
XN = [16812, 16965, 17697, 17712, 18225, 20370, 20373, 20550, 27975]
YN = [21891, 17112, 16200, 15723, 14319, 13179, 13065, 12363, 11529]
Quality measure: 76.29 %
  0.313502 seconds (1.31 M allocations: 120.617 MiB)
