0) instance et parametres 

  instance = sppnw03.txt | tailleSampling = 10 | maxTrial = 5 | maxTime = 9223372036854775807


1) calcule les etendues de valeurs sur les 2 objectifs

  f1_min=24447.00 ↔ f1_max=49005.65 (Δ=24558.65) 
  f2_min=13767.25 ↔ f2_max=41932.50 (Δ=28165.25) 

2) calcule les generateurs par e-contrainte alternant minimiser z1 et z2

  z1  1 : ϵ = 41932.50  fRL = 24447.00  [ 24447.00 , 41932.50 ] 
  z2  1 : ϵ = 49005.65  fRL = 13767.25  [ 48978.02 , 13761.55 ] 
  z1  2 : ϵ = 38803.03  fRL = 24449.99  [ 24449.99 , 38804.06 ] 
  z2  2 : ϵ = 46276.91  fRL = 13778.11  [ 46277.94 , 13779.68 ] 
  z1  3 : ϵ = 35673.56  fRL = 24457.26  [ 24457.26 , 35673.25 ] 
  z2  3 : ϵ = 43548.17  fRL = 13814.50  [ 43559.33 , 13816.49 ] 
  z1  4 : ϵ = 32544.08  fRL = 24562.20  [ 24549.40 , 32534.67 ] 
  z2  4 : ϵ = 40819.43  fRL = 13859.93  [ 40825.77 , 13861.76 ] 
  z1  5 : ϵ = 29414.61  fRL = 24880.72  [ 24879.25 , 29410.49 ] 
  z2  5 : ϵ = 38090.69  fRL = 13906.09  [ 38078.08 , 13902.20 ] 
  z1  6 : ϵ = 26285.14  fRL = 25443.35  [ 25437.90 , 26280.40 ] 
  z2  6 : ϵ = 35361.96  fRL = 14228.20  [ 35359.09 , 14226.96 ] 
  z1  7 : ϵ = 23155.67  fRL = 26367.88  [ 26369.69 , 23156.84 ] 
  z2  7 : ϵ = 32633.22  fRL = 15497.98  [ 32637.71 , 15497.32 ] 
  z1  8 : ϵ = 20026.19  fRL = 28143.58  [ 28143.79 , 20025.89 ] 
  z2  8 : ϵ = 29904.48  fRL = 17771.76  [ 29909.64 , 17775.49 ] 
  z1  9 : ϵ = 16896.72  fRL = 30774.01  [ 30760.21 , 16889.41 ] 

  → Allocation memoire pour 16 generateurs

3) place L dans structure et verifie l'admissibilite de chaque generateur

   1  : [ 24447.00 , 41932.50 ] → x          
   2  : [ 24449.99 , 38804.06 ] → x          
   3  : [ 24457.26 , 35673.25 ] → x          
   4  : [ 24549.40 , 32534.67 ] → x          
   5  : [ 24879.25 , 29410.49 ] → x          
   6  : [ 25437.90 , 26280.40 ] → x          
   7  : [ 26369.69 , 23156.84 ] → x          
   8  : [ 28143.79 , 20025.89 ] → x          
   9  : [ 29909.64 , 17775.49 ] → x          
  10  : [ 32637.71 , 15497.32 ] → x          
  11  : [ 35359.09 , 14226.96 ] → x          
  12  : [ 38078.08 , 13902.20 ] → x          
  13  : [ 40825.77 , 13861.76 ] → x          
  14  : [ 43559.33 , 13816.49 ] → x          
  15  : [ 46277.94 , 13779.68 ] → x          
  16  : [ 48978.02 , 13761.55 ] → x          

  k=   1     xm= 24447.00   ym= 41932.50   Δx= 24531.02    Δy=     0.00   λ1= 0.00000    λ2= 1.00000 
  k=   2     xm= 24449.99   ym= 38804.06   Δx= 24528.03    Δy=  3128.44   λ1= 0.11312    λ2= 0.88688 
  k=   3     xm= 24457.26   ym= 35673.25   Δx= 24520.76    Δy=  6259.25   λ1= 0.20335    λ2= 0.79665 
  k=   4     xm= 24549.40   ym= 32534.67   Δx= 24428.62    Δy=  9397.83   λ1= 0.27782    λ2= 0.72218 
  k=   5     xm= 24879.25   ym= 29410.49   Δx= 24098.77    Δy= 12522.01   λ1= 0.34194    λ2= 0.65806 
  k=   6     xm= 25437.90   ym= 26280.40   Δx= 23540.12    Δy= 15652.10   λ1= 0.39937    λ2= 0.60063 
  k=   7     xm= 26369.69   ym= 23156.84   Δx= 22608.33    Δy= 18775.66   λ1= 0.45369    λ2= 0.54631 
  k=   8     xm= 28143.79   ym= 20025.89   Δx= 20834.23    Δy= 21906.61   λ1= 0.51255    λ2= 0.48745 
  k=   9     xm= 29909.64   ym= 17775.49   Δx= 19068.38    Δy= 24157.01   λ1= 0.55886    λ2= 0.44114 
  k=  10     xm= 32637.71   ym= 15497.32   Δx= 16340.31    Δy= 26435.18   λ1= 0.61800    λ2= 0.38200 
  k=  11     xm= 35359.09   ym= 14226.96   Δx= 13618.93    Δy= 27705.54   λ1= 0.67044    λ2= 0.32956 
  k=  12     xm= 38078.08   ym= 13902.20   Δx= 10899.94    Δy= 28030.30   λ1= 0.72001    λ2= 0.27999 
  k=  13     xm= 40825.77   ym= 13861.76   Δx=  8152.25    Δy= 28070.74   λ1= 0.77494    λ2= 0.22506 
  k=  14     xm= 43559.33   ym= 13816.49   Δx=  5418.69    Δy= 28116.01   λ1= 0.83842    λ2= 0.16158 
  k=  15     xm= 46277.94   ym= 13779.68   Δx=  2700.08    Δy= 28152.82   λ1= 0.91249    λ2= 0.08751 
  k=  16     xm= 48978.02   ym= 13761.55   Δx=     0.00    Δy= 28170.95   λ1= 1.00000    λ2= 0.00000 
4) terraformation generateur par generateur 

   1R : [ 24447.00 , 41932.50 ] → #round :    7 → [ 25470 , 43236 ]    t=0  |  Tps=0.0004
   1P : [ 25464.00 , 42054.00 ] → Admissible                           t=1  |  Tps=0.3717
   feasible 

   2R : [ 24449.99 , 38804.06 ] → #round :   11 → [ 25473 , 40095 ]    t=0  |  Tps=0.0009
   2P : [ 25467.00 , 38913.00 ] → Admissible                           t=1  |  Tps=0.3869
   feasible 

   3R : [ 24457.26 , 35673.25 ] → #round :   13 → [ 25482 , 36231 ]    t=0  |  Tps=0.0006
   3P : [ 25476.00 , 35049.00 ] → Admissible                           t=1  |  Tps=0.4013
   feasible 

   4R : [ 24549.40 , 32534.67 ] → #round :   29 → [ 26796 , 33648 ]    t=0  |  Tps=0.0012
   4P : [ 25014.75 , 32317.50 ] → x                                    t=1  |  Tps=0.3855
   4R : [ 25014.75 , 32317.50 ] → #round :    8 → [ 25146 , 34560 ]    t=1  |  Tps=0.3859
   4P : [ 25303.50 , 32937.00 ] → x                                    t=2  |  Tps=0.7487
   4R : [ 25303.50 , 32937.00 ] → #round :    3 → [ 27405 , 33396 ]    t=2  |  Tps=0.7489
   4P : [ 25303.50 , 32937.00 ] → x                                    t=3  |  Tps=1.1209
   4R : [ 25303.50 , 32937.00 ] → #round :    3 → [ 27405 , 33396 ]    t=3  |  Tps=1.1211
CYCLE!!!!!!!!!!!!!!!
   4C : [ 27963.00 , 36420.00 ] 
   4P : [ 25303.50 , 32937.00 ] → x                                    t=4  |  Tps=1.502
   4R : [ 25303.50 , 32937.00 ] → #round :    3 → [ 27405 , 33396 ]    t=4  |  Tps=1.5022
CYCLE!!!!!!!!!!!!!!!
   4C : [ 27963.00 , 36420.00 ] 
   4P : [ 25303.50 , 32937.00 ] → x                                    t=5  |  Tps=1.872
   4R : [ 25303.50 , 32937.00 ] → #round :    3 → [ 27405 , 33396 ]    t=5  |  Tps=1.8723
CYCLE!!!!!!!!!!!!!!!
   4C : [ 27963.00 , 36420.00 ] 
   4P : [ 25303.50 , 32937.00 ] → x                                    t=6  |  Tps=2.2426
   4R : [ 25303.50 , 32937.00 ] → #round :    3 → [ 27405 , 33396 ]    t=6  |  Tps=2.2428
CYCLE!!!!!!!!!!!!!!!
   4C : [ 27963.00 , 36420.00 ] 
   maxTrial 

   5R : [ 24879.25 , 29410.49 ] → #round :   34 → [ 29703 , 33513 ]    t=0  |  Tps=0.0011
   5P : [ 25098.00 , 32919.00 ] → Admissible                           t=1  |  Tps=0.3926
   feasible 

   6R : [ 25437.90 , 26280.40 ] → #round :   41 → [ 28218 , 29589 ]    t=0  |  Tps=0.0017
   6P : [ 26715.00 , 26793.00 ] → Admissible                           t=1  |  Tps=0.3871
   feasible 

   7R : [ 26369.69 , 23156.84 ] → #round :   42 → [ 27867 , 23220 ]    t=0  |  Tps=0.0014
   7P : [ 28706.63 , 22370.26 ] → x                                    t=1  |  Tps=0.3803
   7R : [ 28706.63 , 22370.26 ] → #round :   28 → [ 26889 , 25302 ]    t=1  |  Tps=0.3813
   7P : [ 29434.50 , 21741.00 ] → x                                    t=2  |  Tps=0.7699
   7R : [ 29434.50 , 21741.00 ] → #round :   12 → [ 28521 , 24009 ]    t=2  |  Tps=0.7704
   7P : [ 29875.69 , 23167.29 ] → x                                    t=3  |  Tps=1.1945
   7R : [ 29875.69 , 23167.29 ] → #round :   25 → [ 26874 , 24552 ]    t=3  |  Tps=1.1955
   7P : [ 29207.55 , 24983.78 ] → x                                    t=4  |  Tps=1.5841
   7R : [ 29207.55 , 24983.78 ] → #round :   15 → [ 27051 , 23655 ]    t=4  |  Tps=1.5847
   7P : [ 27571.50 , 24382.50 ] → x                                    t=5  |  Tps=1.9829
   7R : [ 27571.50 , 24382.50 ] → #round :   10 → [ 26769 , 23424 ]    t=5  |  Tps=1.9833
   7P : [ 28538.96 , 24813.98 ] → x                                    t=6  |  Tps=2.3987
   7R : [ 28538.96 , 24813.98 ] → #round :   17 → [ 26727 , 24249 ]    t=6  |  Tps=2.3994
   maxTrial 

   8R : [ 28143.79 , 20025.89 ] → #round :   43 → [ 34167 , 23145 ]    t=0  |  Tps=0.0015
   8P : [ 29948.69 , 21370.81 ] → x                                    t=1  |  Tps=0.3772
   8R : [ 29948.69 , 21370.81 ] → #round :   29 → [ 30330 , 22578 ]    t=1  |  Tps=0.3782
   8P : [ 31470.00 , 25155.00 ] → Admissible                           t=2  |  Tps=0.747
   feasible 

   9R : [ 29909.64 , 17775.49 ] → #round :   43 → [ 30855 , 19152 ]    t=0  |  Tps=0.0015
   9P : [ 30950.64 , 18342.02 ] → x                                    t=1  |  Tps=0.4185
   9R : [ 30950.64 , 18342.02 ] → #round :   32 → [ 29661 , 18240 ]    t=1  |  Tps=0.4196
   9P : [ 30376.12 , 20188.12 ] → x                                    t=2  |  Tps=0.8031
   9R : [ 30376.12 , 20188.12 ] → #round :   23 → [ 31050 , 18129 ]    t=2  |  Tps=0.8039
   9P : [ 30862.59 , 20033.72 ] → x                                    t=3  |  Tps=1.2307
   9R : [ 30862.59 , 20033.72 ] → #round :   22 → [ 32493 , 20967 ]    t=3  |  Tps=1.2315
   9P : [ 30730.88 , 20518.12 ] → x                                    t=4  |  Tps=1.6271
   9R : [ 30730.88 , 20518.12 ] → #round :   20 → [ 29943 , 18711 ]    t=4  |  Tps=1.6278
   9P : [ 30526.50 , 22156.50 ] → x                                    t=5  |  Tps=2.0193
   9R : [ 30526.50 , 22156.50 ] → #round :    9 → [ 32556 , 18987 ]    t=5  |  Tps=2.0198
   9P : [ 30526.50 , 22156.50 ] → x                                    t=6  |  Tps=2.4403
   9R : [ 30526.50 , 22156.50 ] → #round :    9 → [ 32556 , 18987 ]    t=6  |  Tps=2.4409
CYCLE!!!!!!!!!!!!!!!
   9C : [ 42948.00 , 32010.00 ] 
   maxTrial 

  10R : [ 32637.71 , 15497.32 ] → #round :   43 → [ 33576 , 16482 ]    t=0  |  Tps=0.0014
  10P : [ 32581.00 , 21593.25 ] → x                                    t=1  |  Tps=0.4021
  10R : [ 32581.00 , 21593.25 ] → #round :   16 → [ 33900 , 17757 ]    t=1  |  Tps=0.4027
  10P : [ 33870.00 , 23181.00 ] → Admissible                           t=2  |  Tps=0.8583
   feasible 

  11R : [ 35359.09 , 14226.96 ] → #round :   45 → [ 39402 , 16020 ]    t=0  |  Tps=0.0015
  11P : [ 31608.94 , 20564.42 ] → x                                    t=1  |  Tps=0.371
  11R : [ 31608.94 , 20564.42 ] → #round :   22 → [ 36651 , 16323 ]    t=1  |  Tps=0.3719
  11P : [ 31809.00 , 23340.00 ] → Admissible                           t=2  |  Tps=0.7701
   feasible 

  12R : [ 38078.08 , 13902.20 ] → #round :   47 → [ 35625 , 14250 ]    t=0  |  Tps=0.0016
  12P : [ 34488.00 , 19035.00 ] → x                                    t=1  |  Tps=0.3824
  12R : [ 34488.00 , 19035.00 ] → #round :   10 → [ 37947 , 16089 ]    t=1  |  Tps=0.3828
  12P : [ 39183.00 , 22101.00 ] → Admissible                           t=2  |  Tps=0.7716
   feasible 

  13R : [ 40825.77 , 13861.76 ] → #round :   47 → [ 39237 , 13938 ]    t=0  |  Tps=0.0015
  13P : [ 33214.34 , 19062.33 ] → x                                    t=1  |  Tps=0.4229
  13R : [ 33214.34 , 19062.33 ] → #round :   20 → [ 40359 , 14817 ]    t=1  |  Tps=0.4237
  13P : [ 33394.55 , 19745.66 ] → x                                    t=2  |  Tps=0.8391
  13R : [ 33394.55 , 19745.66 ] → #round :   27 → [ 42951 , 16821 ]    t=2  |  Tps=0.8401
  13P : [ 33594.00 , 21105.00 ] → x                                    t=3  |  Tps=1.2329
  13R : [ 33594.00 , 21105.00 ] → #round :    9 → [ 37626 , 17763 ]    t=3  |  Tps=1.2333
  13P : [ 33594.00 , 21105.00 ] → x                                    t=4  |  Tps=1.6422
  13R : [ 33594.00 , 21105.00 ] → #round :    9 → [ 37626 , 17763 ]    t=4  |  Tps=1.6426
CYCLE!!!!!!!!!!!!!!!
  13C : [ 40536.00 , 30900.00 ] 
  13P : [ 33594.00 , 21105.00 ] → x                                    t=5  |  Tps=2.0328
  13R : [ 33594.00 , 21105.00 ] → #round :    9 → [ 37626 , 17763 ]    t=5  |  Tps=2.0332
CYCLE!!!!!!!!!!!!!!!
  13C : [ 40536.00 , 30900.00 ] 
  13P : [ 33594.00 , 21105.00 ] → x                                    t=6  |  Tps=2.4313
  13R : [ 33594.00 , 21105.00 ] → #round :    9 → [ 37626 , 17763 ]    t=6  |  Tps=2.4318
CYCLE!!!!!!!!!!!!!!!
  13C : [ 40536.00 , 30900.00 ] 
   maxTrial 

  14R : [ 43559.33 , 13816.49 ] → #round :   46 → [ 42624 , 14862 ]    t=0  |  Tps=0.0016
  14P : [ 31503.00 , 22506.00 ] → Admissible                           t=1  |  Tps=0.382
   feasible 

  15R : [ 46277.94 , 13779.68 ] → #round :   47 → [ 42828 , 15270 ]    t=0  |  Tps=0.0015
  15P : [ 32002.50 , 20196.00 ] → x                                    t=1  |  Tps=0.3966
  15R : [ 32002.50 , 20196.00 ] → #round :   14 → [ 44568 , 22779 ]    t=1  |  Tps=0.3974
  15P : [ 32002.50 , 20196.00 ] → x                                    t=2  |  Tps=0.8023
  15R : [ 32002.50 , 20196.00 ] → #round :   14 → [ 44568 , 22779 ]    t=2  |  Tps=0.8029
CYCLE!!!!!!!!!!!!!!!
  15C : [ 49485.00 , 36315.00 ] 
  15P : [ 32002.50 , 20196.00 ] → x                                    t=3  |  Tps=1.1727
  15R : [ 32002.50 , 20196.00 ] → #round :   14 → [ 44568 , 22779 ]    t=3  |  Tps=1.1732
CYCLE!!!!!!!!!!!!!!!
  15C : [ 49485.00 , 36315.00 ] 
  15P : [ 32002.50 , 20196.00 ] → x                                    t=4  |  Tps=1.5445
  15R : [ 32002.50 , 20196.00 ] → #round :   14 → [ 44568 , 22779 ]    t=4  |  Tps=1.5451
CYCLE!!!!!!!!!!!!!!!
  15C : [ 49485.00 , 36315.00 ] 
  15P : [ 32002.50 , 20196.00 ] → x                                    t=5  |  Tps=1.919
  15R : [ 32002.50 , 20196.00 ] → #round :   14 → [ 44568 , 22779 ]    t=5  |  Tps=1.9196
CYCLE!!!!!!!!!!!!!!!
  15C : [ 49485.00 , 36315.00 ] 
  15P : [ 32002.50 , 20196.00 ] → x                                    t=6  |  Tps=2.2863
  15R : [ 32002.50 , 20196.00 ] → #round :   14 → [ 44568 , 22779 ]    t=6  |  Tps=2.2869
CYCLE!!!!!!!!!!!!!!!
  15C : [ 49485.00 , 36315.00 ] 
   maxTrial 

  16R : [ 48978.02 , 13761.55 ] → #round :   46 → [ 56922 , 16422 ]    t=0  |  Tps=0.0015
  16P : [ 64126.50 , 29575.50 ] → x                                    t=1  |  Tps=0.3981
  16R : [ 64126.50 , 29575.50 ] → #round :   18 → [ 50724 , 15288 ]    t=1  |  Tps=0.3989
  16P : [ 60792.00 , 34815.00 ] → Admissible                           t=2  |  Tps=0.8123
   feasible 


5) Extraction des resultats

  Nombre de cycle : 13
   1  : [ 25464.00 , 42054.00 ] → Admissible 
   2  : [ 25467.00 , 38913.00 ] → Admissible 
   3  : [ 25476.00 , 35049.00 ] → Admissible 
   4  : [ 27963.00 , 36420.00 ] → x          
   5  : [ 25098.00 , 32919.00 ] → Admissible 
   6  : [ 26715.00 , 26793.00 ] → Admissible 
   7  : [ 26727.00 , 24249.00 ] → x          
   8  : [ 31470.00 , 25155.00 ] → Admissible 
   9  : [ 42948.00 , 32010.00 ] → x          
  10  : [ 33870.00 , 23181.00 ] → Admissible 
  11  : [ 31809.00 , 23340.00 ] → Admissible 
  12  : [ 39183.00 , 22101.00 ] → Admissible 
  13  : [ 40536.00 , 30900.00 ] → x          
  14  : [ 31503.00 , 22506.00 ] → Admissible 
  15  : [ 49485.00 , 36315.00 ] → x          
  16  : [ 60792.00 , 34815.00 ] → Admissible 

6) Edition des resultats 

#U = 5
X_EBP = [25098, 26715, 31470, 31503, 39183]
Y_EBP = [32919, 26793, 25155, 22506, 22101]
XN = [24492, 24495, 24501, 24504, 24771, 25014, 25095, 25098, 25260, 25341, 25506, 26028, 26166, 26328, 26715, 27114, 27171, 27324, 27357, 27510, 27945, 29058, 29241, 29247, 29559, 29583, 29778, 29823, 29958, 29970, 30057, 30072, 30132, 30279, 30741, 30900, 31080, 31212, 31233, 31419, 31971, 32139, 33243, 33522, 34680, 36024, 37476]
YN = [45399, 42258, 40185, 38394, 37572, 35652, 34710, 32919, 32895, 30999, 29841, 29277, 28629, 27300, 26793, 25812, 24156, 23943, 23892, 23679, 23079, 23040, 22836, 22395, 21909, 21870, 21675, 21504, 21465, 21456, 21381, 21363, 20874, 20385, 20319, 19986, 19947, 19788, 19308, 19023, 18486, 18258, 18138, 17874, 17673, 17070, 16566]
Quality measure: 80.78 %
 26.058867 seconds (105.67 M allocations: 11.218 GiB, 2.58% gc time)
