0) instance et parametres 

  instance = sppnw18.txt | tailleSampling = 10 | maxTrial = 5 | maxTime = 9223372036854775807


1) calcule les etendues de valeurs sur les 2 objectifs

  f1_min=338864.25 ↔ f1_max=367836.19 (Δ=28971.94) 
  f2_min=83223.74 ↔ f2_max=101631.25 (Δ=18407.51) 

2) calcule les generateurs par e-contrainte alternant minimiser z1 et z2

  z1  1 : ϵ = 101631.25  fRL = 338864.25  [ 338864.25 , 101631.25 ] 
  z2  1 : ϵ = 367836.19  fRL = 83223.74  [ 367842.09 , 83228.22 ] 
  z1  2 : ϵ = 99585.97  fRL = 338876.99  [ 338873.53 , 99584.83 ] 
  z2  2 : ϵ = 364617.09  fRL = 83265.96  [ 364628.84 , 83263.51 ] 
  z1  3 : ϵ = 97540.69  fRL = 338999.20  [ 338999.26 , 97539.94 ] 
  z2  3 : ϵ = 361397.98  fRL = 83327.37  [ 361418.72 , 83329.75 ] 
  z1  4 : ϵ = 95495.41  fRL = 339206.26  [ 339209.24 , 95497.12 ] 
  z2  4 : ϵ = 358178.88  fRL = 83430.44  [ 358186.64 , 83427.17 ] 
  z1  5 : ϵ = 93450.13  fRL = 339534.18  [ 339533.68 , 93450.40 ] 
  z2  5 : ϵ = 354959.77  fRL = 83612.30  [ 354966.39 , 83612.66 ] 
  z1  6 : ϵ = 91404.86  fRL = 339972.68  [ 339969.87 , 91402.48 ] 
  z2  6 : ϵ = 351740.67  fRL = 83902.93  [ 351720.71 , 83895.29 ] 
  z1  7 : ϵ = 89359.58  fRL = 340537.71  [ 340537.52 , 89360.24 ] 
  z2  7 : ϵ = 348521.56  fRL = 84241.50  [ 348492.19 , 84232.04 ] 
  z1  8 : ϵ = 87314.30  fRL = 341231.81  [ 341232.14 , 87313.51 ] 
  z2  8 : ϵ = 345302.46  fRL = 84643.08  [ 345293.12 , 84637.41 ] 
  z1  9 : ϵ = 85269.02  fRL = 343105.34  [ 343111.08 , 85274.14 ] 
  z2  9 : ϵ = 342083.35  fRL = 86012.31  [ 342090.77 , 86008.77 ] 

  → Allocation memoire pour 17 generateurs

3) place L dans structure et verifie l'admissibilite de chaque generateur

   1  : [ 338864.25 , 101631.25 ] → x          
   2  : [ 338873.53 , 99584.83 ] → x          
   3  : [ 338999.26 , 97539.94 ] → x          
   4  : [ 339209.24 , 95497.12 ] → x          
   5  : [ 339533.68 , 93450.40 ] → x          
   6  : [ 339969.87 , 91402.48 ] → x          
   7  : [ 340537.52 , 89360.24 ] → x          
   8  : [ 341232.14 , 87313.51 ] → x          
   9  : [ 343111.08 , 85274.14 ] → x          
  10  : [ 345293.12 , 84637.41 ] → x          
  11  : [ 348492.19 , 84232.04 ] → x          
  12  : [ 351720.71 , 83895.29 ] → x          
  13  : [ 354966.39 , 83612.66 ] → x          
  14  : [ 358186.64 , 83427.17 ] → x          
  15  : [ 361418.72 , 83329.75 ] → x          
  16  : [ 364628.84 , 83263.51 ] → x          
  17  : [ 367842.09 , 83228.22 ] → x          

  k=   1     xm= 338864.25   ym= 101631.25   Δx= 28977.84    Δy=     0.00   λ1= 0.00000    λ2= 1.00000 
  k=   2     xm= 338873.53   ym= 99584.83   Δx= 28968.56    Δy=  2046.42   λ1= 0.06598    λ2= 0.93402 
  k=   3     xm= 338999.26   ym= 97539.94   Δx= 28842.83    Δy=  4091.31   λ1= 0.12423    λ2= 0.87577 
  k=   4     xm= 339209.24   ym= 95497.12   Δx= 28632.85    Δy=  6134.13   λ1= 0.17644    λ2= 0.82356 
  k=   5     xm= 339533.68   ym= 93450.40   Δx= 28308.41    Δy=  8180.85   λ1= 0.22420    λ2= 0.77580 
  k=   6     xm= 339969.87   ym= 91402.48   Δx= 27872.22    Δy= 10228.77   λ1= 0.26846    λ2= 0.73154 
  k=   7     xm= 340537.52   ym= 89360.24   Δx= 27304.57    Δy= 12271.01   λ1= 0.31007    λ2= 0.68993 
  k=   8     xm= 341232.14   ym= 87313.51   Δx= 26609.95    Δy= 14317.74   λ1= 0.34983    λ2= 0.65017 
  k=   9     xm= 343111.08   ym= 85274.14   Δx= 24731.01    Δy= 16357.11   λ1= 0.39810    λ2= 0.60190 
  k=  10     xm= 345293.12   ym= 84637.41   Δx= 22548.97    Δy= 16993.84   λ1= 0.42976    λ2= 0.57024 
  k=  11     xm= 348492.19   ym= 84232.04   Δx= 19349.90    Δy= 17399.21   λ1= 0.47346    λ2= 0.52654 
  k=  12     xm= 351720.71   ym= 83895.29   Δx= 16121.38    Δy= 17735.96   λ1= 0.52384    λ2= 0.47616 
  k=  13     xm= 354966.39   ym= 83612.66   Δx= 12875.70    Δy= 18018.59   λ1= 0.58323    λ2= 0.41677 
  k=  14     xm= 358186.64   ym= 83427.17   Δx=  9655.45    Δy= 18204.08   λ1= 0.65342    λ2= 0.34658 
  k=  15     xm= 361418.72   ym= 83329.75   Δx=  6423.37    Δy= 18301.50   λ1= 0.74021    λ2= 0.25979 
  k=  16     xm= 364628.84   ym= 83263.51   Δx=  3213.25    Δy= 18367.74   λ1= 0.85111    λ2= 0.14889 
  k=  17     xm= 367842.09   ym= 83228.22   Δx=     0.00    Δy= 18403.03   λ1= 1.00000    λ2= 0.00000 
4) terraformation generateur par generateur 

   1R : [ 338864.25 , 101631.25 ] → #round :   36 → [ 340506 , 101782 ]    t=0  |  Tps=0.0003
   1P : [ 358202.50 , 99480.00 ] → x                                    t=1  |  Tps=0.1327
   1R : [ 358202.50 , 99480.00 ] → #round :   41 → [ 342920 , 101512 ]    t=1  |  Tps=0.1331
   1P : [ 351987.69 , 101496.73 ] → x                                    t=2  |  Tps=0.2555
   1R : [ 351987.69 , 101496.73 ] → #round :   26 → [ 343278 , 102562 ]    t=2  |  Tps=0.2558
   1P : [ 349908.50 , 102547.00 ] → x                                    t=3  |  Tps=0.3706
   1R : [ 349908.50 , 102547.00 ] → #round :   21 → [ 344174 , 102748 ]    t=3  |  Tps=0.3708
   1P : [ 356116.00 , 104161.50 ] → x                                    t=4  |  Tps=0.4976
   1R : [ 356116.00 , 104161.50 ] → #round :   13 → [ 340026 , 101476 ]    t=4  |  Tps=0.4978
   1P : [ 369374.00 , 106364.00 ] → Admissible                           t=5  |  Tps=0.6107
   feasible 

   2R : [ 338873.53 , 99584.83 ] → #round :   38 → [ 339682 , 99954 ]    t=0  |  Tps=0.0003
   2P : [ 341593.27 , 98810.22 ] → x                                    t=1  |  Tps=0.1209
   2R : [ 341593.27 , 98810.22 ] → #round :   38 → [ 340102 , 99794 ]    t=1  |  Tps=0.1212
   2P : [ 341417.70 , 98608.38 ] → x                                    t=2  |  Tps=0.2557
   2R : [ 341417.70 , 98608.38 ] → #round :   40 → [ 351950 , 102542 ]    t=2  |  Tps=0.256
   2P : [ 341528.91 , 99061.69 ] → x                                    t=3  |  Tps=0.3728
   2R : [ 341528.91 , 99061.69 ] → #round :   34 → [ 351866 , 101950 ]    t=3  |  Tps=0.3731
   2P : [ 339301.53 , 99045.10 ] → x                                    t=4  |  Tps=0.4959
   2R : [ 339301.53 , 99045.10 ] → #round :   34 → [ 340084 , 99596 ]    t=4  |  Tps=0.4962
   2P : [ 350933.50 , 102563.00 ] → x                                    t=5  |  Tps=0.6105
   2R : [ 350933.50 , 102563.00 ] → #round :   22 → [ 347632 , 101256 ]    t=5  |  Tps=0.6108
   2P : [ 350933.50 , 102563.00 ] → x                                    t=6  |  Tps=0.7305
   2R : [ 350933.50 , 102563.00 ] → #round :   22 → [ 347632 , 101256 ]    t=6  |  Tps=0.7308
CYCLE!!!!!!!!!!!!!!!
   2C : [ 404310.00 , 119516.00 ] 
   maxTrial 

   3R : [ 338999.26 , 97539.94 ] → #round :   31 → [ 351482 , 101310 ]    t=0  |  Tps=0.0003
   3P : [ 338898.00 , 99062.50 ] → x                                    t=1  |  Tps=0.1345
   3R : [ 338898.00 , 99062.50 ] → #round :   26 → [ 340506 , 97412 ]    t=1  |  Tps=0.1348
   3P : [ 341959.50 , 100018.25 ] → x                                    t=2  |  Tps=0.2538
   3R : [ 341959.50 , 100018.25 ] → #round :   31 → [ 339366 , 99414 ]    t=2  |  Tps=0.2541
   3P : [ 349458.00 , 101581.60 ] → x                                    t=3  |  Tps=0.3802
   3R : [ 349458.00 , 101581.60 ] → #round :   27 → [ 349286 , 98602 ]    t=3  |  Tps=0.3805
   3P : [ 372481.00 , 103455.00 ] → x                                    t=4  |  Tps=0.5079
   3R : [ 372481.00 , 103455.00 ] → #round :    3 → [ 366642 , 100736 ]    t=4  |  Tps=0.508
   3P : [ 372481.00 , 103455.00 ] → x                                    t=5  |  Tps=0.6366
   3R : [ 372481.00 , 103455.00 ] → #round :    3 → [ 366642 , 100736 ]    t=5  |  Tps=0.6367
CYCLE!!!!!!!!!!!!!!!
   3C : [ 378320.00 , 106174.00 ] 
   3P : [ 372481.00 , 103455.00 ] → x                                    t=6  |  Tps=0.759
   3R : [ 372481.00 , 103455.00 ] → #round :    3 → [ 366642 , 100736 ]    t=6  |  Tps=0.7591
CYCLE!!!!!!!!!!!!!!!
   3C : [ 378320.00 , 106174.00 ] 
   maxTrial 

   4R : [ 339209.24 , 95497.12 ] → #round :   33 → [ 339790 , 94032 ]    t=0  |  Tps=0.0003
   4P : [ 341304.30 , 93399.50 ] → x                                    t=1  |  Tps=0.1344
   4R : [ 341304.30 , 93399.50 ] → #round :   37 → [ 339448 , 96736 ]    t=1  |  Tps=0.1348
   4P : [ 352394.00 , 95306.00 ] → x                                    t=2  |  Tps=0.2508
   4R : [ 352394.00 , 95306.00 ] → #round :   16 → [ 349478 , 96650 ]    t=2  |  Tps=0.251
   4P : [ 352394.00 , 95306.00 ] → x                                    t=3  |  Tps=0.3689
   4R : [ 352394.00 , 95306.00 ] → #round :   16 → [ 349478 , 96650 ]    t=3  |  Tps=0.3691
CYCLE!!!!!!!!!!!!!!!
   4C : [ 395322.00 , 111600.00 ] 
   4P : [ 379115.00 , 100956.00 ] → x                                    t=4  |  Tps=0.4908
   4R : [ 379115.00 , 100956.00 ] → #round :   12 → [ 357326 , 94126 ]    t=4  |  Tps=0.4909
   4P : [ 365276.00 , 99048.00 ] → Admissible                           t=5  |  Tps=0.6185
   feasible 

   5R : [ 339533.68 , 93450.40 ] → #round :   42 → [ 353320 , 94886 ]    t=0  |  Tps=0.0004
   5P : [ 339550.00 , 96388.00 ] → x                                    t=1  |  Tps=0.137
   5R : [ 339550.00 , 96388.00 ] → #round :   23 → [ 341756 , 94860 ]    t=1  |  Tps=0.1373
   5P : [ 354183.14 , 96346.49 ] → x                                    t=2  |  Tps=0.2526
   5R : [ 354183.14 , 96346.49 ] → #round :   33 → [ 343348 , 94960 ]    t=2  |  Tps=0.2529
   5P : [ 360300.00 , 98627.00 ] → x                                    t=3  |  Tps=0.3707
   5R : [ 360300.00 , 98627.00 ] → #round :   15 → [ 341460 , 93808 ]    t=3  |  Tps=0.3709
   5P : [ 365503.50 , 100305.50 ] → x                                    t=4  |  Tps=0.4852
   5R : [ 365503.50 , 100305.50 ] → #round :   14 → [ 341382 , 96644 ]    t=4  |  Tps=0.4854
   5P : [ 362994.47 , 100485.20 ] → x                                    t=5  |  Tps=0.6187
   5R : [ 362994.47 , 100485.20 ] → #round :   12 → [ 343438 , 94696 ]    t=5  |  Tps=0.6188
   5P : [ 359905.00 , 101043.00 ] → x                                    t=6  |  Tps=0.7468
   5R : [ 359905.00 , 101043.00 ] → #round :    3 → [ 355280 , 97936 ]    t=6  |  Tps=0.7469
   maxTrial 

   6R : [ 339969.87 , 91402.48 ] → #round :   47 → [ 341036 , 92482 ]    t=0  |  Tps=0.0004
   6P : [ 355780.31 , 92862.70 ] → x                                    t=1  |  Tps=0.1283
   6R : [ 355780.31 , 92862.70 ] → #round :   16 → [ 341412 , 91866 ]    t=1  |  Tps=0.1285
   6P : [ 356002.50 , 92967.00 ] → x                                    t=2  |  Tps=0.2427
   6R : [ 356002.50 , 92967.00 ] → #round :   15 → [ 340400 , 91956 ]    t=2  |  Tps=0.2429
   6P : [ 356002.50 , 92967.00 ] → x                                    t=3  |  Tps=0.3662
   6R : [ 356002.50 , 92967.00 ] → #round :   15 → [ 340400 , 91956 ]    t=3  |  Tps=0.3663
CYCLE!!!!!!!!!!!!!!!
   6C : [ 389750.00 , 100606.00 ] 
   6P : [ 395613.26 , 101008.76 ] → x                                    t=4  |  Tps=0.4876
   6R : [ 395613.26 , 101008.76 ] → #round :    6 → [ 389102 , 96238 ]    t=4  |  Tps=0.4877
   6P : [ 394123.00 , 100409.00 ] → x                                    t=5  |  Tps=0.6141
   6R : [ 394123.00 , 100409.00 ] → #round :    5 → [ 390694 , 97860 ]    t=5  |  Tps=0.6142
   6P : [ 394123.00 , 100409.00 ] → x                                    t=6  |  Tps=0.7444
   6R : [ 394123.00 , 100409.00 ] → #round :    5 → [ 390694 , 97860 ]    t=6  |  Tps=0.7445
CYCLE!!!!!!!!!!!!!!!
   6C : [ 392634.00 , 100386.00 ] 
   maxTrial 

   7R : [ 340537.52 , 89360.24 ] → #round :   26 → [ 343048 , 88518 ]    t=0  |  Tps=0.0002
   7P : [ 342892.00 , 90134.00 ] → x                                    t=1  |  Tps=0.125
   7R : [ 342892.00 , 90134.00 ] → #round :   26 → [ 342008 , 89058 ]    t=1  |  Tps=0.1253
   7P : [ 343911.00 , 90630.50 ] → x                                    t=2  |  Tps=0.2488
   7R : [ 343911.00 , 90630.50 ] → #round :   29 → [ 341732 , 89942 ]    t=2  |  Tps=0.2491
   7P : [ 361229.55 , 92982.09 ] → x                                    t=3  |  Tps=0.3689
   7R : [ 361229.55 , 92982.09 ] → #round :   32 → [ 341490 , 90460 ]    t=3  |  Tps=0.3692
   7P : [ 355836.84 , 92856.82 ] → x                                    t=4  |  Tps=0.4861
   7R : [ 355836.84 , 92856.82 ] → #round :   31 → [ 343390 , 91446 ]    t=4  |  Tps=0.4864
   7P : [ 362526.23 , 93337.07 ] → x                                    t=5  |  Tps=0.6152
   7R : [ 362526.23 , 93337.07 ] → #round :   30 → [ 348200 , 93976 ]    t=5  |  Tps=0.6155
   7P : [ 354769.72 , 93009.31 ] → x                                    t=6  |  Tps=0.7528
   7R : [ 354769.72 , 93009.31 ] → #round :   30 → [ 345814 , 92534 ]    t=6  |  Tps=0.753
   maxTrial 

   8R : [ 341232.14 , 87313.51 ] → #round :   45 → [ 344100 , 87556 ]    t=0  |  Tps=0.0004
   8P : [ 356002.00 , 91136.54 ] → x                                    t=1  |  Tps=0.1253
   8R : [ 356002.00 , 91136.54 ] → #round :   19 → [ 343648 , 88676 ]    t=1  |  Tps=0.1255
   8P : [ 355876.50 , 91891.00 ] → x                                    t=2  |  Tps=0.2507
   8R : [ 355876.50 , 91891.00 ] → #round :   16 → [ 342512 , 87694 ]    t=2  |  Tps=0.2509
   8P : [ 371210.00 , 93496.00 ] → Admissible                           t=3  |  Tps=0.3672
   feasible 

   9R : [ 343111.08 , 85274.14 ] → #round :   61 → [ 343136 , 85510 ]    t=0  |  Tps=0.0005
   9P : [ 351356.74 , 88283.74 ] → x                                    t=1  |  Tps=0.1148
   9R : [ 351356.74 , 88283.74 ] → #round :   37 → [ 343698 , 85370 ]    t=1  |  Tps=0.1151
   9P : [ 369947.00 , 95321.00 ] → x                                    t=2  |  Tps=0.2503
   9R : [ 369947.00 , 95321.00 ] → #round :    3 → [ 365210 , 92546 ]    t=2  |  Tps=0.2504
   9P : [ 369947.00 , 95321.00 ] → x                                    t=3  |  Tps=0.3802
   9R : [ 369947.00 , 95321.00 ] → #round :    3 → [ 365210 , 92546 ]    t=3  |  Tps=0.3803
CYCLE!!!!!!!!!!!!!!!
   9C : [ 374684.00 , 98096.00 ] 
   9P : [ 369947.00 , 95321.00 ] → x                                    t=4  |  Tps=0.4981
   9R : [ 369947.00 , 95321.00 ] → #round :    3 → [ 365210 , 92546 ]    t=4  |  Tps=0.4982
CYCLE!!!!!!!!!!!!!!!
   9C : [ 374684.00 , 98096.00 ] 
   9P : [ 369947.00 , 95321.00 ] → x                                    t=5  |  Tps=0.6127
   9R : [ 369947.00 , 95321.00 ] → #round :    3 → [ 365210 , 92546 ]    t=5  |  Tps=0.6127
CYCLE!!!!!!!!!!!!!!!
   9C : [ 374684.00 , 98096.00 ] 
   9P : [ 369947.00 , 95321.00 ] → x                                    t=6  |  Tps=0.7309
   9R : [ 369947.00 , 95321.00 ] → #round :    3 → [ 365210 , 92546 ]    t=6  |  Tps=0.731
CYCLE!!!!!!!!!!!!!!!
   9C : [ 374684.00 , 98096.00 ] 
   maxTrial 

  10R : [ 345293.12 , 84637.41 ] → #round :   60 → [ 354794 , 87354 ]    t=0  |  Tps=0.0006
  10P : [ 349701.64 , 90875.28 ] → x                                    t=1  |  Tps=0.121
  10R : [ 349701.64 , 90875.28 ] → #round :   43 → [ 347066 , 85840 ]    t=1  |  Tps=0.1214
  10P : [ 344081.00 , 89133.00 ] → x                                    t=2  |  Tps=0.2557
  10R : [ 344081.00 , 89133.00 ] → #round :   21 → [ 347252 , 87032 ]    t=2  |  Tps=0.256
  10P : [ 356657.00 , 89042.00 ] → x                                    t=3  |  Tps=0.3772
  10R : [ 356657.00 , 89042.00 ] → #round :   18 → [ 347062 , 85504 ]    t=3  |  Tps=0.3774
  10P : [ 356657.00 , 89042.00 ] → x                                    t=4  |  Tps=0.5059
  10R : [ 356657.00 , 89042.00 ] → #round :   18 → [ 347062 , 85504 ]    t=4  |  Tps=0.5061
CYCLE!!!!!!!!!!!!!!!
  10C : [ 403460.00 , 105096.00 ] 
  10P : [ 356657.00 , 89042.00 ] → x                                    t=5  |  Tps=0.6365
  10R : [ 356657.00 , 89042.00 ] → #round :   18 → [ 347062 , 85504 ]    t=5  |  Tps=0.6367
CYCLE!!!!!!!!!!!!!!!
  10C : [ 403460.00 , 105096.00 ] 
  10P : [ 356657.00 , 89042.00 ] → x                                    t=6  |  Tps=0.7716
  10R : [ 356657.00 , 89042.00 ] → #round :   18 → [ 347062 , 85504 ]    t=6  |  Tps=0.7718
CYCLE!!!!!!!!!!!!!!!
  10C : [ 403460.00 , 105096.00 ] 
   maxTrial 

  11R : [ 348492.19 , 84232.04 ] → #round :   67 → [ 359266 , 86774 ]    t=0  |  Tps=0.0006
  11P : [ 350820.35 , 88042.29 ] → x                                    t=1  |  Tps=0.1329
  11R : [ 350820.35 , 88042.29 ] → #round :   49 → [ 350580 , 86874 ]    t=1  |  Tps=0.1333
  11P : [ 345512.00 , 89751.00 ] → x                                    t=2  |  Tps=0.2734
  11R : [ 345512.00 , 89751.00 ] → #round :    3 → [ 348612 , 91778 ]    t=2  |  Tps=0.2735
  11P : [ 345512.00 , 89751.00 ] → x                                    t=3  |  Tps=0.3925
  11R : [ 345512.00 , 89751.00 ] → #round :    3 → [ 348612 , 91778 ]    t=3  |  Tps=0.3926
CYCLE!!!!!!!!!!!!!!!
  11C : [ 348612.00 , 91778.00 ] 
  11P : [ 345512.00 , 89751.00 ] → x                                    t=4  |  Tps=0.5125
  11R : [ 345512.00 , 89751.00 ] → #round :    3 → [ 348612 , 91778 ]    t=4  |  Tps=0.5126
CYCLE!!!!!!!!!!!!!!!
  11C : [ 348612.00 , 91778.00 ] 
  11P : [ 345512.00 , 89751.00 ] → x                                    t=5  |  Tps=0.631
  11R : [ 345512.00 , 89751.00 ] → #round :    3 → [ 348612 , 91778 ]    t=5  |  Tps=0.631
CYCLE!!!!!!!!!!!!!!!
  11C : [ 348612.00 , 91778.00 ] 
  11P : [ 345512.00 , 89751.00 ] → x                                    t=6  |  Tps=0.751
  11R : [ 345512.00 , 89751.00 ] → #round :    3 → [ 348612 , 91778 ]    t=6  |  Tps=0.7511
CYCLE!!!!!!!!!!!!!!!
  11C : [ 348612.00 , 91778.00 ] 
   maxTrial 

  12R : [ 351720.71 , 83895.29 ] → #round :   66 → [ 363058 , 86126 ]    t=0  |  Tps=0.0009
  12P : [ 346014.40 , 87295.00 ] → x                                    t=1  |  Tps=0.1385
  12R : [ 346014.40 , 87295.00 ] → #round :   27 → [ 359474 , 87264 ]    t=1  |  Tps=0.1387
  12P : [ 346735.00 , 88011.00 ] → x                                    t=2  |  Tps=0.2657
  12R : [ 346735.00 , 88011.00 ] → #round :   10 → [ 345204 , 85124 ]    t=2  |  Tps=0.2659
  12P : [ 347864.00 , 89741.00 ] → x                                    t=3  |  Tps=0.3936
  12R : [ 347864.00 , 89741.00 ] → #round :    3 → [ 350964 , 91768 ]    t=3  |  Tps=0.3937
  12P : [ 347864.00 , 89741.00 ] → x                                    t=4  |  Tps=0.516
  12R : [ 347864.00 , 89741.00 ] → #round :    3 → [ 350964 , 91768 ]    t=4  |  Tps=0.5161
CYCLE!!!!!!!!!!!!!!!
  12C : [ 350964.00 , 91768.00 ] 
  12P : [ 347864.00 , 89741.00 ] → x                                    t=5  |  Tps=0.6374
  12R : [ 347864.00 , 89741.00 ] → #round :    3 → [ 350964 , 91768 ]    t=5  |  Tps=0.6375
CYCLE!!!!!!!!!!!!!!!
  12C : [ 350964.00 , 91768.00 ] 
  12P : [ 347864.00 , 89741.00 ] → x                                    t=6  |  Tps=0.7592
  12R : [ 347864.00 , 89741.00 ] → #round :    3 → [ 350964 , 91768 ]    t=6  |  Tps=0.7593
CYCLE!!!!!!!!!!!!!!!
  12C : [ 350964.00 , 91768.00 ] 
   maxTrial 

  13R : [ 354966.39 , 83612.66 ] → #round :   66 → [ 347782 , 85252 ]    t=0  |  Tps=0.0006
  13P : [ 350015.50 , 87047.25 ] → x                                    t=1  |  Tps=0.1347
  13R : [ 350015.50 , 87047.25 ] → #round :   20 → [ 361456 , 85666 ]    t=1  |  Tps=0.1349
  13P : [ 351846.00 , 89722.00 ] → Admissible                           t=2  |  Tps=0.2612
   feasible 

  14R : [ 358186.64 , 83427.17 ] → #round :   69 → [ 358374 , 86704 ]    t=0  |  Tps=0.0006
  14P : [ 349137.00 , 87334.00 ] → x                                    t=1  |  Tps=0.1295
  14R : [ 349137.00 , 87334.00 ] → #round :    8 → [ 357182 , 91424 ]    t=1  |  Tps=0.1296
  14P : [ 349420.00 , 88278.00 ] → x                                    t=2  |  Tps=0.2586
  14R : [ 349420.00 , 88278.00 ] → #round :    8 → [ 357182 , 91424 ]    t=2  |  Tps=0.2587
CYCLE!!!!!!!!!!!!!!!
  14C : [ 358648.00 , 95288.00 ] 
  14P : [ 349420.00 , 88278.00 ] → x                                    t=3  |  Tps=0.3864
  14R : [ 349420.00 , 88278.00 ] → #round :    8 → [ 357182 , 91424 ]    t=3  |  Tps=0.3865
CYCLE!!!!!!!!!!!!!!!
  14C : [ 358648.00 , 95288.00 ] 
  14P : [ 349420.00 , 88278.00 ] → x                                    t=4  |  Tps=0.5295
  14R : [ 349420.00 , 88278.00 ] → #round :    8 → [ 357182 , 91424 ]    t=4  |  Tps=0.5296
CYCLE!!!!!!!!!!!!!!!
  14C : [ 358648.00 , 95288.00 ] 
  14P : [ 349420.00 , 88278.00 ] → x                                    t=5  |  Tps=0.6544
  14R : [ 349420.00 , 88278.00 ] → #round :    8 → [ 357182 , 91424 ]    t=5  |  Tps=0.6545
CYCLE!!!!!!!!!!!!!!!
  14C : [ 358648.00 , 95288.00 ] 
  14P : [ 349420.00 , 88278.00 ] → x                                    t=6  |  Tps=0.7791
  14R : [ 349420.00 , 88278.00 ] → #round :    8 → [ 357182 , 91424 ]    t=6  |  Tps=0.7792
CYCLE!!!!!!!!!!!!!!!
  14C : [ 358648.00 , 95288.00 ] 
   maxTrial 

  15R : [ 361418.72 , 83329.75 ] → #round :   68 → [ 361486 , 84666 ]    t=0  |  Tps=0.0006
  15P : [ 356766.48 , 92836.03 ] → x                                    t=1  |  Tps=0.117
  15R : [ 356766.48 , 92836.03 ] → #round :   28 → [ 361614 , 87142 ]    t=1  |  Tps=0.1173
  15P : [ 356363.29 , 93627.69 ] → x                                    t=2  |  Tps=0.2379
  15R : [ 356363.29 , 93627.69 ] → #round :   27 → [ 364742 , 88800 ]    t=2  |  Tps=0.2381
  15P : [ 357652.31 , 94260.66 ] → x                                    t=3  |  Tps=0.3612
  15R : [ 357652.31 , 94260.66 ] → #round :   28 → [ 363248 , 88686 ]    t=3  |  Tps=0.3616
  15P : [ 357652.31 , 94260.66 ] → x                                    t=4  |  Tps=0.4969
  15R : [ 357652.31 , 94260.66 ] → #round :   28 → [ 363248 , 88686 ]    t=4  |  Tps=0.4972
CYCLE!!!!!!!!!!!!!!!
  15C : [ 347614.00 , 92168.00 ] 
  15P : [ 354290.25 , 95976.25 ] → x                                    t=5  |  Tps=0.6153
  15R : [ 354290.25 , 95976.25 ] → #round :   30 → [ 354650 , 90156 ]    t=5  |  Tps=0.6156
  15P : [ 358196.46 , 97975.95 ] → x                                    t=6  |  Tps=0.7364
  15R : [ 358196.46 , 97975.95 ] → #round :   16 → [ 365174 , 95060 ]    t=6  |  Tps=0.7365
   maxTrial 

  16R : [ 364628.84 , 83263.51 ] → #round :   69 → [ 359016 , 83826 ]    t=0  |  Tps=0.0006
  16P : [ 366326.00 , 97060.00 ] → Admissible                           t=1  |  Tps=0.1237
   feasible 

  17R : [ 367842.09 , 83228.22 ] → #round :   71 → [ 366168 , 86448 ]    t=0  |  Tps=0.0007
  17P : [ 367398.00 , 94690.00 ] → Admissible                           t=1  |  Tps=0.1221
   feasible 


5) Extraction des resultats

  Nombre de cycle : 26
   1  : [ 369374.00 , 106364.00 ] → Admissible 
   2  : [ 404310.00 , 119516.00 ] → x          
   3  : [ 378320.00 , 106174.00 ] → x          
   4  : [ 365276.00 , 99048.00 ] → Admissible 
   5  : [ 355280.00 , 97936.00 ] → x          
   6  : [ 392634.00 , 100386.00 ] → x          
   7  : [ 345814.00 , 92534.00 ] → x          
   8  : [ 371210.00 , 93496.00 ] → Admissible 
   9  : [ 374684.00 , 98096.00 ] → x          
  10  : [ 403460.00 , 105096.00 ] → x          
  11  : [ 348612.00 , 91778.00 ] → x          
  12  : [ 350964.00 , 91768.00 ] → x          
  13  : [ 351846.00 , 89722.00 ] → Admissible 
  14  : [ 358648.00 , 95288.00 ] → x          
  15  : [ 365174.00 , 95060.00 ] → x          
  16  : [ 366326.00 , 97060.00 ] → Admissible 
  17  : [ 367398.00 , 94690.00 ] → Admissible 

6) Edition des resultats 

#U = 1
X_EBP = [351846]
Y_EBP = [89722]
XN = [340160, 340162, 340178, 340338, 340340, 340356, 340630, 340632, 340648, 340808, 340810, 340826, 341274, 341434, 341436, 341452, 342526, 343756, 343816, 344706, 344864, 347318, 376854]
YN = [101778, 101026, 100256, 99658, 98906, 98136, 97732, 96548, 96020, 95612, 94428, 93900, 93782, 93374, 92190, 91662, 90294, 90266, 89396, 89174, 87642, 86792, 86548]
 13.226524 seconds (41.66 M allocations: 4.098 GiB, 1.72% gc time)
