0) instance et parametres 

  instance = sppnw36.txt | tailleSampling = 10 | maxTrial = 5 | maxTime = 9223372036854775807


1) calcule les etendues de valeurs sur les 2 objectifs

  f1_min= 7260.00 ↔ f1_max=11975.48 (Δ=4715.48) 
  f2_min= 3048.00 ↔ f2_max=11855.33 (Δ=8807.33) 

2) calcule les generateurs par e-contrainte alternant minimiser z1 et z2

  z1  1 : ϵ = 11855.33  fRL =  7260.00  [  7255.81 , 11850.03 ] 
  z2  1 : ϵ = 11975.48  fRL =  3048.00  [ 11968.33 ,  3045.09 ] 
  z1  2 : ϵ = 10876.74  fRL =  7273.11  [  7268.92 , 10871.77 ] 
  z2  2 : ϵ = 11451.54  fRL =  3050.18  [ 11448.32 ,  3049.08 ] 
  z1  3 : ϵ =  9898.15  fRL =  7293.74  [  7296.12 ,  9900.86 ] 
  z2  3 : ϵ = 10927.60  fRL =  3054.67  [ 10916.79 ,  3048.25 ] 
  z1  4 : ϵ =  8919.55  fRL =  7320.06  [  7322.49 ,  8920.33 ] 
  z2  4 : ϵ = 10403.65  fRL =  3123.62  [ 10399.90 ,  3123.11 ] 
  z1  5 : ϵ =  7940.96  fRL =  7362.46  [  7369.33 ,  7944.96 ] 
  z2  5 : ϵ =  9879.71  fRL =  3220.42  [  9880.43 ,  3220.44 ] 
  z1  6 : ϵ =  6962.37  fRL =  7406.18  [  7399.35 ,  6957.51 ] 
  z2  6 : ϵ =  9355.77  fRL =  3335.94  [  9356.53 ,  3335.77 ] 
  z1  7 : ϵ =  5983.78  fRL =  7453.62  [  7453.63 ,  5983.49 ] 
  z2  7 : ϵ =  8831.83  fRL =  3493.54  [  8836.69 ,  3495.55 ] 
  z1  8 : ϵ =  5005.18  fRL =  7521.30  [  7521.22 ,  5005.59 ] 
  z2  8 : ϵ =  8307.88  fRL =  3803.03  [  8305.63 ,  3800.85 ] 
  z1  9 : ϵ =  4026.59  fRL =  7983.74  [  7989.17 ,  4027.91 ] 
  z2  9 : ϵ =  7783.94  fRL =  4175.89  [  7783.06 ,  4175.74 ] 

  → Allocation memoire pour 17 generateurs

3) place L dans structure et verifie l'admissibilite de chaque generateur

   1  : [  7255.81 , 11850.03 ] → x          
   2  : [  7268.92 , 10871.77 ] → x          
   3  : [  7296.12 ,  9900.86 ] → x          
   4  : [  7322.49 ,  8920.33 ] → x          
   5  : [  7369.33 ,  7944.96 ] → x          
   6  : [  7399.35 ,  6957.51 ] → x          
   7  : [  7453.63 ,  5983.49 ] → x          
   8  : [  7521.22 ,  5005.59 ] → x          
   9  : [  7989.17 ,  4027.91 ] → x          
  10  : [  8305.63 ,  3800.85 ] → x          
  11  : [  8836.69 ,  3495.55 ] → x          
  12  : [  9356.53 ,  3335.77 ] → x          
  13  : [  9880.43 ,  3220.44 ] → x          
  14  : [ 10399.90 ,  3123.11 ] → x          
  15  : [ 10916.79 ,  3048.25 ] → x          
  16  : [ 11448.32 ,  3049.08 ] → x          
  17  : [ 11968.33 ,  3045.09 ] → x          

  k=   1     xm= 7255.81   ym= 11850.03   Δx=  4712.52    Δy=     0.00   λ1= 0.00000    λ2= 1.00000 
  k=   2     xm= 7268.92   ym= 10871.77   Δx=  4699.41    Δy=   978.26   λ1= 0.17230    λ2= 0.82770 
  k=   3     xm= 7296.12   ym= 9900.86   Δx=  4672.21    Δy=  1949.17   λ1= 0.29438    λ2= 0.70562 
  k=   4     xm= 7322.49   ym= 8920.33   Δx=  4645.84    Δy=  2929.70   λ1= 0.38673    λ2= 0.61327 
  k=   5     xm= 7369.33   ym= 7944.96   Δx=  4599.00    Δy=  3905.07   λ1= 0.45920    λ2= 0.54080 
  k=   6     xm= 7399.35   ym= 6957.51   Δx=  4568.98    Δy=  4892.52   λ1= 0.51710    λ2= 0.48290 
  k=   7     xm= 7453.63   ym= 5983.49   Δx=  4514.70    Δy=  5866.54   λ1= 0.56511    λ2= 0.43489 
  k=   8     xm= 7521.22   ym= 5005.59   Δx=  4447.11    Δy=  6844.44   λ1= 0.60616    λ2= 0.39384 
  k=   9     xm= 7989.17   ym= 4027.91   Δx=  3979.16    Δy=  7822.12   λ1= 0.66282    λ2= 0.33718 
  k=  10     xm= 8305.63   ym= 3800.85   Δx=  3662.70    Δy=  8049.18   λ1= 0.68727    λ2= 0.31273 
  k=  11     xm= 8836.69   ym= 3495.55   Δx=  3131.64    Δy=  8354.48   λ1= 0.72735    λ2= 0.27265 
  k=  12     xm= 9356.53   ym= 3335.77   Δx=  2611.80    Δy=  8514.26   λ1= 0.76525    λ2= 0.23475 
  k=  13     xm= 9880.43   ym= 3220.44   Δx=  2087.90    Δy=  8629.59   λ1= 0.80519    λ2= 0.19481 
  k=  14     xm= 10399.90   ym= 3123.11   Δx=  1568.43    Δy=  8726.92   λ1= 0.84766    λ2= 0.15234 
  k=  15     xm= 10916.79   ym= 3048.25   Δx=  1051.54    Δy=  8801.78   λ1= 0.89328    λ2= 0.10672 
  k=  16     xm= 11448.32   ym= 3049.08   Δx=   520.01    Δy=  8800.95   λ1= 0.94421    λ2= 0.05579 
  k=  17     xm= 11968.33   ym= 3045.09   Δx=     0.00    Δy=  8804.94   λ1= 1.00000    λ2= 0.00000 
4) terraformation generateur par generateur 

   1R : [  7255.81 , 11850.03 ] → #round :    6 → [  9380 , 13372 ]    t=0  |  Tps=0.0
   1P : [  7778.18 ,  9853.00 ] → x                                    t=1  |  Tps=0.0056
   1R : [  7778.18 ,  9853.00 ] → #round :   10 → [  7288 , 10878 ]    t=1  |  Tps=0.0056
   1P : [  7783.57 ,  9662.98 ] → x                                    t=2  |  Tps=0.0109
   1R : [  7783.57 ,  9662.98 ] → #round :   11 → [  7288 , 10878 ]    t=2  |  Tps=0.0109
CYCLE!!!!!!!!!!!!!!!
   1C : [  6524.00 ,  9780.00 ] 
   1P : [  7847.71 ,  9797.69 ] → x                                    t=3  |  Tps=0.016
   1R : [  7847.71 ,  9797.69 ] → #round :   12 → [  7288 , 10878 ]    t=3  |  Tps=0.0161
CYCLE!!!!!!!!!!!!!!!
   1C : [  6524.00 ,  9780.00 ] 
   1P : [  7847.71 ,  9797.69 ] → x                                    t=4  |  Tps=0.0213
   1R : [  7847.71 ,  9797.69 ] → #round :   12 → [  7288 , 10878 ]    t=4  |  Tps=0.0214
CYCLE!!!!!!!!!!!!!!!
   1C : [  6524.00 ,  9780.00 ] 
   1P : [  7847.71 ,  9797.69 ] → x                                    t=5  |  Tps=0.0266
   1R : [  7847.71 ,  9797.69 ] → #round :   12 → [  7288 , 10878 ]    t=5  |  Tps=0.0267
CYCLE!!!!!!!!!!!!!!!
   1C : [  6524.00 ,  9780.00 ] 
   1P : [  7847.71 ,  9797.69 ] → x                                    t=6  |  Tps=0.0318
   1R : [  7847.71 ,  9797.69 ] → #round :   12 → [  7288 , 10878 ]    t=6  |  Tps=0.0318
CYCLE!!!!!!!!!!!!!!!
   1C : [  6524.00 ,  9780.00 ] 
   maxTrial 

   2R : [  7268.92 , 10871.77 ] → #round :    8 → [  9114 , 12212 ]    t=0  |  Tps=0.0
   2P : [  7294.00 , 11340.00 ] → x                                    t=1  |  Tps=0.0056
   2R : [  7294.00 , 11340.00 ] → #round :    5 → [  8406 , 11748 ]    t=1  |  Tps=0.0056
   2P : [  7447.60 ,  9604.40 ] → x                                    t=2  |  Tps=0.0113
   2R : [  7447.60 ,  9604.40 ] → #round :    8 → [  7854 ,  9480 ]    t=2  |  Tps=0.0113
   2P : [  7520.00 , 12782.00 ] → Admissible                           t=3  |  Tps=0.0167
   feasible 

   3R : [  7296.12 ,  9900.86 ] → #round :   10 → [  9456 , 11060 ]    t=0  |  Tps=0.0
   3P : [  7525.66 , 10548.56 ] → x                                    t=1  |  Tps=0.0053
   3R : [  7525.66 , 10548.56 ] → #round :    4 → [  8528 , 10338 ]    t=1  |  Tps=0.0053
   3P : [  7525.66 , 10548.56 ] → x                                    t=2  |  Tps=0.0107
   3R : [  7525.66 , 10548.56 ] → #round :    4 → [  8528 , 10338 ]    t=2  |  Tps=0.0107
CYCLE!!!!!!!!!!!!!!!
   3C : [  6524.00 ,  9780.00 ] 
   3P : [  7525.66 , 10548.56 ] → x                                    t=3  |  Tps=0.016
   3R : [  7525.66 , 10548.56 ] → #round :    4 → [  8528 , 10338 ]    t=3  |  Tps=0.016
CYCLE!!!!!!!!!!!!!!!
   3C : [  6524.00 ,  9780.00 ] 
   3P : [  7525.66 , 10548.56 ] → x                                    t=4  |  Tps=0.0212
   3R : [  7525.66 , 10548.56 ] → #round :    4 → [  8528 , 10338 ]    t=4  |  Tps=0.0212
CYCLE!!!!!!!!!!!!!!!
   3C : [  6524.00 ,  9780.00 ] 
   3P : [  7525.66 , 10548.56 ] → x                                    t=5  |  Tps=0.0266
   3R : [  7525.66 , 10548.56 ] → #round :    4 → [  8528 , 10338 ]    t=5  |  Tps=0.0266
CYCLE!!!!!!!!!!!!!!!
   3C : [  6524.00 ,  9780.00 ] 
   3P : [  7525.66 , 10548.56 ] → x                                    t=6  |  Tps=0.0318
   3R : [  7525.66 , 10548.56 ] → #round :    4 → [  8528 , 10338 ]    t=6  |  Tps=0.0319
CYCLE!!!!!!!!!!!!!!!
   3C : [  6524.00 ,  9780.00 ] 
   maxTrial 

   4R : [  7322.49 ,  8920.33 ] → #round :    9 → [  8796 ,  8986 ]    t=0  |  Tps=0.0
   4P : [  7745.50 ,  9278.77 ] → x                                    t=1  |  Tps=0.0053
   4R : [  7745.50 ,  9278.77 ] → #round :    8 → [  8796 ,  8986 ]    t=1  |  Tps=0.0054
CYCLE!!!!!!!!!!!!!!!
   4C : [  8796.00 ,  8986.00 ] 
   4P : [  7745.50 ,  9278.77 ] → x                                    t=2  |  Tps=0.0105
   4R : [  7745.50 ,  9278.77 ] → #round :    8 → [  8796 ,  8986 ]    t=2  |  Tps=0.0105
CYCLE!!!!!!!!!!!!!!!
   4C : [  8796.00 ,  8986.00 ] 
   4P : [  7745.50 ,  9278.77 ] → x                                    t=3  |  Tps=0.0157
   4R : [  7745.50 ,  9278.77 ] → #round :    8 → [  8796 ,  8986 ]    t=3  |  Tps=0.0158
CYCLE!!!!!!!!!!!!!!!
   4C : [  8796.00 ,  8986.00 ] 
   4P : [  7745.50 ,  9278.77 ] → x                                    t=4  |  Tps=0.021
   4R : [  7745.50 ,  9278.77 ] → #round :    8 → [  8796 ,  8986 ]    t=4  |  Tps=0.021
CYCLE!!!!!!!!!!!!!!!
   4C : [  8796.00 ,  8986.00 ] 
   4P : [  7745.50 ,  9278.77 ] → x                                    t=5  |  Tps=0.0263
   4R : [  7745.50 ,  9278.77 ] → #round :    8 → [  8796 ,  8986 ]    t=5  |  Tps=0.0263
CYCLE!!!!!!!!!!!!!!!
   4C : [  8796.00 ,  8986.00 ] 
   4P : [  7745.50 ,  9278.77 ] → x                                    t=6  |  Tps=0.0314
   4R : [  7745.50 ,  9278.77 ] → #round :    8 → [  8796 ,  8986 ]    t=6  |  Tps=0.0314
CYCLE!!!!!!!!!!!!!!!
   4C : [  8796.00 ,  8986.00 ] 
   maxTrial 

   5R : [  7369.33 ,  7944.96 ] → #round :    9 → [  9774 ,  8880 ]    t=0  |  Tps=0.0
   5P : [  7552.00 ,  9134.00 ] → Admissible                           t=1  |  Tps=0.0053
   feasible 

   6R : [  7399.35 ,  6957.51 ] → #round :    9 → [  9226 ,  9044 ]    t=0  |  Tps=0.0
   6P : [  7998.00 ,  7062.00 ] → Admissible                           t=1  |  Tps=0.0057
   feasible 

   7R : [  7453.63 ,  5983.49 ] → #round :    9 → [  7996 ,  8886 ]    t=0  |  Tps=0.0
   7P : [  7494.00 ,  5152.00 ] → Admissible                           t=1  |  Tps=0.0053
   feasible 

   8R : [  7521.22 ,  5005.59 ] → #round :    8 → [  9046 ,  6932 ]    t=0  |  Tps=0.0
   8P : [  7494.00 ,  5152.00 ] → Admissible                           t=1  |  Tps=0.005
   feasible 

   9R : [  7989.17 ,  4027.91 ] → #round :   16 → [  8732 ,  5426 ]    t=0  |  Tps=0.0
   9P : [  7737.00 ,  4601.00 ] → x                                    t=1  |  Tps=0.0055
   9R : [  7737.00 ,  4601.00 ] → #round :    8 → [ 10552 ,  5448 ]    t=1  |  Tps=0.0056
   9P : [  7664.00 ,  4750.00 ] → x                                    t=2  |  Tps=0.0112
   9R : [  7664.00 ,  4750.00 ] → #round :    6 → [  9506 ,  5364 ]    t=2  |  Tps=0.0113
   9P : [  7810.40 ,  4996.40 ] → x                                    t=3  |  Tps=0.0166
   9R : [  7810.40 ,  4996.40 ] → #round :    6 → [  9506 ,  5364 ]    t=3  |  Tps=0.0166
CYCLE!!!!!!!!!!!!!!!
   9C : [  6036.00 ,  4782.00 ] 
   9P : [  7944.00 ,  6830.00 ] → x                                    t=4  |  Tps=0.0222
   9R : [  7944.00 ,  6830.00 ] → #round :    3 → [  9852 ,  8878 ]    t=4  |  Tps=0.0222
   9P : [  7944.00 ,  6830.00 ] → x                                    t=5  |  Tps=0.0278
   9R : [  7944.00 ,  6830.00 ] → #round :    3 → [  9852 ,  8878 ]    t=5  |  Tps=0.0278
CYCLE!!!!!!!!!!!!!!!
   9C : [ 11404.00 , 10658.00 ] 
   9P : [  7944.00 ,  6830.00 ] → x                                    t=6  |  Tps=0.0337
   9R : [  7944.00 ,  6830.00 ] → #round :    3 → [  9852 ,  8878 ]    t=6  |  Tps=0.0337
CYCLE!!!!!!!!!!!!!!!
   9C : [ 11404.00 , 10658.00 ] 
   maxTrial 

  10R : [  8305.63 ,  3800.85 ] → #round :   17 → [  9266 ,  4654 ]    t=0  |  Tps=0.0
  10P : [  7828.71 ,  4911.38 ] → x                                    t=1  |  Tps=0.0059
  10R : [  7828.71 ,  4911.38 ] → #round :   12 → [ 10950 ,  5186 ]    t=1  |  Tps=0.0059
  10P : [  7906.31 ,  5620.68 ] → x                                    t=2  |  Tps=0.0117
  10R : [  7906.31 ,  5620.68 ] → #round :   11 → [  9632 ,  4658 ]    t=2  |  Tps=0.0117
  10P : [  8110.61 ,  5317.87 ] → x                                    t=3  |  Tps=0.0172
  10R : [  8110.61 ,  5317.87 ] → #round :    5 → [ 11048 ,  5612 ]    t=3  |  Tps=0.0172
  10P : [  8110.61 ,  5317.87 ] → x                                    t=4  |  Tps=0.023
  10R : [  8110.61 ,  5317.87 ] → #round :    5 → [ 11048 ,  5612 ]    t=4  |  Tps=0.023
CYCLE!!!!!!!!!!!!!!!
  10C : [  6720.00 ,  3856.00 ] 
  10P : [  8110.61 ,  5317.87 ] → x                                    t=5  |  Tps=0.0285
  10R : [  8110.61 ,  5317.87 ] → #round :    5 → [ 11048 ,  5612 ]    t=5  |  Tps=0.0285
CYCLE!!!!!!!!!!!!!!!
  10C : [  6720.00 ,  3856.00 ] 
  10P : [  8110.61 ,  5317.87 ] → x                                    t=6  |  Tps=0.0496
  10R : [  8110.61 ,  5317.87 ] → #round :    5 → [ 11048 ,  5612 ]    t=6  |  Tps=0.0496
CYCLE!!!!!!!!!!!!!!!
  10C : [  6720.00 ,  3856.00 ] 
   maxTrial 

  11R : [  8836.69 ,  3495.55 ] → #round :   18 → [  9134 ,  4148 ]    t=0  |  Tps=0.0
  11P : [  7950.00 ,  4760.00 ] → Admissible                           t=1  |  Tps=0.0056
   feasible 

  12R : [  9356.53 ,  3335.77 ] → #round :   15 → [ 11138 ,  3812 ]    t=0  |  Tps=0.0001
  12P : [  7950.00 ,  4760.00 ] → Admissible                           t=1  |  Tps=0.0053
   feasible 

  13R : [  9880.43 ,  3220.44 ] → #round :   15 → [  9918 ,  4200 ]    t=0  |  Tps=0.0
  13P : [  7874.00 ,  6890.00 ] → Admissible                           t=1  |  Tps=0.0055
   feasible 

  14R : [ 10399.90 ,  3123.11 ] → #round :   18 → [ 10490 ,  3704 ]    t=0  |  Tps=0.0
  14P : [  9648.71 ,  5848.54 ] → x                                    t=1  |  Tps=0.0056
  14R : [  9648.71 ,  5848.54 ] → #round :    8 → [ 13072 ,  5928 ]    t=1  |  Tps=0.0056
  14P : [  9871.08 ,  8425.01 ] → x                                    t=2  |  Tps=0.011
  14R : [  9871.08 ,  8425.01 ] → #round :    6 → [  8740 ,  3852 ]    t=2  |  Tps=0.011
  14P : [ 11898.00 , 10886.00 ] → Admissible                           t=3  |  Tps=0.0168
   feasible 

  15R : [ 10916.79 ,  3048.25 ] → #round :   16 → [ 15446 ,  4320 ]    t=0  |  Tps=0.0
  15P : [  9958.46 ,  4994.42 ] → x                                    t=1  |  Tps=0.0052
  15R : [  9958.46 ,  4994.42 ] → #round :    8 → [ 12508 ,  5572 ]    t=1  |  Tps=0.0052
  15P : [ 10390.50 ,  7038.00 ] → x                                    t=2  |  Tps=0.0106
  15R : [ 10390.50 ,  7038.00 ] → #round :    8 → [ 13404 ,  5758 ]    t=2  |  Tps=0.0106
  15P : [ 10210.03 ,  6061.07 ] → x                                    t=3  |  Tps=0.016
  15R : [ 10210.03 ,  6061.07 ] → #round :    9 → [ 13404 ,  5758 ]    t=3  |  Tps=0.016
CYCLE!!!!!!!!!!!!!!!
  15C : [  9038.00 ,  4990.00 ] 
  15P : [  9903.13 ,  8104.88 ] → x                                    t=4  |  Tps=0.0214
  15R : [  9903.13 ,  8104.88 ] → #round :    6 → [ 11202 ,  3980 ]    t=4  |  Tps=0.0214
  15P : [  7506.00 ,  8616.00 ] → Admissible                           t=5  |  Tps=0.0268
   feasible 

  16R : [ 11448.32 ,  3049.08 ] → #round :   18 → [ 15066 ,  4996 ]    t=0  |  Tps=0.0
  16P : [ 11070.00 ,  5558.00 ] → Admissible                           t=1  |  Tps=0.0057
   feasible 

  17R : [ 11968.33 ,  3045.09 ] → #round :   17 → [ 12588 ,  3046 ]    t=0  |  Tps=0.0
  17P : [ 10469.20 ,  7484.20 ] → x                                    t=1  |  Tps=0.0054
  17R : [ 10469.20 ,  7484.20 ] → #round :   13 → [ 12958 ,  6172 ]    t=1  |  Tps=0.0054
  17P : [ 10391.89 ,  8635.03 ] → x                                    t=2  |  Tps=0.0108
  17R : [ 10391.89 ,  8635.03 ] → #round :   11 → [ 10280 ,  4776 ]    t=2  |  Tps=0.0109
  17P : [  9871.08 ,  8425.01 ] → x                                    t=3  |  Tps=0.0161
  17R : [  9871.08 ,  8425.01 ] → #round :    6 → [ 10280 ,  4776 ]    t=3  |  Tps=0.0161
CYCLE!!!!!!!!!!!!!!!
  17C : [ 10280.00 ,  4776.00 ] 
  17P : [  9871.08 ,  8425.01 ] → x                                    t=4  |  Tps=0.0215
  17R : [  9871.08 ,  8425.01 ] → #round :    6 → [ 10280 ,  4776 ]    t=4  |  Tps=0.0215
CYCLE!!!!!!!!!!!!!!!
  17C : [ 10280.00 ,  4776.00 ] 
  17P : [  9871.08 ,  8425.01 ] → x                                    t=5  |  Tps=0.0268
  17R : [  9871.08 ,  8425.01 ] → #round :    6 → [ 10280 ,  4776 ]    t=5  |  Tps=0.0268
CYCLE!!!!!!!!!!!!!!!
  17C : [ 10280.00 ,  4776.00 ] 
  17P : [  9871.08 ,  8425.01 ] → x                                    t=6  |  Tps=0.0322
  17R : [  9871.08 ,  8425.01 ] → #round :    6 → [ 10280 ,  4776 ]    t=6  |  Tps=0.0322
CYCLE!!!!!!!!!!!!!!!
  17C : [ 10280.00 ,  4776.00 ] 
   maxTrial 


5) Extraction des resultats

  Nombre de cycle : 27
   1  : [  6524.00 ,  9780.00 ] → x          
   2  : [  7520.00 , 12782.00 ] → Admissible 
   3  : [  6524.00 ,  9780.00 ] → x          
   4  : [  8796.00 ,  8986.00 ] → x          
   5  : [  7552.00 ,  9134.00 ] → Admissible 
   6  : [  7998.00 ,  7062.00 ] → Admissible 
   7  : [  7494.00 ,  5152.00 ] → Admissible 
   8  : [  7494.00 ,  5152.00 ] → Admissible 
   9  : [ 11404.00 , 10658.00 ] → x          
  10  : [  6720.00 ,  3856.00 ] → x          
  11  : [  7950.00 ,  4760.00 ] → Admissible 
  12  : [  7950.00 ,  4760.00 ] → Admissible 
  13  : [  7874.00 ,  6890.00 ] → Admissible 
  14  : [ 11898.00 , 10886.00 ] → Admissible 
  15  : [  7506.00 ,  8616.00 ] → Admissible 
  16  : [ 11070.00 ,  5558.00 ] → Admissible 
  17  : [ 10280.00 ,  4776.00 ] → x          

6) Edition des resultats 

#U = 2
X_EBP = [7494, 7950]
Y_EBP = [5152, 4760]
XN = [7314, 7322, 7328, 7380, 7392, 7394, 7442, 7486, 7494, 7950]
YN = [16794, 15806, 14766, 14262, 13168, 10720, 9034, 7508, 5152, 4760]
Quality measure: 86.14 %
  0.659082 seconds (5.10 M allocations: 479.248 MiB, 4.27% gc time)
