0) instance et parametres 

  instance = sppnw09.txt | tailleSampling = 10 | maxTrial = 5 | maxTime = 9223372036854775807


1) calcule les etendues de valeurs sur les 2 objectifs

  f1_min=67760.00 ↔ f1_max=75036.62 (Δ=7276.62) 
  f2_min=24045.38 ↔ f2_max=43744.00 (Δ=19698.62) 

2) calcule les generateurs par e-contrainte alternant minimiser z1 et z2

  z1  1 : ϵ = 43744.00  fRL = 67760.00  [ 67760.00 , 43744.00 ] 
  z2  1 : ϵ = 75036.62  fRL = 24045.38  [ 75032.45 , 24043.81 ] 
  z1  2 : ϵ = 41555.26  fRL = 67936.85  [ 67935.12 , 41553.16 ] 
  z2  2 : ϵ = 74228.11  fRL = 24071.72  [ 74220.01 , 24069.01 ] 
  z1  3 : ϵ = 39366.53  fRL = 68113.70  [ 68115.72 , 39365.12 ] 
  z2  3 : ϵ = 73419.59  fRL = 24347.59  [ 73421.10 , 24349.19 ] 
  z1  4 : ϵ = 37177.79  fRL = 68303.45  [ 68301.60 , 37177.07 ] 
  z2  4 : ϵ = 72611.08  fRL = 24728.60  [ 72621.41 , 24732.48 ] 
  z1  5 : ϵ = 34989.06  fRL = 68529.65  [ 68528.86 , 34989.43 ] 
  z2  5 : ϵ = 71802.57  fRL = 25237.59  [ 71804.40 , 25237.41 ] 
  z1  6 : ϵ = 32800.32  fRL = 68813.24  [ 68809.59 , 32800.75 ] 
  z2  6 : ϵ = 70994.05  fRL = 25964.35  [ 70987.95 , 25960.92 ] 
  z1  7 : ϵ = 30611.59  fRL = 69124.38  [ 69126.59 , 30614.19 ] 
  z2  7 : ϵ = 70185.54  fRL = 27394.92  [ 70181.25 , 27391.90 ] 
  z1  8 : ϵ = 28422.85  fRL = 69610.55  [ 69605.77 , 28420.72 ] 
  z2  8 : ϵ = 69377.03  fRL = 29166.56  [ 69376.90 , 29167.26 ] 

  → Allocation memoire pour 15 generateurs

3) place L dans structure et verifie l'admissibilite de chaque generateur

   1  : [ 67760.00 , 43744.00 ] → Admissible 
   2  : [ 67935.12 , 41553.16 ] → x          
   3  : [ 68115.72 , 39365.12 ] → x          
   4  : [ 68301.60 , 37177.07 ] → x          
   5  : [ 68528.86 , 34989.43 ] → x          
   6  : [ 68809.59 , 32800.75 ] → x          
   7  : [ 69126.59 , 30614.19 ] → x          
   8  : [ 69605.77 , 28420.72 ] → x          
   9  : [ 70181.25 , 27391.90 ] → x          
  10  : [ 70987.95 , 25960.92 ] → x          
  11  : [ 71804.40 , 25237.41 ] → x          
  12  : [ 72621.41 , 24732.48 ] → x          
  13  : [ 73421.10 , 24349.19 ] → x          
  14  : [ 74220.01 , 24069.01 ] → x          
  15  : [ 75032.45 , 24043.81 ] → x          

  k=   1     xm= 67760.00   ym= 43744.00   Δx=  7272.45    Δy=     0.00   λ1= 0.00000    λ2= 1.00000 
  k=   2     xm= 67935.12   ym= 41553.16   Δx=  7097.33    Δy=  2190.84   λ1= 0.23587    λ2= 0.76413 
  k=   3     xm= 68115.72   ym= 39365.12   Δx=  6916.73    Δy=  4378.88   λ1= 0.38766    λ2= 0.61234 
  k=   4     xm= 68301.60   ym= 37177.07   Δx=  6730.85    Δy=  6566.93   λ1= 0.49384    λ2= 0.50616 
  k=   5     xm= 68528.86   ym= 34989.43   Δx=  6503.59    Δy=  8754.57   λ1= 0.57376    λ2= 0.42624 
  k=   6     xm= 68809.59   ym= 32800.75   Δx=  6222.86    Δy= 10943.25   λ1= 0.63749    λ2= 0.36251 
  k=   7     xm= 69126.59   ym= 30614.19   Δx=  5905.86    Δy= 13129.81   λ1= 0.68975    λ2= 0.31025 
  k=   8     xm= 69605.77   ym= 28420.72   Δx=  5426.68    Δy= 15323.28   λ1= 0.73847    λ2= 0.26153 
  k=   9     xm= 70181.25   ym= 27391.90   Δx=  4851.20    Δy= 16352.10   λ1= 0.77121    λ2= 0.22879 
  k=  10     xm= 70987.95   ym= 25960.92   Δx=  4044.50    Δy= 17783.08   λ1= 0.81471    λ2= 0.18529 
  k=  11     xm= 71804.40   ym= 25237.41   Δx=  3228.05    Δy= 18506.59   λ1= 0.85148    λ2= 0.14852 
  k=  12     xm= 72621.41   ym= 24732.48   Δx=  2411.04    Δy= 19011.52   λ1= 0.88745    λ2= 0.11255 
  k=  13     xm= 73421.10   ym= 24349.19   Δx=  1611.35    Δy= 19394.81   λ1= 0.92329    λ2= 0.07671 
  k=  14     xm= 74220.01   ym= 24069.01   Δx=   812.44    Δy= 19674.99   λ1= 0.96034    λ2= 0.03966 
  k=  15     xm= 75032.45   ym= 24043.81   Δx=     0.00    Δy= 19700.19   λ1= 1.00000    λ2= 0.00000 
4) terraformation generateur par generateur 

   2R : [ 67935.12 , 41553.16 ] → #round :    9 → [ 67760 , 43744 ]    t=0  |  Tps=0.0
   2P : [ 67760.00 , 43744.00 ] → Admissible                           t=1  |  Tps=0.0151
   feasible 

   3R : [ 68115.72 , 39365.12 ] → #round :    9 → [ 69832 , 38614 ]    t=0  |  Tps=0.0
   3P : [ 68744.00 , 37710.00 ] → Admissible                           t=1  |  Tps=0.0159
   feasible 

   4R : [ 68301.60 , 37177.07 ] → #round :   11 → [ 70182 , 38956 ]    t=0  |  Tps=0.0
   4P : [ 69024.00 , 34526.00 ] → Admissible                           t=1  |  Tps=0.0158
   feasible 

   5R : [ 68528.86 , 34989.43 ] → #round :   15 → [ 70922 , 36716 ]    t=0  |  Tps=0.0001
   5P : [ 69024.00 , 34526.00 ] → Admissible                           t=1  |  Tps=0.0153
   feasible 

   6R : [ 68809.59 , 32800.75 ] → #round :   15 → [ 69636 , 33952 ]    t=0  |  Tps=0.0001
   6P : [ 69024.00 , 34526.00 ] → Admissible                           t=1  |  Tps=0.0154
   feasible 

   7R : [ 69126.59 , 30614.19 ] → #round :   17 → [ 70814 , 29178 ]    t=0  |  Tps=0.0001
   7P : [ 69352.00 , 31060.00 ] → Admissible                           t=1  |  Tps=0.0153
   feasible 

   8R : [ 69605.77 , 28420.72 ] → #round :   18 → [ 72826 , 29044 ]    t=0  |  Tps=0.0001
   8P : [ 69460.00 , 28692.00 ] → Admissible                           t=1  |  Tps=0.0141
   feasible 

   9R : [ 70181.25 , 27391.90 ] → #round :   18 → [ 69460 , 28692 ]    t=0  |  Tps=0.0001
   9P : [ 69460.00 , 28692.00 ] → Admissible                           t=1  |  Tps=0.0149
   feasible 

  10R : [ 70987.95 , 25960.92 ] → #round :   20 → [ 72934 , 27304 ]    t=0  |  Tps=0.0001
  10P : [ 70258.00 , 29818.00 ] → Admissible                           t=1  |  Tps=0.0151
   feasible 

  11R : [ 71804.40 , 25237.41 ] → #round :   25 → [ 73100 , 26934 ]    t=0  |  Tps=0.0001
  11P : [ 70672.00 , 29498.00 ] → Admissible                           t=1  |  Tps=0.0141
   feasible 

  12R : [ 72621.41 , 24732.48 ] → #round :   27 → [ 73460 , 26880 ]    t=0  |  Tps=0.0001
  12P : [ 71812.00 , 28152.00 ] → Admissible                           t=1  |  Tps=0.0144
   feasible 

  13R : [ 73421.10 , 24349.19 ] → #round :   25 → [ 74378 , 26230 ]    t=0  |  Tps=0.0001
  13P : [ 74124.00 , 30784.00 ] → Admissible                           t=1  |  Tps=0.0146
   feasible 

  14R : [ 74220.01 , 24069.01 ] → #round :   25 → [ 73790 , 26166 ]    t=0  |  Tps=0.0001
  14P : [ 74196.00 , 31344.00 ] → Admissible                           t=1  |  Tps=0.0152
   feasible 

  15R : [ 75032.45 , 24043.81 ] → #round :   30 → [ 77426 , 26438 ]    t=0  |  Tps=0.0001
  15P : [ 74512.00 , 28184.00 ] → Admissible                           t=1  |  Tps=0.0515
   feasible 


5) Extraction des resultats

  Nombre de cycle : 0
   1  : [ 67760.00 , 43744.00 ] → Admissible 
   2  : [ 67760.00 , 43744.00 ] → Admissible 
   3  : [ 68744.00 , 37710.00 ] → Admissible 
   4  : [ 69024.00 , 34526.00 ] → Admissible 
   5  : [ 69024.00 , 34526.00 ] → Admissible 
   6  : [ 69024.00 , 34526.00 ] → Admissible 
   7  : [ 69352.00 , 31060.00 ] → Admissible 
   8  : [ 69460.00 , 28692.00 ] → Admissible 
   9  : [ 69460.00 , 28692.00 ] → Admissible 
  10  : [ 70258.00 , 29818.00 ] → Admissible 
  11  : [ 70672.00 , 29498.00 ] → Admissible 
  12  : [ 71812.00 , 28152.00 ] → Admissible 
  13  : [ 74124.00 , 30784.00 ] → Admissible 
  14  : [ 74196.00 , 31344.00 ] → Admissible 
  15  : [ 74512.00 , 28184.00 ] → Admissible 

6) Edition des resultats 

#U = 6
X_EBP = [67760, 68744, 69024, 69352, 69460, 71812]
Y_EBP = [43744, 37710, 34526, 31060, 28692, 28152]
XN = [67760, 67846, 68040, 68126, 68402, 68472, 68504, 68682, 68784, 69072, 69260, 69352, 69460, 70578, 70714, 72700, 72890, 72966, 72994, 73582, 73824, 74754]
YN = [43744, 43634, 40560, 40450, 40144, 38926, 37494, 36960, 34310, 34244, 32836, 31060, 28692, 28008, 26788, 26432, 26392, 26258, 26202, 25686, 25124, 25084]
Quality measure: 87.33 %
  0.715854 seconds (3.78 M allocations: 368.933 MiB, 4.73% gc time)
