0) instance et parametres 

  instance = sppnw10.txt | tailleSampling = 10 | maxTrial = 5 | maxTime = 9223372036854775807


1) calcule les etendues de valeurs sur les 2 objectifs

  f1_min=68271.00 ↔ f1_max=85752.00 (Δ=17481.00) 
  f2_min=18654.00 ↔ f2_max=33111.00 (Δ=14457.00) 

2) calcule les generateurs par e-contrainte alternant minimiser z1 et z2

  z1  1 : ϵ = 33111.00  fRL = 68271.00  [ 68271.00 , 33111.00 ] 
  z2  1 : ϵ = 85752.00  fRL = 18654.00  [ 85752.00 , 18654.00 ] 
  z1  2 : ϵ = 31504.67  fRL = 68289.94  [ 68289.94 , 31504.37 ] 
  z2  2 : ϵ = 83809.67  fRL = 18882.32  [ 83805.21 , 18879.57 ] 
  z1  3 : ϵ = 29898.33  fRL = 68308.88  [ 68308.88 , 29897.75 ] 
  z2  3 : ϵ = 81867.33  fRL = 19110.65  [ 81869.06 , 19109.47 ] 
  z1  4 : ϵ = 28292.00  fRL = 68327.82  [ 68327.83 , 28291.12 ] 
  z2  4 : ϵ = 79925.00  fRL = 19340.97  [ 79921.60 , 19341.52 ] 
  z1  5 : ϵ = 26685.67  fRL = 68413.68  [ 68413.68 , 26685.71 ] 
  z2  5 : ϵ = 77982.67  fRL = 19574.29  [ 77983.66 , 19571.66 ] 
  z1  6 : ϵ = 25079.33  fRL = 68562.57  [ 68562.45 , 25080.64 ] 
  z2  6 : ϵ = 76040.33  fRL = 19807.61  [ 76034.11 , 19805.16 ] 
  z1  7 : ϵ = 23473.00  fRL = 68789.83  [ 68789.70 , 23473.78 ] 
  z2  7 : ϵ = 74098.00  fRL = 20040.92  [ 74094.55 , 20041.34 ] 
  z1  8 : ϵ = 21866.67  fRL = 69107.80  [ 69107.52 , 21867.16 ] 
  z2  8 : ϵ = 72155.67  fRL = 20274.24  [ 72154.89 , 20274.33 ] 
  z1  9 : ϵ = 20260.33  fRL = 72271.41  [ 72273.64 , 20260.07 ] 

  → Allocation memoire pour 16 generateurs

3) place L dans structure et verifie l'admissibilite de chaque generateur

   1  : [ 68271.00 , 33111.00 ] → Admissible 
   2  : [ 68289.94 , 31504.37 ] → x          
   3  : [ 68308.88 , 29897.75 ] → x          
   4  : [ 68327.83 , 28291.12 ] → x          
   5  : [ 68413.68 , 26685.71 ] → x          
   6  : [ 68562.45 , 25080.64 ] → x          
   7  : [ 68789.70 , 23473.78 ] → x          
   8  : [ 69107.52 , 21867.16 ] → x          
   9  : [ 72154.89 , 20274.33 ] → x          
  10  : [ 74094.55 , 20041.34 ] → x          
  11  : [ 76034.11 , 19805.16 ] → x          
  12  : [ 77983.66 , 19571.66 ] → x          
  13  : [ 79921.60 , 19341.52 ] → x          
  14  : [ 81869.06 , 19109.47 ] → x          
  15  : [ 83805.21 , 18879.57 ] → x          
  16  : [ 85752.00 , 18654.00 ] → Admissible 

  k=   1     xm= 68271.00   ym= 33111.00   Δx= 17481.00    Δy=     0.00   λ1= 0.00000    λ2= 1.00000 
  k=   2     xm= 68289.94   ym= 31504.37   Δx= 17462.06    Δy=  1606.63   λ1= 0.08425    λ2= 0.91575 
  k=   3     xm= 68308.88   ym= 29897.75   Δx= 17443.12    Δy=  3213.25   λ1= 0.15556    λ2= 0.84444 
  k=   4     xm= 68327.83   ym= 28291.12   Δx= 17424.17    Δy=  4819.88   λ1= 0.21668    λ2= 0.78332 
  k=   5     xm= 68413.68   ym= 26685.71   Δx= 17338.32    Δy=  6425.29   λ1= 0.27038    λ2= 0.72962 
  k=   6     xm= 68562.45   ym= 25080.64   Δx= 17189.55    Δy=  8030.36   λ1= 0.31841    λ2= 0.68159 
  k=   7     xm= 68789.70   ym= 23473.78   Δx= 16962.30    Δy=  9637.22   λ1= 0.36231    λ2= 0.63769 
  k=   8     xm= 69107.52   ym= 21867.16   Δx= 16644.48    Δy= 11243.84   λ1= 0.40317    λ2= 0.59683 
  k=   9     xm= 72154.89   ym= 20274.33   Δx= 13597.11    Δy= 12836.67   λ1= 0.48562    λ2= 0.51438 
  k=  10     xm= 74094.55   ym= 20041.34   Δx= 11657.45    Δy= 13069.66   λ1= 0.52856    λ2= 0.47144 
  k=  11     xm= 76034.11   ym= 19805.16   Δx=  9717.89    Δy= 13305.84   λ1= 0.57792    λ2= 0.42208 
  k=  12     xm= 77983.66   ym= 19571.66   Δx=  7768.34    Δy= 13539.34   λ1= 0.63542    λ2= 0.36458 
  k=  13     xm= 79921.60   ym= 19341.52   Δx=  5830.40    Δy= 13769.48   λ1= 0.70253    λ2= 0.29747 
  k=  14     xm= 81869.06   ym= 19109.47   Δx=  3882.94    Δy= 14001.53   λ1= 0.78289    λ2= 0.21711 
  k=  15     xm= 83805.21   ym= 18879.57   Δx=  1946.79    Δy= 14231.43   λ1= 0.87967    λ2= 0.12033 
  k=  16     xm= 85752.00   ym= 18654.00   Δx=     0.00    Δy= 14457.00   λ1= 1.00000    λ2= 0.00000 
4) terraformation generateur par generateur 

   2R : [ 68289.94 , 31504.37 ] → #round :    4 → [ 68568 , 29049 ]    t=0  |  Tps=0.0
   2P : [ 68337.00 , 27513.00 ] → Admissible                           t=1  |  Tps=0.0108
   feasible 

   3R : [ 68308.88 , 29897.75 ] → #round :    4 → [ 69672 , 32235 ]    t=0  |  Tps=0.0
   3P : [ 68337.00 , 27513.00 ] → Admissible                           t=1  |  Tps=0.0029
   feasible 

   4R : [ 68327.83 , 28291.12 ] → #round :    4 → [ 69672 , 32235 ]    t=0  |  Tps=0.0
   4P : [ 68337.00 , 27513.00 ] → Admissible                           t=1  |  Tps=0.0028
   feasible 

   5R : [ 68413.68 , 26685.71 ] → #round :    6 → [ 72111 , 29550 ]    t=0  |  Tps=0.0
   5P : [ 68337.00 , 27513.00 ] → Admissible                           t=1  |  Tps=0.003
   feasible 

   6R : [ 68562.45 , 25080.64 ] → #round :    6 → [ 68982 , 26658 ]    t=0  |  Tps=0.0
   6P : [ 68607.00 , 24600.00 ] → Admissible                           t=1  |  Tps=0.0028
   feasible 

   7R : [ 68789.70 , 23473.78 ] → #round :    4 → [ 70872 , 25311 ]    t=0  |  Tps=0.0
   7P : [ 68607.00 , 24600.00 ] → Admissible                           t=1  |  Tps=0.0029
   feasible 

   8R : [ 69107.52 , 21867.16 ] → #round :    6 → [ 72000 , 23523 ]    t=0  |  Tps=0.0
   8P : [ 69027.00 , 22011.00 ] → Admissible                           t=1  |  Tps=0.0026
   feasible 

   9R : [ 72154.89 , 20274.33 ] → #round :   11 → [ 84978 , 21240 ]    t=0  |  Tps=0.0
   9P : [ 70809.00 , 20436.00 ] → Admissible                           t=1  |  Tps=0.0027
   feasible 

  10R : [ 74094.55 , 20041.34 ] → #round :   11 → [ 70809 , 20436 ]    t=0  |  Tps=0.0
  10P : [ 70809.00 , 20436.00 ] → Admissible                           t=1  |  Tps=0.0028
   feasible 

  11R : [ 76034.11 , 19805.16 ] → #round :   11 → [ 70911 , 22140 ]    t=0  |  Tps=0.0
  11P : [ 70809.00 , 20436.00 ] → Admissible                           t=1  |  Tps=0.0028
   feasible 

  12R : [ 77983.66 , 19571.66 ] → #round :   11 → [ 82635 , 21642 ]    t=0  |  Tps=0.0
  12P : [ 82422.00 , 19365.00 ] → Admissible                           t=1  |  Tps=0.0028
   feasible 

  13R : [ 79921.60 , 19341.52 ] → #round :   11 → [ 82635 , 21642 ]    t=0  |  Tps=0.0
  13P : [ 82422.00 , 19365.00 ] → Admissible                           t=1  |  Tps=0.0029
   feasible 

  14R : [ 81869.06 , 19109.47 ] → #round :   11 → [ 82635 , 21642 ]    t=0  |  Tps=0.0
  14P : [ 82422.00 , 19365.00 ] → Admissible                           t=1  |  Tps=0.0028
   feasible 

  15R : [ 83805.21 , 18879.57 ] → #round :   11 → [ 85752 , 18654 ]    t=0  |  Tps=0.0
  15P : [ 85752.00 , 18654.00 ] → Admissible                           t=1  |  Tps=0.0027
   feasible 


5) Extraction des resultats

  Nombre de cycle : 0
   1  : [ 68271.00 , 33111.00 ] → Admissible 
   2  : [ 68337.00 , 27513.00 ] → Admissible 
   3  : [ 68337.00 , 27513.00 ] → Admissible 
   4  : [ 68337.00 , 27513.00 ] → Admissible 
   5  : [ 68337.00 , 27513.00 ] → Admissible 
   6  : [ 68607.00 , 24600.00 ] → Admissible 
   7  : [ 68607.00 , 24600.00 ] → Admissible 
   8  : [ 69027.00 , 22011.00 ] → Admissible 
   9  : [ 70809.00 , 20436.00 ] → Admissible 
  10  : [ 70809.00 , 20436.00 ] → Admissible 
  11  : [ 70809.00 , 20436.00 ] → Admissible 
  12  : [ 82422.00 , 19365.00 ] → Admissible 
  13  : [ 82422.00 , 19365.00 ] → Admissible 
  14  : [ 82422.00 , 19365.00 ] → Admissible 
  15  : [ 85752.00 , 18654.00 ] → Admissible 
  16  : [ 85752.00 , 18654.00 ] → Admissible 

6) Edition des resultats 

#U = 7
X_EBP = [68271, 68337, 68607, 69027, 70809, 82422, 85752]
Y_EBP = [33111, 27513, 24600, 22011, 20436, 19365, 18654]
XN = [68271, 68337, 68448, 68505, 68607, 68868, 68925, 69027, 69687, 70809, 82422, 82440, 85752]
YN = [33111, 27513, 26688, 26295, 24600, 24099, 23706, 22011, 20832, 20436, 19365, 19338, 18654]
Quality measure: 99.22 %
  0.327065 seconds (1.11 M allocations: 103.944 MiB, 1.69% gc time)
