0) instance et parametres 

  instance = sppnw27.txt | tailleSampling = 10 | maxTrial = 5 | maxTime = 9223372036854775807


1) calcule les etendues de valeurs sur les 2 objectifs

  f1_min= 9877.50 ↔ f1_max=21829.50 (Δ=11952.00) 
  f2_min= 9307.50 ↔ f2_max=20542.50 (Δ=11235.00) 

2) calcule les generateurs par e-contrainte alternant minimiser z1 et z2

  z1  1 : ϵ = 20542.50  fRL =  9877.50  [  9877.50 , 20542.50 ] 
  z2  1 : ϵ = 21829.50  fRL =  9307.50  [ 21829.50 ,  9307.50 ] 
  z1  2 : ϵ = 19294.17  fRL = 10011.98  [ 10012.11 , 19293.48 ] 
  z2  2 : ϵ = 20501.50  fRL =  9612.05  [ 20518.52 ,  9622.53 ] 
  z1  3 : ϵ = 18045.83  fRL = 10268.79  [ 10272.62 , 18052.12 ] 
  z2  3 : ϵ = 19173.50  fRL =  9996.90  [ 19166.24 ,  9991.84 ] 
  z1  4 : ϵ = 16797.50  fRL = 10537.04  [ 10532.98 , 16792.28 ] 
  z2  4 : ϵ = 17845.50  fRL = 10392.26  [ 17851.79 , 10397.60 ] 
  z1  5 : ϵ = 15549.17  fRL = 10805.29  [ 10800.99 , 15545.05 ] 
  z2  5 : ϵ = 16517.50  fRL = 10787.62  [ 16520.09 , 10786.84 ] 
  z1  6 : ϵ = 14300.83  fRL = 11073.54  [ 11074.21 , 14297.71 ] 
  z2  6 : ϵ = 15189.50  fRL = 11182.98  [ 15183.82 , 11179.97 ] 
  z1  7 : ϵ = 13052.50  fRL = 11341.79  [ 11342.22 , 13050.48 ] 
  z2  7 : ϵ = 13861.50  fRL = 11578.34  [ 13872.34 , 11584.61 ] 
  z1  8 : ϵ = 11804.17  fRL = 13102.95  [ 13099.14 , 11805.30 ] 
  z2  8 : ϵ = 12533.50  fRL = 11973.70  [ 12533.26 , 11974.90 ] 

  → Allocation memoire pour 15 generateurs

3) place L dans structure et verifie l'admissibilite de chaque generateur

   1  : [  9877.50 , 20542.50 ] → x          
   2  : [ 10012.11 , 19293.48 ] → x          
   3  : [ 10272.62 , 18052.12 ] → x          
   4  : [ 10532.98 , 16792.28 ] → x          
   5  : [ 10800.99 , 15545.05 ] → x          
   6  : [ 11074.21 , 14297.71 ] → x          
   7  : [ 11342.22 , 13050.48 ] → x          
   8  : [ 13099.14 , 11805.30 ] → x          
   9  : [ 13872.34 , 11584.61 ] → x          
  10  : [ 15183.82 , 11179.97 ] → x          
  11  : [ 16520.09 , 10786.84 ] → x          
  12  : [ 17851.79 , 10397.60 ] → x          
  13  : [ 19166.24 ,  9991.84 ] → x          
  14  : [ 20518.52 ,  9622.53 ] → x          
  15  : [ 21829.50 ,  9307.50 ] → x          

  k=   1     xm= 9877.50   ym= 20542.50   Δx= 11952.00    Δy=     0.00   λ1= 0.00000    λ2= 1.00000 
  k=   2     xm= 10012.11   ym= 19293.48   Δx= 11817.39    Δy=  1249.02   λ1= 0.09559    λ2= 0.90441 
  k=   3     xm= 10272.62   ym= 18052.12   Δx= 11556.88    Δy=  2490.38   λ1= 0.17729    λ2= 0.82271 
  k=   4     xm= 10532.98   ym= 16792.28   Δx= 11296.52    Δy=  3750.22   λ1= 0.24924    λ2= 0.75076 
  k=   5     xm= 10800.99   ym= 15545.05   Δx= 11028.51    Δy=  4997.45   λ1= 0.31183    λ2= 0.68817 
  k=   6     xm= 11074.21   ym= 14297.71   Δx= 10755.29    Δy=  6244.79   λ1= 0.36734    λ2= 0.63266 
  k=   7     xm= 11342.22   ym= 13050.48   Δx= 10487.28    Δy=  7492.02   λ1= 0.41670    λ2= 0.58330 
  k=   8     xm= 13099.14   ym= 11805.30   Δx=  8730.36    Δy=  8737.20   λ1= 0.50020    λ2= 0.49980 
  k=   9     xm= 13872.34   ym= 11584.61   Δx=  7957.16    Δy=  8957.89   λ1= 0.52958    λ2= 0.47042 
  k=  10     xm= 15183.82   ym= 11179.97   Δx=  6645.68    Δy=  9362.53   λ1= 0.58486    λ2= 0.41514 
  k=  11     xm= 16520.09   ym= 10786.84   Δx=  5309.41    Δy=  9755.66   λ1= 0.64757    λ2= 0.35243 
  k=  12     xm= 17851.79   ym= 10397.60   Δx=  3977.71    Δy= 10144.90   λ1= 0.71834    λ2= 0.28166 
  k=  13     xm= 19166.24   ym= 9991.84   Δx=  2663.26    Δy= 10550.66   λ1= 0.79845    λ2= 0.20155 
  k=  14     xm= 20518.52   ym= 9622.53   Δx=  1310.98    Δy= 10919.97   λ1= 0.89281    λ2= 0.10719 
  k=  15     xm= 21829.50   ym= 9307.50   Δx=     0.00    Δy= 11235.00   λ1= 1.00000    λ2= 0.00000 
4) terraformation generateur par generateur 

   1R : [  9877.50 , 20542.50 ] → #round :    3 → [ 10881 , 23211 ]    t=0  |  Tps=0.0
   1P : [ 11221.50 , 19626.00 ] → x                                    t=1  |  Tps=0.0048
   1R : [ 11221.50 , 19626.00 ] → #round :    3 → [ 13536 , 21672 ]    t=1  |  Tps=0.0049
   1P : [ 12482.79 , 18644.39 ] → x                                    t=2  |  Tps=0.0095
   1R : [ 12482.79 , 18644.39 ] → #round :    4 → [ 13536 , 21672 ]    t=2  |  Tps=0.0095
CYCLE!!!!!!!!!!!!!!!
   1C : [  8277.00 , 18030.00 ] 
   1P : [ 12439.83 , 18270.76 ] → x                                    t=3  |  Tps=0.0143
   1R : [ 12439.83 , 18270.76 ] → #round :    4 → [ 14097 , 22245 ]    t=3  |  Tps=0.0143
   1P : [ 12439.83 , 18270.76 ] → x                                    t=4  |  Tps=0.019
   1R : [ 12439.83 , 18270.76 ] → #round :    4 → [ 14097 , 22245 ]    t=4  |  Tps=0.019
CYCLE!!!!!!!!!!!!!!!
   1C : [  8277.00 , 18030.00 ] 
   1P : [ 12439.83 , 18270.76 ] → x                                    t=5  |  Tps=0.0238
   1R : [ 12439.83 , 18270.76 ] → #round :    4 → [ 14097 , 22245 ]    t=5  |  Tps=0.0239
CYCLE!!!!!!!!!!!!!!!
   1C : [  8277.00 , 18030.00 ] 
   1P : [ 12439.83 , 18270.76 ] → x                                    t=6  |  Tps=0.0287
   1R : [ 12439.83 , 18270.76 ] → #round :    4 → [ 14097 , 22245 ]    t=6  |  Tps=0.0287
CYCLE!!!!!!!!!!!!!!!
   1C : [  8277.00 , 18030.00 ] 
   maxTrial 

   2R : [ 10012.11 , 19293.48 ] → #round :    4 → [ 11697 , 20814 ]    t=0  |  Tps=0.0
   2P : [ 11580.00 , 18576.00 ] → Admissible                           t=1  |  Tps=0.0048
   feasible 

   3R : [ 10272.62 , 18052.12 ] → #round :    7 → [ 13911 , 19041 ]    t=0  |  Tps=0.0
   3P : [ 11333.22 , 18114.49 ] → x                                    t=1  |  Tps=0.0047
   3R : [ 11333.22 , 18114.49 ] → #round :    4 → [ 12372 , 17943 ]    t=1  |  Tps=0.0047
   3P : [ 11333.22 , 18114.49 ] → x                                    t=2  |  Tps=0.0094
   3R : [ 11333.22 , 18114.49 ] → #round :    4 → [ 12372 , 17943 ]    t=2  |  Tps=0.0094
CYCLE!!!!!!!!!!!!!!!
   3C : [  8556.00 , 16602.00 ] 
   3P : [ 11229.32 , 17480.12 ] → x                                    t=3  |  Tps=0.0141
   3R : [ 11229.32 , 17480.12 ] → #round :    4 → [ 13272 , 16881 ]    t=3  |  Tps=0.0141
   3P : [ 11229.32 , 17480.12 ] → x                                    t=4  |  Tps=0.0188
   3R : [ 11229.32 , 17480.12 ] → #round :    4 → [ 13272 , 16881 ]    t=4  |  Tps=0.0188
CYCLE!!!!!!!!!!!!!!!
   3C : [  8556.00 , 16602.00 ] 
   3P : [ 11229.32 , 17480.12 ] → x                                    t=5  |  Tps=0.0235
   3R : [ 11229.32 , 17480.12 ] → #round :    4 → [ 13272 , 16881 ]    t=5  |  Tps=0.0235
CYCLE!!!!!!!!!!!!!!!
   3C : [  8556.00 , 16602.00 ] 
   3P : [ 11229.32 , 17480.12 ] → x                                    t=6  |  Tps=0.0282
   3R : [ 11229.32 , 17480.12 ] → #round :    4 → [ 13272 , 16881 ]    t=6  |  Tps=0.0282
CYCLE!!!!!!!!!!!!!!!
   3C : [  8556.00 , 16602.00 ] 
   maxTrial 

   4R : [ 10532.98 , 16792.28 ] → #round :    7 → [ 11658 , 14838 ]    t=0  |  Tps=0.0
   4P : [ 12561.00 , 16920.00 ] → Admissible                           t=1  |  Tps=0.005
   feasible 

   5R : [ 10800.99 , 15545.05 ] → #round :    7 → [ 12783 , 18033 ]    t=0  |  Tps=0.0
   5P : [ 11508.00 , 12279.00 ] → Admissible                           t=1  |  Tps=0.0048
   feasible 

   6R : [ 11074.21 , 14297.71 ] → #round :    7 → [ 11508 , 12279 ]    t=0  |  Tps=0.0
   6P : [ 11508.00 , 12279.00 ] → Admissible                           t=1  |  Tps=0.0049
   feasible 

   7R : [ 11342.22 , 13050.48 ] → #round :    7 → [ 12783 , 18033 ]    t=0  |  Tps=0.0
   7P : [ 11508.00 , 12279.00 ] → Admissible                           t=1  |  Tps=0.0047
   feasible 

   8R : [ 13099.14 , 11805.30 ] → #round :   17 → [ 16077 , 12999 ]    t=0  |  Tps=0.0
   8P : [ 11508.00 , 12279.00 ] → Admissible                           t=1  |  Tps=0.0048
   feasible 

   9R : [ 13872.34 , 11584.61 ] → #round :   17 → [ 11508 , 12279 ]    t=0  |  Tps=0.0
   9P : [ 11508.00 , 12279.00 ] → Admissible                           t=1  |  Tps=0.005
   feasible 

  10R : [ 15183.82 , 11179.97 ] → #round :   17 → [ 16800 , 13683 ]    t=0  |  Tps=0.0
  10P : [ 11508.00 , 12279.00 ] → Admissible                           t=1  |  Tps=0.0051
   feasible 

  11R : [ 16520.09 , 10786.84 ] → #round :   17 → [ 16077 , 12999 ]    t=0  |  Tps=0.0
  11P : [ 11508.00 , 12279.00 ] → Admissible                           t=1  |  Tps=0.005
   feasible 

  12R : [ 17851.79 , 10397.60 ] → #round :   17 → [ 20823 , 12915 ]    t=0  |  Tps=0.0
  12P : [ 13590.00 , 13614.00 ] → Admissible                           t=1  |  Tps=0.0048
   feasible 

  13R : [ 19166.24 ,  9991.84 ] → #round :   17 → [ 21900 , 12054 ]    t=0  |  Tps=0.0
  13P : [ 17991.00 , 21834.00 ] → Admissible                           t=1  |  Tps=0.0053
   feasible 

  14R : [ 20518.52 ,  9622.53 ] → #round :   18 → [ 21615 , 11664 ]    t=0  |  Tps=0.0
  14P : [ 21210.00 , 14622.00 ] → Admissible                           t=1  |  Tps=0.006
   feasible 

  15R : [ 21829.50 ,  9307.50 ] → #round :    4 → [ 21327 ,  9723 ]    t=0  |  Tps=0.0
  15P : [ 18435.00 , 15798.00 ] → Admissible                           t=1  |  Tps=0.0053
   feasible 


5) Extraction des resultats

  Nombre de cycle : 8
   1  : [  8277.00 , 18030.00 ] → x          
   2  : [ 11580.00 , 18576.00 ] → Admissible 
   3  : [  8556.00 , 16602.00 ] → x          
   4  : [ 12561.00 , 16920.00 ] → Admissible 
   5  : [ 11508.00 , 12279.00 ] → Admissible 
   6  : [ 11508.00 , 12279.00 ] → Admissible 
   7  : [ 11508.00 , 12279.00 ] → Admissible 
   8  : [ 11508.00 , 12279.00 ] → Admissible 
   9  : [ 11508.00 , 12279.00 ] → Admissible 
  10  : [ 11508.00 , 12279.00 ] → Admissible 
  11  : [ 11508.00 , 12279.00 ] → Admissible 
  12  : [ 13590.00 , 13614.00 ] → Admissible 
  13  : [ 17991.00 , 21834.00 ] → Admissible 
  14  : [ 21210.00 , 14622.00 ] → Admissible 
  15  : [ 18435.00 , 15798.00 ] → Admissible 

6) Edition des resultats 

#U = 1
X_EBP = [11508]
Y_EBP = [12279]
XN = [9933, 9972, 10344, 10563, 10959, 11007, 11142, 11487, 11508, 17685, 19227, 19497]
YN = [24534, 21387, 21222, 18981, 18552, 15834, 15762, 14607, 12279, 12126, 10521, 10068]
  0.421778 seconds (2.25 M allocations: 205.457 MiB)
