0) instance et parametres 

  instance = sppnw35.txt | tailleSampling = 10 | maxTrial = 5 | maxTime = 9223372036854775807


1) calcule les etendues de valeurs sur les 2 objectifs

  f1_min= 7206.00 ↔ f1_max=16185.71 (Δ=8979.71) 
  f2_min= 6417.43 ↔ f2_max=20052.00 (Δ=13634.57) 

2) calcule les generateurs par e-contrainte alternant minimiser z1 et z2

  z1  1 : ϵ = 20052.00  fRL =  7206.00  [  7206.00 , 20052.00 ] 
  z2  1 : ϵ = 16185.71  fRL =  6417.43  [ 16192.17 ,  6419.80 ] 
  z1  2 : ϵ = 18537.05  fRL =  7215.95  [  7214.85 , 18533.09 ] 
  z2  2 : ϵ = 15187.96  fRL =  6478.95  [ 15189.37 ,  6478.86 ] 
  z1  3 : ϵ = 17022.10  fRL =  7286.66  [  7286.70 , 17021.26 ] 
  z2  3 : ϵ = 14190.22  fRL =  6811.80  [ 14186.77 ,  6811.64 ] 
  z1  4 : ϵ = 15507.14  fRL =  7564.21  [  7565.79 , 15508.60 ] 
  z2  4 : ϵ = 13192.47  fRL =  7348.77  [ 13189.10 ,  7348.56 ] 
  z1  5 : ϵ = 13992.19  fRL =  8159.11  [  8161.28 , 13992.34 ] 
  z2  5 : ϵ = 12194.73  fRL =  7907.13  [ 12192.40 ,  7904.14 ] 
  z1  6 : ϵ = 12477.24  fRL =  8775.90  [  8777.60 , 12478.54 ] 
  z2  6 : ϵ = 11196.98  fRL =  8575.03  [ 11193.73 ,  8575.55 ] 
  z1  7 : ϵ = 10962.29  fRL =  9405.96  [  9405.97 , 10962.27 ] 
  z2  7 : ϵ = 10199.24  fRL =  9333.54  [ 10191.13 ,  9329.50 ] 
  z1  8 : ϵ =  9447.33  fRL = 10141.91  [ 10141.94 ,  9447.29 ] 
  z2  8 : ϵ =  9201.49  fRL = 11431.91  [  9200.74 , 11433.76 ] 

  → Allocation memoire pour 15 generateurs

3) place L dans structure et verifie l'admissibilite de chaque generateur

   1  : [  7206.00 , 20052.00 ] → x          
   2  : [  7214.85 , 18533.09 ] → x          
   3  : [  7286.70 , 17021.26 ] → x          
   4  : [  7565.79 , 15508.60 ] → x          
   5  : [  8161.28 , 13992.34 ] → x          
   6  : [  8777.60 , 12478.54 ] → x          
   7  : [  9405.97 , 10962.27 ] → x          
   8  : [ 10141.94 ,  9447.29 ] → x          
   9  : [ 10191.13 ,  9329.50 ] → x          
  10  : [ 11193.73 ,  8575.55 ] → x          
  11  : [ 12192.40 ,  7904.14 ] → x          
  12  : [ 13189.10 ,  7348.56 ] → x          
  13  : [ 14186.77 ,  6811.64 ] → x          
  14  : [ 15189.37 ,  6478.86 ] → x          
  15  : [ 16192.17 ,  6419.80 ] → x          

  k=   1     xm= 7206.00   ym= 20052.00   Δx=  8986.17    Δy=     0.00   λ1= 0.00000    λ2= 1.00000 
  k=   2     xm= 7214.85   ym= 18533.09   Δx=  8977.32    Δy=  1518.91   λ1= 0.14471    λ2= 0.85529 
  k=   3     xm= 7286.70   ym= 17021.26   Δx=  8905.47    Δy=  3030.74   λ1= 0.25391    λ2= 0.74609 
  k=   4     xm= 7565.79   ym= 15508.60   Δx=  8626.38    Δy=  4543.40   λ1= 0.34499    λ2= 0.65501 
  k=   5     xm= 8161.28   ym= 13992.34   Δx=  8030.89    Δy=  6059.66   λ1= 0.43005    λ2= 0.56995 
  k=   6     xm= 8777.60   ym= 12478.54   Δx=  7414.57    Δy=  7573.46   λ1= 0.50530    λ2= 0.49470 
  k=   7     xm= 9405.97   ym= 10962.27   Δx=  6786.20    Δy=  9089.73   λ1= 0.57255    λ2= 0.42745 
  k=   8     xm= 10141.94   ym= 9447.29   Δx=  6050.23    Δy= 10604.71   λ1= 0.63673    λ2= 0.36327 
  k=   9     xm= 10191.13   ym= 9329.50   Δx=  6001.04    Δy= 10722.50   λ1= 0.64116    λ2= 0.35884 
  k=  10     xm= 11193.73   ym= 8575.55   Δx=  4998.44    Δy= 11476.45   λ1= 0.69660    λ2= 0.30340 
  k=  11     xm= 12192.40   ym= 7904.14   Δx=  3999.77    Δy= 12147.86   λ1= 0.75230    λ2= 0.24770 
  k=  12     xm= 13189.10   ym= 7348.56   Δx=  3003.07    Δy= 12703.44   λ1= 0.80880    λ2= 0.19120 
  k=  13     xm= 14186.77   ym= 6811.64   Δx=  2005.40    Δy= 13240.36   λ1= 0.86846    λ2= 0.13154 
  k=  14     xm= 15189.37   ym= 6478.86   Δx=  1002.80    Δy= 13573.14   λ1= 0.93120    λ2= 0.06880 
  k=  15     xm= 16192.17   ym= 6419.80   Δx=     0.00    Δy= 13632.20   λ1= 1.00000    λ2= 0.00000 
4) terraformation generateur par generateur 

   1R : [  7206.00 , 20052.00 ] → #round :    4 → [  7370 , 18742 ]    t=0  |  Tps=0.0
   1P : [  7206.00 , 20052.00 ] → x                                    t=1  |  Tps=0.0063
   1R : [  7206.00 , 20052.00 ] → #round :    4 → [  7370 , 18742 ]    t=1  |  Tps=0.0063
CYCLE!!!!!!!!!!!!!!!
   1C : [  9300.00 , 25840.00 ] 
   1P : [  7206.00 , 20052.00 ] → x                                    t=2  |  Tps=0.0123
   1R : [  7206.00 , 20052.00 ] → #round :    4 → [  7370 , 18742 ]    t=2  |  Tps=0.0124
CYCLE!!!!!!!!!!!!!!!
   1C : [  9300.00 , 25840.00 ] 
   1P : [  7206.00 , 20052.00 ] → x                                    t=3  |  Tps=0.0191
   1R : [  7206.00 , 20052.00 ] → #round :    4 → [  7370 , 18742 ]    t=3  |  Tps=0.0191
CYCLE!!!!!!!!!!!!!!!
   1C : [  9300.00 , 25840.00 ] 
   1P : [  7206.00 , 20052.00 ] → x                                    t=4  |  Tps=0.0259
   1R : [  7206.00 , 20052.00 ] → #round :    4 → [  7370 , 18742 ]    t=4  |  Tps=0.026
CYCLE!!!!!!!!!!!!!!!
   1C : [  9300.00 , 25840.00 ] 
   1P : [  7206.00 , 20052.00 ] → x                                    t=5  |  Tps=0.0327
   1R : [  7206.00 , 20052.00 ] → #round :    4 → [  7370 , 18742 ]    t=5  |  Tps=0.0327
CYCLE!!!!!!!!!!!!!!!
   1C : [  9300.00 , 25840.00 ] 
   1P : [  7206.00 , 20052.00 ] → x                                    t=6  |  Tps=0.0388
   1R : [  7206.00 , 20052.00 ] → #round :    4 → [  7370 , 18742 ]    t=6  |  Tps=0.0388
CYCLE!!!!!!!!!!!!!!!
   1C : [  9300.00 , 25840.00 ] 
   maxTrial 

   2R : [  7214.85 , 18533.09 ] → #round :    5 → [  7216 , 18530 ]    t=0  |  Tps=0.0
   2P : [  7216.00 , 18530.00 ] → Admissible                           t=1  |  Tps=0.007
   feasible 

   3R : [  7286.70 , 17021.26 ] → #round :    4 → [  8430 , 19394 ]    t=0  |  Tps=0.0
   3P : [  7316.00 , 16396.00 ] → Admissible                           t=1  |  Tps=0.0066
   feasible 

   4R : [  7565.79 , 15508.60 ] → #round :    8 → [  9342 , 16342 ]    t=0  |  Tps=0.0
   4P : [  8962.00 , 16006.00 ] → x                                    t=1  |  Tps=0.0063
   4R : [  8962.00 , 16006.00 ] → #round :    4 → [  9572 , 16938 ]    t=1  |  Tps=0.0063
   4P : [ 10268.00 , 17766.00 ] → Admissible                           t=2  |  Tps=0.0134
   feasible 

   5R : [  8161.28 , 13992.34 ] → #round :   11 → [ 10786 , 14646 ]    t=0  |  Tps=0.0
   5P : [  8361.00 , 13924.00 ] → x                                    t=1  |  Tps=0.0074
   5R : [  8361.00 , 13924.00 ] → #round :    6 → [ 11048 , 17522 ]    t=1  |  Tps=0.0074
   5P : [  8860.00 , 16292.00 ] → x                                    t=2  |  Tps=0.0143
   5R : [  8860.00 , 16292.00 ] → #round :    5 → [  9502 , 14612 ]    t=2  |  Tps=0.0144
   5P : [  9264.58 , 15340.67 ] → x                                    t=3  |  Tps=0.0207
   5R : [  9264.58 , 15340.67 ] → #round :    5 → [  9502 , 14612 ]    t=3  |  Tps=0.0207
CYCLE!!!!!!!!!!!!!!!
   5C : [  8512.00 , 13344.00 ] 
   5P : [  9264.58 , 15340.67 ] → x                                    t=4  |  Tps=0.0272
   5R : [  9264.58 , 15340.67 ] → #round :    5 → [  9502 , 14612 ]    t=4  |  Tps=0.0272
CYCLE!!!!!!!!!!!!!!!
   5C : [  8512.00 , 13344.00 ] 
   5P : [  9264.58 , 15340.67 ] → x                                    t=5  |  Tps=0.0339
   5R : [  9264.58 , 15340.67 ] → #round :    5 → [  9502 , 14612 ]    t=5  |  Tps=0.0339
CYCLE!!!!!!!!!!!!!!!
   5C : [  8512.00 , 13344.00 ] 
   5P : [  9264.58 , 15340.67 ] → x                                    t=6  |  Tps=0.0404
   5R : [  9264.58 , 15340.67 ] → #round :    5 → [  9502 , 14612 ]    t=6  |  Tps=0.0404
CYCLE!!!!!!!!!!!!!!!
   5C : [  8512.00 , 13344.00 ] 
   maxTrial 

   6R : [  8777.60 , 12478.54 ] → #round :   11 → [  8804 , 14960 ]    t=0  |  Tps=0.0
   6P : [  8539.75 , 14994.50 ] → x                                    t=1  |  Tps=0.0065
   6R : [  8539.75 , 14994.50 ] → #round :    6 → [ 10276 , 15098 ]    t=1  |  Tps=0.0065
   6P : [  8993.56 , 14854.38 ] → x                                    t=2  |  Tps=0.0138
   6R : [  8993.56 , 14854.38 ] → #round :    4 → [ 10276 , 15098 ]    t=2  |  Tps=0.0138
CYCLE!!!!!!!!!!!!!!!
   6C : [  7220.00 , 13236.00 ] 
   6P : [  8336.00 , 16816.00 ] → Admissible                           t=3  |  Tps=0.0427
   feasible 

   7R : [  9405.97 , 10962.27 ] → #round :    8 → [ 11280 , 12844 ]    t=0  |  Tps=0.0
   7P : [  9339.00 , 12485.00 ] → x                                    t=1  |  Tps=0.008
   7R : [  9339.00 , 12485.00 ] → #round :    5 → [ 10428 , 14502 ]    t=1  |  Tps=0.0081
   7P : [  9156.56 , 14185.21 ] → x                                    t=2  |  Tps=0.0158
   7R : [  9156.56 , 14185.21 ] → #round :    5 → [ 10428 , 14502 ]    t=2  |  Tps=0.0158
CYCLE!!!!!!!!!!!!!!!
   7C : [  8388.00 , 13394.00 ] 
   7P : [ 10100.00 , 16186.00 ] → x                                    t=3  |  Tps=0.0231
   7R : [ 10100.00 , 16186.00 ] → #round :    3 → [ 10174 , 15094 ]    t=3  |  Tps=0.0231
   7P : [ 11290.00 , 18674.00 ] → Admissible                           t=4  |  Tps=0.0305
   feasible 

   8R : [ 10141.94 ,  9447.29 ] → #round :    8 → [ 10196 ,  9336 ]    t=0  |  Tps=0.0
   8P : [ 10196.00 ,  9336.00 ] → Admissible                           t=1  |  Tps=0.0062
   feasible 

   9R : [ 10191.13 ,  9329.50 ] → #round :    3 → [ 10196 ,  9336 ]    t=0  |  Tps=0.0
   9P : [ 10196.00 ,  9336.00 ] → Admissible                           t=1  |  Tps=0.0062
   feasible 

  10R : [ 11193.73 ,  8575.55 ] → #round :   14 → [ 10934 ,  9524 ]    t=0  |  Tps=0.0
  10P : [ 11081.06 ,  9948.25 ] → x                                    t=1  |  Tps=0.0068
  10R : [ 11081.06 ,  9948.25 ] → #round :    6 → [ 11372 , 12832 ]    t=1  |  Tps=0.0069
  10P : [ 11442.00 , 14986.00 ] → Admissible                           t=2  |  Tps=0.0142
   feasible 

  11R : [ 12192.40 ,  7904.14 ] → #round :   16 → [ 13016 ,  9910 ]    t=0  |  Tps=0.0001
  11P : [ 10934.46 , 11236.26 ] → x                                    t=1  |  Tps=0.0065
  11R : [ 10934.46 , 11236.26 ] → #round :    9 → [ 12814 ,  9776 ]    t=1  |  Tps=0.0065
  11P : [ 10936.00 , 12714.00 ] → Admissible                           t=2  |  Tps=0.0127
   feasible 

  12R : [ 13189.10 ,  7348.56 ] → #round :   16 → [ 16152 ,  7858 ]    t=0  |  Tps=0.0
  12P : [ 11848.00 , 14106.00 ] → Admissible                           t=1  |  Tps=0.0063
   feasible 

  13R : [ 14186.77 ,  6811.64 ] → #round :   16 → [ 19014 ,  7148 ]    t=0  |  Tps=0.0
  13P : [ 15824.00 ,  9042.00 ] → Admissible                           t=1  |  Tps=0.0079
   feasible 

  14R : [ 15189.37 ,  6478.86 ] → #round :   14 → [ 18302 ,  9516 ]    t=0  |  Tps=0.0001
  14P : [ 11331.30 , 12897.71 ] → x                                    t=1  |  Tps=0.007
  14R : [ 11331.30 , 12897.71 ] → #round :    7 → [ 14622 ,  7864 ]    t=1  |  Tps=0.0071
  14P : [ 11331.30 , 12897.71 ] → x                                    t=2  |  Tps=0.014
  14R : [ 11331.30 , 12897.71 ] → #round :    7 → [ 14622 ,  7864 ]    t=2  |  Tps=0.014
CYCLE!!!!!!!!!!!!!!!
  14C : [  8636.00 ,  9940.00 ] 
  14P : [  9546.00 , 13246.00 ] → Admissible                           t=3  |  Tps=0.0215
   feasible 

  15R : [ 16192.17 ,  6419.80 ] → #round :   13 → [ 18714 ,  7726 ]    t=0  |  Tps=0.0
  15P : [ 15962.00 , 10176.00 ] → Admissible                           t=1  |  Tps=0.0064
   feasible 


5) Extraction des resultats

  Nombre de cycle : 13
   1  : [  9300.00 , 25840.00 ] → x          
   2  : [  7216.00 , 18530.00 ] → Admissible 
   3  : [  7316.00 , 16396.00 ] → Admissible 
   4  : [ 10268.00 , 17766.00 ] → Admissible 
   5  : [  8512.00 , 13344.00 ] → x          
   6  : [  8336.00 , 16816.00 ] → Admissible 
   7  : [ 11290.00 , 18674.00 ] → Admissible 
   8  : [ 10196.00 ,  9336.00 ] → Admissible 
   9  : [ 10196.00 ,  9336.00 ] → Admissible 
  10  : [ 11442.00 , 14986.00 ] → Admissible 
  11  : [ 10936.00 , 12714.00 ] → Admissible 
  12  : [ 11848.00 , 14106.00 ] → Admissible 
  13  : [ 15824.00 ,  9042.00 ] → Admissible 
  14  : [  9546.00 , 13246.00 ] → Admissible 
  15  : [ 15962.00 , 10176.00 ] → Admissible 

6) Edition des resultats 

#U = 5
X_EBP = [7216, 7316, 9546, 10196, 15824]
Y_EBP = [18530, 16396, 13246, 9336, 9042]
XN = [7216, 7316, 7638, 8100, 8270, 9160, 9546, 9614, 10196, 13248, 13746, 13940, 14734, 16986]
YN = [18530, 16396, 15592, 15368, 14922, 13938, 13246, 12942, 9336, 9328, 9144, 8762, 8126, 7780]
Quality measure: 92.37 %
  0.606815 seconds (3.47 M allocations: 306.180 MiB, 3.25% gc time)
