0) instance et parametres 

  instance = sppnw11.txt | tailleSampling = 10 | maxTrial = 5 | maxTime = 9223372036854775807


1) calcule les etendues de valeurs sur les 2 objectifs

  f1_min=116254.50 ↔ f1_max=134099.22 (Δ=17844.72) 
  f2_min=38404.22 ↔ f2_max=70704.00 (Δ=32299.78) 

2) calcule les generateurs par e-contrainte alternant minimiser z1 et z2

  z1  1 : ϵ = 70704.00  fRL = 116254.50  [ 116254.50 , 70704.00 ] 
  z2  1 : ϵ = 134099.22  fRL = 38404.22  [ 134095.31 , 38401.48 ] 
  z1  2 : ϵ = 67115.14  fRL = 116276.33  [ 116276.34 , 67113.17 ] 
  z2  2 : ϵ = 132116.47  fRL = 38434.02  [ 132107.60 , 38431.17 ] 
  z1  3 : ϵ = 63526.27  fRL = 116319.56  [ 116319.60 , 63523.50 ] 
  z2  3 : ϵ = 130133.73  fRL = 38607.37  [ 130131.71 , 38605.19 ] 
  z1  4 : ϵ = 59937.41  fRL = 116377.52  [ 116377.54 , 59936.58 ] 
  z2  4 : ϵ = 128150.98  fRL = 38847.80  [ 128156.99 , 38851.29 ] 
  z1  5 : ϵ = 56348.54  fRL = 116453.78  [ 116453.76 , 56349.40 ] 
  z2  5 : ϵ = 126168.23  fRL = 39092.83  [ 126165.13 , 39091.88 ] 
  z1  6 : ϵ = 52759.68  fRL = 116563.92  [ 116563.96 , 52759.04 ] 
  z2  6 : ϵ = 124185.49  fRL = 39337.85  [ 124183.92 , 39337.35 ] 
  z1  7 : ϵ = 49170.81  fRL = 116904.04  [ 116905.75 , 49174.48 ] 
  z2  7 : ϵ = 122202.74  fRL = 39582.88  [ 122196.87 , 39577.69 ] 
  z1  8 : ϵ = 45581.95  fRL = 117546.36  [ 117546.60 , 45580.87 ] 
  z2  8 : ϵ = 120219.99  fRL = 39827.91  [ 120216.11 , 39825.88 ] 
  z1  9 : ϵ = 41993.08  fRL = 118828.76  [ 118830.66 , 41996.87 ] 
  z2  9 : ϵ = 118237.25  fRL = 43483.68  [ 118236.93 , 43486.19 ] 

  → Allocation memoire pour 17 generateurs

3) place L dans structure et verifie l'admissibilite de chaque generateur

   1  : [ 116254.50 , 70704.00 ] → x          
   2  : [ 116276.34 , 67113.17 ] → x          
   3  : [ 116319.60 , 63523.50 ] → x          
   4  : [ 116377.54 , 59936.58 ] → x          
   5  : [ 116453.76 , 56349.40 ] → x          
   6  : [ 116563.96 , 52759.04 ] → x          
   7  : [ 116905.75 , 49174.48 ] → x          
   8  : [ 117546.60 , 45580.87 ] → x          
   9  : [ 118830.66 , 41996.87 ] → x          
  10  : [ 120216.11 , 39825.88 ] → x          
  11  : [ 122196.87 , 39577.69 ] → x          
  12  : [ 124183.92 , 39337.35 ] → x          
  13  : [ 126165.13 , 39091.88 ] → x          
  14  : [ 128156.99 , 38851.29 ] → x          
  15  : [ 130131.71 , 38605.19 ] → x          
  16  : [ 132107.60 , 38431.17 ] → x          
  17  : [ 134095.31 , 38401.48 ] → x          

  k=   1     xm= 116254.50   ym= 70704.00   Δx= 17840.81    Δy=     0.00   λ1= 0.00000    λ2= 1.00000 
  k=   2     xm= 116276.34   ym= 67113.17   Δx= 17818.97    Δy=  3590.83   λ1= 0.16772    λ2= 0.83228 
  k=   3     xm= 116319.60   ym= 63523.50   Δx= 17775.71    Δy=  7180.50   λ1= 0.28772    λ2= 0.71228 
  k=   4     xm= 116377.54   ym= 59936.58   Δx= 17717.77    Δy= 10767.42   λ1= 0.37800    λ2= 0.62200 
  k=   5     xm= 116453.76   ym= 56349.40   Δx= 17641.55    Δy= 14354.60   λ1= 0.44864    λ2= 0.55136 
  k=   6     xm= 116563.96   ym= 52759.04   Δx= 17531.35    Δy= 17944.96   λ1= 0.50583    λ2= 0.49417 
  k=   7     xm= 116905.75   ym= 49174.48   Δx= 17189.56    Δy= 21529.52   λ1= 0.55604    λ2= 0.44396 
  k=   8     xm= 117546.60   ym= 45580.87   Δx= 16548.71    Δy= 25123.13   λ1= 0.60288    λ2= 0.39712 
  k=   9     xm= 118830.66   ym= 41996.87   Δx= 15264.65    Δy= 28707.13   λ1= 0.65285    λ2= 0.34715 
  k=  10     xm= 120216.11   ym= 39825.88   Δx= 13879.20    Δy= 30878.12   λ1= 0.68990    λ2= 0.31010 
  k=  11     xm= 122196.87   ym= 39577.69   Δx= 11898.44    Δy= 31126.31   λ1= 0.72345    λ2= 0.27655 
  k=  12     xm= 124183.92   ym= 39337.35   Δx=  9911.39    Δy= 31366.65   λ1= 0.75989    λ2= 0.24011 
  k=  13     xm= 126165.13   ym= 39091.88   Δx=  7930.18    Δy= 31612.12   λ1= 0.79945    λ2= 0.20055 
  k=  14     xm= 128156.99   ym= 38851.29   Δx=  5938.32    Δy= 31852.71   λ1= 0.84286    λ2= 0.15714 
  k=  15     xm= 130131.71   ym= 38605.19   Δx=  3963.60    Δy= 32098.81   λ1= 0.89009    λ2= 0.10991 
  k=  16     xm= 132107.60   ym= 38431.17   Δx=  1987.71    Δy= 32272.83   λ1= 0.94198    λ2= 0.05802 
  k=  17     xm= 134095.31   ym= 38401.48   Δx=     0.00    Δy= 32302.52   λ1= 1.00000    λ2= 0.00000 
4) terraformation generateur par generateur 

   1R : [ 116254.50 , 70704.00 ] → #round :    4 → [ 119496 , 73893 ]    t=0  |  Tps=0.0001
   1P : [ 116649.00 , 69792.00 ] → x                                    t=1  |  Tps=0.0397
   1R : [ 116649.00 , 69792.00 ] → #round :    4 → [ 119496 , 73893 ]    t=1  |  Tps=0.0398
CYCLE!!!!!!!!!!!!!!!
   1C : [ 121362.00 , 74574.00 ] 
   1P : [ 116649.00 , 69792.00 ] → x                                    t=2  |  Tps=0.085
   1R : [ 116649.00 , 69792.00 ] → #round :    4 → [ 119496 , 73893 ]    t=2  |  Tps=0.0851
CYCLE!!!!!!!!!!!!!!!
   1C : [ 121362.00 , 74574.00 ] 
   1P : [ 116649.00 , 69792.00 ] → x                                    t=3  |  Tps=0.1232
   1R : [ 116649.00 , 69792.00 ] → #round :    4 → [ 119496 , 73893 ]    t=3  |  Tps=0.1233
CYCLE!!!!!!!!!!!!!!!
   1C : [ 121362.00 , 74574.00 ] 
   1P : [ 116649.00 , 69792.00 ] → x                                    t=4  |  Tps=0.1713
   1R : [ 116649.00 , 69792.00 ] → #round :    4 → [ 119496 , 73893 ]    t=4  |  Tps=0.1713
CYCLE!!!!!!!!!!!!!!!
   1C : [ 121362.00 , 74574.00 ] 
   1P : [ 116649.00 , 69792.00 ] → x                                    t=5  |  Tps=0.2136
   1R : [ 116649.00 , 69792.00 ] → #round :    4 → [ 119496 , 73893 ]    t=5  |  Tps=0.2137
CYCLE!!!!!!!!!!!!!!!
   1C : [ 121362.00 , 74574.00 ] 
   1P : [ 116649.00 , 69792.00 ] → x                                    t=6  |  Tps=0.2523
   1R : [ 116649.00 , 69792.00 ] → #round :    4 → [ 119496 , 73893 ]    t=6  |  Tps=0.2524
CYCLE!!!!!!!!!!!!!!!
   1C : [ 121362.00 , 74574.00 ] 
   maxTrial 

   2R : [ 116276.34 , 67113.17 ] → #round :    3 → [ 116400 , 68088 ]    t=0  |  Tps=0.0001
   2P : [ 116289.00 , 65418.00 ] → Admissible                           t=1  |  Tps=0.0463
   feasible 

   3R : [ 116319.60 , 63523.50 ] → #round :    3 → [ 117495 , 61023 ]    t=0  |  Tps=0.0001
   3P : [ 116391.00 , 59103.00 ] → Admissible                           t=1  |  Tps=0.0408
   feasible 

   4R : [ 116377.54 , 59936.58 ] → #round :    3 → [ 116499 , 64485 ]    t=0  |  Tps=0.0001
   4P : [ 116289.00 , 65418.00 ] → Admissible                           t=1  |  Tps=0.0448
   feasible 

   5R : [ 116453.76 , 56349.40 ] → #round :   15 → [ 119859 , 56811 ]    t=0  |  Tps=0.0001
   5P : [ 116469.00 , 57426.00 ] → Admissible                           t=1  |  Tps=0.0483
   feasible 

   6R : [ 116563.96 , 52759.04 ] → #round :   12 → [ 120996 , 55671 ]    t=0  |  Tps=0.0001
   6P : [ 116679.00 , 51021.00 ] → x                                    t=1  |  Tps=0.0419
   6R : [ 116679.00 , 51021.00 ] → #round :    6 → [ 116838 , 51924 ]    t=1  |  Tps=0.0419
   6P : [ 116625.00 , 52527.00 ] → Admissible                           t=2  |  Tps=0.0809
   feasible 

   7R : [ 116905.75 , 49174.48 ] → #round :   23 → [ 120036 , 48957 ]    t=0  |  Tps=0.0002
   7P : [ 117294.00 , 50687.40 ] → x                                    t=1  |  Tps=0.0497
   7R : [ 117294.00 , 50687.40 ] → #round :   14 → [ 120330 , 50847 ]    t=1  |  Tps=0.0499
   7P : [ 116784.00 , 52758.00 ] → Admissible                           t=2  |  Tps=0.0907
   feasible 

   8R : [ 117546.60 , 45580.87 ] → #round :   26 → [ 118896 , 45855 ]    t=0  |  Tps=0.0002
   8P : [ 118971.00 , 43416.00 ] → Admissible                           t=1  |  Tps=0.0491
   feasible 

   9R : [ 118830.66 , 41996.87 ] → #round :   14 → [ 119478 , 41601 ]    t=0  |  Tps=0.0001
   9P : [ 120996.00 , 43098.00 ] → Admissible                           t=1  |  Tps=0.04
   feasible 

  10R : [ 120216.11 , 39825.88 ] → #round :    8 → [ 134421 , 42831 ]    t=0  |  Tps=0.0001
  10P : [ 120195.00 , 39831.00 ] → Admissible                           t=1  |  Tps=0.0393
   feasible 

  11R : [ 122196.87 , 39577.69 ] → #round :   24 → [ 120195 , 39831 ]    t=0  |  Tps=0.0002
  11P : [ 120195.00 , 39831.00 ] → Admissible                           t=1  |  Tps=0.0467
   feasible 

  12R : [ 124183.92 , 39337.35 ] → #round :   24 → [ 120195 , 39831 ]    t=0  |  Tps=0.0002
  12P : [ 120195.00 , 39831.00 ] → Admissible                           t=1  |  Tps=0.0398
   feasible 

  13R : [ 126165.13 , 39091.88 ] → #round :   24 → [ 134493 , 45018 ]    t=0  |  Tps=0.0002
  13P : [ 120195.00 , 39831.00 ] → Admissible                           t=1  |  Tps=0.0379
   feasible 

  14R : [ 128156.99 , 38851.29 ] → #round :   24 → [ 135963 , 41295 ]    t=0  |  Tps=0.0002
  14P : [ 133275.00 , 38589.00 ] → Admissible                           t=1  |  Tps=0.0475
   feasible 

  15R : [ 130131.71 , 38605.19 ] → #round :   24 → [ 137313 , 41799 ]    t=0  |  Tps=0.0002
  15P : [ 132207.00 , 46809.00 ] → Admissible                           t=1  |  Tps=0.0427
   feasible 

  16R : [ 132107.60 , 38431.17 ] → #round :   27 → [ 136554 , 39816 ]    t=0  |  Tps=0.0002
  16P : [ 133275.00 , 38589.00 ] → Admissible                           t=1  |  Tps=0.0391
   feasible 

  17R : [ 134095.31 , 38401.48 ] → #round :   25 → [ 131556 , 38901 ]    t=0  |  Tps=0.0002
  17P : [ 134235.00 , 50343.00 ] → Admissible                           t=1  |  Tps=0.0468
   feasible 


5) Extraction des resultats

  Nombre de cycle : 6
   1  : [ 121362.00 , 74574.00 ] → x          
   2  : [ 116289.00 , 65418.00 ] → Admissible 
   3  : [ 116391.00 , 59103.00 ] → Admissible 
   4  : [ 116289.00 , 65418.00 ] → Admissible 
   5  : [ 116469.00 , 57426.00 ] → Admissible 
   6  : [ 116625.00 , 52527.00 ] → Admissible 
   7  : [ 116784.00 , 52758.00 ] → Admissible 
   8  : [ 118971.00 , 43416.00 ] → Admissible 
   9  : [ 120996.00 , 43098.00 ] → Admissible 
  10  : [ 120195.00 , 39831.00 ] → Admissible 
  11  : [ 120195.00 , 39831.00 ] → Admissible 
  12  : [ 120195.00 , 39831.00 ] → Admissible 
  13  : [ 120195.00 , 39831.00 ] → Admissible 
  14  : [ 133275.00 , 38589.00 ] → Admissible 
  15  : [ 132207.00 , 46809.00 ] → Admissible 
  16  : [ 133275.00 , 38589.00 ] → Admissible 
  17  : [ 134235.00 , 50343.00 ] → Admissible 

6) Edition des resultats 

#U = 7
X_EBP = [116289, 116391, 116469, 116625, 118971, 120195, 133275]
Y_EBP = [65418, 59103, 57426, 52527, 43416, 39831, 38589]
XN = [116256, 116259, 116268, 116289, 116334, 116361, 116391, 116436, 116469, 116508, 116517, 116544, 116592, 116625, 116784, 117033, 117309, 117558, 117774, 118218, 118971, 119019, 119919, 119973, 120003, 120195, 132831, 133275]
YN = [73614, 69435, 68997, 65418, 65169, 63120, 59103, 58854, 57426, 56124, 55014, 54120, 53955, 52527, 50325, 48726, 48225, 46626, 44670, 43848, 43416, 43296, 42639, 42369, 40680, 39831, 39411, 38589]
Quality measure: 97.19 %
  2.139576 seconds (14.52 M allocations: 1.387 GiB, 5.57% gc time)
