0) instance et parametres 

  instance = sppnw41.txt | tailleSampling = 10 | maxTrial = 5 | maxTime = 9223372036854775807


1) calcule les etendues de valeurs sur les 2 objectifs

  f1_min=10972.50 ↔ f1_max=21730.00 (Δ=10757.50) 
  f2_min=10593.00 ↔ f2_max=23848.50 (Δ=13255.50) 

2) calcule les generateurs par e-contrainte alternant minimiser z1 et z2

  z1  1 : ϵ = 23848.50  fRL = 10972.50  [ 10972.50 , 23848.50 ] 
  z2  1 : ϵ = 21730.00  fRL = 10593.00  [ 21728.61 , 10592.09 ] 
  z1  2 : ϵ = 22375.67  fRL = 11048.58  [ 11047.00 , 22373.48 ] 
  z2  2 : ϵ = 20534.72  fRL = 10990.20  [ 20534.23 , 10988.99 ] 
  z1  3 : ϵ = 20902.83  fRL = 11444.64  [ 11444.53 , 20903.06 ] 
  z2  3 : ϵ = 19339.44  fRL = 11390.73  [ 19327.74 , 11385.77 ] 
  z1  4 : ϵ = 19430.00  fRL = 12165.94  [ 12165.40 , 19431.07 ] 
  z2  4 : ϵ = 18144.17  fRL = 11822.40  [ 18139.16 , 11820.38 ] 
  z1  5 : ϵ = 17957.17  fRL = 12903.34  [ 12910.88 , 17962.84 ] 
  z2  5 : ϵ = 16948.89  fRL = 12569.88  [ 16949.85 , 12568.86 ] 
  z1  6 : ϵ = 16484.33  fRL = 13640.75  [ 13640.97 , 16483.88 ] 
  z2  6 : ϵ = 15753.61  fRL = 13835.05  [ 15753.27 , 13835.41 ] 
  z1  7 : ϵ = 15011.50  fRL = 14642.16  [ 14642.16 , 15011.50 ] 
  z2  7 : ϵ = 14558.33  fRL = 15100.22  [ 14565.32 , 15100.24 ] 

  → Allocation memoire pour 13 generateurs

3) place L dans structure et verifie l'admissibilite de chaque generateur

   1  : [ 10972.50 , 23848.50 ] → x          
   2  : [ 11047.00 , 22373.48 ] → x          
   3  : [ 11444.53 , 20903.06 ] → x          
   4  : [ 12165.40 , 19431.07 ] → x          
   5  : [ 12910.88 , 17962.84 ] → x          
   6  : [ 13640.97 , 16483.88 ] → x          
   7  : [ 14642.16 , 15011.50 ] → x          
   8  : [ 15753.27 , 13835.41 ] → x          
   9  : [ 16949.85 , 12568.86 ] → x          
  10  : [ 18139.16 , 11820.38 ] → x          
  11  : [ 19327.74 , 11385.77 ] → x          
  12  : [ 20534.23 , 10988.99 ] → x          
  13  : [ 21728.61 , 10592.09 ] → x          

  k=   1     xm= 10972.50   ym= 23848.50   Δx= 10756.11    Δy=     0.00   λ1= 0.00000    λ2= 1.00000 
  k=   2     xm= 11047.00   ym= 22373.48   Δx= 10681.61    Δy=  1475.02   λ1= 0.12133    λ2= 0.87867 
  k=   3     xm= 11444.53   ym= 20903.06   Δx= 10284.08    Δy=  2945.44   λ1= 0.22264    λ2= 0.77736 
  k=   4     xm= 12165.40   ym= 19431.07   Δx=  9563.21    Δy=  4417.43   λ1= 0.31597    λ2= 0.68403 
  k=   5     xm= 12910.88   ym= 17962.84   Δx=  8817.73    Δy=  5885.66   λ1= 0.40029    λ2= 0.59971 
  k=   6     xm= 13640.97   ym= 16483.88   Δx=  8087.64    Δy=  7364.62   λ1= 0.47660    λ2= 0.52340 
  k=   7     xm= 14642.16   ym= 15011.50   Δx=  7086.45    Δy=  8837.00   λ1= 0.55497    λ2= 0.44503 
  k=   8     xm= 15753.27   ym= 13835.41   Δx=  5975.34    Δy= 10013.09   λ1= 0.62627    λ2= 0.37373 
  k=   9     xm= 16949.85   ym= 12568.86   Δx=  4778.76    Δy= 11279.64   λ1= 0.70241    λ2= 0.29759 
  k=  10     xm= 18139.16   ym= 11820.38   Δx=  3589.45    Δy= 12028.12   λ1= 0.77017    λ2= 0.22983 
  k=  11     xm= 19327.74   ym= 11385.77   Δx=  2400.87    Δy= 12462.73   λ1= 0.83847    λ2= 0.16153 
  k=  12     xm= 20534.23   ym= 10988.99   Δx=  1194.38    Δy= 12859.51   λ1= 0.91501    λ2= 0.08499 
  k=  13     xm= 21728.61   ym= 10592.09   Δx=     0.00    Δy= 13256.41   λ1= 1.00000    λ2= 0.00000 
4) terraformation generateur par generateur 

   1R : [ 10972.50 , 23848.50 ] → #round :    3 → [ 12408 , 25569 ]    t=0  |  Tps=0.0
   1P : [ 10972.50 , 22725.00 ] → x                                    t=1  |  Tps=0.0009
   1R : [ 10972.50 , 22725.00 ] → #round :    3 → [ 12408 , 25569 ]    t=1  |  Tps=0.0009
CYCLE!!!!!!!!!!!!!!!
   1C : [ 15741.00 , 29613.00 ] 
   1P : [ 10972.50 , 22725.00 ] → x                                    t=2  |  Tps=0.0016
   1R : [ 10972.50 , 22725.00 ] → #round :    3 → [ 12408 , 25569 ]    t=2  |  Tps=0.0016
CYCLE!!!!!!!!!!!!!!!
   1C : [ 15741.00 , 29613.00 ] 
   1P : [ 10972.50 , 22725.00 ] → x                                    t=3  |  Tps=0.0023
   1R : [ 10972.50 , 22725.00 ] → #round :    3 → [ 12408 , 25569 ]    t=3  |  Tps=0.0023
CYCLE!!!!!!!!!!!!!!!
   1C : [ 15741.00 , 29613.00 ] 
   1P : [ 10972.50 , 22725.00 ] → x                                    t=4  |  Tps=0.0031
   1R : [ 10972.50 , 22725.00 ] → #round :    3 → [ 12408 , 25569 ]    t=4  |  Tps=0.0031
CYCLE!!!!!!!!!!!!!!!
   1C : [ 15741.00 , 29613.00 ] 
   1P : [ 10972.50 , 22725.00 ] → x                                    t=5  |  Tps=0.0038
   1R : [ 10972.50 , 22725.00 ] → #round :    3 → [ 12408 , 25569 ]    t=5  |  Tps=0.0038
CYCLE!!!!!!!!!!!!!!!
   1C : [ 15741.00 , 29613.00 ] 
   1P : [ 10972.50 , 22725.00 ] → x                                    t=6  |  Tps=0.0045
   1R : [ 10972.50 , 22725.00 ] → #round :    3 → [ 12408 , 25569 ]    t=6  |  Tps=0.0045
CYCLE!!!!!!!!!!!!!!!
   1C : [ 15741.00 , 29613.00 ] 
   maxTrial 

   2R : [ 11047.00 , 22373.48 ] → #round :    6 → [ 11982 , 22410 ]    t=0  |  Tps=0.0
   2P : [ 11838.00 , 20085.00 ] → Admissible                           t=1  |  Tps=0.0008
   feasible 

   3R : [ 11444.53 , 20903.06 ] → #round :    4 → [ 13608 , 21393 ]    t=0  |  Tps=0.0
   3P : [ 11307.00 , 21189.00 ] → Admissible                           t=1  |  Tps=0.0007
   feasible 

   4R : [ 12165.40 , 19431.07 ] → #round :    9 → [ 16437 , 20250 ]    t=0  |  Tps=0.0
   4P : [ 11838.00 , 20085.00 ] → Admissible                           t=1  |  Tps=0.0007
   feasible 

   5R : [ 12910.88 , 17962.84 ] → #round :    9 → [ 15966 , 21897 ]    t=0  |  Tps=0.0
   5P : [ 13557.00 , 22548.00 ] → Admissible                           t=1  |  Tps=0.0007
   feasible 

   6R : [ 13640.97 , 16483.88 ] → #round :    9 → [ 17232 , 18018 ]    t=0  |  Tps=0.0
   6P : [ 15240.00 , 23340.00 ] → Admissible                           t=1  |  Tps=0.0007
   feasible 

   7R : [ 14642.16 , 15011.50 ] → #round :   11 → [ 15399 , 14472 ]    t=0  |  Tps=0.0
   7P : [ 15240.00 , 23340.00 ] → Admissible                           t=1  |  Tps=0.0008
   feasible 

   8R : [ 15753.27 , 13835.41 ] → #round :   11 → [ 20682 , 17259 ]    t=0  |  Tps=0.0
   8P : [ 14004.00 , 23286.00 ] → Admissible                           t=1  |  Tps=0.0007
   feasible 

   9R : [ 16949.85 , 12568.86 ] → #round :   11 → [ 19392 , 18870 ]    t=0  |  Tps=0.0
   9P : [ 17133.00 , 12375.00 ] → Admissible                           t=1  |  Tps=0.0007
   feasible 

  10R : [ 18139.16 , 11820.38 ] → #round :   13 → [ 20256 , 14781 ]    t=0  |  Tps=0.0
  10P : [ 17739.00 , 14793.00 ] → Admissible                           t=1  |  Tps=0.0008
   feasible 

  11R : [ 19327.74 , 11385.77 ] → #round :   13 → [ 20109 , 12105 ]    t=0  |  Tps=0.0
  11P : [ 18402.00 , 22218.00 ] → Admissible                           t=1  |  Tps=0.0007
   feasible 

  12R : [ 20534.23 , 10988.99 ] → #round :   12 → [ 27156 , 12618 ]    t=0  |  Tps=0.0
  12P : [ 20544.00 , 14571.00 ] → Admissible                           t=1  |  Tps=0.0007
   feasible 

  13R : [ 21728.61 , 10592.09 ] → #round :    9 → [ 24015 , 14568 ]    t=0  |  Tps=0.0
  13P : [ 20544.00 , 14571.00 ] → Admissible                           t=1  |  Tps=0.0007
   feasible 


5) Extraction des resultats

  Nombre de cycle : 6
   1  : [ 15741.00 , 29613.00 ] → x          
   2  : [ 11838.00 , 20085.00 ] → Admissible 
   3  : [ 11307.00 , 21189.00 ] → Admissible 
   4  : [ 11838.00 , 20085.00 ] → Admissible 
   5  : [ 13557.00 , 22548.00 ] → Admissible 
   6  : [ 15240.00 , 23340.00 ] → Admissible 
   7  : [ 15240.00 , 23340.00 ] → Admissible 
   8  : [ 14004.00 , 23286.00 ] → Admissible 
   9  : [ 17133.00 , 12375.00 ] → Admissible 
  10  : [ 17739.00 , 14793.00 ] → Admissible 
  11  : [ 18402.00 , 22218.00 ] → Admissible 
  12  : [ 20544.00 , 14571.00 ] → Admissible 
  13  : [ 20544.00 , 14571.00 ] → Admissible 

6) Edition des resultats 

#U = 3
X_EBP = [11307, 11838, 17133]
Y_EBP = [21189, 20085, 12375]
XN = [11307, 11838, 13662, 13857, 15681, 15765, 16056, 17133, 20373, 22968, 23106]
YN = [21189, 20085, 20010, 19356, 16446, 16107, 14001, 12375, 11661, 11361, 10674]
Quality measure: 83.75 %
  0.222549 seconds (307.58 k allocations: 26.774 MiB)
