0) instance et parametres 

  instance = sppnw06.txt | tailleSampling = 10 | maxTrial = 5 | maxTime = 9223372036854775807


1) calcule les etendues de valeurs sur les 2 objectifs

  f1_min= 7640.00 ↔ f1_max=16098.71 (Δ=8458.71) 
  f2_min= 4033.29 ↔ f2_max=15886.67 (Δ=11853.38) 

2) calcule les generateurs par e-contrainte alternant minimiser z1 et z2

  z1  1 : ϵ = 15886.67  fRL =  7640.00  [  7636.73 , 15881.64 ] 
  z2  1 : ϵ = 16098.71  fRL =  4033.29  [ 16092.90 ,  4031.68 ] 
  z1  2 : ϵ = 14569.63  fRL =  7669.66  [  7669.81 , 14568.09 ] 
  z2  2 : ϵ = 15158.85  fRL =  4046.27  [ 15156.35 ,  4045.17 ] 
  z1  3 : ϵ = 13252.59  fRL =  7725.63  [  7723.14 , 13247.55 ] 
  z2  3 : ϵ = 14219.00  fRL =  4069.02  [ 14213.38 ,  4067.08 ] 
  z1  4 : ϵ = 11935.54  fRL =  7808.43  [  7806.11 , 11933.96 ] 
  z2  4 : ϵ = 13279.14  fRL =  4173.94  [ 13277.91 ,  4174.17 ] 
  z1  5 : ϵ = 10618.50  fRL =  7949.21  [  7947.68 , 10617.43 ] 
  z2  5 : ϵ = 12339.28  fRL =  4478.54  [ 12332.56 ,  4477.13 ] 
  z1  6 : ϵ =  9301.46  fRL =  8205.14  [  8209.25 ,  9304.35 ] 
  z2  6 : ϵ = 11399.43  fRL =  4942.96  [ 11404.74 ,  4946.49 ] 
  z1  7 : ϵ =  7984.42  fRL =  8634.90  [  8636.09 ,  7985.39 ] 
  z2  7 : ϵ = 10459.57  fRL =  5623.84  [ 10457.13 ,  5622.95 ] 
  z1  8 : ϵ =  6667.37  fRL =  9413.87  [  9414.99 ,  6665.79 ] 
  z2  8 : ϵ =  9519.71  fRL =  6545.77  [  9521.89 ,  6544.30 ] 
  z1  9 : ϵ =  5350.33  fRL = 10820.91  [ 10828.19 ,  5353.61 ] 

  → Allocation memoire pour 16 generateurs

3) place L dans structure et verifie l'admissibilite de chaque generateur

   1  : [  7636.73 , 15881.64 ] → x          
   2  : [  7669.81 , 14568.09 ] → x          
   3  : [  7723.14 , 13247.55 ] → x          
   4  : [  7806.11 , 11933.96 ] → x          
   5  : [  7947.68 , 10617.43 ] → x          
   6  : [  8209.25 ,  9304.35 ] → x          
   7  : [  8636.09 ,  7985.39 ] → x          
   8  : [  9414.99 ,  6665.79 ] → x          
   9  : [  9521.89 ,  6544.30 ] → x          
  10  : [ 10457.13 ,  5622.95 ] → x          
  11  : [ 11404.74 ,  4946.49 ] → x          
  12  : [ 12332.56 ,  4477.13 ] → x          
  13  : [ 13277.91 ,  4174.17 ] → x          
  14  : [ 14213.38 ,  4067.08 ] → x          
  15  : [ 15156.35 ,  4045.17 ] → x          
  16  : [ 16092.90 ,  4031.68 ] → x          

  k=   1     xm= 7636.73   ym= 15881.64   Δx=  8456.17    Δy=     0.00   λ1= 0.00000    λ2= 1.00000 
  k=   2     xm= 7669.81   ym= 14568.09   Δx=  8423.09    Δy=  1313.55   λ1= 0.13491    λ2= 0.86509 
  k=   3     xm= 7723.14   ym= 13247.55   Δx=  8369.76    Δy=  2634.09   λ1= 0.23938    λ2= 0.76062 
  k=   4     xm= 7806.11   ym= 11933.96   Δx=  8286.79    Δy=  3947.68   λ1= 0.32267    λ2= 0.67733 
  k=   5     xm= 7947.68   ym= 10617.43   Δx=  8145.22    Δy=  5264.21   λ1= 0.39258    λ2= 0.60742 
  k=   6     xm= 8209.25   ym= 9304.35   Δx=  7883.65    Δy=  6577.29   λ1= 0.45483    λ2= 0.54517 
  k=   7     xm= 8636.09   ym= 7985.39   Δx=  7456.81    Δy=  7896.25   λ1= 0.51431    λ2= 0.48569 
  k=   8     xm= 9414.99   ym= 6665.79   Δx=  6677.91    Δy=  9215.85   λ1= 0.57984    λ2= 0.42016 
  k=   9     xm= 9521.89   ym= 6544.30   Δx=  6571.01    Δy=  9337.34   λ1= 0.58695    λ2= 0.41305 
  k=  10     xm= 10457.13   ym= 5622.95   Δx=  5635.77    Δy= 10258.69   λ1= 0.64543    λ2= 0.35457 
  k=  11     xm= 11404.74   ym= 4946.49   Δx=  4688.16    Δy= 10935.15   λ1= 0.69993    λ2= 0.30007 
  k=  12     xm= 12332.56   ym= 4477.13   Δx=  3760.34    Δy= 11404.51   λ1= 0.75204    λ2= 0.24796 
  k=  13     xm= 13277.91   ym= 4174.17   Δx=  2814.99    Δy= 11707.47   λ1= 0.80616    λ2= 0.19384 
  k=  14     xm= 14213.38   ym= 4067.08   Δx=  1879.52    Δy= 11814.56   λ1= 0.86275    λ2= 0.13725 
  k=  15     xm= 15156.35   ym= 4045.17   Δx=   936.55    Δy= 11836.47   λ1= 0.92668    λ2= 0.07332 
  k=  16     xm= 16092.90   ym= 4031.68   Δx=     0.00    Δy= 11849.96   λ1= 1.00000    λ2= 0.00000 
4) terraformation generateur par generateur 

   1R : [  7636.73 , 15881.64 ] → #round :   16 → [ 10160 , 17902 ]    t=0  |  Tps=0.0001
   1P : [  9248.59 , 15146.48 ] → x                                    t=1  |  Tps=0.0374
   1R : [  9248.59 , 15146.48 ] → #round :   17 → [  8538 , 17088 ]    t=1  |  Tps=0.0376
   1P : [ 10438.50 , 14308.50 ] → x                                    t=2  |  Tps=0.0757
   1R : [ 10438.50 , 14308.50 ] → #round :    9 → [  9828 , 16676 ]    t=2  |  Tps=0.0758
   1P : [  9878.00 , 14115.00 ] → x                                    t=3  |  Tps=0.1136
   1R : [  9878.00 , 14115.00 ] → #round :    7 → [  9044 , 16228 ]    t=3  |  Tps=0.1137
   1P : [  9878.00 , 14115.00 ] → x                                    t=4  |  Tps=0.15
   1R : [  9878.00 , 14115.00 ] → #round :    7 → [  9044 , 16228 ]    t=4  |  Tps=0.1501
CYCLE!!!!!!!!!!!!!!!
   1C : [ 14672.00 , 18420.00 ] 
   1P : [  9878.00 , 14115.00 ] → x                                    t=5  |  Tps=0.1858
   1R : [  9878.00 , 14115.00 ] → #round :    7 → [  9044 , 16228 ]    t=5  |  Tps=0.1859
CYCLE!!!!!!!!!!!!!!!
   1C : [ 14672.00 , 18420.00 ] 
   1P : [  9878.00 , 14115.00 ] → x                                    t=6  |  Tps=0.2226
   1R : [  9878.00 , 14115.00 ] → #round :    7 → [  9044 , 16228 ]    t=6  |  Tps=0.2228
CYCLE!!!!!!!!!!!!!!!
   1C : [ 14672.00 , 18420.00 ] 
   maxTrial 

   2R : [  7669.81 , 14568.09 ] → #round :   17 → [ 10184 , 15534 ]    t=0  |  Tps=0.0001
   2P : [  9222.80 , 13024.80 ] → x                                    t=1  |  Tps=0.0367
   2R : [  9222.80 , 13024.80 ] → #round :   13 → [  8288 , 13652 ]    t=1  |  Tps=0.0368
   2P : [ 10237.75 , 12869.39 ] → x                                    t=2  |  Tps=0.0767
   2R : [ 10237.75 , 12869.39 ] → #round :    9 → [  8586 , 14026 ]    t=2  |  Tps=0.0767
   2P : [ 10360.00 , 14132.00 ] → Admissible                           t=3  |  Tps=0.1185
   feasible 

   3R : [  7723.14 , 13247.55 ] → #round :   16 → [ 10176 , 15244 ]    t=0  |  Tps=0.0001
   3P : [  9578.00 , 12540.00 ] → Admissible                           t=1  |  Tps=0.0382
   feasible 

   4R : [  7806.11 , 11933.96 ] → #round :   14 → [  9682 , 13244 ]    t=0  |  Tps=0.0001
   4P : [  8989.60 , 10843.40 ] → x                                    t=1  |  Tps=0.0367
   4R : [  8989.60 , 10843.40 ] → #round :   16 → [  7996 , 12832 ]    t=1  |  Tps=0.0368
   4P : [  8419.00 , 11773.00 ] → x                                    t=2  |  Tps=0.0745
   4R : [  8419.00 , 11773.00 ] → #round :    8 → [  9510 , 12016 ]    t=2  |  Tps=0.0746
   4P : [  9461.60 , 11255.25 ] → x                                    t=3  |  Tps=0.1181
   4R : [  9461.60 , 11255.25 ] → #round :   10 → [  8024 , 11324 ]    t=3  |  Tps=0.1182
   4P : [  9037.00 , 13095.00 ] → x                                    t=4  |  Tps=0.1587
   4R : [  9037.00 , 13095.00 ] → #round :   10 → [  8752 , 12010 ]    t=4  |  Tps=0.1588
   4P : [  9648.50 , 12929.00 ] → x                                    t=5  |  Tps=0.1962
   4R : [  9648.50 , 12929.00 ] → #round :   10 → [  8752 , 12010 ]    t=5  |  Tps=0.1963
CYCLE!!!!!!!!!!!!!!!
   4C : [ 11216.00 , 13390.00 ] 
   4P : [  9648.50 , 12929.00 ] → x                                    t=6  |  Tps=0.2363
   4R : [  9648.50 , 12929.00 ] → #round :   10 → [  8752 , 12010 ]    t=6  |  Tps=0.2364
CYCLE!!!!!!!!!!!!!!!
   4C : [ 11216.00 , 13390.00 ] 
   maxTrial 

   5R : [  7947.68 , 10617.43 ] → #round :   19 → [  9304 , 11154 ]    t=0  |  Tps=0.0001
   5P : [  9223.17 ,  9482.38 ] → x                                    t=1  |  Tps=0.0391
   5R : [  9223.17 ,  9482.38 ] → #round :   15 → [  8990 , 11500 ]    t=1  |  Tps=0.0392
   5P : [ 10142.00 , 11554.00 ] → Admissible                           t=2  |  Tps=0.0784
   feasible 

   6R : [  8209.25 ,  9304.35 ] → #round :   22 → [  9784 , 10082 ]    t=0  |  Tps=0.0001
   6P : [  9764.00 ,  9180.00 ] → x                                    t=1  |  Tps=0.0924
   6R : [  9764.00 ,  9180.00 ] → #round :    4 → [ 10262 ,  9724 ]    t=1  |  Tps=0.0924
   6P : [  9764.00 ,  9180.00 ] → x                                    t=2  |  Tps=0.1313
   6R : [  9764.00 ,  9180.00 ] → #round :    4 → [ 10262 ,  9724 ]    t=2  |  Tps=0.1314
CYCLE!!!!!!!!!!!!!!!
   6C : [ 13306.00 , 10836.00 ] 
   6P : [  9764.00 ,  9180.00 ] → x                                    t=3  |  Tps=0.1695
   6R : [  9764.00 ,  9180.00 ] → #round :    4 → [ 10262 ,  9724 ]    t=3  |  Tps=0.1696
CYCLE!!!!!!!!!!!!!!!
   6C : [ 13306.00 , 10836.00 ] 
   6P : [  9764.00 ,  9180.00 ] → x                                    t=4  |  Tps=0.2074
   6R : [  9764.00 ,  9180.00 ] → #round :    4 → [ 10262 ,  9724 ]    t=4  |  Tps=0.2075
CYCLE!!!!!!!!!!!!!!!
   6C : [ 13306.00 , 10836.00 ] 
   6P : [  9764.00 ,  9180.00 ] → x                                    t=5  |  Tps=0.2457
   6R : [  9764.00 ,  9180.00 ] → #round :    4 → [ 10262 ,  9724 ]    t=5  |  Tps=0.2458
CYCLE!!!!!!!!!!!!!!!
   6C : [ 13306.00 , 10836.00 ] 
   6P : [  9764.00 ,  9180.00 ] → x                                    t=6  |  Tps=0.2843
   6R : [  9764.00 ,  9180.00 ] → #round :    4 → [ 10262 ,  9724 ]    t=6  |  Tps=0.2844
CYCLE!!!!!!!!!!!!!!!
   6C : [ 13306.00 , 10836.00 ] 
   maxTrial 

   7R : [  8636.09 ,  7985.39 ] → #round :   29 → [  8398 ,  8812 ]    t=0  |  Tps=0.0002
   7P : [ 10084.15 ,  7836.03 ] → x                                    t=1  |  Tps=0.0384
   7R : [ 10084.15 ,  7836.03 ] → #round :   14 → [ 11384 ,  8756 ]    t=1  |  Tps=0.0386
   7P : [  9902.37 ,  9524.30 ] → x                                    t=2  |  Tps=0.0785
   7R : [  9902.37 ,  9524.30 ] → #round :   13 → [  9710 ,  9580 ]    t=2  |  Tps=0.0786
   7P : [ 10410.00 ,  9937.00 ] → x                                    t=3  |  Tps=0.1204
   7R : [ 10410.00 ,  9937.00 ] → #round :    8 → [  9686 ,  9164 ]    t=3  |  Tps=0.1205
   7P : [  9500.00 , 10425.00 ] → x                                    t=4  |  Tps=0.1623
   7R : [  9500.00 , 10425.00 ] → #round :    3 → [  9344 ,  9572 ]    t=4  |  Tps=0.1623
   7P : [ 10702.00 , 11988.00 ] → Admissible                           t=5  |  Tps=0.2026
   feasible 

   8R : [  9414.99 ,  6665.79 ] → #round :   29 → [ 10910 ,  7344 ]    t=0  |  Tps=0.0002
   8P : [  8762.00 ,  9758.00 ] → Admissible                           t=1  |  Tps=0.0421
   feasible 

   9R : [  9521.89 ,  6544.30 ] → #round :   29 → [  9322 ,  7102 ]    t=0  |  Tps=0.0002
   9P : [  9798.70 ,  8945.02 ] → x                                    t=1  |  Tps=0.0381
   9R : [  9798.70 ,  8945.02 ] → #round :   18 → [ 10416 ,  6870 ]    t=1  |  Tps=0.0382
   9P : [  9728.60 ,  9006.40 ] → x                                    t=2  |  Tps=0.0769
   9R : [  9728.60 ,  9006.40 ] → #round :   18 → [ 10416 ,  6870 ]    t=2  |  Tps=0.077
CYCLE!!!!!!!!!!!!!!!
   9C : [  9200.00 ,  9736.00 ] 
   9P : [  9925.01 ,  9313.82 ] → x                                    t=3  |  Tps=0.1173
   9R : [  9925.01 ,  9313.82 ] → #round :   13 → [ 11514 ,  7400 ]    t=3  |  Tps=0.1174
   9P : [ 10078.00 ,  8809.00 ] → x                                    t=4  |  Tps=0.1573
   9R : [ 10078.00 ,  8809.00 ] → #round :   10 → [ 11514 ,  7400 ]    t=4  |  Tps=0.1574
CYCLE!!!!!!!!!!!!!!!
   9C : [ 17750.00 , 13698.00 ] 
   9P : [ 10078.00 ,  8809.00 ] → x                                    t=5  |  Tps=0.1966
   9R : [ 10078.00 ,  8809.00 ] → #round :   10 → [ 11514 ,  7400 ]    t=5  |  Tps=0.1967
CYCLE!!!!!!!!!!!!!!!
   9C : [ 17750.00 , 13698.00 ] 
   9P : [ 10078.00 ,  8809.00 ] → x                                    t=6  |  Tps=0.2359
   9R : [ 10078.00 ,  8809.00 ] → #round :   10 → [ 11514 ,  7400 ]    t=6  |  Tps=0.236
CYCLE!!!!!!!!!!!!!!!
   9C : [ 17750.00 , 13698.00 ] 
   maxTrial 

  10R : [ 10457.13 ,  5622.95 ] → #round :   30 → [ 11002 ,  5888 ]    t=0  |  Tps=0.0002
  10P : [ 10672.00 ,  7150.00 ] → Admissible                           t=1  |  Tps=0.0431
   feasible 

  11R : [ 11404.74 ,  4946.49 ] → #round :   31 → [ 13056 ,  5840 ]    t=0  |  Tps=0.0002
  11P : [ 11109.92 ,  7549.35 ] → x                                    t=1  |  Tps=0.0383
  11R : [ 11109.92 ,  7549.35 ] → #round :    6 → [ 10662 ,  5662 ]    t=1  |  Tps=0.0384
  11P : [ 10828.00 ,  7374.00 ] → x                                    t=2  |  Tps=0.2484
  11R : [ 10828.00 ,  7374.00 ] → #round :    3 → [ 10364 ,  6904 ]    t=2  |  Tps=0.2485
  11P : [ 10752.00 ,  9052.00 ] → Admissible                           t=3  |  Tps=0.2848
   feasible 

  12R : [ 12332.56 ,  4477.13 ] → #round :   28 → [ 12362 ,  5228 ]    t=0  |  Tps=0.0002
  12P : [  9137.00 ,  7897.00 ] → x                                    t=1  |  Tps=0.0374
  12R : [  9137.00 ,  7897.00 ] → #round :   14 → [ 13230 ,  5818 ]    t=1  |  Tps=0.0375
  12P : [  9297.50 ,  8276.50 ] → x                                    t=2  |  Tps=0.0747
  12R : [  9297.50 ,  8276.50 ] → #round :   17 → [ 13646 ,  5636 ]    t=2  |  Tps=0.0748
  12P : [  9291.00 ,  8942.00 ] → x                                    t=3  |  Tps=0.1144
  12R : [  9291.00 ,  8942.00 ] → #round :   14 → [ 12686 ,  6820 ]    t=3  |  Tps=0.1145
  12P : [ 10618.00 , 10958.00 ] → Admissible                           t=4  |  Tps=0.1498
   feasible 

  13R : [ 13277.91 ,  4174.17 ] → #round :   25 → [ 15452 ,  4806 ]    t=0  |  Tps=0.0002
  13P : [ 13070.00 ,  7216.00 ] → Admissible                           t=1  |  Tps=0.0367
   feasible 

  14R : [ 14213.38 ,  4067.08 ] → #round :   29 → [ 16532 ,  4642 ]    t=0  |  Tps=0.0002
  14P : [ 16014.00 ,  8462.00 ] → Admissible                           t=1  |  Tps=0.0374
   feasible 

  15R : [ 15156.35 ,  4045.17 ] → #round :   29 → [ 16360 ,  4936 ]    t=0  |  Tps=0.0002
  15P : [ 16058.00 ,  4620.00 ] → Admissible                           t=1  |  Tps=0.0413
   feasible 

  16R : [ 16092.90 ,  4031.68 ] → #round :   28 → [ 15692 ,  4318 ]    t=0  |  Tps=0.0002
  16P : [ 15459.00 ,  5735.00 ] → x                                    t=1  |  Tps=0.0404
  16R : [ 15459.00 ,  5735.00 ] → #round :    7 → [ 18274 ,  6268 ]    t=1  |  Tps=0.0405
  16P : [ 15834.00 , 10458.00 ] → Admissible                           t=2  |  Tps=0.0838
   feasible 


5) Extraction des resultats

  Nombre de cycle : 14
   1  : [ 14672.00 , 18420.00 ] → x          
   2  : [ 10360.00 , 14132.00 ] → Admissible 
   3  : [  9578.00 , 12540.00 ] → Admissible 
   4  : [ 11216.00 , 13390.00 ] → x          
   5  : [ 10142.00 , 11554.00 ] → Admissible 
   6  : [ 13306.00 , 10836.00 ] → x          
   7  : [ 10702.00 , 11988.00 ] → Admissible 
   8  : [  8762.00 ,  9758.00 ] → Admissible 
   9  : [ 17750.00 , 13698.00 ] → x          
  10  : [ 10672.00 ,  7150.00 ] → Admissible 
  11  : [ 10752.00 ,  9052.00 ] → Admissible 
  12  : [ 10618.00 , 10958.00 ] → Admissible 
  13  : [ 13070.00 ,  7216.00 ] → Admissible 
  14  : [ 16014.00 ,  8462.00 ] → Admissible 
  15  : [ 16058.00 ,  4620.00 ] → Admissible 
  16  : [ 15834.00 , 10458.00 ] → Admissible 

6) Edition des resultats 

#U = 3
X_EBP = [8762, 10672, 16058]
Y_EBP = [9758, 7150, 4620]
XN = [7810, 7960, 7962, 7968, 8000, 8088, 8152, 8384, 8918, 9124, 9926, 10256, 11412, 11676, 11786, 13724, 13812, 15850, 16058, 16094]
YN = [15330, 14582, 13486, 13112, 12558, 11180, 10714, 9552, 9332, 8230, 7884, 6840, 6614, 6486, 5552, 5302, 5104, 5024, 4620, 4360]
Quality measure: 78.22 %
  3.152223 seconds (17.30 M allocations: 1.688 GiB, 7.71% gc time)
