0) instance et parametres 

  instance = sppnw21.txt | tailleSampling = 10 | maxTrial = 5 | maxTime = 9223372036854775807


1) calcule les etendues de valeurs sur les 2 objectifs

  f1_min= 7380.00 ↔ f1_max=15401.33 (Δ=8021.33) 
  f2_min= 9560.00 ↔ f2_max=20783.00 (Δ=11223.00) 

2) calcule les generateurs par e-contrainte alternant minimiser z1 et z2

  z1  1 : ϵ = 20783.00  fRL =  7380.00  [  7380.00 , 20783.00 ] 
  z2  1 : ϵ = 15401.33  fRL =  9560.00  [ 15394.99 ,  9559.08 ] 
  z1  2 : ϵ = 19536.00  fRL =  7428.89  [  7428.84 , 19537.25 ] 
  z2  2 : ϵ = 14510.07  fRL =  9663.73  [ 14508.75 ,  9662.30 ] 
  z1  3 : ϵ = 18289.00  fRL =  7477.78  [  7479.09 , 18293.03 ] 
  z2  3 : ϵ = 13618.81  fRL =  9900.18  [ 13620.64 ,  9901.60 ] 
  z1  4 : ϵ = 17042.00  fRL =  7526.67  [  7527.93 , 17047.28 ] 
  z2  4 : ϵ = 12727.55  fRL = 10283.86  [ 12729.04 , 10283.22 ] 
  z1  5 : ϵ = 15795.00  fRL =  7850.23  [  7853.08 , 15797.65 ] 
  z2  5 : ϵ = 11836.29  fRL = 10667.53  [ 11839.95 , 10670.44 ] 
  z1  6 : ϵ = 14548.00  fRL =  8245.03  [  8245.65 , 14548.14 ] 
  z2  6 : ϵ = 10945.04  fRL = 11051.21  [ 10946.05 , 11049.98 ] 
  z1  7 : ϵ = 13301.00  fRL =  8736.35  [  8737.52 , 13299.75 ] 
  z2  7 : ϵ = 10053.78  fRL = 11434.89  [ 10060.76 , 11438.46 ] 
  z1  8 : ϵ = 12054.00  fRL =  9273.67  [  9272.98 , 12054.07 ] 
  z2  8 : ϵ =  9162.52  fRL = 12311.29  [  9161.88 , 12311.25 ] 

  → Allocation memoire pour 15 generateurs

3) place L dans structure et verifie l'admissibilite de chaque generateur

   1  : [  7380.00 , 20783.00 ] → x          
   2  : [  7428.84 , 19537.25 ] → x          
   3  : [  7479.09 , 18293.03 ] → x          
   4  : [  7527.93 , 17047.28 ] → x          
   5  : [  7853.08 , 15797.65 ] → x          
   6  : [  8245.65 , 14548.14 ] → x          
   7  : [  8737.52 , 13299.75 ] → x          
   8  : [  9272.98 , 12054.07 ] → x          
   9  : [ 10060.76 , 11438.46 ] → x          
  10  : [ 10946.05 , 11049.98 ] → x          
  11  : [ 11839.95 , 10670.44 ] → x          
  12  : [ 12729.04 , 10283.22 ] → x          
  13  : [ 13620.64 ,  9901.60 ] → x          
  14  : [ 14508.75 ,  9662.30 ] → x          
  15  : [ 15394.99 ,  9559.08 ] → x          

  k=   1     xm= 7380.00   ym= 20783.00   Δx=  8014.99    Δy=     0.00   λ1= 0.00000    λ2= 1.00000 
  k=   2     xm= 7428.84   ym= 19537.25   Δx=  7966.15    Δy=  1245.75   λ1= 0.13523    λ2= 0.86477 
  k=   3     xm= 7479.09   ym= 18293.03   Δx=  7915.90    Δy=  2489.97   λ1= 0.23929    λ2= 0.76071 
  k=   4     xm= 7527.93   ym= 17047.28   Δx=  7867.06    Δy=  3735.72   λ1= 0.32197    λ2= 0.67803 
  k=   5     xm= 7853.08   ym= 15797.65   Δx=  7541.91    Δy=  4985.35   λ1= 0.39796    λ2= 0.60204 
  k=   6     xm= 8245.65   ym= 14548.14   Δx=  7149.34    Δy=  6234.86   λ1= 0.46584    λ2= 0.53416 
  k=   7     xm= 8737.52   ym= 13299.75   Δx=  6657.47    Δy=  7483.25   λ1= 0.52920    λ2= 0.47080 
  k=   8     xm= 9272.98   ym= 12054.07   Δx=  6122.01    Δy=  8728.93   λ1= 0.58777    λ2= 0.41223 
  k=   9     xm= 10060.76   ym= 11438.46   Δx=  5334.23    Δy=  9344.54   λ1= 0.63660    λ2= 0.36340 
  k=  10     xm= 10946.05   ym= 11049.98   Δx=  4448.94    Δy=  9733.02   λ1= 0.68630    λ2= 0.31370 
  k=  11     xm= 11839.95   ym= 10670.44   Δx=  3555.04    Δy= 10112.56   λ1= 0.73989    λ2= 0.26011 
  k=  12     xm= 12729.04   ym= 10283.22   Δx=  2665.95    Δy= 10499.78   λ1= 0.79751    λ2= 0.20249 
  k=  13     xm= 13620.64   ym= 9901.60   Δx=  1774.35    Δy= 10881.40   λ1= 0.85980    λ2= 0.14020 
  k=  14     xm= 14508.75   ym= 9662.30   Δx=   886.24    Δy= 11120.70   λ1= 0.92619    λ2= 0.07381 
  k=  15     xm= 15394.99   ym= 9559.08   Δx=     0.00    Δy= 11223.92   λ1= 1.00000    λ2= 0.00000 
4) terraformation generateur par generateur 

   1R : [  7380.00 , 20783.00 ] → #round :    7 → [  7476 , 19060 ]    t=0  |  Tps=0.0
   1P : [  9146.00 , 18379.00 ] → x                                    t=1  |  Tps=0.0029
   1R : [  9146.00 , 18379.00 ] → #round :    6 → [ 11258 , 22692 ]    t=1  |  Tps=0.003
   1P : [ 10780.00 , 17522.00 ] → Admissible                           t=2  |  Tps=0.0054
   feasible 

   2R : [  7428.84 , 19537.25 ] → #round :    8 → [  7648 , 17508 ]    t=0  |  Tps=0.0
   2P : [  7528.00 , 17008.00 ] → Admissible                           t=1  |  Tps=0.0024
   feasible 

   3R : [  7479.09 , 18293.03 ] → #round :    8 → [  8306 , 21858 ]    t=0  |  Tps=0.0
   3P : [  7528.00 , 17008.00 ] → Admissible                           t=1  |  Tps=0.0027
   feasible 

   4R : [  7527.93 , 17047.28 ] → #round :    8 → [  8306 , 21858 ]    t=0  |  Tps=0.0
   4P : [  7528.00 , 17008.00 ] → Admissible                           t=1  |  Tps=0.0026
   feasible 

   5R : [  7853.08 , 15797.65 ] → #round :   10 → [  8404 , 16008 ]    t=0  |  Tps=0.0
   5P : [  7528.00 , 17008.00 ] → Admissible                           t=1  |  Tps=0.0021
   feasible 

   6R : [  8245.65 , 14548.14 ] → #round :   11 → [  9606 , 17284 ]    t=0  |  Tps=0.0
   6P : [  9650.00 , 17490.00 ] → x                                    t=1  |  Tps=0.0022
   6R : [  9650.00 , 17490.00 ] → #round :    5 → [  8460 , 15930 ]    t=1  |  Tps=0.0023
   6P : [  9835.29 , 18689.90 ] → x                                    t=2  |  Tps=0.0045
   6R : [  9835.29 , 18689.90 ] → #round :    5 → [  9636 , 18916 ]    t=2  |  Tps=0.0045
   6P : [ 10046.00 , 22684.00 ] → Admissible                           t=3  |  Tps=0.0066
   feasible 

   7R : [  8737.52 , 13299.75 ] → #round :   11 → [ 10414 , 14656 ]    t=0  |  Tps=0.0
   7P : [  9568.00 , 18283.00 ] → x                                    t=1  |  Tps=0.0019
   7R : [  9568.00 , 18283.00 ] → #round :    3 → [  9454 , 15634 ]    t=1  |  Tps=0.002
   7P : [  9806.00 , 21092.00 ] → Admissible                           t=2  |  Tps=0.004
   feasible 

   8R : [  9272.98 , 12054.07 ] → #round :   10 → [ 10580 , 14506 ]    t=0  |  Tps=0.0
   8P : [  9424.00 , 11706.00 ] → Admissible                           t=1  |  Tps=0.0027
   feasible 

   9R : [ 10060.76 , 11438.46 ] → #round :   16 → [ 13054 , 13468 ]    t=0  |  Tps=0.0
   9P : [  9424.00 , 11706.00 ] → Admissible                           t=1  |  Tps=0.0023
   feasible 

  10R : [ 10946.05 , 11049.98 ] → #round :   16 → [ 13054 , 13468 ]    t=0  |  Tps=0.0
  10P : [  9424.00 , 11706.00 ] → Admissible                           t=1  |  Tps=0.0022
   feasible 

  11R : [ 11839.95 , 10670.44 ] → #round :   16 → [ 10530 , 13762 ]    t=0  |  Tps=0.0
  11P : [  9424.00 , 11706.00 ] → Admissible                           t=1  |  Tps=0.0023
   feasible 

  12R : [ 12729.04 , 10283.22 ] → #round :   16 → [ 15608 , 10496 ]    t=0  |  Tps=0.0
  12P : [ 13772.00 , 13958.00 ] → Admissible                           t=1  |  Tps=0.0023
   feasible 

  13R : [ 13620.64 ,  9901.60 ] → #round :   16 → [ 15584 , 11206 ]    t=0  |  Tps=0.0
  13P : [ 13790.00 , 11368.00 ] → Admissible                           t=1  |  Tps=0.0022
   feasible 

  14R : [ 14508.75 ,  9662.30 ] → #round :   16 → [ 17996 , 10170 ]    t=0  |  Tps=0.0
  14P : [ 13260.00 , 11627.00 ] → x                                    t=1  |  Tps=0.0023
  14R : [ 13260.00 , 11627.00 ] → #round :    3 → [ 17996 , 10170 ]    t=1  |  Tps=0.0023
CYCLE!!!!!!!!!!!!!!!
  14C : [ 18552.00 , 14498.00 ] 
  14P : [ 13260.00 , 11627.00 ] → x                                    t=2  |  Tps=0.0046
  14R : [ 13260.00 , 11627.00 ] → #round :    3 → [ 17996 , 10170 ]    t=2  |  Tps=0.0046
CYCLE!!!!!!!!!!!!!!!
  14C : [ 18552.00 , 14498.00 ] 
  14P : [ 13260.00 , 11627.00 ] → x                                    t=3  |  Tps=0.0066
  14R : [ 13260.00 , 11627.00 ] → #round :    3 → [ 17996 , 10170 ]    t=3  |  Tps=0.0066
CYCLE!!!!!!!!!!!!!!!
  14C : [ 18552.00 , 14498.00 ] 
  14P : [ 13260.00 , 11627.00 ] → x                                    t=4  |  Tps=0.0086
  14R : [ 13260.00 , 11627.00 ] → #round :    3 → [ 17996 , 10170 ]    t=4  |  Tps=0.0086
CYCLE!!!!!!!!!!!!!!!
  14C : [ 18552.00 , 14498.00 ] 
  14P : [ 13260.00 , 11627.00 ] → x                                    t=5  |  Tps=0.0107
  14R : [ 13260.00 , 11627.00 ] → #round :    3 → [ 17996 , 10170 ]    t=5  |  Tps=0.0107
CYCLE!!!!!!!!!!!!!!!
  14C : [ 18552.00 , 14498.00 ] 
  14P : [ 13260.00 , 11627.00 ] → x                                    t=6  |  Tps=0.0128
  14R : [ 13260.00 , 11627.00 ] → #round :    3 → [ 17996 , 10170 ]    t=6  |  Tps=0.0128
CYCLE!!!!!!!!!!!!!!!
  14C : [ 18552.00 , 14498.00 ] 
   maxTrial 

  15R : [ 15394.99 ,  9559.08 ] → #round :   16 → [ 18132 , 10784 ]    t=0  |  Tps=0.0
  15P : [ 14884.00 , 11254.00 ] → Admissible                           t=1  |  Tps=0.0028
   feasible 


5) Extraction des resultats

  Nombre de cycle : 6
   1  : [ 10780.00 , 17522.00 ] → Admissible 
   2  : [  7528.00 , 17008.00 ] → Admissible 
   3  : [  7528.00 , 17008.00 ] → Admissible 
   4  : [  7528.00 , 17008.00 ] → Admissible 
   5  : [  7528.00 , 17008.00 ] → Admissible 
   6  : [ 10046.00 , 22684.00 ] → Admissible 
   7  : [  9806.00 , 21092.00 ] → Admissible 
   8  : [  9424.00 , 11706.00 ] → Admissible 
   9  : [  9424.00 , 11706.00 ] → Admissible 
  10  : [  9424.00 , 11706.00 ] → Admissible 
  11  : [  9424.00 , 11706.00 ] → Admissible 
  12  : [ 13772.00 , 13958.00 ] → Admissible 
  13  : [ 13790.00 , 11368.00 ] → Admissible 
  14  : [ 18552.00 , 14498.00 ] → x          
  15  : [ 14884.00 , 11254.00 ] → Admissible 

6) Edition des resultats 

#U = 4
X_EBP = [7528, 9424, 13790, 14884]
Y_EBP = [17008, 11706, 11368, 11254]
XN = [7408, 7528, 7974, 8770, 9424, 12012, 12152, 13246, 15326, 16470]
YN = [20842, 17008, 15902, 14930, 11706, 11592, 10876, 10762, 10418, 10370]
Quality measure: 92.95 %
  0.309887 seconds (984.80 k allocations: 84.641 MiB)
