0) instance et parametres 

  instance = sppnw22.txt | tailleSampling = 10 | maxTrial = 5 | maxTime = 9223372036854775807


1) calcule les etendues de valeurs sur les 2 objectifs

  f1_min= 6942.00 ↔ f1_max=15304.00 (Δ=8362.00) 
  f2_min= 4469.00 ↔ f2_max=19845.00 (Δ=15376.00) 

2) calcule les generateurs par e-contrainte alternant minimiser z1 et z2

  z1  1 : ϵ = 19845.00  fRL =  6942.00  [  6942.00 , 19845.00 ] 
  z2  1 : ϵ = 15304.00  fRL =  4469.00  [ 15304.00 ,  4469.00 ] 
  z1  2 : ϵ = 18136.56  fRL =  6942.95  [  6942.95 , 18135.21 ] 
  z2  2 : ϵ = 14374.89  fRL =  4887.46  [ 14375.46 ,  4887.20 ] 
  z1  3 : ϵ = 16428.11  fRL =  7127.43  [  7127.44 , 16428.02 ] 
  z2  3 : ϵ = 13445.78  fRL =  5305.91  [ 13446.07 ,  5307.89 ] 
  z1  4 : ϵ = 14719.67  fRL =  7385.15  [  7384.99 , 14720.60 ] 
  z2  4 : ϵ = 12516.67  fRL =  5880.68  [ 12511.47 ,  5878.64 ] 
  z1  5 : ϵ = 13011.22  fRL =  7695.67  [  7695.58 , 13011.61 ] 
  z2  5 : ϵ = 11587.56  fRL =  6646.60  [ 11592.62 ,  6648.75 ] 
  z1  6 : ϵ = 11302.78  fRL =  8092.23  [  8096.85 , 11303.32 ] 
  z2  6 : ϵ = 10658.44  fRL =  7576.11  [ 10653.36 ,  7571.71 ] 
  z1  7 : ϵ =  9594.33  fRL =  8998.62  [  8997.59 ,  9595.66 ] 
  z2  7 : ϵ =  9729.33  fRL =  8650.63  [  9729.86 ,  8649.95 ] 
  z1  8 : ϵ =  7885.89  fRL = 10380.81  [ 10370.47 ,  7882.69 ] 

  → Allocation memoire pour 14 generateurs

3) place L dans structure et verifie l'admissibilite de chaque generateur

   1  : [  6942.00 , 19845.00 ] → x          
   2  : [  6942.95 , 18135.21 ] → x          
   3  : [  7127.44 , 16428.02 ] → x          
   4  : [  7384.99 , 14720.60 ] → x          
   5  : [  7695.58 , 13011.61 ] → x          
   6  : [  8096.85 , 11303.32 ] → x          
   7  : [  8997.59 ,  9595.66 ] → x          
   8  : [  9729.86 ,  8649.95 ] → x          
   9  : [ 10653.36 ,  7571.71 ] → x          
  10  : [ 11592.62 ,  6648.75 ] → x          
  11  : [ 12511.47 ,  5878.64 ] → x          
  12  : [ 13446.07 ,  5307.89 ] → x          
  13  : [ 14375.46 ,  4887.20 ] → x          
  14  : [ 15304.00 ,  4469.00 ] → x          

  k=   1     xm= 6942.00   ym= 19845.00   Δx=  8362.00    Δy=     0.00   λ1= 0.00000    λ2= 1.00000 
  k=   2     xm= 6942.95   ym= 18135.21   Δx=  8361.05    Δy=  1709.79   λ1= 0.16978    λ2= 0.83022 
  k=   3     xm= 7127.44   ym= 16428.02   Δx=  8176.56    Δy=  3416.98   λ1= 0.29473    λ2= 0.70527 
  k=   4     xm= 7384.99   ym= 14720.60   Δx=  7919.01    Δy=  5124.40   λ1= 0.39287    λ2= 0.60713 
  k=   5     xm= 7695.58   ym= 13011.61   Δx=  7608.42    Δy=  6833.39   λ1= 0.47317    λ2= 0.52683 
  k=   6     xm= 8096.85   ym= 11303.32   Δx=  7207.15    Δy=  8541.68   λ1= 0.54237    λ2= 0.45763 
  k=   7     xm= 8997.59   ym= 9595.66   Δx=  6306.41    Δy= 10249.34   λ1= 0.61908    λ2= 0.38092 
  k=   8     xm= 9729.86   ym= 8649.95   Δx=  5574.14    Δy= 11195.05   λ1= 0.66760    λ2= 0.33240 
  k=   9     xm= 10653.36   ym= 7571.71   Δx=  4650.64    Δy= 12273.29   λ1= 0.72520    λ2= 0.27480 
  k=  10     xm= 11592.62   ym= 6648.75   Δx=  3711.38    Δy= 13196.25   λ1= 0.78049    λ2= 0.21951 
  k=  11     xm= 12511.47   ym= 5878.64   Δx=  2792.53    Δy= 13966.36   λ1= 0.83337    λ2= 0.16663 
  k=  12     xm= 13446.07   ym= 5307.89   Δx=  1857.93    Δy= 14537.11   λ1= 0.88668    λ2= 0.11332 
  k=  13     xm= 14375.46   ym= 4887.20   Δx=   928.54    Δy= 14957.80   λ1= 0.94155    λ2= 0.05845 
  k=  14     xm= 15304.00   ym= 4469.00   Δx=     0.00    Δy= 15376.00   λ1= 1.00000    λ2= 0.00000 
4) terraformation generateur par generateur 

   1R : [  6942.00 , 19845.00 ] → #round :    7 → [ 10818 , 22346 ]    t=0  |  Tps=0.0
   1P : [  8738.61 , 17121.66 ] → x                                    t=1  |  Tps=0.0025
   1R : [  8738.61 , 17121.66 ] → #round :    5 → [  9094 , 18292 ]    t=1  |  Tps=0.0025
   1P : [  8738.61 , 17121.66 ] → x                                    t=2  |  Tps=0.0052
   1R : [  8738.61 , 17121.66 ] → #round :    5 → [  9094 , 18292 ]    t=2  |  Tps=0.0052
CYCLE!!!!!!!!!!!!!!!
   1C : [ 13434.00 , 19346.00 ] 
   1P : [  8738.61 , 17121.66 ] → x                                    t=3  |  Tps=0.0074
   1R : [  8738.61 , 17121.66 ] → #round :    5 → [  9094 , 18292 ]    t=3  |  Tps=0.0074
CYCLE!!!!!!!!!!!!!!!
   1C : [  8240.00 , 16096.00 ] 
   1P : [  8738.61 , 17121.66 ] → x                                    t=4  |  Tps=0.0098
   1R : [  8738.61 , 17121.66 ] → #round :    5 → [  9094 , 18292 ]    t=4  |  Tps=0.0098
CYCLE!!!!!!!!!!!!!!!
   1C : [ 11174.00 , 16740.00 ] 
   1P : [  9662.00 , 17020.00 ] → Admissible                           t=5  |  Tps=0.012
   feasible 

   2R : [  6942.95 , 18135.21 ] → #round :    8 → [  7460 , 19790 ]    t=0  |  Tps=0.0
   2P : [  6943.00 , 18049.00 ] → x                                    t=1  |  Tps=0.0025
   2R : [  6943.00 , 18049.00 ] → #round :    4 → [ 10306 , 18532 ]    t=1  |  Tps=0.0025
   2P : [  8738.61 , 17121.66 ] → x                                    t=2  |  Tps=0.0047
   2R : [  8738.61 , 17121.66 ] → #round :    5 → [  9094 , 18292 ]    t=2  |  Tps=0.0047
   2P : [  8738.61 , 17121.66 ] → x                                    t=3  |  Tps=0.007
   2R : [  8738.61 , 17121.66 ] → #round :    5 → [  9094 , 18292 ]    t=3  |  Tps=0.007
CYCLE!!!!!!!!!!!!!!!
   2C : [  8240.00 , 16096.00 ] 
   2P : [  8738.61 , 17121.66 ] → x                                    t=4  |  Tps=0.0094
   2R : [  8738.61 , 17121.66 ] → #round :    5 → [  9094 , 18292 ]    t=4  |  Tps=0.0095
CYCLE!!!!!!!!!!!!!!!
   2C : [ 10306.00 , 18532.00 ] 
   2P : [  8738.61 , 17121.66 ] → x                                    t=5  |  Tps=0.0116
   2R : [  8738.61 , 17121.66 ] → #round :    5 → [  9094 , 18292 ]    t=5  |  Tps=0.0116
CYCLE!!!!!!!!!!!!!!!
   2C : [ 10104.00 , 17218.00 ] 
   2P : [  8738.61 , 17121.66 ] → x                                    t=6  |  Tps=0.0337
   2R : [  8738.61 , 17121.66 ] → #round :    5 → [  9094 , 18292 ]    t=6  |  Tps=0.0337
CYCLE!!!!!!!!!!!!!!!
   2C : [ 13232.00 , 18032.00 ] 
   maxTrial 

   3R : [  7127.44 , 16428.02 ] → #round :   11 → [  7962 , 20940 ]    t=0  |  Tps=0.0
   3P : [  7208.00 , 15720.00 ] → Admissible                           t=1  |  Tps=0.0022
   feasible 

   4R : [  7384.99 , 14720.60 ] → #round :   13 → [  8420 , 15960 ]    t=0  |  Tps=0.0
   4P : [  7208.00 , 15720.00 ] → Admissible                           t=1  |  Tps=0.002
   feasible 

   5R : [  7695.58 , 13011.61 ] → #round :   14 → [ 10436 , 14724 ]    t=0  |  Tps=0.0
   5P : [  9468.00 ,  9188.00 ] → Admissible                           t=1  |  Tps=0.0021
   feasible 

   6R : [  8096.85 , 11303.32 ] → #round :   13 → [  8218 , 11858 ]    t=0  |  Tps=0.0
   6P : [  7208.00 , 15720.00 ] → Admissible                           t=1  |  Tps=0.002
   feasible 

   7R : [  8997.59 ,  9595.66 ] → #round :    8 → [ 12944 , 10884 ]    t=0  |  Tps=0.0
   7P : [  8278.00 , 10525.00 ] → x                                    t=1  |  Tps=0.0021
   7R : [  8278.00 , 10525.00 ] → #round :    6 → [ 11338 , 11428 ]    t=1  |  Tps=0.0021
   7P : [  8278.00 , 10525.00 ] → x                                    t=2  |  Tps=0.004
   7R : [  8278.00 , 10525.00 ] → #round :    6 → [ 11338 , 11428 ]    t=2  |  Tps=0.004
CYCLE!!!!!!!!!!!!!!!
   7C : [  6922.00 , 13100.00 ] 
   7P : [  8950.00 , 12204.00 ] → Admissible                           t=3  |  Tps=0.0061
   feasible 

   8R : [  9729.86 ,  8649.95 ] → #round :    8 → [ 13548 , 10912 ]    t=0  |  Tps=0.0
   8P : [  9863.00 ,  8478.00 ] → x                                    t=1  |  Tps=0.0019
   8R : [  9863.00 ,  8478.00 ] → #round :    5 → [ 13548 , 10912 ]    t=1  |  Tps=0.0019
CYCLE!!!!!!!!!!!!!!!
   8C : [  7428.00 ,  7180.00 ] 
   8P : [  9106.00 , 10142.00 ] → Admissible                           t=2  |  Tps=0.0044
   feasible 

   9R : [ 10653.36 ,  7571.71 ] → #round :   17 → [ 11686 , 10518 ]    t=0  |  Tps=0.0
   9P : [  8750.00 , 12618.00 ] → Admissible                           t=1  |  Tps=0.002
   feasible 

  10R : [ 11592.62 ,  6648.75 ] → #round :   15 → [ 16780 ,  7648 ]    t=0  |  Tps=0.0
  10P : [ 11948.00 , 12734.00 ] → Admissible                           t=1  |  Tps=0.002
   feasible 

  11R : [ 12511.47 ,  5878.64 ] → #round :   15 → [ 14578 ,  5632 ]    t=0  |  Tps=0.0
  11P : [ 11549.00 ,  9944.00 ] → x                                    t=1  |  Tps=0.0021
  11R : [ 11549.00 ,  9944.00 ] → #round :    7 → [ 16662 ,  9130 ]    t=1  |  Tps=0.0021
  11P : [ 11549.00 ,  9944.00 ] → x                                    t=2  |  Tps=0.004
  11R : [ 11549.00 ,  9944.00 ] → #round :    7 → [ 16662 ,  9130 ]    t=2  |  Tps=0.004
CYCLE!!!!!!!!!!!!!!!
  11C : [ 10396.00 , 11342.00 ] 
  11P : [ 10378.00 , 11626.00 ] → Admissible                           t=3  |  Tps=0.006
   feasible 

  12R : [ 13446.07 ,  5307.89 ] → #round :   17 → [ 15716 ,  5858 ]    t=0  |  Tps=0.0
  12P : [ 13306.00 ,  6874.00 ] → Admissible                           t=1  |  Tps=0.0022
   feasible 

  13R : [ 14375.46 ,  4887.20 ] → #round :   17 → [ 15988 ,  4730 ]    t=0  |  Tps=0.0
  13P : [ 15818.00 ,  8122.00 ] → Admissible                           t=1  |  Tps=0.0021
   feasible 

  14R : [ 15304.00 ,  4469.00 ] → #round :    9 → [ 16300 ,  5066 ]    t=0  |  Tps=0.0
  14P : [ 12168.50 , 11957.50 ] → x                                    t=1  |  Tps=0.0024
  14R : [ 12168.50 , 11957.50 ] → #round :   15 → [ 16062 ,  5602 ]    t=1  |  Tps=0.0024
  14P : [ 11470.67 , 14663.05 ] → x                                    t=2  |  Tps=0.0048
  14R : [ 11470.67 , 14663.05 ] → #round :   14 → [ 16172 ,  7738 ]    t=2  |  Tps=0.0049
  14P : [ 11389.00 , 19241.00 ] → x                                    t=3  |  Tps=0.0072
  14R : [ 11389.00 , 19241.00 ] → #round :   10 → [ 13686 , 10560 ]    t=3  |  Tps=0.0073
  14P : [  9826.00 , 19064.00 ] → x                                    t=4  |  Tps=0.0101
  14R : [  9826.00 , 19064.00 ] → #round :   10 → [ 13686 , 10560 ]    t=4  |  Tps=0.0102
CYCLE!!!!!!!!!!!!!!!
  14C : [ 11698.00 , 16692.00 ] 
  14P : [ 10267.00 , 19764.00 ] → x                                    t=5  |  Tps=0.0127
  14R : [ 10267.00 , 19764.00 ] → #round :    8 → [ 14646 , 14986 ]    t=5  |  Tps=0.0128
  14P : [ 10267.00 , 19764.00 ] → x                                    t=6  |  Tps=0.015
  14R : [ 10267.00 , 19764.00 ] → #round :    8 → [ 14646 , 14986 ]    t=6  |  Tps=0.015
CYCLE!!!!!!!!!!!!!!!
  14C : [  8176.00 , 22526.00 ] 
   maxTrial 


5) Extraction des resultats

  Nombre de cycle : 12
   1  : [  9662.00 , 17020.00 ] → Admissible 
   2  : [ 13232.00 , 18032.00 ] → x          
   3  : [  7208.00 , 15720.00 ] → Admissible 
   4  : [  7208.00 , 15720.00 ] → Admissible 
   5  : [  9468.00 ,  9188.00 ] → Admissible 
   6  : [  7208.00 , 15720.00 ] → Admissible 
   7  : [  8950.00 , 12204.00 ] → Admissible 
   8  : [  9106.00 , 10142.00 ] → Admissible 
   9  : [  8750.00 , 12618.00 ] → Admissible 
  10  : [ 11948.00 , 12734.00 ] → Admissible 
  11  : [ 10378.00 , 11626.00 ] → Admissible 
  12  : [ 13306.00 ,  6874.00 ] → Admissible 
  13  : [ 15818.00 ,  8122.00 ] → Admissible 
  14  : [  8176.00 , 22526.00 ] → x          
6) Edition des resultats 

X_EBP = [7208, 8750, 8950, 9106, 9468, 13306]
Y_EBP = [15720, 12618, 12204, 10142, 9188, 6874]
XN = [6984, 7060, 7208, 8294, 8464, 8508, 8742, 8750, 8950, 9002, 9030, 9106, 9468, 10768, 12096, 13102, 13202, 13306, 13418]
YN = [21252, 18424, 15720, 15488, 15202, 14830, 14604, 12618, 12204, 10972, 10616, 10142, 9188, 8298, 8102, 7212, 7068, 6874, 5532]
Quality measure: 94.72 %
  0.343992 seconds (1.25 M allocations: 122.366 MiB, 5.13% gc time)
