0) instance et parametres 

  instance = sppnw05.txt | tailleSampling = 10 | maxTrial = 5 | maxTime = 9223372036854775807


1) calcule les etendues de valeurs sur les 2 objectifs

  f1_min=132878.00 ↔ f1_max=141028.00 (Δ=8150.00) 
  f2_min=51931.33 ↔ f2_max=73952.00 (Δ=22020.67) 

2) calcule les generateurs par e-contrainte alternant minimiser z1 et z2

  z1  1 : ϵ = 73952.00  fRL = 132878.00  [ 132878.00 , 73952.00 ] 
  z2  1 : ϵ = 141028.00  fRL = 51931.33  [ 141025.06 , 51929.40 ] 
  z1  2 : ϵ = 71505.26  fRL = 132896.45  [ 132890.92 , 71503.08 ] 
  z2  2 : ϵ = 140122.44  fRL = 51984.36  [ 140118.07 , 51982.39 ] 
  z1  3 : ϵ = 69058.52  fRL = 132965.07  [ 132959.60 , 69054.06 ] 
  z2  3 : ϵ = 139216.89  fRL = 52042.53  [ 139218.61 , 52042.47 ] 
  z1  4 : ϵ = 66611.78  fRL = 133044.21  [ 133049.69 , 66615.46 ] 
  z2  4 : ϵ = 138311.33  fRL = 52100.70  [ 138307.93 , 52100.92 ] 
  z1  5 : ϵ = 64165.04  fRL = 133165.45  [ 133165.47 , 64164.63 ] 
  z2  5 : ϵ = 137405.78  fRL = 52160.96  [ 137409.50 , 52161.92 ] 
  z1  6 : ϵ = 61718.29  fRL = 133296.22  [ 133296.26 , 61717.59 ] 
  z2  6 : ϵ = 136500.22  fRL = 52232.42  [ 136499.90 , 52232.28 ] 
  z1  7 : ϵ = 59271.55  fRL = 133495.25  [ 133495.12 , 59272.73 ] 
  z2  7 : ϵ = 135594.67  fRL = 52309.07  [ 135593.70 , 52309.15 ] 
  z1  8 : ϵ = 56824.81  fRL = 133782.54  [ 133780.72 , 56824.85 ] 
  z2  8 : ϵ = 134689.11  fRL = 52659.16  [ 134689.19 , 52659.10 ] 
  z1  9 : ϵ = 54378.07  fRL = 134166.15  [ 134166.14 , 54378.12 ] 
  z2  9 : ϵ = 133783.56  fRL = 56817.80  [ 133782.12 , 56819.62 ] 

  → Allocation memoire pour 17 generateurs

3) place L dans structure et verifie l'admissibilite de chaque generateur

   1  : [ 132878.00 , 73952.00 ] → Admissible 
   2  : [ 132890.92 , 71503.08 ] → x          
   3  : [ 132959.60 , 69054.06 ] → x          
   4  : [ 133049.69 , 66615.46 ] → x          
   5  : [ 133165.47 , 64164.63 ] → x          
   6  : [ 133296.26 , 61717.59 ] → x          
   7  : [ 133495.12 , 59272.73 ] → x          
   8  : [ 133780.72 , 56824.85 ] → x          
   9  : [ 134166.14 , 54378.12 ] → x          
  10  : [ 134689.19 , 52659.10 ] → x          
  11  : [ 135593.70 , 52309.15 ] → x          
  12  : [ 136499.90 , 52232.28 ] → x          
  13  : [ 137409.50 , 52161.92 ] → x          
  14  : [ 138307.93 , 52100.92 ] → x          
  15  : [ 139218.61 , 52042.47 ] → x          
  16  : [ 140118.07 , 51982.39 ] → x          
  17  : [ 141025.06 , 51929.40 ] → x          

  k=   1     xm= 132878.00   ym= 73952.00   Δx=  8147.06    Δy=     0.00   λ1= 0.00000    λ2= 1.00000 
  k=   2     xm= 132890.92   ym= 71503.08   Δx=  8134.14    Δy=  2448.92   λ1= 0.23140    λ2= 0.76860 
  k=   3     xm= 132959.60   ym= 69054.06   Δx=  8065.46    Δy=  4897.94   λ1= 0.37783    λ2= 0.62217 
  k=   4     xm= 133049.69   ym= 66615.46   Δx=  7975.37    Δy=  7336.54   λ1= 0.47914    λ2= 0.52086 
  k=   5     xm= 133165.47   ym= 64164.63   Δx=  7859.59    Δy=  9787.37   λ1= 0.55462    λ2= 0.44538 
  k=   6     xm= 133296.26   ym= 61717.59   Δx=  7728.80    Δy= 12234.41   λ1= 0.61285    λ2= 0.38715 
  k=   7     xm= 133495.12   ym= 59272.73   Δx=  7529.94    Δy= 14679.27   λ1= 0.66095    λ2= 0.33905 
  k=   8     xm= 133780.72   ym= 56824.85   Δx=  7244.34    Δy= 17127.15   λ1= 0.70275    λ2= 0.29725 
  k=   9     xm= 134166.14   ym= 54378.12   Δx=  6858.92    Δy= 19573.88   λ1= 0.74051    λ2= 0.25949 
  k=  10     xm= 134689.19   ym= 52659.10   Δx=  6335.87    Δy= 21292.90   λ1= 0.77068    λ2= 0.22932 
  k=  11     xm= 135593.70   ym= 52309.15   Δx=  5431.36    Δy= 21642.85   λ1= 0.79939    λ2= 0.20061 
  k=  12     xm= 136499.90   ym= 52232.28   Δx=  4525.16    Δy= 21719.72   λ1= 0.82758    λ2= 0.17242 
  k=  13     xm= 137409.50   ym= 52161.92   Δx=  3615.56    Δy= 21790.08   λ1= 0.85769    λ2= 0.14231 
  k=  14     xm= 138307.93   ym= 52100.92   Δx=  2717.13    Δy= 21851.08   λ1= 0.88940    λ2= 0.11060 
  k=  15     xm= 139218.61   ym= 52042.47   Δx=  1806.45    Δy= 21909.53   λ1= 0.92383    λ2= 0.07617 
  k=  16     xm= 140118.07   ym= 51982.39   Δx=   906.99    Δy= 21969.61   λ1= 0.96035    λ2= 0.03965 
  k=  17     xm= 141025.06   ym= 51929.40   Δx=     0.00    Δy= 22022.60   λ1= 1.00000    λ2= 0.00000 
4) terraformation generateur par generateur 

   2R : [ 132890.92 , 71503.08 ] → #round :   26 → [ 146612 , 72840 ]    t=0  |  Tps=0.0062
   2P : [ 132880.00 , 72092.00 ] → Admissible                           t=1  |  Tps=2.8019
   feasible 

   3R : [ 132959.60 , 69054.06 ] → #round :   26 → [ 136988 , 69060 ]    t=0  |  Tps=0.0063
   3P : [ 132880.00 , 72092.00 ] → Admissible                           t=1  |  Tps=3.2068
   feasible 

   4R : [ 133049.69 , 66615.46 ] → #round :   28 → [ 140344 , 68078 ]    t=0  |  Tps=0.0072
   4P : [ 139844.00 , 66268.00 ] → Admissible                           t=1  |  Tps=3.2112
   feasible 

   5R : [ 133165.47 , 64164.63 ] → #round :   31 → [ 139600 , 65842 ]    t=0  |  Tps=0.0079
   5P : [ 140024.00 , 65730.00 ] → Admissible                           t=1  |  Tps=3.2514
   feasible 

   6R : [ 133296.26 , 61717.59 ] → #round :   17 → [ 138204 , 62354 ]    t=0  |  Tps=0.0044
   6P : [ 133281.00 , 61967.00 ] → x                                    t=1  |  Tps=2.7326
   6R : [ 133281.00 , 61967.00 ] → #round :   13 → [ 138490 , 62038 ]    t=1  |  Tps=2.7363
   6P : [ 133826.00 , 60587.00 ] → x                                    t=2  |  Tps=5.3172
   6R : [ 133826.00 , 60587.00 ] → #round :   14 → [ 138828 , 64304 ]    t=2  |  Tps=5.321
   6P : [ 134274.00 , 60854.00 ] → x                                    t=3  |  Tps=7.9439
   6R : [ 134274.00 , 60854.00 ] → #round :   11 → [ 141868 , 64768 ]    t=3  |  Tps=7.9471
   6P : [ 134274.00 , 60854.00 ] → x                                    t=4  |  Tps=10.6837
   6R : [ 134274.00 , 60854.00 ] → #round :   11 → [ 141868 , 64768 ]    t=4  |  Tps=10.6869
CYCLE!!!!!!!!!!!!!!!
   6C : [ 182360.00 , 83644.00 ] 
   6P : [ 162022.00 , 65962.00 ] → Admissible                           t=5  |  Tps=13.9056
   feasible 

   7R : [ 133495.12 , 59272.73 ] → #round :   15 → [ 142074 , 59670 ]    t=0  |  Tps=0.004
   7P : [ 133387.00 , 60235.00 ] → x                                    t=1  |  Tps=2.9094
   7R : [ 133387.00 , 60235.00 ] → #round :   11 → [ 136470 , 58898 ]    t=1  |  Tps=2.9126
   7P : [ 133387.00 , 60235.00 ] → x                                    t=2  |  Tps=5.7092
   7R : [ 133387.00 , 60235.00 ] → #round :   11 → [ 136470 , 58898 ]    t=2  |  Tps=5.7124
CYCLE!!!!!!!!!!!!!!!
   7C : [ 193658.00 , 91220.00 ] 
   7P : [ 161149.09 , 69415.32 ] → x                                    t=3  |  Tps=8.7627
   7R : [ 161149.09 , 69415.32 ] → #round :   10 → [ 157170 , 64802 ]    t=3  |  Tps=8.7657
   7P : [ 159598.00 , 66710.00 ] → Admissible                           t=4  |  Tps=11.9036
   feasible 

   8R : [ 133780.72 , 56824.85 ] → #round :   27 → [ 141848 , 59830 ]    t=0  |  Tps=0.0076
   8P : [ 135793.20 , 58279.09 ] → x                                    t=1  |  Tps=2.9621
   8R : [ 135793.20 , 58279.09 ] → #round :   14 → [ 138514 , 57344 ]    t=1  |  Tps=2.9659
   8P : [ 139958.00 , 60284.00 ] → Admissible                           t=2  |  Tps=6.2368
   feasible 

   9R : [ 134166.14 , 54378.12 ] → #round :   14 → [ 139898 , 53372 ]    t=0  |  Tps=0.0044
   9P : [ 134403.00 , 52982.00 ] → x                                    t=1  |  Tps=2.5821
   9R : [ 134403.00 , 52982.00 ] → #round :   11 → [ 141276 , 55274 ]    t=1  |  Tps=2.5853
   9P : [ 134686.00 , 55370.00 ] → x                                    t=2  |  Tps=5.3949
   9R : [ 134686.00 , 55370.00 ] → #round :    9 → [ 142614 , 56250 ]    t=2  |  Tps=5.3978
   9P : [ 134686.00 , 55370.00 ] → x                                    t=3  |  Tps=8.162
   9R : [ 134686.00 , 55370.00 ] → #round :    9 → [ 142614 , 56250 ]    t=3  |  Tps=8.1648
CYCLE!!!!!!!!!!!!!!!
   9C : [ 194592.00 , 85074.00 ] 
   9P : [ 161842.00 , 61284.00 ] → Admissible                           t=4  |  Tps=11.4017
   feasible 

  10R : [ 134689.19 , 52659.10 ] → #round :   17 → [ 139646 , 55728 ]    t=0  |  Tps=0.0045
  10P : [ 134644.00 , 52688.00 ] → x                                    t=1  |  Tps=2.5997
  10R : [ 134644.00 , 52688.00 ] → #round :   11 → [ 139646 , 55728 ]    t=1  |  Tps=2.6028
CYCLE!!!!!!!!!!!!!!!
  10C : [ 136500.00 , 54594.00 ] 
  10P : [ 141352.00 , 58838.00 ] → Admissible                           t=2  |  Tps=5.7541
   feasible 

  11R : [ 135593.70 , 52309.15 ] → #round :   20 → [ 139412 , 53718 ]    t=0  |  Tps=0.0049
  11P : [ 135134.00 , 52857.00 ] → x                                    t=1  |  Tps=2.6564
  11R : [ 135134.00 , 52857.00 ] → #round :   11 → [ 140188 , 53134 ]    t=1  |  Tps=2.6596
  11P : [ 135134.00 , 52857.00 ] → x                                    t=2  |  Tps=5.4059
  11R : [ 135134.00 , 52857.00 ] → #round :   11 → [ 140188 , 53134 ]    t=2  |  Tps=5.4092
CYCLE!!!!!!!!!!!!!!!
  11C : [ 193434.00 , 82228.00 ] 
  11P : [ 161496.00 , 58148.00 ] → Admissible                           t=3  |  Tps=8.3248
   feasible 

  12R : [ 136499.90 , 52232.28 ] → #round :   20 → [ 141096 , 54630 ]    t=0  |  Tps=0.0051
  12P : [ 141880.00 , 54728.00 ] → Admissible                           t=1  |  Tps=3.2789
   feasible 

  13R : [ 137409.50 , 52161.92 ] → #round :   23 → [ 139866 , 54166 ]    t=0  |  Tps=0.0057
  13P : [ 140934.00 , 54510.00 ] → Admissible                           t=1  |  Tps=3.3565
   feasible 

  14R : [ 138307.93 , 52100.92 ] → #round :   24 → [ 141032 , 53226 ]    t=0  |  Tps=0.0055
  14P : [ 140454.00 , 53856.00 ] → Admissible                           t=1  |  Tps=2.9176
   feasible 

  15R : [ 139218.61 , 52042.47 ] → #round :   24 → [ 140292 , 54136 ]    t=0  |  Tps=0.0057
  15P : [ 140454.00 , 53856.00 ] → Admissible                           t=1  |  Tps=2.9668
   feasible 

  16R : [ 140118.07 , 51982.39 ] → #round :   24 → [ 140184 , 53868 ]    t=0  |  Tps=0.0058
  16P : [ 140572.00 , 52758.00 ] → Admissible                           t=1  |  Tps=3.1108
   feasible 

  17R : [ 141025.06 , 51929.40 ] → #round :   15 → [ 139670 , 54060 ]    t=0  |  Tps=0.0041
  17P : [ 140750.00 , 58728.00 ] → Admissible                           t=1  |  Tps=2.8332
   feasible 


5) Extraction des resultats

  Nombre de cycle : 5
   1  : [ 132878.00 , 73952.00 ] → Admissible 
   2  : [ 132880.00 , 72092.00 ] → Admissible 
   3  : [ 132880.00 , 72092.00 ] → Admissible 
   4  : [ 139844.00 , 66268.00 ] → Admissible 
   5  : [ 140024.00 , 65730.00 ] → Admissible 
   6  : [ 162022.00 , 65962.00 ] → Admissible 
   7  : [ 159598.00 , 66710.00 ] → Admissible 
   8  : [ 139958.00 , 60284.00 ] → Admissible 
   9  : [ 161842.00 , 61284.00 ] → Admissible 
  10  : [ 141352.00 , 58838.00 ] → Admissible 
  11  : [ 161496.00 , 58148.00 ] → Admissible 
  12  : [ 141880.00 , 54728.00 ] → Admissible 
  13  : [ 140934.00 , 54510.00 ] → Admissible 
  14  : [ 140454.00 , 53856.00 ] → Admissible 
  15  : [ 140454.00 , 53856.00 ] → Admissible 
  16  : [ 140572.00 , 52758.00 ] → Admissible 
  17  : [ 140750.00 , 58728.00 ] → Admissible 

6) Edition des resultats 

#U = 6
X_EBP = [132878, 132880, 139844, 139958, 140454, 140572]
Y_EBP = [73952, 72092, 66268, 60284, 53856, 52758]
XN = [132878, 132880, 132908, 133016, 133044, 133054, 133066, 133078, 133158, 133196, 133204, 133208, 133270, 133276, 133282, 133288, 133324, 133330, 133336, 133342, 133422, 133470, 133474, 133476, 133480, 133560, 133628, 133668, 133672, 133674, 133676, 133682, 133810, 133814, 133816, 133820, 134008, 134012, 134014, 134018, 134156, 134160, 134162, 134166, 134244, 134250, 134320, 134324, 134378, 134382, 134384, 134388, 134902, 134918, 134922, 134926, 134930, 134934, 136288, 136414, 136418, 139024, 139094, 139138, 139232, 139536, 139814, 139852, 139890, 140236, 141028, 141042, 141500]
YN = [73952, 72092, 71528, 70802, 70238, 69222, 68080, 67742, 67654, 67536, 66520, 66394, 65926, 65648, 64784, 64506, 64432, 64154, 63290, 63012, 62924, 62272, 62074, 61994, 61796, 61708, 61480, 61478, 61328, 61248, 60264, 59986, 59246, 59048, 58968, 58770, 58452, 58302, 58222, 58024, 57988, 57790, 57696, 57498, 56916, 56638, 56568, 56370, 55898, 55700, 55620, 55422, 55414, 55368, 55170, 55078, 55072, 54874, 54824, 54814, 54616, 54552, 54368, 54276, 54082, 53564, 53142, 52672, 52616, 52236, 52178, 51982, 51968]
Quality measure: 26.87 %
145.892178 seconds (535.13 M allocations: 49.111 GiB, 3.94% gc time)
