0) instance et parametres 

  instance = sppnw01.txt | tailleSampling = 10 | maxTrial = 5 | maxTime = 9223372036854775807


1) calcule les etendues de valeurs sur les 2 objectifs

  f1_min=114852.00 ↔ f1_max=255629.95 (Δ=140777.95) 
  f2_min=167084.27 ↔ f2_max=610026.00 (Δ=442941.73) 

2) calcule les generateurs par e-contrainte alternant minimiser z1 et z2

  z1  1 : ϵ = 610026.00  fRL = 114852.00  [ 114852.00 , 610026.00 ] 
  z2  1 : ϵ = 255629.95  fRL = 167084.27  [ 255650.42 , 167102.64 ] 
  z1  2 : ϵ = 560810.25  fRL = 116856.19  [ 116855.80 , 560818.80 ] 
  z2  2 : ϵ = 239987.96  fRL = 172986.38  [ 239960.76 , 172965.24 ] 
  z1  3 : ϵ = 511594.50  fRL = 120352.92  [ 120353.13 , 511591.96 ] 
  z2  3 : ϵ = 224345.96  fRL = 186737.12  [ 224340.77 , 186727.16 ] 
  z1  4 : ϵ = 462378.76  fRL = 125460.57  [ 125458.52 , 462392.64 ] 
  z2  4 : ϵ = 208703.97  fRL = 208671.15  [ 208740.18 , 208680.87 ] 
  z1  5 : ϵ = 413163.01  fRL = 134268.17  [ 134286.69 , 413168.53 ] 
  z2  5 : ϵ = 193061.97  fRL = 237500.56  [ 193025.32 , 237471.21 ] 
  z1  6 : ϵ = 363947.26  fRL = 146567.35  [ 146567.88 , 363960.53 ] 
  z2  6 : ϵ = 177419.98  fRL = 272421.70  [ 177476.20 , 272484.28 ] 
  z1  7 : ϵ = 314731.51  fRL = 161616.59  [ 161582.70 , 314710.51 ] 
  z2  7 : ϵ = 161777.98  fRL = 314274.70  [ 161774.02 , 314278.14 ] 
  z1  8 : ϵ = 265515.77  fRL = 180316.81  [ 180303.24 , 265498.91 ] 

  → Allocation memoire pour 14 generateurs

3) place L dans structure et verifie l'admissibilite de chaque generateur

   1  : [ 114852.00 , 610026.00 ] → Admissible 
   2  : [ 116855.80 , 560818.80 ] → x          
   3  : [ 120353.13 , 511591.96 ] → x          
   4  : [ 125458.52 , 462392.64 ] → x          
   5  : [ 134286.69 , 413168.53 ] → x          
   6  : [ 146567.88 , 363960.53 ] → x          
   7  : [ 161582.70 , 314710.51 ] → x          
   8  : [ 161774.02 , 314278.14 ] → x          
   9  : [ 177476.20 , 272484.28 ] → x          
  10  : [ 193025.32 , 237471.21 ] → x          
  11  : [ 208740.18 , 208680.87 ] → x          
  12  : [ 224340.77 , 186727.16 ] → x          
  13  : [ 239960.76 , 172965.24 ] → x          
  14  : [ 255650.42 , 167102.64 ] → x          

  k=   1     xm= 114852.00   ym= 610026.00   Δx= 140798.42    Δy=     0.00   λ1= 0.00000    λ2= 1.00000 
  k=   2     xm= 116855.80   ym= 560818.80   Δx= 138794.62    Δy= 49207.20   λ1= 0.26174    λ2= 0.73826 
  k=   3     xm= 120353.13   ym= 511591.96   Δx= 135297.29    Δy= 98434.04   λ1= 0.42114    λ2= 0.57886 
  k=   4     xm= 125458.52   ym= 462392.64   Δx= 130191.90    Δy= 147633.36   λ1= 0.53139    λ2= 0.46861 
  k=   5     xm= 134286.69   ym= 413168.53   Δx= 121363.73    Δy= 196857.47   λ1= 0.61862    λ2= 0.38138 
  k=   6     xm= 146567.88   ym= 363960.53   Δx= 109082.54    Δy= 246065.47   λ1= 0.69285    λ2= 0.30715 
  k=   7     xm= 161582.70   ym= 314710.51   Δx= 94067.72    Δy= 295315.49   λ1= 0.75842    λ2= 0.24158 
  k=   8     xm= 161774.02   ym= 314278.14   Δx= 93876.40    Δy= 295747.86   λ1= 0.75906    λ2= 0.24094 
  k=   9     xm= 177476.20   ym= 272484.28   Δx= 78174.22    Δy= 337541.72   λ1= 0.81195    λ2= 0.18805 
  k=  10     xm= 193025.32   ym= 237471.21   Δx= 62625.10    Δy= 372554.79   λ1= 0.85609    λ2= 0.14391 
  k=  11     xm= 208740.18   ym= 208680.87   Δx= 46910.24    Δy= 401345.13   λ1= 0.89535    λ2= 0.10465 
  k=  12     xm= 224340.77   ym= 186727.16   Δx= 31309.65    Δy= 423298.84   λ1= 0.93113    λ2= 0.06887 
  k=  13     xm= 239960.76   ym= 172965.24   Δx= 15689.66    Δy= 437060.76   λ1= 0.96535    λ2= 0.03465 
  k=  14     xm= 255650.42   ym= 167102.64   Δx=     0.00    Δy= 442923.36   λ1= 1.00000    λ2= 0.00000 
4) terraformation generateur par generateur 

   2R : [ 116855.80 , 560818.80 ] → #round :    6 → [ 117285 , 571092 ]    t=0  |  Tps=0.0004
   2P : [ 116877.00 , 560349.00 ] → Admissible                           t=1  |  Tps=1.3878
   feasible 

   3R : [ 120353.13 , 511591.96 ] → #round :    4 → [ 121386 , 518109 ]    t=0  |  Tps=0.0003
   3P : [ 120699.00 , 507318.00 ] → Admissible                           t=1  |  Tps=1.4562
   feasible 

   4R : [ 125458.52 , 462392.64 ] → #round :   44 → [ 129885 , 462468 ]    t=0  |  Tps=0.0017
   4P : [ 129873.51 , 471206.80 ] → x                                    t=1  |  Tps=1.4755
   4R : [ 129873.51 , 471206.80 ] → #round :   18 → [ 129267 , 469746 ]    t=1  |  Tps=1.4763
   4P : [ 126891.00 , 477228.00 ] → Admissible                           t=2  |  Tps=3.0502
   feasible 

   5R : [ 134286.69 , 413168.53 ] → #round :   64 → [ 135810 , 420495 ]    t=0  |  Tps=0.003
   5P : [ 134280.00 , 422577.00 ] → x                                    t=1  |  Tps=1.5591
   5R : [ 134280.00 , 422577.00 ] → #round :   21 → [ 139908 , 414948 ]    t=1  |  Tps=1.56
   5P : [ 135259.50 , 417033.00 ] → x                                    t=2  |  Tps=3.296
   5R : [ 135259.50 , 417033.00 ] → #round :   20 → [ 141279 , 413757 ]    t=2  |  Tps=3.2969
   5P : [ 134676.00 , 425940.00 ] → Admissible                           t=3  |  Tps=4.9758
   feasible 

   6R : [ 146567.88 , 363960.53 ] → #round :   76 → [ 147252 , 363078 ]    t=0  |  Tps=0.0029
   6P : [ 142125.00 , 395091.00 ] → Admissible                           t=1  |  Tps=1.5773
   feasible 

   7R : [ 161582.70 , 314710.51 ] → #round :   93 → [ 163386 , 311925 ]    t=0  |  Tps=0.0036
   7P : [ 159033.00 , 352569.00 ] → Admissible                           t=1  |  Tps=1.5147
   feasible 

   8R : [ 161774.02 , 314278.14 ] → #round :   92 → [ 162783 , 312192 ]    t=0  |  Tps=0.0035
   8P : [ 156633.00 , 361074.00 ] → Admissible                           t=1  |  Tps=1.4105
   feasible 

   9R : [ 177476.20 , 272484.28 ] → #round :   99 → [ 184371 , 274728 ]    t=0  |  Tps=0.0038
   9P : [ 165213.00 , 335268.00 ] → Admissible                           t=1  |  Tps=1.6266
   feasible 

  10R : [ 193025.32 , 237471.21 ] → #round :   97 → [ 197835 , 243720 ]    t=0  |  Tps=0.0037
  10P : [ 185361.00 , 293571.00 ] → Admissible                           t=1  |  Tps=1.3125
   feasible 

  11R : [ 208740.18 , 208680.87 ] → #round :  103 → [ 213363 , 210846 ]    t=0  |  Tps=0.004
  11P : [ 187230.00 , 296514.00 ] → x                                    t=1  |  Tps=1.2829
  11R : [ 187230.00 , 296514.00 ] → #round :   27 → [ 197568 , 234222 ]    t=1  |  Tps=1.284
  11P : [ 189024.00 , 302733.00 ] → Admissible                           t=2  |  Tps=2.6961
   feasible 

  12R : [ 224340.77 , 186727.16 ] → #round :  106 → [ 224580 , 189852 ]    t=0  |  Tps=0.0042
  12P : [ 196365.00 , 328254.00 ] → Admissible                           t=1  |  Tps=1.2721
   feasible 

  13R : [ 239960.76 , 172965.24 ] → #round :  111 → [ 254052 , 175179 ]    t=0  |  Tps=0.0045
  13P : [ 205306.50 , 296586.00 ] → x                                    t=1  |  Tps=1.2546
  13R : [ 205306.50 , 296586.00 ] → #round :   18 → [ 201612 , 235302 ]    t=1  |  Tps=1.2554
  13P : [ 211999.50 , 279105.00 ] → x                                    t=2  |  Tps=2.606
  13R : [ 211999.50 , 279105.00 ] → #round :    7 → [ 209667 , 254178 ]    t=2  |  Tps=2.6065
  13P : [ 211999.50 , 279105.00 ] → x                                    t=3  |  Tps=4.1745
  13R : [ 211999.50 , 279105.00 ] → #round :    7 → [ 209667 , 254178 ]    t=3  |  Tps=4.175
CYCLE!!!!!!!!!!!!!!!
  13C : [ 234378.00 , 328860.00 ] 
  13P : [ 211071.00 , 283848.00 ] → Admissible                           t=4  |  Tps=5.5239
   feasible 

  14R : [ 255650.42 , 167102.64 ] → #round :  105 → [ 283767 , 170943 ]    t=0  |  Tps=0.0044
  14P : [ 212828.65 , 281283.97 ] → x                                    t=1  |  Tps=1.3716
  14R : [ 212828.65 , 281283.97 ] → #round :   42 → [ 235548 , 196305 ]    t=1  |  Tps=1.3732
  14P : [ 221935.50 , 270450.00 ] → x                                    t=2  |  Tps=2.6978
  14R : [ 221935.50 , 270450.00 ] → #round :   18 → [ 204354 , 202020 ]    t=2  |  Tps=2.6987
  14P : [ 221935.50 , 269707.50 ] → x                                    t=3  |  Tps=4.1462
  14R : [ 221935.50 , 269707.50 ] → #round :   16 → [ 211473 , 210960 ]    t=3  |  Tps=4.147
  14P : [ 221935.50 , 269707.50 ] → x                                    t=4  |  Tps=5.6316
  14R : [ 221935.50 , 269707.50 ] → #round :   16 → [ 211473 , 210960 ]    t=4  |  Tps=5.6324
CYCLE!!!!!!!!!!!!!!!
  14C : [ 253656.00 , 355803.00 ] 
  14P : [ 217224.00 , 302040.00 ] → Admissible                           t=5  |  Tps=7.1609
   feasible 


5) Extraction des resultats

  Nombre de cycle : 2
   1  : [ 114852.00 , 610026.00 ] → Admissible 
   2  : [ 116877.00 , 560349.00 ] → Admissible 
   3  : [ 120699.00 , 507318.00 ] → Admissible 
   4  : [ 126891.00 , 477228.00 ] → Admissible 
   5  : [ 134676.00 , 425940.00 ] → Admissible 
   6  : [ 142125.00 , 395091.00 ] → Admissible 
   7  : [ 159033.00 , 352569.00 ] → Admissible 
   8  : [ 156633.00 , 361074.00 ] → Admissible 
   9  : [ 165213.00 , 335268.00 ] → Admissible 
  10  : [ 185361.00 , 293571.00 ] → Admissible 
  11  : [ 189024.00 , 302733.00 ] → Admissible 
  12  : [ 196365.00 , 328254.00 ] → Admissible 
  13  : [ 211071.00 , 283848.00 ] → Admissible 
  14  : [ 217224.00 , 302040.00 ] → Admissible 

6) Edition des resultats 

#U = 11
X_EBP = [114852, 116877, 120699, 126891, 134676, 142125, 156633, 159033, 165213, 185361, 211071]
Y_EBP = [610026, 560349, 507318, 477228, 425940, 395091, 361074, 352569, 335268, 293571, 283848]
XN = [114852, 114942, 114981, 114996, 115071, 115086, 115125, 115185, 115215, 115230, 115320, 115359, 115374, 115449, 115464, 115503, 115563, 115593, 115692, 115818, 115908, 115947, 115953, 116043, 116082, 116097, 116139, 116187, 116226, 116229, 116283, 116373, 116472, 116499, 116562, 116616, 116643, 116733, 116787, 116850, 116877, 116940, 116994, 117084, 117321, 117375, 117438, 117465, 117528, 117582, 117672, 117894, 117948, 118038, 118233, 118272, 118287, 118362, 118377, 118482, 118536, 118626, 118818, 118908, 119241, 119253, 119331, 119433, 119448, 119538, 119829, 119919, 119979, 120069, 120549, 120609, 120699, 121356, 121446, 121554, 121644, 121911, 122166, 122190, 122280, 122631, 122805, 122820, 122910, 123357, 123936, 123966, 124500, 124590, 124911, 124923, 125010, 125070, 125178, 125349, 125535, 125772, 125832, 125835, 125859, 125862, 126096, 126390, 126411, 126444, 126507, 126666, 126678, 126699, 126705, 126942, 127359, 127620, 127662, 127776, 127821, 127911, 128577, 128667, 129573, 129912, 130002, 130344, 130434, 130710, 130800, 131634, 131706, 131721, 132315, 132354, 132405, 132477, 132567, 132852, 132942, 134094, 134220, 134514, 134523, 134532, 134709, 135237, 135384, 135465, 135474, 136443, 136632, 137031, 137034, 137436, 137613, 137643, 138204, 138393, 138417, 138450, 138459, 138600, 138723, 138879, 139365, 139386, 139443, 139533, 139551, 139593, 139641, 139731, 140262, 140307, 140316, 140739, 140748, 141030, 141057, 141126, 141525, 141528, 141750, 142200, 142719, 143001, 143208, 143937, 144027, 144177, 144240, 144252, 144267, 144858, 145266, 145287, 145824, 146103, 146505, 146520, 146652, 146655, 146817, 147306, 147327, 147426, 148767, 148998, 149061, 149064, 149097, 149439, 149589, 149820, 149835, 150315, 150405, 151524, 151551, 151611, 152175, 152496, 154029, 154737, 154854, 155199, 155544, 155661, 155847, 155886, 156114, 156330, 156777, 156825, 156828, 156975, 157236, 157239, 158223, 158589, 158802, 159912, 160011, 160164, 160245, 160248, 160386, 160920, 161082, 161277, 161280, 161388, 161532, 161841, 162879, 162996, 163056, 164754, 164778, 164940, 165156, 165159, 165204, 165411, 165585, 165852, 165870, 166623, 166914, 167580, 168261, 168888, 169437, 169821, 170028, 170166, 170358, 170481, 170865, 171006, 171024, 171363, 171417, 171684, 171702, 172068, 172407, 172494, 172746, 174024, 174720, 174750, 175380, 176043, 176190, 176397, 177180, 177552, 177633, 178395, 178590, 178674, 179685, 179895, 180936, 180978, 182175, 182430, 182628, 183327, 183462, 184287, 184296, 184509, 184749, 184812, 184971, 185265, 185424, 186015, 186468, 189033, 189294, 189486, 189792, 190245, 192066, 192528, 192981, 194616, 194763, 195024, 195069, 195216, 196998, 197934, 198225, 198951, 199614, 199791, 199929, 200256, 200361, 200442, 200583, 201102, 201300, 201396, 202182, 202329, 202779, 204156, 204375, 204927, 206700, 207015, 207561, 207816, 208005, 208185, 208305, 208950, 209154, 209532, 210192, 210303, 211614, 211641, 211914, 211920, 212382, 212439, 212577, 213021, 213198, 213498, 213870, 215958, 216024, 216219, 216897, 217110, 217137, 217881, 218193, 218343, 218379, 219318, 219906, 221664, 223710, 224883, 225078, 225081, 225618, 225861, 226395, 226599, 226680, 226701, 226923, 227166, 228543, 228675, 228690, 228933, 228987, 230739, 230754, 232362, 232605, 233430, 233445, 239871, 240324, 241779, 242064, 247632, 250971]
YN = [610026, 608001, 607878, 606705, 605853, 604680, 604557, 604365, 602532, 597015, 594990, 594867, 593694, 592842, 591669, 591546, 591354, 589521, 589206, 589191, 587166, 587043, 583833, 581808, 581685, 580512, 579534, 578487, 578364, 577509, 576213, 574188, 573873, 573360, 573144, 571848, 565695, 563670, 562374, 562158, 560349, 560133, 558837, 556812, 555846, 554550, 554334, 552525, 552309, 551013, 548988, 547722, 546426, 544401, 544383, 544200, 543087, 542175, 541062, 539898, 538602, 536577, 533076, 531051, 530676, 530169, 528651, 528252, 525291, 523266, 522852, 520827, 517128, 515103, 515049, 509343, 507318, 506724, 504699, 503571, 501546, 500469, 500169, 498420, 496395, 495939, 493641, 490635, 488610, 483609, 480558, 477693, 477684, 475659, 475587, 475341, 475125, 474117, 472857, 471303, 469887, 469416, 469296, 469113, 468135, 467391, 465276, 463995, 463320, 463197, 462333, 462195, 461079, 460404, 459360, 457995, 456438, 456081, 454584, 451650, 448701, 446676, 442650, 440625, 439917, 439821, 437796, 436155, 434130, 433713, 431688, 431514, 430980, 430281, 429744, 429150, 427719, 427218, 425193, 423351, 421326, 420432, 419949, 419415, 416046, 415293, 414831, 414174, 413595, 413001, 411570, 409836, 408144, 408099, 407355, 407121, 407037, 404172, 403953, 403077, 403032, 402906, 402153, 401103, 400500, 400260, 400095, 400074, 400029, 399759, 398658, 398100, 396633, 395217, 394488, 394260, 393507, 391932, 391179, 391155, 390324, 389187, 389142, 388398, 387633, 386298, 383709, 383193, 381219, 381072, 380802, 380040, 379773, 379557, 378015, 377532, 376773, 373599, 373122, 372141, 372039, 371691, 371457, 370713, 370188, 369834, 368613, 364770, 364464, 364137, 364131, 363387, 362760, 362364, 361137, 360810, 357444, 356760, 354735, 353160, 352623, 350637, 350601, 344586, 344097, 343650, 342183, 341886, 341106, 341100, 341016, 340629, 338925, 337956, 336708, 336366, 336264, 336234, 332802, 332700, 331251, 329787, 329049, 327903, 327033, 326925, 326271, 326169, 325620, 324063, 323637, 322074, 321972, 321273, 318798, 318702, 317691, 317412, 314640, 314445, 312741, 312315, 312027, 311925, 309777, 308751, 308295, 307941, 307314, 305331, 303318, 303204, 302211, 301608, 300957, 300924, 299532, 299001, 298635, 296961, 296928, 296799, 296172, 295926, 295263, 294909, 294282, 292176, 291930, 291477, 290286, 287679, 286854, 286446, 285543, 285072, 284268, 283173, 282528, 281883, 279957, 278529, 278097, 277524, 276762, 276207, 274914, 272934, 271680, 271353, 269109, 268299, 267750, 267159, 266742, 266454, 266436, 262662, 261552, 260091, 258981, 257556, 254985, 254409, 254277, 251838, 251466, 248895, 248463, 248004, 245433, 243471, 243117, 242985, 240900, 240546, 239868, 237924, 237864, 237261, 236445, 236316, 236190, 236154, 235764, 235107, 233496, 232743, 232158, 231753, 230649, 229494, 229326, 229101, 228798, 227031, 226149, 225189, 225105, 225036, 224472, 223350, 222780, 222510, 222165, 221838, 221814, 220569, 220029, 219291, 218580, 218520, 218115, 217497, 216726, 216666, 215316, 213846, 213822, 213675, 213300, 211635, 211575, 210948, 210255, 209271, 209040, 209016, 204855, 204798, 202221, 201231, 200535, 200496, 200208, 199941, 199938, 198930, 198804, 198801, 196947, 196665, 195777, 195582, 195357, 195240, 194349, 194154, 193125, 192588, 191697, 191241, 190233, 188859, 187968, 185622, 184596, 184437, 180555, 179955, 177288]
Quality measure: 82.43 %
 58.964653 seconds (79.36 M allocations: 8.006 GiB, 1.26% gc time)
