0) instance et parametres 

  instance = sppnw34.txt | tailleSampling = 10 | maxTrial = 5 | maxTime = 9223372036854775807


1) calcule les etendues de valeurs sur les 2 objectifs

  f1_min=10453.50 ↔ f1_max=17937.00 (Δ=7483.50) 
  f2_min= 7516.20 ↔ f2_max=20094.00 (Δ=12577.80) 

2) calcule les generateurs par e-contrainte alternant minimiser z1 et z2

  z1  1 : ϵ = 20094.00  fRL = 10453.50  [ 10453.50 , 18676.50 ] 
  z2  1 : ϵ = 17937.00  fRL =  7516.20  [ 17937.00 ,  7516.20 ] 
  z1  2 : ϵ = 18696.47  fRL = 10453.50  [ 10453.50 , 18696.34 ] 
  z2  2 : ϵ = 17105.50  fRL =  7528.74  [ 17106.15 ,  7528.73 ] 
  z1  3 : ϵ = 17298.93  fRL = 10721.64  [ 10721.70 , 17298.60 ] 
  z2  3 : ϵ = 16274.00  fRL =  7541.28  [ 16275.30 ,  7541.26 ] 
  z1  4 : ϵ = 15901.40  fRL = 10993.66  [ 10986.37 , 15896.01 ] 
  z2  4 : ϵ = 15442.50  fRL =  7927.42  [ 15441.95 ,  7927.78 ] 
  z1  5 : ϵ = 14503.87  fRL = 11296.95  [ 11298.43 , 14503.63 ] 
  z2  5 : ϵ = 14611.00  fRL =  8606.86  [ 14611.84 ,  8606.09 ] 
  z1  6 : ϵ = 13106.33  fRL = 11629.01  [ 11629.21 , 13105.51 ] 
  z2  6 : ϵ = 13779.50  fRL =  9366.24  [ 13776.72 ,  9368.78 ] 
  z1  7 : ϵ = 11708.80  fRL = 12016.87  [ 12016.96 , 11708.51 ] 
  z2  7 : ϵ = 12948.00  fRL = 10125.62  [ 12964.63 , 10135.17 ] 
  z1  8 : ϵ = 10311.27  fRL = 12761.23  [ 12773.87 , 10321.73 ] 
  z2  8 : ϵ = 12116.50  fRL = 11362.30  [ 12116.87 , 11361.02 ] 

  → Allocation memoire pour 15 generateurs

3) place L dans structure et verifie l'admissibilite de chaque generateur

   1  : [ 10453.50 , 18676.50 ] → x          
   2  : [ 10453.50 , 18696.34 ] → x          
   3  : [ 10721.70 , 17298.60 ] → x          
   4  : [ 10986.37 , 15896.01 ] → x          
   5  : [ 11298.43 , 14503.63 ] → x          
   6  : [ 11629.21 , 13105.51 ] → x          
   7  : [ 12016.96 , 11708.51 ] → x          
   8  : [ 12773.87 , 10321.73 ] → x          
   9  : [ 12964.63 , 10135.17 ] → x          
  10  : [ 13776.72 ,  9368.78 ] → x          
  11  : [ 14611.84 ,  8606.09 ] → x          
  12  : [ 15441.95 ,  7927.78 ] → x          
  13  : [ 16275.30 ,  7541.26 ] → x          
  14  : [ 17106.15 ,  7528.73 ] → x          
  15  : [ 17937.00 ,  7516.20 ] → x          

  k=   1     xm= 10453.50   ym= 18676.50   Δx=  7483.50    Δy=     0.00   λ1= 0.00000    λ2= 1.00000 
  k=   2     xm= 10453.50   ym= 18696.34   Δx=  7483.50    Δy=    19.84   λ1= 0.00264    λ2= 0.99736 
  k=   3     xm= 10721.70   ym= 17298.60   Δx=  7215.30    Δy=  1377.90   λ1= 0.16035    λ2= 0.83965 
  k=   4     xm= 10986.37   ym= 15896.01   Δx=  6950.63    Δy=  2780.49   λ1= 0.28573    λ2= 0.71427 
  k=   5     xm= 11298.43   ym= 14503.63   Δx=  6638.57    Δy=  4172.87   λ1= 0.38597    λ2= 0.61403 
  k=   6     xm= 11629.21   ym= 13105.51   Δx=  6307.79    Δy=  5570.99   λ1= 0.46899    λ2= 0.53101 
  k=   7     xm= 12016.96   ym= 11708.51   Δx=  5920.04    Δy=  6967.99   λ1= 0.54066    λ2= 0.45934 
  k=   8     xm= 12773.87   ym= 10321.73   Δx=  5163.13    Δy=  8354.77   λ1= 0.61805    λ2= 0.38195 
  k=   9     xm= 12964.63   ym= 10135.17   Δx=  4972.37    Δy=  8541.33   λ1= 0.63205    λ2= 0.36795 
  k=  10     xm= 13776.72   ym= 9368.78   Δx=  4160.28    Δy=  9307.72   λ1= 0.69110    λ2= 0.30890 
  k=  11     xm= 14611.84   ym= 8606.09   Δx=  3325.16    Δy= 10070.41   λ1= 0.75177    λ2= 0.24823 
  k=  12     xm= 15441.95   ym= 7927.78   Δx=  2495.05    Δy= 10748.72   λ1= 0.81161    λ2= 0.18839 
  k=  13     xm= 16275.30   ym= 7541.26   Δx=  1661.70    Δy= 11135.24   λ1= 0.87015    λ2= 0.12985 
  k=  14     xm= 17106.15   ym= 7528.73   Δx=   830.85    Δy= 11147.77   λ1= 0.93064    λ2= 0.06936 
  k=  15     xm= 17937.00   ym= 7516.20   Δx=     0.00    Δy= 11160.30   λ1= 1.00000    λ2= 0.00000 
4) terraformation generateur par generateur 

   1R : [ 10453.50 , 18676.50 ] → #round :    4 → [ 11391 , 19257 ]    t=0  |  Tps=0.0
   1P : [ 13203.00 , 19194.00 ] → Admissible                           t=1  |  Tps=0.0034
   feasible 

   2R : [ 10453.50 , 18696.34 ] → #round :    5 → [  9516 , 18096 ]    t=0  |  Tps=0.0
   2P : [ 11850.00 , 20517.00 ] → Admissible                           t=1  |  Tps=0.0033
   feasible 

   3R : [ 10721.70 , 17298.60 ] → #round :   12 → [ 13953 , 16104 ]    t=0  |  Tps=0.0
   3P : [ 10701.00 , 19263.00 ] → Admissible                           t=1  |  Tps=0.0032
   feasible 

   4R : [ 10986.37 , 15896.01 ] → #round :   12 → [ 13209 , 18900 ]    t=0  |  Tps=0.0
   4P : [ 10797.00 , 18696.00 ] → Admissible                           t=1  |  Tps=0.0031
   feasible 

   5R : [ 11298.43 , 14503.63 ] → #round :   12 → [ 12387 , 15963 ]    t=0  |  Tps=0.0
   5P : [ 12474.00 , 16307.25 ] → x                                    t=1  |  Tps=0.0035
   5R : [ 12474.00 , 16307.25 ] → #round :    8 → [ 12840 , 15030 ]    t=1  |  Tps=0.0035
   5P : [ 12771.00 , 17616.00 ] → x                                    t=2  |  Tps=0.007
   5R : [ 12771.00 , 17616.00 ] → #round :    4 → [ 13863 , 16641 ]    t=2  |  Tps=0.007
   5P : [ 13005.36 , 17694.91 ] → x                                    t=3  |  Tps=0.0101
   5R : [ 13005.36 , 17694.91 ] → #round :    5 → [ 13863 , 16641 ]    t=3  |  Tps=0.0101
CYCLE!!!!!!!!!!!!!!!
   5C : [ 44823.00 , 43704.00 ] 
   5P : [ 14523.00 , 23889.00 ] → Admissible                           t=4  |  Tps=0.0132
   feasible 

   6R : [ 11629.21 , 13105.51 ] → #round :   12 → [ 13794 , 15867 ]    t=0  |  Tps=0.0
   6P : [ 11695.50 , 12826.50 ] → x                                    t=1  |  Tps=0.0031
   6R : [ 11695.50 , 12826.50 ] → #round :    8 → [ 13917 , 15729 ]    t=1  |  Tps=0.0031
   6P : [ 11695.50 , 12826.50 ] → x                                    t=2  |  Tps=0.0061
   6R : [ 11695.50 , 12826.50 ] → #round :    8 → [ 13917 , 15729 ]    t=2  |  Tps=0.0061
CYCLE!!!!!!!!!!!!!!!
   6C : [ 58392.00 , 45699.00 ] 
   6P : [ 14635.18 , 13327.48 ] → x                                    t=3  |  Tps=0.0094
   6R : [ 14635.18 , 13327.48 ] → #round :    8 → [ 12039 , 12399 ]    t=3  |  Tps=0.0094
   6P : [ 14576.96 , 14422.94 ] → x                                    t=4  |  Tps=0.0126
   6R : [ 14576.96 , 14422.94 ] → #round :    4 → [ 12792 , 13374 ]    t=4  |  Tps=0.0126
   6P : [ 15663.00 , 16668.00 ] → Admissible                           t=5  |  Tps=0.0157
   feasible 

   7R : [ 12016.96 , 11708.51 ] → #round :    9 → [ 13401 , 11223 ]    t=0  |  Tps=0.0
   7P : [ 12238.50 , 10938.00 ] → x                                    t=1  |  Tps=0.003
   7R : [ 12238.50 , 10938.00 ] → #round :    7 → [ 13143 , 10596 ]    t=1  |  Tps=0.003
   7P : [ 12238.50 , 10938.00 ] → x                                    t=2  |  Tps=0.006
   7R : [ 12238.50 , 10938.00 ] → #round :    7 → [ 13143 , 10596 ]    t=2  |  Tps=0.006
CYCLE!!!!!!!!!!!!!!!
   7C : [ 43332.00 , 34704.00 ] 
   7P : [ 12042.00 , 15217.50 ] → x                                    t=3  |  Tps=0.0094
   7R : [ 12042.00 , 15217.50 ] → #round :    3 → [ 14454 , 16242 ]    t=3  |  Tps=0.0094
   7P : [ 12285.00 , 16728.00 ] → Admissible                           t=4  |  Tps=0.0126
   feasible 

   8R : [ 12773.87 , 10321.73 ] → #round :   12 → [ 12669 , 10614 ]    t=0  |  Tps=0.0
   8P : [ 12417.00 , 16938.00 ] → Admissible                           t=1  |  Tps=0.0031
   feasible 

   9R : [ 12964.63 , 10135.17 ] → #round :   16 → [ 13146 , 10173 ]    t=0  |  Tps=0.0
   9P : [ 14430.00 , 11283.00 ] → Admissible                           t=1  |  Tps=0.0031
   feasible 

  10R : [ 13776.72 ,  9368.78 ] → #round :   16 → [ 16515 , 11883 ]    t=0  |  Tps=0.0
  10P : [ 14430.00 , 11283.00 ] → Admissible                           t=1  |  Tps=0.0031
   feasible 

  11R : [ 14611.84 ,  8606.09 ] → #round :   16 → [ 17655 , 10854 ]    t=0  |  Tps=0.0
  11P : [ 16260.00 , 13626.00 ] → Admissible                           t=1  |  Tps=0.0031
   feasible 

  12R : [ 15441.95 ,  7927.78 ] → #round :   14 → [ 19005 ,  9894 ]    t=0  |  Tps=0.0
  12P : [ 14430.00 , 11283.00 ] → Admissible                           t=1  |  Tps=0.003
   feasible 

  13R : [ 16275.30 ,  7541.26 ] → #round :   15 → [ 19278 ,  7764 ]    t=0  |  Tps=0.0
  13P : [ 14430.00 , 11283.00 ] → Admissible                           t=1  |  Tps=0.003
   feasible 

  14R : [ 17106.15 ,  7528.73 ] → #round :   15 → [ 17301 ,  8373 ]    t=0  |  Tps=0.0
  14P : [ 14091.00 , 14421.00 ] → Admissible                           t=1  |  Tps=0.0036
   feasible 

  15R : [ 17937.00 ,  7516.20 ] → #round :   12 → [ 20469 ,  8151 ]    t=0  |  Tps=0.0
  15P : [ 15177.00 , 10770.00 ] → Admissible                           t=1  |  Tps=0.0039
   feasible 


5) Extraction des resultats

  Nombre de cycle : 3
   1  : [ 13203.00 , 19194.00 ] → Admissible 
   2  : [ 11850.00 , 20517.00 ] → Admissible 
   3  : [ 10701.00 , 19263.00 ] → Admissible 
   4  : [ 10797.00 , 18696.00 ] → Admissible 
   5  : [ 14523.00 , 23889.00 ] → Admissible 
   6  : [ 15663.00 , 16668.00 ] → Admissible 
   7  : [ 12285.00 , 16728.00 ] → Admissible 
   8  : [ 12417.00 , 16938.00 ] → Admissible 
   9  : [ 14430.00 , 11283.00 ] → Admissible 
  10  : [ 14430.00 , 11283.00 ] → Admissible 
  11  : [ 16260.00 , 13626.00 ] → Admissible 
  12  : [ 14430.00 , 11283.00 ] → Admissible 
  13  : [ 14430.00 , 11283.00 ] → Admissible 
  14  : [ 14091.00 , 14421.00 ] → Admissible 
  15  : [ 15177.00 , 10770.00 ] → Admissible 

6) Edition des resultats 

#U = 6
X_EBP = [10701, 10797, 12285, 14091, 14430, 15177]
Y_EBP = [19263, 18696, 16728, 14421, 11283, 10770]
XN = [10488, 10701, 10713, 11289, 11796, 12060, 12603, 13725, 14277, 14418, 14430, 15177, 16881, 17751]
YN = [20157, 19263, 17484, 17202, 16491, 15942, 14244, 14232, 13923, 12114, 11283, 10770, 10572, 9606]
Quality measure: 85.55 %
  0.370632 seconds (1.52 M allocations: 143.731 MiB, 6.20% gc time)
