0) instance et parametres 

  instance = sppnw24.txt | tailleSampling = 10 | maxTrial = 5 | maxTime = 9223372036854775807


1) calcule les etendues de valeurs sur les 2 objectifs

  f1_min= 5843.00 ↔ f1_max=16875.00 (Δ=11032.00) 
  f2_min= 4177.50 ↔ f2_max=23916.00 (Δ=19738.50) 

2) calcule les generateurs par e-contrainte alternant minimiser z1 et z2

  z1  1 : ϵ = 23916.00  fRL =  5843.00  [  5843.00 , 23916.00 ] 
  z2  1 : ϵ = 16875.00  fRL =  4177.50  [ 16875.00 ,  4177.50 ] 
  z1  2 : ϵ = 21722.83  fRL =  5970.34  [  5970.47 , 21720.66 ] 
  z2  2 : ϵ = 15649.22  fRL =  4283.62  [ 15651.14 ,  4284.69 ] 
  z1  3 : ϵ = 19529.67  fRL =  6097.69  [  6097.94 , 19525.32 ] 
  z2  3 : ϵ = 14423.44  fRL =  4408.91  [ 14418.25 ,  4406.37 ] 
  z1  4 : ϵ = 17336.50  fRL =  6225.03  [  6222.71 , 17331.25 ] 
  z2  4 : ϵ = 13197.67  fRL =  4556.30  [ 13190.54 ,  4553.28 ] 
  z1  5 : ϵ = 15143.33  fRL =  6352.38  [  6350.18 , 15135.91 ] 
  z2  5 : ϵ = 11971.89  fRL =  4727.24  [ 11968.88 ,  4725.22 ] 
  z1  6 : ϵ = 12950.17  fRL =  6565.84  [  6569.36 , 12955.40 ] 
  z2  6 : ϵ = 10746.11  fRL =  4925.10  [ 10743.13 ,  4923.52 ] 
  z1  7 : ϵ = 10757.00  fRL =  7091.10  [  7088.75 , 10754.67 ] 
  z2  7 : ϵ =  9520.33  fRL =  5653.35  [  9520.43 ,  5653.23 ] 
  z1  8 : ϵ =  8563.83  fRL =  7990.81  [  7990.16 ,  8563.45 ] 
  z2  8 : ϵ =  8294.56  fRL =  7953.10  [  8294.53 ,  7951.46 ] 
  z1  9 : ϵ =  6370.67  fRL =  9081.57  [  9086.19 ,  6374.52 ] 

  → Allocation memoire pour 16 generateurs

3) place L dans structure et verifie l'admissibilite de chaque generateur

   1  : [  5843.00 , 23916.00 ] → x          
   2  : [  5970.47 , 21720.66 ] → x          
   3  : [  6097.94 , 19525.32 ] → x          
   4  : [  6222.71 , 17331.25 ] → x          
   5  : [  6350.18 , 15135.91 ] → x          
   6  : [  6569.36 , 12955.40 ] → x          
   7  : [  7088.75 , 10754.67 ] → x          
   8  : [  7990.16 ,  8563.45 ] → x          
   9  : [  8294.53 ,  7951.46 ] → x          
  10  : [  9520.43 ,  5653.23 ] → x          
  11  : [ 10743.13 ,  4923.52 ] → x          
  12  : [ 11968.88 ,  4725.22 ] → x          
  13  : [ 13190.54 ,  4553.28 ] → x          
  14  : [ 14418.25 ,  4406.37 ] → x          
  15  : [ 15651.14 ,  4284.69 ] → x          
  16  : [ 16875.00 ,  4177.50 ] → x          

  k=   1     xm= 5843.00   ym= 23916.00   Δx= 11032.00    Δy=     0.00   λ1= 0.00000    λ2= 1.00000 
  k=   2     xm= 5970.47   ym= 21720.66   Δx= 10904.53    Δy=  2195.34   λ1= 0.16758    λ2= 0.83242 
  k=   3     xm= 6097.94   ym= 19525.32   Δx= 10777.06    Δy=  4390.68   λ1= 0.28947    λ2= 0.71053 
  k=   4     xm= 6222.71   ym= 17331.25   Δx= 10652.29    Δy=  6584.75   λ1= 0.38201    λ2= 0.61799 
  k=   5     xm= 6350.18   ym= 15135.91   Δx= 10524.82    Δy=  8780.09   λ1= 0.45481    λ2= 0.54519 
  k=   6     xm= 6569.36   ym= 12955.40   Δx= 10305.64    Δy= 10960.60   λ1= 0.51540    λ2= 0.48460 
  k=   7     xm= 7088.75   ym= 10754.67   Δx=  9786.25    Δy= 13161.33   λ1= 0.57354    λ2= 0.42646 
  k=   8     xm= 7990.16   ym= 8563.45   Δx=  8884.84    Δy= 15352.55   λ1= 0.63342    λ2= 0.36658 
  k=   9     xm= 8294.53   ym= 7951.46   Δx=  8580.47    Δy= 15964.54   λ1= 0.65042    λ2= 0.34958 
  k=  10     xm= 9520.43   ym= 5653.23   Δx=  7354.57    Δy= 18262.77   λ1= 0.71291    λ2= 0.28709 
  k=  11     xm= 10743.13   ym= 4923.52   Δx=  6131.87    Δy= 18992.48   λ1= 0.75594    λ2= 0.24406 
  k=  12     xm= 11968.88   ym= 4725.22   Δx=  4906.12    Δy= 19190.78   λ1= 0.79640    λ2= 0.20360 
  k=  13     xm= 13190.54   ym= 4553.28   Δx=  3684.46    Δy= 19362.72   λ1= 0.84013    λ2= 0.15987 
  k=  14     xm= 14418.25   ym= 4406.37   Δx=  2456.75    Δy= 19509.63   λ1= 0.88816    λ2= 0.11184 
  k=  15     xm= 15651.14   ym= 4284.69   Δx=  1223.86    Δy= 19631.31   λ1= 0.94132    λ2= 0.05868 
  k=  16     xm= 16875.00   ym= 4177.50   Δx=     0.00    Δy= 19738.50   λ1= 1.00000    λ2= 0.00000 
4) terraformation generateur par generateur 

   1R : [  5843.00 , 23916.00 ] → #round :    6 → [  7748 , 27856 ]    t=0  |  Tps=0.0
   1P : [  7950.20 , 20734.93 ] → x                                    t=1  |  Tps=0.0052
   1R : [  7950.20 , 20734.93 ] → #round :    6 → [  6486 , 23010 ]    t=1  |  Tps=0.0052
   1P : [  9094.00 , 25942.00 ] → Admissible                           t=2  |  Tps=0.0101
   feasible 

   2R : [  5970.47 , 21720.66 ] → #round :    9 → [  7518 , 25892 ]    t=0  |  Tps=0.0
   2P : [  6584.00 , 25008.00 ] → Admissible                           t=1  |  Tps=0.0049
   feasible 

   3R : [  6097.94 , 19525.32 ] → #round :    9 → [  6690 , 18644 ]    t=0  |  Tps=0.0
   3P : [  7982.00 , 18092.00 ] → Admissible                           t=1  |  Tps=0.005
   feasible 

   4R : [  6222.71 , 17331.25 ] → #round :    9 → [  6690 , 18644 ]    t=0  |  Tps=0.0
   4P : [  7982.00 , 18092.00 ] → Admissible                           t=1  |  Tps=0.0048
   feasible 

   5R : [  6350.18 , 15135.91 ] → #round :    9 → [  6690 , 18644 ]    t=0  |  Tps=0.0
   5P : [  7982.00 , 18092.00 ] → Admissible                           t=1  |  Tps=0.005
   feasible 

   6R : [  6569.36 , 12955.40 ] → #round :   10 → [  8564 , 14694 ]    t=0  |  Tps=0.0
   6P : [  6450.00 , 13462.00 ] → Admissible                           t=1  |  Tps=0.005
   feasible 

   7R : [  7088.75 , 10754.67 ] → #round :    9 → [  8722 , 12238 ]    t=0  |  Tps=0.0
   7P : [  7752.00 , 11882.00 ] → x                                    t=1  |  Tps=0.0053
   7R : [  7752.00 , 11882.00 ] → #round :    7 → [  8244 , 12638 ]    t=1  |  Tps=0.0053
   7P : [  7396.00 , 12435.00 ] → x                                    t=2  |  Tps=0.0102
   7R : [  7396.00 , 12435.00 ] → #round :    5 → [  7796 , 12156 ]    t=2  |  Tps=0.0103
   7P : [  7396.00 , 12435.00 ] → x                                    t=3  |  Tps=0.0155
   7R : [  7396.00 , 12435.00 ] → #round :    5 → [  7796 , 12156 ]    t=3  |  Tps=0.0155
CYCLE!!!!!!!!!!!!!!!
   7C : [ 48284.00 , 43376.00 ] 
   7P : [ 10259.00 , 14574.00 ] → x                                    t=4  |  Tps=0.0206
   7R : [ 10259.00 , 14574.00 ] → #round :    4 → [  9976 , 13918 ]    t=4  |  Tps=0.0206
   7P : [ 10388.00 , 18136.00 ] → Admissible                           t=5  |  Tps=0.026
   feasible 

   8R : [  7990.16 ,  8563.45 ] → #round :   14 → [  8818 ,  7324 ]    t=0  |  Tps=0.0
   8P : [  8143.60 ,  8447.20 ] → x                                    t=1  |  Tps=0.0055
   8R : [  8143.60 ,  8447.20 ] → #round :   11 → [  9428 , 10274 ]    t=1  |  Tps=0.0055
   8P : [  7952.00 , 12614.00 ] → x                                    t=2  |  Tps=0.011
   8R : [  7952.00 , 12614.00 ] → #round :    7 → [ 10160 , 12122 ]    t=2  |  Tps=0.0111
   8P : [  9615.85 , 10049.05 ] → x                                    t=3  |  Tps=0.0168
   8R : [  9615.85 , 10049.05 ] → #round :    6 → [ 12032 , 11582 ]    t=3  |  Tps=0.0168
   8P : [ 11807.32 , 10779.45 ] → x                                    t=4  |  Tps=0.0222
   8R : [ 11807.32 , 10779.45 ] → #round :    9 → [  9114 ,  8334 ]    t=4  |  Tps=0.0223
   8P : [ 12444.67 , 10897.43 ] → x                                    t=5  |  Tps=0.0276
   8R : [ 12444.67 , 10897.43 ] → #round :    4 → [  9114 ,  8334 ]    t=5  |  Tps=0.0277
CYCLE!!!!!!!!!!!!!!!
   8C : [ 81274.00 , 61198.00 ] 
   8P : [ 13344.00 , 10781.00 ] → x                                    t=6  |  Tps=0.0327
   8R : [ 13344.00 , 10781.00 ] → #round :    4 → [  9268 ,  8020 ]    t=6  |  Tps=0.0327
   maxTrial 

   9R : [  8294.53 ,  7951.46 ] → #round :   14 → [ 11734 ,  8714 ]    t=0  |  Tps=0.0
   9P : [  8493.76 ,  8567.34 ] → x                                    t=1  |  Tps=0.0048
   9R : [  8493.76 ,  8567.34 ] → #round :   12 → [ 11524 ,  8364 ]    t=1  |  Tps=0.0049
   9P : [  9036.28 ,  8497.47 ] → x                                    t=2  |  Tps=0.0097
   9R : [  9036.28 ,  8497.47 ] → #round :   14 → [ 10746 ,  9108 ]    t=2  |  Tps=0.0097
   9P : [  9449.60 ,  9169.60 ] → x                                    t=3  |  Tps=0.0147
   9R : [  9449.60 ,  9169.60 ] → #round :   14 → [  9312 ,  7252 ]    t=3  |  Tps=0.0148
   9P : [  9754.05 ,  9594.09 ] → x                                    t=4  |  Tps=0.02
   9R : [  9754.05 ,  9594.09 ] → #round :    7 → [  9312 ,  7252 ]    t=4  |  Tps=0.02
CYCLE!!!!!!!!!!!!!!!
   9C : [ 119460.00 , 95858.00 ] 
   9P : [ 11420.34 , 12560.46 ] → x                                    t=5  |  Tps=0.0253
   9R : [ 11420.34 , 12560.46 ] → #round :   13 → [  9578 ,  9258 ]    t=5  |  Tps=0.0253
   9P : [ 10578.00 , 10486.00 ] → Admissible                           t=6  |  Tps=0.0307
   feasible 

  10R : [  9520.43 ,  5653.23 ] → #round :   16 → [  9842 ,  6902 ]    t=0  |  Tps=0.0
  10P : [  8875.00 ,  7899.50 ] → x                                    t=1  |  Tps=0.0052
  10R : [  8875.00 ,  7899.50 ] → #round :   12 → [ 10296 ,  7648 ]    t=1  |  Tps=0.0052
  10P : [  9130.00 ,  8360.00 ] → x                                    t=2  |  Tps=0.0106
  10R : [  9130.00 ,  8360.00 ] → #round :    5 → [ 11664 ,  6946 ]    t=2  |  Tps=0.0106
  10P : [  9130.00 ,  8360.00 ] → x                                    t=3  |  Tps=0.0159
  10R : [  9130.00 ,  8360.00 ] → #round :    5 → [ 11664 ,  6946 ]    t=3  |  Tps=0.0159
CYCLE!!!!!!!!!!!!!!!
  10C : [ 96094.00 , 75922.00 ] 
  10P : [ 11632.00 ,  9249.00 ] → x                                    t=4  |  Tps=0.0214
  10R : [ 11632.00 ,  9249.00 ] → #round :    9 → [ 12772 ,  6892 ]    t=4  |  Tps=0.0214
  10P : [ 10951.00 ,  7783.00 ] → x                                    t=5  |  Tps=0.0267
  10R : [ 10951.00 ,  7783.00 ] → #round :    6 → [ 10218 ,  7196 ]    t=5  |  Tps=0.0267
  10P : [  8890.00 , 17232.00 ] → Admissible                           t=6  |  Tps=0.032
   feasible 

  11R : [ 10743.13 ,  4923.52 ] → #round :   16 → [ 13624 ,  5282 ]    t=0  |  Tps=0.0
  11P : [  9907.00 ,  8257.00 ] → x                                    t=1  |  Tps=0.0055
  11R : [  9907.00 ,  8257.00 ] → #round :    8 → [ 10450 ,  5938 ]    t=1  |  Tps=0.0056
  11P : [  8040.00 , 10932.00 ] → Admissible                           t=2  |  Tps=0.0111
   feasible 

  12R : [ 11968.88 ,  4725.22 ] → #round :   16 → [ 14018 ,  5390 ]    t=0  |  Tps=0.0
  12P : [ 10559.00 , 10323.00 ] → x                                    t=1  |  Tps=0.0247
  12R : [ 10559.00 , 10323.00 ] → #round :    6 → [ 12442 ,  7876 ]    t=1  |  Tps=0.0248
  12P : [ 10649.75 , 11568.64 ] → x                                    t=2  |  Tps=0.0298
  12R : [ 10649.75 , 11568.64 ] → #round :    9 → [ 13454 ,  6802 ]    t=2  |  Tps=0.0298
  12P : [ 10456.00 , 10865.00 ] → x                                    t=3  |  Tps=0.0348
  12R : [ 10456.00 , 10865.00 ] → #round :    7 → [ 13454 ,  6802 ]    t=3  |  Tps=0.0348
CYCLE!!!!!!!!!!!!!!!
  12C : [ 22834.00 , 25126.00 ] 
  12P : [  9782.00 , 10610.00 ] → Admissible                           t=4  |  Tps=0.04
   feasible 

  13R : [ 13190.54 ,  4553.28 ] → #round :   16 → [ 13198 ,  5394 ]    t=0  |  Tps=0.0
  13P : [ 12228.00 , 13206.00 ] → Admissible                           t=1  |  Tps=0.0053
   feasible 

  14R : [ 14418.25 ,  4406.37 ] → #round :   16 → [ 15508 ,  5592 ]    t=0  |  Tps=0.0
  14P : [ 17408.00 ,  4848.00 ] → Admissible                           t=1  |  Tps=0.0064
   feasible 

  15R : [ 15651.14 ,  4284.69 ] → #round :   16 → [ 15508 ,  5592 ]    t=0  |  Tps=0.0001
  15P : [ 17278.00 ,  6706.00 ] → Admissible                           t=1  |  Tps=0.0071
   feasible 

  16R : [ 16875.00 ,  4177.50 ] → #round :    7 → [ 22294 ,  5508 ]    t=0  |  Tps=0.0
  16P : [ 15019.00 ,  8873.00 ] → x                                    t=1  |  Tps=0.0054
  16R : [ 15019.00 ,  8873.00 ] → #round :    7 → [ 22294 ,  5508 ]    t=1  |  Tps=0.0055
CYCLE!!!!!!!!!!!!!!!
  16C : [ 99972.00 , 80260.00 ] 
  16P : [ 11188.00 , 22124.00 ] → Admissible                           t=2  |  Tps=0.0104
   feasible 


5) Extraction des resultats

  Nombre de cycle : 6
   1  : [  9094.00 , 25942.00 ] → Admissible 
   2  : [  6584.00 , 25008.00 ] → Admissible 
   3  : [  7982.00 , 18092.00 ] → Admissible 
   4  : [  7982.00 , 18092.00 ] → Admissible 
   5  : [  7982.00 , 18092.00 ] → Admissible 
   6  : [  6450.00 , 13462.00 ] → Admissible 
   7  : [ 10388.00 , 18136.00 ] → Admissible 
   8  : [  9268.00 ,  8020.00 ] → x          
   9  : [ 10578.00 , 10486.00 ] → Admissible 
  10  : [  8890.00 , 17232.00 ] → Admissible 
  11  : [  8040.00 , 10932.00 ] → Admissible 
  12  : [  9782.00 , 10610.00 ] → Admissible 
  13  : [ 12228.00 , 13206.00 ] → Admissible 
  14  : [ 17408.00 ,  4848.00 ] → Admissible 
  15  : [ 17278.00 ,  6706.00 ] → Admissible 
  16  : [ 11188.00 , 22124.00 ] → Admissible 

6) Edition des resultats 

#U = 6
X_EBP = [6450, 8040, 9782, 10578, 17278, 17408]
Y_EBP = [13462, 10932, 10610, 10486, 6706, 4848]
XN = [6314, 6396, 6432, 6438, 6450, 7568, 7736, 7742, 7756, 7978, 7992, 8840, 9060, 9074, 9406, 12772, 14612, 14804, 15800, 15944, 17408]
YN = [22302, 20976, 18776, 17242, 13462, 12356, 11796, 11636, 11296, 11144, 10804, 10558, 10004, 8136, 6716, 6636, 6368, 6150, 6036, 5922, 4848]
Quality measure: 78.49 %
  0.562342 seconds (3.15 M allocations: 285.495 MiB, 6.29% gc time)
