0) instance et parametres 

  instance = sppnw04.txt | tailleSampling = 10 | maxTrial = 5 | maxTime = 9223372036854775807


1) calcule les etendues de valeurs sur les 2 objectifs

  f1_min=16310.67 ↔ f1_max=24887.45 (Δ=8576.78) 
  f2_min= 9443.27 ↔ f2_max=29889.33 (Δ=20446.06) 

2) calcule les generateurs par e-contrainte alternant minimiser z1 et z2

  z1  1 : ϵ = 29889.33  fRL = 16310.67  [ 16310.15 , 29886.73 ] 
  z2  1 : ϵ = 24887.45  fRL =  9443.27  [ 24900.78 ,  9447.83 ] 
  z1  2 : ϵ = 27617.55  fRL = 16311.82  [ 16312.21 , 27619.38 ] 
  z2  2 : ϵ = 23934.47  fRL =  9443.29  [ 23931.34 ,  9439.74 ] 
  z1  3 : ϵ = 25345.76  fRL = 16316.37  [ 16314.19 , 25343.77 ] 
  z2  3 : ϵ = 22981.50  fRL =  9444.64  [ 22980.55 ,  9444.65 ] 
  z1  4 : ϵ = 23073.98  fRL = 16337.92  [ 16337.06 , 23074.78 ] 
  z2  4 : ϵ = 22028.52  fRL =  9447.69  [ 22037.80 ,  9452.33 ] 
  z1  5 : ϵ = 20802.19  fRL = 16651.61  [ 16649.84 , 20803.86 ] 
  z2  5 : ϵ = 21075.55  fRL =  9574.76  [ 21079.90 ,  9575.98 ] 
  z1  6 : ϵ = 18530.41  fRL = 17248.05  [ 17245.37 , 18524.66 ] 
  z2  6 : ϵ = 20122.57  fRL = 10282.85  [ 20117.19 , 10278.54 ] 
  z1  7 : ϵ = 16258.62  fRL = 17927.12  [ 17926.18 , 16257.34 ] 
  z2  7 : ϵ = 19169.60  fRL = 12671.94  [ 19164.78 , 12671.33 ] 
  z1  8 : ϵ = 13986.84  fRL = 18695.37  [ 18693.85 , 13986.68 ] 
  z2  8 : ϵ = 18216.62  fRL = 15367.74  [ 18222.45 , 15373.43 ] 

  → Allocation memoire pour 15 generateurs

3) place L dans structure et verifie l'admissibilite de chaque generateur

   1  : [ 16310.15 , 29886.73 ] → x          
   2  : [ 16312.21 , 27619.38 ] → x          
   3  : [ 16314.19 , 25343.77 ] → x          
   4  : [ 16337.06 , 23074.78 ] → x          
   5  : [ 16649.84 , 20803.86 ] → x          
   6  : [ 17245.37 , 18524.66 ] → x          
   7  : [ 17926.18 , 16257.34 ] → x          
   8  : [ 18693.85 , 13986.68 ] → x          
   9  : [ 19164.78 , 12671.33 ] → x          
  10  : [ 20117.19 , 10278.54 ] → x          
  11  : [ 21079.90 ,  9575.98 ] → x          
  12  : [ 22037.80 ,  9452.33 ] → x          
  13  : [ 22980.55 ,  9444.65 ] → x          
  14  : [ 23931.34 ,  9439.74 ] → x          
  15  : [ 24900.78 ,  9447.83 ] → x          

  k=   1     xm= 16310.15   ym= 29886.73   Δx=  8590.63    Δy=     0.00   λ1= 0.00000    λ2= 1.00000 
  k=   2     xm= 16312.21   ym= 27619.38   Δx=  8588.57    Δy=  2267.35   λ1= 0.20886    λ2= 0.79114 
  k=   3     xm= 16314.19   ym= 25343.77   Δx=  8586.59    Δy=  4542.96   λ1= 0.34601    λ2= 0.65399 
  k=   4     xm= 16337.06   ym= 23074.78   Δx=  8563.72    Δy=  6811.95   λ1= 0.44303    λ2= 0.55697 
  k=   5     xm= 16649.84   ym= 20803.86   Δx=  8250.94    Δy=  9082.87   λ1= 0.52400    λ2= 0.47600 
  k=   6     xm= 17245.37   ym= 18524.66   Δx=  7655.41    Δy= 11362.07   λ1= 0.59745    λ2= 0.40255 
  k=   7     xm= 17926.18   ym= 16257.34   Δx=  6974.60    Δy= 13629.39   λ1= 0.66149    λ2= 0.33851 
  k=   8     xm= 18693.85   ym= 13986.68   Δx=  6206.93    Δy= 15900.05   λ1= 0.71923    λ2= 0.28077 
  k=   9     xm= 19164.78   ym= 12671.33   Δx=  5736.00    Δy= 17215.40   λ1= 0.75008    λ2= 0.24992 
  k=  10     xm= 20117.19   ym= 10278.54   Δx=  4783.59    Δy= 19608.19   λ1= 0.80389    λ2= 0.19611 
  k=  11     xm= 21079.90   ym= 9575.98   Δx=  3820.88    Δy= 20310.75   λ1= 0.84167    λ2= 0.15833 
  k=  12     xm= 22037.80   ym= 9452.33   Δx=  2862.98    Δy= 20434.40   λ1= 0.87711    λ2= 0.12289 
  k=  13     xm= 22980.55   ym= 9444.65   Δx=  1920.23    Δy= 20442.08   λ1= 0.91413    λ2= 0.08587 
  k=  14     xm= 23931.34   ym= 9439.74   Δx=   969.44    Δy= 20446.99   λ1= 0.95473    λ2= 0.04527 
  k=  15     xm= 24900.78   ym= 9447.83   Δx=     0.00    Δy= 20438.90   λ1= 1.00000    λ2= 0.00000 
4) terraformation generateur par generateur 

   1R : [ 16310.15 , 29886.73 ] → #round :    6 → [ 16820 , 30680 ]    t=0  |  Tps=0.0007
   1P : [ 19057.00 , 27966.00 ] → x                                    t=1  |  Tps=0.6254
   1R : [ 19057.00 , 27966.00 ] → #round :    4 → [ 18620 , 28236 ]    t=1  |  Tps=0.6259
   1P : [ 19274.72 , 28495.76 ] → x                                    t=2  |  Tps=1.2412
   1R : [ 19274.72 , 28495.76 ] → #round :   22 → [ 17880 , 29340 ]    t=2  |  Tps=1.243
   1P : [ 19334.06 , 28312.39 ] → x                                    t=3  |  Tps=1.8669
   1R : [ 19334.06 , 28312.39 ] → #round :    8 → [ 17880 , 29340 ]    t=3  |  Tps=1.8678
CYCLE!!!!!!!!!!!!!!!
   1C : [ 50430.00 , 48916.00 ] 
   1P : [ 19063.05 , 26284.59 ] → x                                    t=4  |  Tps=2.7012
   1R : [ 19063.05 , 26284.59 ] → #round :   23 → [ 18272 , 28922 ]    t=4  |  Tps=2.703
   1P : [ 19050.00 , 26020.00 ] → Admissible                           t=5  |  Tps=3.3422
   feasible 

   2R : [ 16312.21 , 27619.38 ] → #round :   14 → [ 17010 , 28328 ]    t=0  |  Tps=0.0011
   2P : [ 18257.99 , 28312.84 ] → x                                    t=1  |  Tps=0.6816
   2R : [ 18257.99 , 28312.84 ] → #round :   25 → [ 16532 , 27996 ]    t=1  |  Tps=0.6835
   2P : [ 17696.00 , 28108.00 ] → x                                    t=2  |  Tps=1.2874
   2R : [ 17696.00 , 28108.00 ] → #round :    6 → [ 17632 , 28416 ]    t=2  |  Tps=1.2881
   2P : [ 17978.33 , 27859.05 ] → x                                    t=3  |  Tps=1.8919
   2R : [ 17978.33 , 27859.05 ] → #round :   15 → [ 17632 , 28416 ]    t=3  |  Tps=1.8933
CYCLE!!!!!!!!!!!!!!!
   2C : [ 38508.00 , 35628.00 ] 
   2P : [ 20494.00 , 24774.00 ] → Admissible                           t=4  |  Tps=2.4739
   feasible 

   3R : [ 16314.19 , 25343.77 ] → #round :   15 → [ 16666 , 24808 ]    t=0  |  Tps=0.0012
   3P : [ 17305.86 , 24267.06 ] → x                                    t=1  |  Tps=0.6665
   3R : [ 17305.86 , 24267.06 ] → #round :   17 → [ 16716 , 25000 ]    t=1  |  Tps=0.6678
   3P : [ 17882.03 , 24960.15 ] → x                                    t=2  |  Tps=1.3358
   3R : [ 17882.03 , 24960.15 ] → #round :   13 → [ 16716 , 25000 ]    t=2  |  Tps=1.3369
CYCLE!!!!!!!!!!!!!!!
   3C : [ 82082.00 , 74376.00 ] 
   3P : [ 22480.75 , 27840.95 ] → x                                    t=3  |  Tps=1.9452
   3R : [ 22480.75 , 27840.95 ] → #round :   17 → [ 18724 , 26880 ]    t=3  |  Tps=1.9465
   3P : [ 20362.00 , 28071.00 ] → x                                    t=4  |  Tps=2.6447
   3R : [ 20362.00 , 28071.00 ] → #round :    4 → [ 16476 , 24926 ]    t=4  |  Tps=2.6453
   3P : [ 19200.71 , 27002.59 ] → x                                    t=5  |  Tps=3.3295
   3R : [ 19200.71 , 27002.59 ] → #round :   20 → [ 16476 , 24926 ]    t=5  |  Tps=3.331
CYCLE!!!!!!!!!!!!!!!
   3C : [ 34690.00 , 36876.00 ] 
   3P : [ 20551.92 , 24845.64 ] → x                                    t=6  |  Tps=3.9212
   3R : [ 20551.92 , 24845.64 ] → #round :   19 → [ 17986 , 24846 ]    t=6  |  Tps=3.9228
   maxTrial 

   4R : [ 16337.06 , 23074.78 ] → #round :   11 → [ 16928 , 22444 ]    t=0  |  Tps=0.001
   4P : [ 17061.60 , 22808.40 ] → x                                    t=1  |  Tps=0.6317
   4R : [ 17061.60 , 22808.40 ] → #round :    5 → [ 16932 , 23196 ]    t=1  |  Tps=0.6324
   4P : [ 16985.34 , 22858.94 ] → x                                    t=2  |  Tps=1.2644
   4R : [ 16985.34 , 22858.94 ] → #round :   11 → [ 16932 , 23196 ]    t=2  |  Tps=1.2655
CYCLE!!!!!!!!!!!!!!!
   4C : [ 63460.00 , 66322.00 ] 
   4P : [ 20863.72 , 25524.37 ] → x                                    t=3  |  Tps=1.9251
   4R : [ 20863.72 , 25524.37 ] → #round :   14 → [ 17128 , 23652 ]    t=3  |  Tps=1.9264
   4P : [ 19656.10 , 23933.35 ] → x                                    t=4  |  Tps=2.5348
   4R : [ 19656.10 , 23933.35 ] → #round :   14 → [ 16404 , 23566 ]    t=4  |  Tps=2.536
   4P : [ 17574.31 , 23276.70 ] → x                                    t=5  |  Tps=3.1393
   4R : [ 17574.31 , 23276.70 ] → #round :   13 → [ 16772 , 23550 ]    t=5  |  Tps=3.1406
   4P : [ 17576.34 , 23454.51 ] → x                                    t=6  |  Tps=3.7487
   4R : [ 17576.34 , 23454.51 ] → #round :   11 → [ 16772 , 23550 ]    t=6  |  Tps=3.7497
CYCLE!!!!!!!!!!!!!!!
   4C : [ 54738.00 , 56454.00 ] 
   maxTrial 

   5R : [ 16649.84 , 20803.86 ] → #round :   20 → [ 16960 , 21434 ]    t=0  |  Tps=0.0017
   5P : [ 17012.66 , 21443.89 ] → x                                    t=1  |  Tps=0.6547
   5R : [ 17012.66 , 21443.89 ] → #round :    9 → [ 18940 , 21310 ]    t=1  |  Tps=0.6556
   5P : [ 17536.07 , 21391.36 ] → x                                    t=2  |  Tps=1.3154
   5R : [ 17536.07 , 21391.36 ] → #round :    7 → [ 17224 , 20472 ]    t=2  |  Tps=1.3162
   5P : [ 18962.00 , 22688.00 ] → Admissible                           t=3  |  Tps=1.9841
   feasible 

   6R : [ 17245.37 , 18524.66 ] → #round :   26 → [ 17738 , 19654 ]    t=0  |  Tps=0.0019
   6P : [ 17518.76 , 18894.66 ] → x                                    t=1  |  Tps=0.6083
   6R : [ 17518.76 , 18894.66 ] → #round :   20 → [ 18352 , 19744 ]    t=1  |  Tps=0.6099
   6P : [ 19019.23 , 19168.59 ] → x                                    t=2  |  Tps=1.198
   6R : [ 19019.23 , 19168.59 ] → #round :   22 → [ 19188 , 19772 ]    t=2  |  Tps=1.1999
   6P : [ 18620.75 , 19076.45 ] → x                                    t=3  |  Tps=1.8131
   6R : [ 18620.75 , 19076.45 ] → #round :   16 → [ 18324 , 19358 ]    t=3  |  Tps=1.8145
   6P : [ 18880.50 , 20348.50 ] → x                                    t=4  |  Tps=2.4241
   6R : [ 18880.50 , 20348.50 ] → #round :   10 → [ 17926 , 18430 ]    t=4  |  Tps=2.4252
   6P : [ 18941.41 , 19545.85 ] → x                                    t=5  |  Tps=3.0194
   6R : [ 18941.41 , 19545.85 ] → #round :   18 → [ 18258 , 19918 ]    t=5  |  Tps=3.021
   6P : [ 18937.10 , 19571.97 ] → x                                    t=6  |  Tps=3.6377
   6R : [ 18937.10 , 19571.97 ] → #round :   10 → [ 19666 , 19352 ]    t=6  |  Tps=3.6387
   maxTrial 

   7R : [ 17926.18 , 16257.34 ] → #round :   25 → [ 18296 , 16484 ]    t=0  |  Tps=0.0018
   7P : [ 18395.54 , 16791.80 ] → x                                    t=1  |  Tps=0.6274
   7R : [ 18395.54 , 16791.80 ] → #round :   26 → [ 18054 , 16712 ]    t=1  |  Tps=0.6293
   7P : [ 18332.68 , 17151.29 ] → x                                    t=2  |  Tps=1.2097
   7R : [ 18332.68 , 17151.29 ] → #round :   21 → [ 18088 , 16872 ]    t=2  |  Tps=1.2114
   7P : [ 18088.60 , 17187.27 ] → x                                    t=3  |  Tps=1.8503
   7R : [ 18088.60 , 17187.27 ] → #round :   17 → [ 18618 , 17836 ]    t=3  |  Tps=1.8516
   7P : [ 17754.00 , 17978.00 ] → x                                    t=4  |  Tps=2.4611
   7R : [ 17754.00 , 17978.00 ] → #round :   10 → [ 18324 , 18070 ]    t=4  |  Tps=2.4619
   7P : [ 17742.15 , 18067.21 ] → x                                    t=5  |  Tps=3.0775
   7R : [ 17742.15 , 18067.21 ] → #round :   11 → [ 18186 , 17900 ]    t=5  |  Tps=3.0785
   7P : [ 17980.45 , 17247.50 ] → x                                    t=6  |  Tps=3.6986
   7R : [ 17980.45 , 17247.50 ] → #round :   20 → [ 18652 , 17808 ]    t=6  |  Tps=3.7002
   maxTrial 

   8R : [ 18693.85 , 13986.68 ] → #round :   26 → [ 19358 , 16250 ]    t=0  |  Tps=0.0024
   8P : [ 18303.36 , 16613.71 ] → x                                    t=1  |  Tps=0.5938
   8R : [ 18303.36 , 16613.71 ] → #round :   18 → [ 19884 , 16466 ]    t=1  |  Tps=0.5953
   8P : [ 18654.00 , 16999.00 ] → x                                    t=2  |  Tps=1.2069
   8R : [ 18654.00 , 16999.00 ] → #round :    9 → [ 19846 , 16420 ]    t=2  |  Tps=1.2077
   8P : [ 18654.00 , 16999.00 ] → x                                    t=3  |  Tps=1.8398
   8R : [ 18654.00 , 16999.00 ] → #round :    9 → [ 19846 , 16420 ]    t=3  |  Tps=1.8406
CYCLE!!!!!!!!!!!!!!!
   8C : [ 72460.00 , 64346.00 ] 
   8P : [ 19695.17 , 18297.04 ] → x                                    t=4  |  Tps=2.4892
   8R : [ 19695.17 , 18297.04 ] → #round :   19 → [ 18518 , 14538 ]    t=4  |  Tps=2.4908
   8P : [ 21236.00 , 16580.00 ] → Admissible                           t=5  |  Tps=3.0867
   feasible 

   9R : [ 19164.78 , 12671.33 ] → #round :   27 → [ 19526 , 13612 ]    t=0  |  Tps=0.0021
   9P : [ 18554.32 , 15887.97 ] → x                                    t=1  |  Tps=0.5729
   9R : [ 18554.32 , 15887.97 ] → #round :    8 → [ 21056 , 14754 ]    t=1  |  Tps=0.5738
   9P : [ 19531.60 , 14728.80 ] → x                                    t=2  |  Tps=1.1714
   9R : [ 19531.60 , 14728.80 ] → #round :    9 → [ 19846 , 13472 ]    t=2  |  Tps=1.1724
   9P : [ 19642.71 , 14905.19 ] → x                                    t=3  |  Tps=1.8079
   9R : [ 19642.71 , 14905.19 ] → #round :    7 → [ 19846 , 13472 ]    t=3  |  Tps=1.8087
CYCLE!!!!!!!!!!!!!!!
   9C : [ 54590.00 , 52472.00 ] 
   9P : [ 20663.60 , 17988.80 ] → x                                    t=4  |  Tps=2.4224
   9R : [ 20663.60 , 17988.80 ] → #round :   11 → [ 21850 , 17054 ]    t=4  |  Tps=2.4234
   9P : [ 20133.00 , 20080.00 ] → x                                    t=5  |  Tps=3.0423
   9R : [ 20133.00 , 20080.00 ] → #round :    6 → [ 20282 , 18222 ]    t=5  |  Tps=3.043
   9P : [ 19580.00 , 18568.00 ] → x                                    t=6  |  Tps=3.6899
   9R : [ 19580.00 , 18568.00 ] → #round :    4 → [ 18480 , 15792 ]    t=6  |  Tps=3.6904
   maxTrial 

  10R : [ 20117.19 , 10278.54 ] → #round :   24 → [ 22156 , 12144 ]    t=0  |  Tps=0.0018
  10P : [ 19100.01 , 15161.35 ] → x                                    t=1  |  Tps=0.5934
  10R : [ 19100.01 , 15161.35 ] → #round :    8 → [ 19802 , 12888 ]    t=1  |  Tps=0.5942
  10P : [ 19856.00 , 14168.00 ] → Admissible                           t=2  |  Tps=1.2303
   feasible 

  11R : [ 21079.90 ,  9575.98 ] → #round :   24 → [ 22450 , 11240 ]    t=0  |  Tps=0.002
  11P : [ 19375.00 , 14074.00 ] → x                                    t=1  |  Tps=0.6419
  11R : [ 19375.00 , 14074.00 ] → #round :   12 → [ 21482 ,  9644 ]    t=1  |  Tps=0.6432
  11P : [ 19702.00 , 23248.00 ] → Admissible                           t=2  |  Tps=1.2665
   feasible 

  12R : [ 22037.80 ,  9452.33 ] → #round :   22 → [ 24574 , 10806 ]    t=0  |  Tps=0.002
  12P : [ 22109.48 , 13200.75 ] → x                                    t=1  |  Tps=0.6604
  12R : [ 22109.48 , 13200.75 ] → #round :    8 → [ 22082 , 11526 ]    t=1  |  Tps=0.6612
  12P : [ 21988.42 , 12806.31 ] → x                                    t=2  |  Tps=1.3272
  12R : [ 21988.42 , 12806.31 ] → #round :   11 → [ 21110 , 11616 ]    t=2  |  Tps=1.3282
  12P : [ 22349.50 , 12768.75 ] → x                                    t=3  |  Tps=1.9736
  12R : [ 22349.50 , 12768.75 ] → #round :    6 → [ 21110 , 11616 ]    t=3  |  Tps=1.9742
CYCLE!!!!!!!!!!!!!!!
  12C : [ 43262.00 , 35804.00 ] 
  12P : [ 22349.50 , 12768.75 ] → x                                    t=4  |  Tps=2.5488
  12R : [ 22349.50 , 12768.75 ] → #round :    6 → [ 21110 , 11616 ]    t=4  |  Tps=2.5495
CYCLE!!!!!!!!!!!!!!!
  12C : [ 53886.00 , 44278.00 ] 
  12P : [ 22349.50 , 12768.75 ] → x                                    t=5  |  Tps=3.1578
  12R : [ 22349.50 , 12768.75 ] → #round :    6 → [ 21110 , 11616 ]    t=5  |  Tps=3.1585
CYCLE!!!!!!!!!!!!!!!
  12C : [ 85666.00 , 67998.00 ] 
  12P : [ 22349.50 , 12768.75 ] → x                                    t=6  |  Tps=3.778
  12R : [ 22349.50 , 12768.75 ] → #round :    6 → [ 21110 , 11616 ]    t=6  |  Tps=3.7787
CYCLE!!!!!!!!!!!!!!!
  12C : [ 40238.00 , 34380.00 ] 
   maxTrial 

  13R : [ 22980.55 ,  9444.65 ] → #round :   24 → [ 24574 , 10806 ]    t=0  |  Tps=0.0018
  13P : [ 22109.48 , 13200.75 ] → x                                    t=1  |  Tps=0.6133
  13R : [ 22109.48 , 13200.75 ] → #round :    8 → [ 21528 , 11666 ]    t=1  |  Tps=0.6141
  13P : [ 22472.00 , 13168.50 ] → x                                    t=2  |  Tps=1.24
  13R : [ 22472.00 , 13168.50 ] → #round :    5 → [ 21528 , 11666 ]    t=2  |  Tps=1.2406
CYCLE!!!!!!!!!!!!!!!
  13C : [ 37812.00 , 33782.00 ] 
  13P : [ 22472.00 , 13168.50 ] → x                                    t=3  |  Tps=1.8624
  13R : [ 22472.00 , 13168.50 ] → #round :    5 → [ 21528 , 11666 ]    t=3  |  Tps=1.863
CYCLE!!!!!!!!!!!!!!!
  13C : [ 77388.00 , 61462.00 ] 
  13P : [ 22472.00 , 13168.50 ] → x                                    t=4  |  Tps=2.4597
  13R : [ 22472.00 , 13168.50 ] → #round :    5 → [ 21528 , 11666 ]    t=4  |  Tps=2.4603
CYCLE!!!!!!!!!!!!!!!
  13C : [ 101684.00 , 80690.00 ] 
  13P : [ 22472.00 , 13168.50 ] → x                                    t=5  |  Tps=3.0707
  13R : [ 22472.00 , 13168.50 ] → #round :    5 → [ 21528 , 11666 ]    t=5  |  Tps=3.0714
CYCLE!!!!!!!!!!!!!!!
  13C : [ 80302.00 , 64444.00 ] 
  13P : [ 22472.00 , 13168.50 ] → x                                    t=6  |  Tps=3.6656
  13R : [ 22472.00 , 13168.50 ] → #round :    5 → [ 21528 , 11666 ]    t=6  |  Tps=3.6662
CYCLE!!!!!!!!!!!!!!!
  13C : [ 40836.00 , 35206.00 ] 
   maxTrial 

  14R : [ 23931.34 ,  9439.74 ] → #round :   25 → [ 29914 , 11194 ]    t=0  |  Tps=0.0018
  14P : [ 35999.61 , 18833.83 ] → x                                    t=1  |  Tps=0.5818
  14R : [ 35999.61 , 18833.83 ] → #round :   14 → [ 26330 , 12418 ]    t=1  |  Tps=0.5832
  14P : [ 38584.00 , 24380.00 ] → Admissible                           t=2  |  Tps=1.198
   feasible 

  15R : [ 24900.78 ,  9447.83 ] → #round :   24 → [ 25232 , 10298 ]    t=0  |  Tps=0.002
  15P : [ 20101.00 , 16668.00 ] → x                                    t=1  |  Tps=0.5955
  15R : [ 20101.00 , 16668.00 ] → #round :   11 → [ 23326 , 12584 ]    t=1  |  Tps=0.5965
  15P : [ 20101.00 , 17746.00 ] → x                                    t=2  |  Tps=1.2173
  15R : [ 20101.00 , 17746.00 ] → #round :   11 → [ 23326 , 12584 ]    t=2  |  Tps=1.2183
CYCLE!!!!!!!!!!!!!!!
  15C : [ 35986.00 , 43844.00 ] 
  15P : [ 20428.73 , 29122.47 ] → x                                    t=3  |  Tps=1.8496
  15R : [ 20428.73 , 29122.47 ] → #round :   14 → [ 19432 , 19662 ]    t=3  |  Tps=1.8507
  15P : [ 21539.09 , 31303.08 ] → x                                    t=4  |  Tps=2.5371
  15R : [ 21539.09 , 31303.08 ] → #round :   11 → [ 20094 , 22914 ]    t=4  |  Tps=2.5381
  15P : [ 21539.09 , 31303.08 ] → x                                    t=5  |  Tps=3.1841
  15R : [ 21539.09 , 31303.08 ] → #round :   11 → [ 20094 , 22914 ]    t=5  |  Tps=3.1852
CYCLE!!!!!!!!!!!!!!!
  15C : [ 33350.00 , 57944.00 ] 
  15P : [ 21539.09 , 31303.08 ] → x                                    t=6  |  Tps=3.8135
  15R : [ 21539.09 , 31303.08 ] → #round :   11 → [ 20094 , 22914 ]    t=6  |  Tps=3.8146
CYCLE!!!!!!!!!!!!!!!
  15C : [ 74414.00 , 89252.00 ] 
   maxTrial 


5) Extraction des resultats

  Nombre de cycle : 20
   1  : [ 19050.00 , 26020.00 ] → Admissible 
   2  : [ 20494.00 , 24774.00 ] → Admissible 
   3  : [ 17986.00 , 24846.00 ] → x          
   4  : [ 54738.00 , 56454.00 ] → x          
   5  : [ 18962.00 , 22688.00 ] → Admissible 
   6  : [ 19666.00 , 19352.00 ] → x          
   7  : [ 18652.00 , 17808.00 ] → x          
   8  : [ 21236.00 , 16580.00 ] → Admissible 
   9  : [ 18480.00 , 15792.00 ] → x          
  10  : [ 19856.00 , 14168.00 ] → Admissible 
  11  : [ 19702.00 , 23248.00 ] → Admissible 
  12  : [ 40238.00 , 34380.00 ] → x          
  13  : [ 40836.00 , 35206.00 ] → x          
  14  : [ 38584.00 , 24380.00 ] → Admissible 
  15  : [ 74414.00 , 89252.00 ] → x          

6) Edition des resultats 

#U = 2
X_EBP = [18962, 19856]
Y_EBP = [22688, 14168]
XN = [16862, 16876, 16958, 17054, 17270, 17278, 17334, 17618, 17726, 17974, 17982, 18264, 18310, 19298, 19378, 19440, 19534, 19538, 19734, 19738, 20058, 20262, 20272, 21282, 22112, 22352]
YN = [27914, 22396, 21008, 20262, 20196, 19754, 19578, 19280, 19272, 19188, 19078, 18994, 17686, 16922, 15592, 14748, 14586, 13034, 12558, 12200, 12020, 11894, 11352, 11266, 11220, 11070]
Quality measure: 55.14 %
 56.979517 seconds (288.71 M allocations: 27.809 GiB, 5.00% gc time)
