0) instance et parametres 

  instance = sppnw04.txt | tailleSampling = 10 | maxTrial = 5 | maxTime = 9223372036854775807


1) calcule les etendues de valeurs sur les 2 objectifs

  f1_min=16310.67 ↔ f1_max=24887.45 (Δ=8576.78) 
  f2_min= 9443.27 ↔ f2_max=29889.33 (Δ=20446.06) 

2) calcule les generateurs par e-contrainte alternant minimiser z1 et z2

  z1  1 : ϵ = 29889.33  fRL = 16310.67  [ 16310.15 , 29886.73 ] 
  z2  1 : ϵ = 24887.45  fRL =  9443.27  [ 24900.78 ,  9447.83 ] 
  z1  2 : ϵ = 27617.55  fRL = 16311.82  [ 16312.21 , 27619.38 ] 
  z2  2 : ϵ = 23934.47  fRL =  9443.29  [ 23931.34 ,  9439.74 ] 
  z1  3 : ϵ = 25345.76  fRL = 16316.37  [ 16314.19 , 25343.77 ] 
  z2  3 : ϵ = 22981.50  fRL =  9444.64  [ 22980.55 ,  9444.65 ] 
  z1  4 : ϵ = 23073.98  fRL = 16337.92  [ 16337.06 , 23074.78 ] 
  z2  4 : ϵ = 22028.52  fRL =  9447.69  [ 22037.80 ,  9452.33 ] 
  z1  5 : ϵ = 20802.19  fRL = 16651.61  [ 16649.84 , 20803.86 ] 
  z2  5 : ϵ = 21075.55  fRL =  9574.76  [ 21079.90 ,  9575.98 ] 
  z1  6 : ϵ = 18530.41  fRL = 17248.05  [ 17245.37 , 18524.66 ] 
  z2  6 : ϵ = 20122.57  fRL = 10282.85  [ 20117.19 , 10278.54 ] 
  z1  7 : ϵ = 16258.62  fRL = 17927.12  [ 17926.18 , 16257.34 ] 
  z2  7 : ϵ = 19169.60  fRL = 12671.94  [ 19164.78 , 12671.33 ] 
  z1  8 : ϵ = 13986.84  fRL = 18695.37  [ 18693.85 , 13986.68 ] 
  z2  8 : ϵ = 18216.62  fRL = 15367.74  [ 18222.45 , 15373.43 ] 

  → Allocation memoire pour 15 generateurs

3) place L dans structure et verifie l'admissibilite de chaque generateur

   1  : [ 16310.15 , 29886.73 ] → x          
   2  : [ 16312.21 , 27619.38 ] → x          
   3  : [ 16314.19 , 25343.77 ] → x          
   4  : [ 16337.06 , 23074.78 ] → x          
   5  : [ 16649.84 , 20803.86 ] → x          
   6  : [ 17245.37 , 18524.66 ] → x          
   7  : [ 17926.18 , 16257.34 ] → x          
   8  : [ 18693.85 , 13986.68 ] → x          
   9  : [ 19164.78 , 12671.33 ] → x          
  10  : [ 20117.19 , 10278.54 ] → x          
  11  : [ 21079.90 ,  9575.98 ] → x          
  12  : [ 22037.80 ,  9452.33 ] → x          
  13  : [ 22980.55 ,  9444.65 ] → x          
  14  : [ 23931.34 ,  9439.74 ] → x          
  15  : [ 24900.78 ,  9447.83 ] → x          

  k=   1     xm= 16310.15   ym= 29886.73   Δx=  8590.63    Δy=     0.00   λ1= 0.00000    λ2= 1.00000 
  k=   2     xm= 16312.21   ym= 27619.38   Δx=  8588.57    Δy=  2267.35   λ1= 0.20886    λ2= 0.79114 
  k=   3     xm= 16314.19   ym= 25343.77   Δx=  8586.59    Δy=  4542.96   λ1= 0.34601    λ2= 0.65399 
  k=   4     xm= 16337.06   ym= 23074.78   Δx=  8563.72    Δy=  6811.95   λ1= 0.44303    λ2= 0.55697 
  k=   5     xm= 16649.84   ym= 20803.86   Δx=  8250.94    Δy=  9082.87   λ1= 0.52400    λ2= 0.47600 
  k=   6     xm= 17245.37   ym= 18524.66   Δx=  7655.41    Δy= 11362.07   λ1= 0.59745    λ2= 0.40255 
  k=   7     xm= 17926.18   ym= 16257.34   Δx=  6974.60    Δy= 13629.39   λ1= 0.66149    λ2= 0.33851 
  k=   8     xm= 18693.85   ym= 13986.68   Δx=  6206.93    Δy= 15900.05   λ1= 0.71923    λ2= 0.28077 
  k=   9     xm= 19164.78   ym= 12671.33   Δx=  5736.00    Δy= 17215.40   λ1= 0.75008    λ2= 0.24992 
  k=  10     xm= 20117.19   ym= 10278.54   Δx=  4783.59    Δy= 19608.19   λ1= 0.80389    λ2= 0.19611 
  k=  11     xm= 21079.90   ym= 9575.98   Δx=  3820.88    Δy= 20310.75   λ1= 0.84167    λ2= 0.15833 
  k=  12     xm= 22037.80   ym= 9452.33   Δx=  2862.98    Δy= 20434.40   λ1= 0.87711    λ2= 0.12289 
  k=  13     xm= 22980.55   ym= 9444.65   Δx=  1920.23    Δy= 20442.08   λ1= 0.91413    λ2= 0.08587 
  k=  14     xm= 23931.34   ym= 9439.74   Δx=   969.44    Δy= 20446.99   λ1= 0.95473    λ2= 0.04527 
  k=  15     xm= 24900.78   ym= 9447.83   Δx=     0.00    Δy= 20438.90   λ1= 1.00000    λ2= 0.00000 
4) terraformation generateur par generateur 

   1R : [ 16310.15 , 29886.73 ] → #round :    6 → [ 16820 , 30680 ]    t=0  |  Tps=0.0007
   1P : [ 19057.00 , 27966.00 ] → x                                    t=1  |  Tps=0.5676
   1R : [ 19057.00 , 27966.00 ] → #round :    4 → [ 18620 , 28236 ]    t=1  |  Tps=0.5682
   1P : [ 19274.72 , 28495.76 ] → x                                    t=2  |  Tps=1.1545
   1R : [ 19274.72 , 28495.76 ] → #round :   22 → [ 17880 , 29340 ]    t=2  |  Tps=1.1561
   1P : [ 19334.06 , 28312.39 ] → x                                    t=3  |  Tps=1.7314
   1R : [ 19334.06 , 28312.39 ] → #round :    8 → [ 17880 , 29340 ]    t=3  |  Tps=1.7322
CYCLE!!!!!!!!!!!!!!!
   1C : [ 41676.00 , 40034.00 ] 
   1P : [ 18769.79 , 26390.30 ] → x                                    t=4  |  Tps=2.3634
   1R : [ 18769.79 , 26390.30 ] → #round :    8 → [ 16892 , 26572 ]    t=4  |  Tps=2.3642
   1P : [ 19034.00 , 26294.00 ] → Admissible                           t=5  |  Tps=2.9633
   feasible 

   2R : [ 16312.21 , 27619.38 ] → #round :   14 → [ 17010 , 28328 ]    t=0  |  Tps=0.0012
   2P : [ 18257.99 , 28312.84 ] → x                                    t=1  |  Tps=0.6195
   2R : [ 18257.99 , 28312.84 ] → #round :   25 → [ 16532 , 27996 ]    t=1  |  Tps=0.6214
   2P : [ 17696.00 , 28108.00 ] → x                                    t=2  |  Tps=1.1864
   2R : [ 17696.00 , 28108.00 ] → #round :    6 → [ 17632 , 28416 ]    t=2  |  Tps=1.187
   2P : [ 17978.33 , 27859.05 ] → x                                    t=3  |  Tps=1.7404
   2R : [ 17978.33 , 27859.05 ] → #round :   15 → [ 17632 , 28416 ]    t=3  |  Tps=1.7417
CYCLE!!!!!!!!!!!!!!!
   2C : [ 41664.00 , 36060.00 ] 
   2P : [ 20494.00 , 24774.00 ] → Admissible                           t=4  |  Tps=2.2971
   feasible 

   3R : [ 16314.19 , 25343.77 ] → #round :   15 → [ 16666 , 24808 ]    t=0  |  Tps=0.0012
   3P : [ 17305.86 , 24267.06 ] → x                                    t=1  |  Tps=0.6023
   3R : [ 17305.86 , 24267.06 ] → #round :   17 → [ 16716 , 25000 ]    t=1  |  Tps=0.6036
   3P : [ 17882.03 , 24960.15 ] → x                                    t=2  |  Tps=1.239
   3R : [ 17882.03 , 24960.15 ] → #round :   13 → [ 16716 , 25000 ]    t=2  |  Tps=1.24
CYCLE!!!!!!!!!!!!!!!
   3C : [ 67066.00 , 63970.00 ] 
   3P : [ 22480.75 , 27840.95 ] → x                                    t=3  |  Tps=1.8195
   3R : [ 22480.75 , 27840.95 ] → #round :   17 → [ 18724 , 26880 ]    t=3  |  Tps=1.8208
   3P : [ 20362.00 , 28071.00 ] → x                                    t=4  |  Tps=2.4741
   3R : [ 20362.00 , 28071.00 ] → #round :    4 → [ 16476 , 24926 ]    t=4  |  Tps=2.4746
   3P : [ 19200.71 , 27002.59 ] → x                                    t=5  |  Tps=3.1249
   3R : [ 19200.71 , 27002.59 ] → #round :   20 → [ 16476 , 24926 ]    t=5  |  Tps=3.1264
CYCLE!!!!!!!!!!!!!!!
   3C : [ 45120.00 , 45550.00 ] 
   3P : [ 20588.96 , 24868.63 ] → x                                    t=6  |  Tps=3.6998
   3R : [ 20588.96 , 24868.63 ] → #round :   20 → [ 17986 , 24846 ]    t=6  |  Tps=3.7013
   maxTrial 

   4R : [ 16337.06 , 23074.78 ] → #round :   11 → [ 16928 , 22444 ]    t=0  |  Tps=0.0009
   4P : [ 17061.60 , 22808.40 ] → x                                    t=1  |  Tps=0.5892
   4R : [ 17061.60 , 22808.40 ] → #round :    5 → [ 16932 , 23196 ]    t=1  |  Tps=0.5898
   4P : [ 16985.34 , 22858.94 ] → x                                    t=2  |  Tps=1.1519
   4R : [ 16985.34 , 22858.94 ] → #round :   11 → [ 16932 , 23196 ]    t=2  |  Tps=1.1529
CYCLE!!!!!!!!!!!!!!!
   4C : [ 36814.00 , 41704.00 ] 
   4P : [ 18477.99 , 23035.42 ] → x                                    t=3  |  Tps=1.7403
   4R : [ 18477.99 , 23035.42 ] → #round :   24 → [ 16978 , 22718 ]    t=3  |  Tps=1.742
   4P : [ 17796.00 , 22910.00 ] → Admissible                           t=4  |  Tps=2.3309
   feasible 

   5R : [ 16649.84 , 20803.86 ] → #round :   20 → [ 16960 , 21434 ]    t=0  |  Tps=0.0015
   5P : [ 17012.66 , 21443.89 ] → x                                    t=1  |  Tps=0.6218
   5R : [ 17012.66 , 21443.89 ] → #round :    9 → [ 18940 , 21310 ]    t=1  |  Tps=0.6227
   5P : [ 17536.07 , 21391.36 ] → x                                    t=2  |  Tps=1.2232
   5R : [ 17536.07 , 21391.36 ] → #round :    7 → [ 17224 , 20472 ]    t=2  |  Tps=1.2239
   5P : [ 18962.00 , 22688.00 ] → Admissible                           t=3  |  Tps=1.8392
   feasible 

   6R : [ 17245.37 , 18524.66 ] → #round :   26 → [ 17738 , 19654 ]    t=0  |  Tps=0.0019
   6P : [ 17518.76 , 18894.66 ] → x                                    t=1  |  Tps=0.5586
   6R : [ 17518.76 , 18894.66 ] → #round :   20 → [ 18352 , 19744 ]    t=1  |  Tps=0.5601
   6P : [ 19019.23 , 19168.59 ] → x                                    t=2  |  Tps=1.1199
   6R : [ 19019.23 , 19168.59 ] → #round :   22 → [ 19188 , 19772 ]    t=2  |  Tps=1.1215
   6P : [ 18620.75 , 19076.45 ] → x                                    t=3  |  Tps=1.7024
   6R : [ 18620.75 , 19076.45 ] → #round :   16 → [ 18324 , 19358 ]    t=3  |  Tps=1.7037
   6P : [ 18880.50 , 20348.50 ] → x                                    t=4  |  Tps=2.2574
   6R : [ 18880.50 , 20348.50 ] → #round :   10 → [ 17926 , 18430 ]    t=4  |  Tps=2.2583
   6P : [ 18941.41 , 19545.85 ] → x                                    t=5  |  Tps=2.8094
   6R : [ 18941.41 , 19545.85 ] → #round :   18 → [ 18258 , 19918 ]    t=5  |  Tps=2.8108
   6P : [ 18937.10 , 19571.97 ] → x                                    t=6  |  Tps=3.3751
   6R : [ 18937.10 , 19571.97 ] → #round :   10 → [ 19666 , 19352 ]    t=6  |  Tps=3.376
   maxTrial 

   7R : [ 17926.18 , 16257.34 ] → #round :   25 → [ 18296 , 16484 ]    t=0  |  Tps=0.0018
   7P : [ 18395.54 , 16791.80 ] → x                                    t=1  |  Tps=0.577
   7R : [ 18395.54 , 16791.80 ] → #round :   26 → [ 18054 , 16712 ]    t=1  |  Tps=0.5789
   7P : [ 18332.68 , 17151.29 ] → x                                    t=2  |  Tps=1.1196
   7R : [ 18332.68 , 17151.29 ] → #round :   21 → [ 18088 , 16872 ]    t=2  |  Tps=1.1212
   7P : [ 18088.60 , 17187.27 ] → x                                    t=3  |  Tps=1.7273
   7R : [ 18088.60 , 17187.27 ] → #round :   17 → [ 18618 , 17836 ]    t=3  |  Tps=1.7286
   7P : [ 17754.00 , 17978.00 ] → x                                    t=4  |  Tps=2.2823
   7R : [ 17754.00 , 17978.00 ] → #round :   10 → [ 18324 , 18070 ]    t=4  |  Tps=2.2832
   7P : [ 17742.15 , 18067.21 ] → x                                    t=5  |  Tps=2.8674
   7R : [ 17742.15 , 18067.21 ] → #round :   11 → [ 18186 , 17900 ]    t=5  |  Tps=2.8683
   7P : [ 17980.45 , 17247.50 ] → x                                    t=6  |  Tps=3.4269
   7R : [ 17980.45 , 17247.50 ] → #round :   20 → [ 18652 , 17808 ]    t=6  |  Tps=3.4285
   maxTrial 

   8R : [ 18693.85 , 13986.68 ] → #round :   26 → [ 19358 , 16250 ]    t=0  |  Tps=0.0019
   8P : [ 18303.36 , 16613.71 ] → x                                    t=1  |  Tps=0.5723
   8R : [ 18303.36 , 16613.71 ] → #round :   18 → [ 19884 , 16466 ]    t=1  |  Tps=0.5737
   8P : [ 18654.00 , 16999.00 ] → x                                    t=2  |  Tps=1.1381
   8R : [ 18654.00 , 16999.00 ] → #round :    9 → [ 19846 , 16420 ]    t=2  |  Tps=1.1389
   8P : [ 18654.00 , 16999.00 ] → x                                    t=3  |  Tps=1.7379
   8R : [ 18654.00 , 16999.00 ] → #round :    9 → [ 19846 , 16420 ]    t=3  |  Tps=1.7388
CYCLE!!!!!!!!!!!!!!!
   8C : [ 59156.00 , 54202.00 ] 
   8P : [ 19695.17 , 18297.04 ] → x                                    t=4  |  Tps=2.322
   8R : [ 19695.17 , 18297.04 ] → #round :   19 → [ 18518 , 14538 ]    t=4  |  Tps=2.3234
   8P : [ 21236.00 , 16580.00 ] → Admissible                           t=5  |  Tps=2.8663
   feasible 

   9R : [ 19164.78 , 12671.33 ] → #round :   27 → [ 19526 , 13612 ]    t=0  |  Tps=0.002
   9P : [ 18554.32 , 15887.97 ] → x                                    t=1  |  Tps=0.5495
   9R : [ 18554.32 , 15887.97 ] → #round :    8 → [ 21056 , 14754 ]    t=1  |  Tps=0.5503
   9P : [ 19531.60 , 14728.80 ] → x                                    t=2  |  Tps=1.0947
   9R : [ 19531.60 , 14728.80 ] → #round :    9 → [ 19846 , 13472 ]    t=2  |  Tps=1.0956
   9P : [ 19642.71 , 14905.19 ] → x                                    t=3  |  Tps=1.6928
   9R : [ 19642.71 , 14905.19 ] → #round :    7 → [ 19846 , 13472 ]    t=3  |  Tps=1.6935
CYCLE!!!!!!!!!!!!!!!
   9C : [ 37408.00 , 38798.00 ] 
   9P : [ 19836.74 , 17278.02 ] → x                                    t=4  |  Tps=2.2579
   9R : [ 19836.74 , 17278.02 ] → #round :    7 → [ 19158 , 13432 ]    t=4  |  Tps=2.2586
   9P : [ 20644.50 , 19474.50 ] → x                                    t=5  |  Tps=2.8532
   9R : [ 20644.50 , 19474.50 ] → #round :    5 → [ 19210 , 17004 ]    t=5  |  Tps=2.8538
   9P : [ 22478.00 , 18426.00 ] → Admissible                           t=6  |  Tps=3.4421
   feasible 

  10R : [ 20117.19 , 10278.54 ] → #round :   24 → [ 22156 , 12144 ]    t=0  |  Tps=0.0018
  10P : [ 19100.01 , 15161.35 ] → x                                    t=1  |  Tps=0.5636
  10R : [ 19100.01 , 15161.35 ] → #round :    8 → [ 19802 , 12888 ]    t=1  |  Tps=0.5644
  10P : [ 19856.00 , 14168.00 ] → Admissible                           t=2  |  Tps=1.1464
   feasible 

  11R : [ 21079.90 ,  9575.98 ] → #round :   24 → [ 22450 , 11240 ]    t=0  |  Tps=0.0017
  11P : [ 19375.00 , 14074.00 ] → x                                    t=1  |  Tps=0.5978
  11R : [ 19375.00 , 14074.00 ] → #round :   12 → [ 21482 ,  9644 ]    t=1  |  Tps=0.599
  11P : [ 19702.00 , 23248.00 ] → Admissible                           t=2  |  Tps=1.1538
   feasible 

  12R : [ 22037.80 ,  9452.33 ] → #round :   22 → [ 24574 , 10806 ]    t=0  |  Tps=0.0016
  12P : [ 22109.48 , 13200.75 ] → x                                    t=1  |  Tps=0.6191
  12R : [ 22109.48 , 13200.75 ] → #round :    8 → [ 22082 , 11526 ]    t=1  |  Tps=0.6199
  12P : [ 21988.42 , 12806.31 ] → x                                    t=2  |  Tps=1.224
  12R : [ 21988.42 , 12806.31 ] → #round :   11 → [ 21110 , 11616 ]    t=2  |  Tps=1.225
  12P : [ 22349.50 , 12768.75 ] → x                                    t=3  |  Tps=1.841
  12R : [ 22349.50 , 12768.75 ] → #round :    6 → [ 21110 , 11616 ]    t=3  |  Tps=1.8417
CYCLE!!!!!!!!!!!!!!!
  12C : [ 76606.00 , 60022.00 ] 
  12P : [ 22349.50 , 12768.75 ] → x                                    t=4  |  Tps=2.384
  12R : [ 22349.50 , 12768.75 ] → #round :    6 → [ 21110 , 11616 ]    t=4  |  Tps=2.3847
CYCLE!!!!!!!!!!!!!!!
  12C : [ 69424.00 , 54898.00 ] 
  12P : [ 22349.50 , 12768.75 ] → x                                    t=5  |  Tps=2.9745
  12R : [ 22349.50 , 12768.75 ] → #round :    6 → [ 21110 , 11616 ]    t=5  |  Tps=2.9752
CYCLE!!!!!!!!!!!!!!!
  12C : [ 50052.00 , 40760.00 ] 
  12P : [ 22349.50 , 12768.75 ] → x                                    t=6  |  Tps=3.5467
  12R : [ 22349.50 , 12768.75 ] → #round :    6 → [ 21110 , 11616 ]    t=6  |  Tps=3.5474
CYCLE!!!!!!!!!!!!!!!
  12C : [ 92908.00 , 73660.00 ] 
   maxTrial 

  13R : [ 22980.55 ,  9444.65 ] → #round :   24 → [ 24574 , 10806 ]    t=0  |  Tps=0.0017
  13P : [ 22109.48 , 13200.75 ] → x                                    t=1  |  Tps=0.5833
  13R : [ 22109.48 , 13200.75 ] → #round :    8 → [ 21528 , 11666 ]    t=1  |  Tps=0.5841
  13P : [ 22472.00 , 13168.50 ] → x                                    t=2  |  Tps=1.1676
  13R : [ 22472.00 , 13168.50 ] → #round :    5 → [ 21528 , 11666 ]    t=2  |  Tps=1.1682
CYCLE!!!!!!!!!!!!!!!
  13C : [ 101684.00 , 80690.00 ] 
  13P : [ 22472.00 , 13168.50 ] → x                                    t=3  |  Tps=1.7337
  13R : [ 22472.00 , 13168.50 ] → #round :    5 → [ 21528 , 11666 ]    t=3  |  Tps=1.7343
CYCLE!!!!!!!!!!!!!!!
  13C : [ 105668.00 , 84186.00 ] 
  13P : [ 22472.00 , 13168.50 ] → x                                    t=4  |  Tps=2.2936
  13R : [ 22472.00 , 13168.50 ] → #round :    5 → [ 21528 , 11666 ]    t=4  |  Tps=2.2942
CYCLE!!!!!!!!!!!!!!!
  13C : [ 86790.00 , 70058.00 ] 
  13P : [ 22472.00 , 13168.50 ] → x                                    t=5  |  Tps=2.8407
  13R : [ 22472.00 , 13168.50 ] → #round :    5 → [ 21528 , 11666 ]    t=5  |  Tps=2.8415
CYCLE!!!!!!!!!!!!!!!
  13C : [ 37812.00 , 33782.00 ] 
  13P : [ 22472.00 , 13168.50 ] → x                                    t=6  |  Tps=3.4329
  13R : [ 22472.00 , 13168.50 ] → #round :    5 → [ 21528 , 11666 ]    t=6  |  Tps=3.4335
CYCLE!!!!!!!!!!!!!!!
  13C : [ 71602.00 , 56754.00 ] 
   maxTrial 

  14R : [ 23931.34 ,  9439.74 ] → #round :   25 → [ 29914 , 11194 ]    t=0  |  Tps=0.0018
  14P : [ 35999.61 , 18833.83 ] → x                                    t=1  |  Tps=0.556
  14R : [ 35999.61 , 18833.83 ] → #round :   14 → [ 26330 , 12418 ]    t=1  |  Tps=0.5572
  14P : [ 38584.00 , 24380.00 ] → Admissible                           t=2  |  Tps=1.1199
   feasible 

  15R : [ 24900.78 ,  9447.83 ] → #round :   24 → [ 25232 , 10298 ]    t=0  |  Tps=0.0017
  15P : [ 20101.00 , 16668.00 ] → x                                    t=1  |  Tps=0.567
  15R : [ 20101.00 , 16668.00 ] → #round :   11 → [ 23326 , 12584 ]    t=1  |  Tps=0.568
  15P : [ 20101.00 , 17746.00 ] → x                                    t=2  |  Tps=1.122
  15R : [ 20101.00 , 17746.00 ] → #round :   11 → [ 23326 , 12584 ]    t=2  |  Tps=1.123
CYCLE!!!!!!!!!!!!!!!
  15C : [ 21086.00 , 28882.00 ] 
  15P : [ 18604.00 , 28621.00 ] → x                                    t=3  |  Tps=1.7238
  15R : [ 18604.00 , 28621.00 ] → #round :    9 → [ 13860 , 17160 ]    t=3  |  Tps=1.7246
  15P : [ 17436.00 , 26904.00 ] → Admissible                           t=4  |  Tps=2.2647
   feasible 


5) Extraction des resultats

  Nombre de cycle : 17
   1  : [ 19034.00 , 26294.00 ] → Admissible 
   2  : [ 20494.00 , 24774.00 ] → Admissible 
   3  : [ 17986.00 , 24846.00 ] → x          
   4  : [ 17796.00 , 22910.00 ] → Admissible 
   5  : [ 18962.00 , 22688.00 ] → Admissible 
   6  : [ 19666.00 , 19352.00 ] → x          
   7  : [ 18652.00 , 17808.00 ] → x          
   8  : [ 21236.00 , 16580.00 ] → Admissible 
   9  : [ 22478.00 , 18426.00 ] → Admissible 
  10  : [ 19856.00 , 14168.00 ] → Admissible 
  11  : [ 19702.00 , 23248.00 ] → Admissible 
  12  : [ 92908.00 , 73660.00 ] → x          
  13  : [ 71602.00 , 56754.00 ] → x          
  14  : [ 38584.00 , 24380.00 ] → Admissible 
  15  : [ 17436.00 , 26904.00 ] → Admissible 

6) Edition des resultats 

#U = 4
X_EBP = [17436, 17796, 18962, 19856]
Y_EBP = [26904, 22910, 22688, 14168]
XN = [16862, 16876, 16958, 17054, 17270, 17278, 17334, 17618, 17726, 17974, 17982, 18264, 18310, 19298, 19378, 19440, 19534, 19538, 19734, 19738, 20058, 20262, 20272, 21282, 22112, 22352]
YN = [27914, 22396, 21008, 20262, 20196, 19754, 19578, 19280, 19272, 19188, 19078, 18994, 17686, 16922, 15592, 14748, 14586, 13034, 12558, 12200, 12020, 11894, 11352, 11266, 11220, 11070]
Quality measure: 63.91 %
 50.055523 seconds (275.75 M allocations: 26.575 GiB, 3.94% gc time)
