0) instance et parametres 

  instance = sppnw26.txt | tailleSampling = 10 | maxTrial = 5 | maxTime = 9223372036854775807


1) calcule les etendues de valeurs sur les 2 objectifs

  f1_min= 6743.00 ↔ f1_max=14410.40 (Δ=7667.40) 
  f2_min= 4425.87 ↔ f2_max=17321.00 (Δ=12895.13) 

2) calcule les generateurs par e-contrainte alternant minimiser z1 et z2

  z1  1 : ϵ = 17321.00  fRL =  6743.00  [  6743.00 , 17321.00 ] 
  z2  1 : ϵ = 14410.40  fRL =  4425.87  [ 14411.09 ,  4428.29 ] 
  z1  2 : ϵ = 15888.21  fRL =  6743.00  [  6743.00 , 15889.46 ] 
  z2  2 : ϵ = 13558.47  fRL =  4571.03  [ 13552.41 ,  4567.56 ] 
  z1  3 : ϵ = 14455.42  fRL =  6743.59  [  6743.60 , 14455.08 ] 
  z2  3 : ϵ = 12706.53  fRL =  4814.17  [ 12700.70 ,  4810.69 ] 
  z1  4 : ϵ = 13022.62  fRL =  6803.71  [  6803.72 , 13022.42 ] 
  z2  4 : ϵ = 11854.60  fRL =  5211.04  [ 11848.65 ,  5207.61 ] 
  z1  5 : ϵ = 11589.83  fRL =  6910.20  [  6910.30 , 11588.65 ] 
  z2  5 : ϵ = 11002.67  fRL =  5758.67  [ 11003.83 ,  5760.86 ] 
  z1  6 : ϵ = 10157.04  fRL =  7103.05  [  7105.27 , 10160.98 ] 
  z2  6 : ϵ = 10150.73  fRL =  6466.18  [ 10145.05 ,  6465.89 ] 
  z1  7 : ϵ =  8724.25  fRL =  8041.96  [  8042.17 ,  8723.12 ] 
  z2  7 : ϵ =  9298.80  fRL =  7324.53  [  9306.97 ,  7326.71 ] 
  z1  8 : ϵ =  7291.45  fRL =  9331.46  [  9331.87 ,  7291.04 ] 

  → Allocation memoire pour 14 generateurs

3) place L dans structure et verifie l'admissibilite de chaque generateur

   1  : [  6743.00 , 17321.00 ] → x          
   2  : [  6743.00 , 15889.46 ] → x          
   3  : [  6743.60 , 14455.08 ] → x          
   4  : [  6803.72 , 13022.42 ] → x          
   5  : [  6910.30 , 11588.65 ] → x          
   6  : [  7105.27 , 10160.98 ] → x          
   7  : [  8042.17 ,  8723.12 ] → x          
   8  : [  9306.97 ,  7326.71 ] → x          
   9  : [ 10145.05 ,  6465.89 ] → x          
  10  : [ 11003.83 ,  5760.86 ] → x          
  11  : [ 11848.65 ,  5207.61 ] → x          
  12  : [ 12700.70 ,  4810.69 ] → x          
  13  : [ 13552.41 ,  4567.56 ] → x          
  14  : [ 14411.09 ,  4428.29 ] → x          

  k=   1     xm= 6743.00   ym= 17321.00   Δx=  7668.09    Δy=     0.00   λ1= 0.00000    λ2= 1.00000 
  k=   2     xm= 6743.00   ym= 15889.46   Δx=  7668.09    Δy=  1431.54   λ1= 0.15732    λ2= 0.84268 
  k=   3     xm= 6743.60   ym= 14455.08   Δx=  7667.49    Δy=  2865.92   λ1= 0.27208    λ2= 0.72792 
  k=   4     xm= 6803.72   ym= 13022.42   Δx=  7607.37    Δy=  4298.58   λ1= 0.36104    λ2= 0.63896 
  k=   5     xm= 6910.30   ym= 11588.65   Δx=  7500.79    Δy=  5732.35   λ1= 0.43318    λ2= 0.56682 
  k=   6     xm= 7105.27   ym= 10160.98   Δx=  7305.82    Δy=  7160.02   λ1= 0.49496    λ2= 0.50504 
  k=   7     xm= 8042.17   ym= 8723.12   Δx=  6368.92    Δy=  8597.88   λ1= 0.57446    λ2= 0.42554 
  k=   8     xm= 9306.97   ym= 7326.71   Δx=  5104.12    Δy=  9994.29   λ1= 0.66194    λ2= 0.33806 
  k=   9     xm= 10145.05   ym= 6465.89   Δx=  4266.04    Δy= 10855.11   λ1= 0.71788    λ2= 0.28212 
  k=  10     xm= 11003.83   ym= 5760.86   Δx=  3407.26    Δy= 11560.14   λ1= 0.77235    λ2= 0.22765 
  k=  11     xm= 11848.65   ym= 5207.61   Δx=  2562.44    Δy= 12113.39   λ1= 0.82540    λ2= 0.17460 
  k=  12     xm= 12700.70   ym= 4810.69   Δx=  1710.39    Δy= 12510.31   λ1= 0.87973    λ2= 0.12027 
  k=  13     xm= 13552.41   ym= 4567.56   Δx=   858.68    Δy= 12753.44   λ1= 0.93692    λ2= 0.06308 
  k=  14     xm= 14411.09   ym= 4428.29   Δx=     0.00    Δy= 12892.71   λ1= 1.00000    λ2= 0.00000 
4) terraformation generateur par generateur 

   1R : [  6743.00 , 17321.00 ] → #round :    5 → [  8024 , 14866 ]    t=0  |  Tps=0.0
   1P : [  8566.00 , 13447.00 ] → x                                    t=1  |  Tps=0.0025
   1R : [  8566.00 , 13447.00 ] → #round :    3 → [  8080 , 14276 ]    t=1  |  Tps=0.0026
   1P : [  8566.00 , 13447.00 ] → x                                    t=2  |  Tps=0.0054
   1R : [  8566.00 , 13447.00 ] → #round :    3 → [  8080 , 14276 ]    t=2  |  Tps=0.0054
CYCLE!!!!!!!!!!!!!!!
   1C : [ 24708.00 , 49470.00 ] 
   1P : [  8566.00 , 13447.00 ] → x                                    t=3  |  Tps=0.0081
   1R : [  8566.00 , 13447.00 ] → #round :    3 → [  8080 , 14276 ]    t=3  |  Tps=0.0081
CYCLE!!!!!!!!!!!!!!!
   1C : [ 57624.00 , 94214.00 ] 
   1P : [  9033.05 , 13292.65 ] → x                                    t=4  |  Tps=0.0107
   1R : [  9033.05 , 13292.65 ] → #round :    8 → [  8168 , 19974 ]    t=4  |  Tps=0.0107
   1P : [  8566.00 , 13447.00 ] → x                                    t=5  |  Tps=0.0132
   1R : [  8566.00 , 13447.00 ] → #round :    3 → [  8080 , 14276 ]    t=5  |  Tps=0.0132
CYCLE!!!!!!!!!!!!!!!
   1C : [ 50606.00 , 81306.00 ] 
   1P : [  9251.00 , 13249.00 ] → x                                    t=6  |  Tps=0.016
   1R : [  9251.00 , 13249.00 ] → #round :    6 → [  6968 , 15998 ]    t=6  |  Tps=0.0161
   maxTrial 

   2R : [  6743.00 , 15889.46 ] → #round :    7 → [  8692 , 18688 ]    t=0  |  Tps=0.0
   2P : [  8566.00 , 13447.00 ] → x                                    t=1  |  Tps=0.0025
   2R : [  8566.00 , 13447.00 ] → #round :    3 → [  8080 , 14276 ]    t=1  |  Tps=0.0025
   2P : [  8566.00 , 13447.00 ] → x                                    t=2  |  Tps=0.0051
   2R : [  8566.00 , 13447.00 ] → #round :    3 → [  8080 , 14276 ]    t=2  |  Tps=0.0052
CYCLE!!!!!!!!!!!!!!!
   2C : [ 24708.00 , 49470.00 ] 
   2P : [  8566.00 , 13447.00 ] → x                                    t=3  |  Tps=0.008
   2R : [  8566.00 , 13447.00 ] → #round :    3 → [  8080 , 14276 ]    t=3  |  Tps=0.008
CYCLE!!!!!!!!!!!!!!!
   2C : [ 24708.00 , 49470.00 ] 
   2P : [  8566.00 , 13447.00 ] → x                                    t=4  |  Tps=0.0106
   2R : [  8566.00 , 13447.00 ] → #round :    3 → [  8080 , 14276 ]    t=4  |  Tps=0.0106
CYCLE!!!!!!!!!!!!!!!
   2C : [ 24708.00 , 49470.00 ] 
   2P : [  8566.00 , 13447.00 ] → x                                    t=5  |  Tps=0.0133
   2R : [  8566.00 , 13447.00 ] → #round :    3 → [  8080 , 14276 ]    t=5  |  Tps=0.0133
CYCLE!!!!!!!!!!!!!!!
   2C : [ 31224.00 , 53964.00 ] 
   2P : [  8566.00 , 13447.00 ] → x                                    t=6  |  Tps=0.0162
   2R : [  8566.00 , 13447.00 ] → #round :    3 → [  8080 , 14276 ]    t=6  |  Tps=0.0162
CYCLE!!!!!!!!!!!!!!!
   2C : [ 24708.00 , 49470.00 ] 
   maxTrial 

   3R : [  6743.60 , 14455.08 ] → #round :    7 → [  8024 , 12020 ]    t=0  |  Tps=0.0
   3P : [  8566.00 , 10601.00 ] → x                                    t=1  |  Tps=0.0037
   3R : [  8566.00 , 10601.00 ] → #round :    3 → [  8080 , 11430 ]    t=1  |  Tps=0.0038
   3P : [  8566.00 , 10601.00 ] → x                                    t=2  |  Tps=0.0067
   3R : [  8566.00 , 10601.00 ] → #round :    3 → [  8080 , 11430 ]    t=2  |  Tps=0.0067
CYCLE!!!!!!!!!!!!!!!
   3C : [ 38226.00 , 62378.00 ] 
   3P : [ 10326.00 , 11750.00 ] → x                                    t=3  |  Tps=0.0094
   3R : [ 10326.00 , 11750.00 ] → #round :    6 → [  9118 , 13000 ]    t=3  |  Tps=0.0094
   3P : [ 11376.00 , 10277.00 ] → x                                    t=4  |  Tps=0.0122
   3R : [ 11376.00 , 10277.00 ] → #round :    3 → [  9150 ,  9832 ]    t=4  |  Tps=0.0122
   3P : [ 11376.00 , 10277.00 ] → x                                    t=5  |  Tps=0.0148
   3R : [ 11376.00 , 10277.00 ] → #round :    3 → [  9150 ,  9832 ]    t=5  |  Tps=0.0148
CYCLE!!!!!!!!!!!!!!!
   3C : [ 48588.00 , 73494.00 ] 
   3P : [  9226.00 , 10429.00 ] → x                                    t=6  |  Tps=0.0177
   3R : [  9226.00 , 10429.00 ] → #round :    3 → [  7000 ,  9984 ]    t=6  |  Tps=0.0177
   maxTrial 

   4R : [  6803.72 , 13022.42 ] → #round :    7 → [  7876 , 12930 ]    t=0  |  Tps=0.0
   4P : [  7152.00 , 11204.00 ] → x                                    t=1  |  Tps=0.0029
   4R : [  7152.00 , 11204.00 ] → #round :    5 → [  9560 , 14794 ]    t=1  |  Tps=0.003
   4P : [  7152.00 , 11204.00 ] → x                                    t=2  |  Tps=0.0059
   4R : [  7152.00 , 11204.00 ] → #round :    5 → [  9560 , 14794 ]    t=2  |  Tps=0.006
CYCLE!!!!!!!!!!!!!!!
   4C : [ 50262.00 , 79432.00 ] 
   4P : [ 10341.00 , 11252.00 ] → x                                    t=3  |  Tps=0.0091
   4R : [ 10341.00 , 11252.00 ] → #round :    6 → [  9148 , 12004 ]    t=3  |  Tps=0.0092
   4P : [ 11376.00 , 10277.00 ] → x                                    t=4  |  Tps=0.0123
   4R : [ 11376.00 , 10277.00 ] → #round :    3 → [  9150 ,  9832 ]    t=4  |  Tps=0.0123
   4P : [ 11376.00 , 10277.00 ] → x                                    t=5  |  Tps=0.0152
   4R : [ 11376.00 , 10277.00 ] → #round :    3 → [  9150 ,  9832 ]    t=5  |  Tps=0.0152
CYCLE!!!!!!!!!!!!!!!
   4C : [ 48588.00 , 73494.00 ] 
   4P : [  9226.00 , 10429.00 ] → x                                    t=6  |  Tps=0.0179
   4R : [  9226.00 , 10429.00 ] → #round :    3 → [  8740 , 11258 ]    t=6  |  Tps=0.0179
   maxTrial 

   5R : [  6910.30 , 11588.65 ] → #round :    8 → [  8830 , 15724 ]    t=0  |  Tps=0.0
   5P : [  7122.00 , 13012.00 ] → Admissible                           t=1  |  Tps=0.0026
   feasible 

   6R : [  7105.27 , 10160.98 ] → #round :   11 → [  7696 ,  9930 ]    t=0  |  Tps=0.0
   6P : [  8596.00 ,  9605.00 ] → x                                    t=1  |  Tps=0.0029
   6R : [  8596.00 ,  9605.00 ] → #round :    3 → [  9676 ,  9850 ]    t=1  |  Tps=0.0029
   6P : [  8596.00 ,  9605.00 ] → x                                    t=2  |  Tps=0.0055
   6R : [  8596.00 ,  9605.00 ] → #round :    3 → [  9676 ,  9850 ]    t=2  |  Tps=0.0055
CYCLE!!!!!!!!!!!!!!!
   6C : [ 53974.00 , 82632.00 ] 
   6P : [  9475.00 , 14245.00 ] → x                                    t=3  |  Tps=0.0084
   6R : [  9475.00 , 14245.00 ] → #round :    3 → [  8442 , 13048 ]    t=3  |  Tps=0.0084
   6P : [  8385.00 , 14112.00 ] → x                                    t=4  |  Tps=0.0114
   6R : [  8385.00 , 14112.00 ] → #round :    3 → [  8328 , 15176 ]    t=4  |  Tps=0.0114
   6P : [  8033.03 , 12153.13 ] → x                                    t=5  |  Tps=0.0147
   6R : [  8033.03 , 12153.13 ] → #round :    4 → [  7728 , 11286 ]    t=5  |  Tps=0.0147
   6P : [  7834.00 , 15646.00 ] → Admissible                           t=6  |  Tps=0.0175
   feasible 

   7R : [  8042.17 ,  8723.12 ] → #round :   17 → [  9450 ,  9724 ]    t=0  |  Tps=0.0
   7P : [  8835.00 ,  8958.50 ] → x                                    t=1  |  Tps=0.0028
   7R : [  8835.00 ,  8958.50 ] → #round :   10 → [  9534 , 10130 ]    t=1  |  Tps=0.0028
   7P : [  9159.00 ,  9741.00 ] → x                                    t=2  |  Tps=0.0056
   7R : [  9159.00 ,  9741.00 ] → #round :    5 → [  9772 , 11138 ]    t=2  |  Tps=0.0056
   7P : [  9159.00 ,  9741.00 ] → x                                    t=3  |  Tps=0.0085
   7R : [  9159.00 ,  9741.00 ] → #round :    5 → [  9772 , 11138 ]    t=3  |  Tps=0.0085
CYCLE!!!!!!!!!!!!!!!
   7C : [ 39202.00 , 61948.00 ] 
   7P : [ 12024.00 , 11842.00 ] → Admissible                           t=4  |  Tps=0.0112
   feasible 

   8R : [  9306.97 ,  7326.71 ] → #round :   17 → [ 10410 ,  9114 ]    t=0  |  Tps=0.0
   8P : [  8783.76 ,  8344.87 ] → x                                    t=1  |  Tps=0.0027
   8R : [  8783.76 ,  8344.87 ] → #round :   14 → [ 11000 ,  8656 ]    t=1  |  Tps=0.0028
   8P : [  8887.20 , 14969.60 ] → x                                    t=2  |  Tps=0.0056
   8R : [  8887.20 , 14969.60 ] → #round :   10 → [  8090 , 10942 ]    t=2  |  Tps=0.0056
   8P : [  9390.00 , 17724.00 ] → Admissible                           t=3  |  Tps=0.0249
   feasible 

   9R : [ 10145.05 ,  6465.89 ] → #round :   16 → [  8920 ,  8528 ]    t=0  |  Tps=0.0
   9P : [  7900.00 ,  9358.00 ] → x                                    t=1  |  Tps=0.0025
   9R : [  7900.00 ,  9358.00 ] → #round :   10 → [  9622 ,  8058 ]    t=1  |  Tps=0.0025
   9P : [  7900.00 ,  9358.00 ] → x                                    t=2  |  Tps=0.0052
   9R : [  7900.00 ,  9358.00 ] → #round :   10 → [  9622 ,  8058 ]    t=2  |  Tps=0.0052
CYCLE!!!!!!!!!!!!!!!
   9C : [ 10104.00 , 15332.00 ] 
   9P : [ 10582.00 , 15080.00 ] → Admissible                           t=3  |  Tps=0.0079
   feasible 

  10R : [ 11003.83 ,  5760.86 ] → #round :   17 → [ 12116 ,  5666 ]    t=0  |  Tps=0.0
  10P : [ 11013.00 , 12014.00 ] → x                                    t=1  |  Tps=0.0026
  10R : [ 11013.00 , 12014.00 ] → #round :    4 → [  9624 ,  7216 ]    t=1  |  Tps=0.0026
  10P : [ 10322.00 , 10042.00 ] → Admissible                           t=2  |  Tps=0.0055
   feasible 

  11R : [ 11848.65 ,  5207.61 ] → #round :   13 → [ 12986 ,  7372 ]    t=0  |  Tps=0.0
  11P : [ 10322.00 , 10042.00 ] → Admissible                           t=1  |  Tps=0.0027
   feasible 

  12R : [ 12700.70 ,  4810.69 ] → #round :   13 → [ 12792 ,  5960 ]    t=0  |  Tps=0.0
  12P : [ 10322.00 , 10042.00 ] → Admissible                           t=1  |  Tps=0.0025
   feasible 

  13R : [ 13552.41 ,  4567.56 ] → #round :   12 → [ 14206 ,  5604 ]    t=0  |  Tps=0.0
  13P : [ 11505.00 ,  9803.00 ] → x                                    t=1  |  Tps=0.0026
  13R : [ 11505.00 ,  9803.00 ] → #round :    5 → [ 12050 ,  7088 ]    t=1  |  Tps=0.0026
  13P : [ 11505.00 ,  9803.00 ] → x                                    t=2  |  Tps=0.0055
  13R : [ 11505.00 ,  9803.00 ] → #round :    5 → [ 12050 ,  7088 ]    t=2  |  Tps=0.0055
CYCLE!!!!!!!!!!!!!!!
  13C : [ 57716.00 , 90800.00 ] 
  13P : [ 13163.24 , 11940.78 ] → x                                    t=3  |  Tps=0.0081
  13R : [ 13163.24 , 11940.78 ] → #round :    4 → [ 12440 ,  8516 ]    t=3  |  Tps=0.0082
  13P : [ 12268.00 , 11036.00 ] → x                                    t=4  |  Tps=0.011
  13R : [ 12268.00 , 11036.00 ] → #round :    3 → [ 12440 ,  8516 ]    t=4  |  Tps=0.011
CYCLE!!!!!!!!!!!!!!!
  13C : [ 58906.00 , 93880.00 ] 
  13P : [ 11900.00 , 12006.00 ] → x                                    t=5  |  Tps=0.0139
  13R : [ 11900.00 , 12006.00 ] → #round :    3 → [ 10758 ,  9556 ]    t=5  |  Tps=0.0139
  13P : [ 12488.00 , 11486.00 ] → Admissible                           t=6  |  Tps=0.0172
   feasible 

  14R : [ 14411.09 ,  4428.29 ] → #round :   13 → [ 14556 ,  4834 ]    t=0  |  Tps=0.0
  14P : [ 10816.00 , 11268.00 ] → Admissible                           t=1  |  Tps=0.0025
   feasible 


5) Extraction des resultats

  Nombre de cycle : 17
   1  : [  6968.00 , 15998.00 ] → x          
   2  : [ 24708.00 , 49470.00 ] → x          
   3  : [  7000.00 ,  9984.00 ] → x          
   4  : [  8740.00 , 11258.00 ] → x          
   5  : [  7122.00 , 13012.00 ] → Admissible 
   6  : [  7834.00 , 15646.00 ] → Admissible 
   7  : [ 12024.00 , 11842.00 ] → Admissible 
   8  : [  9390.00 , 17724.00 ] → Admissible 
   9  : [ 10582.00 , 15080.00 ] → Admissible 
  10  : [ 10322.00 , 10042.00 ] → Admissible 
  11  : [ 10322.00 , 10042.00 ] → Admissible 
  12  : [ 10322.00 , 10042.00 ] → Admissible 
  13  : [ 12488.00 , 11486.00 ] → Admissible 
  14  : [ 10816.00 , 11268.00 ] → Admissible 

6) Edition des resultats 

#U = 2
X_EBP = [7122, 10322]
Y_EBP = [13012, 10042]
XN = [6796, 6826, 6956, 6986, 7074, 7092, 7104, 7122, 7248, 7278, 8712, 9238, 9312, 10016, 10046, 10644, 10716, 10838, 11438]
YN = [17758, 16762, 16160, 15164, 14922, 14008, 13926, 13012, 12620, 11624, 9216, 9042, 8946, 8864, 7868, 7786, 7672, 6482, 6212]
Quality measure: 65.46 %
  0.398130 seconds (2.11 M allocations: 198.323 MiB, 3.58% gc time)
