0) instance et parametres 

  instance = sppnw37.txt | tailleSampling = 10 | maxTrial = 5 | maxTime = 9223372036854775807


1) calcule les etendues de valeurs sur les 2 objectifs

  f1_min= 9961.50 ↔ f1_max=18216.75 (Δ=8255.25) 
  f2_min= 6787.07 ↔ f2_max=20823.00 (Δ=14035.93) 

2) calcule les generateurs par e-contrainte alternant minimiser z1 et z2

  z1  1 : ϵ = 20823.00  fRL =  9961.50  [  9961.50 , 20823.00 ] 
  z2  1 : ϵ = 18216.75  fRL =  6787.07  [ 18219.63 ,  6788.98 ] 
  z1  2 : ϵ = 19263.45  fRL = 10011.11  [ 10011.13 , 19262.83 ] 
  z2  2 : ϵ = 17299.50  fRL =  6891.86  [ 17298.10 ,  6889.70 ] 
  z1  3 : ϵ = 17703.90  fRL = 10060.72  [ 10060.76 , 17702.66 ] 
  z2  3 : ϵ = 16382.25  fRL =  7181.95  [ 16386.20 ,  7183.81 ] 
  z1  4 : ϵ = 16144.36  fRL = 10578.89  [ 10579.31 , 16143.24 ] 
  z2  4 : ϵ = 15465.00  fRL =  7582.23  [ 15473.20 ,  7583.67 ] 
  z1  5 : ϵ = 14584.81  fRL = 11177.66  [ 11179.92 , 14583.95 ] 
  z2  5 : ϵ = 14547.75  fRL =  8116.75  [ 14548.31 ,  8118.08 ] 
  z1  6 : ϵ = 13025.26  fRL = 11796.84  [ 11807.26 , 13039.22 ] 
  z2  6 : ϵ = 13630.50  fRL =  9492.53  [ 13645.16 ,  9504.60 ] 
  z1  7 : ϵ = 11465.71  fRL = 12602.71  [ 12594.97 , 11453.82 ] 
  z2  7 : ϵ = 12713.25  fRL = 11252.93  [ 12708.80 , 11248.75 ] 
  z1  8 : ϵ =  9906.17  fRL = 13414.98  [ 13409.75 ,  9898.38 ] 

  → Allocation memoire pour 14 generateurs

3) place L dans structure et verifie l'admissibilite de chaque generateur

   1  : [  9961.50 , 20823.00 ] → x          
   2  : [ 10011.13 , 19262.83 ] → x          
   3  : [ 10060.76 , 17702.66 ] → x          
   4  : [ 10579.31 , 16143.24 ] → x          
   5  : [ 11179.92 , 14583.95 ] → x          
   6  : [ 11807.26 , 13039.22 ] → x          
   7  : [ 12594.97 , 11453.82 ] → x          
   8  : [ 12708.80 , 11248.75 ] → x          
   9  : [ 13645.16 ,  9504.60 ] → x          
  10  : [ 14548.31 ,  8118.08 ] → x          
  11  : [ 15473.20 ,  7583.67 ] → x          
  12  : [ 16386.20 ,  7183.81 ] → x          
  13  : [ 17298.10 ,  6889.70 ] → x          
  14  : [ 18219.63 ,  6788.98 ] → x          

  k=   1     xm= 9961.50   ym= 20823.00   Δx=  8258.13    Δy=     0.00   λ1= 0.00000    λ2= 1.00000 
  k=   2     xm= 10011.13   ym= 19262.83   Δx=  8208.50    Δy=  1560.17   λ1= 0.15971    λ2= 0.84029 
  k=   3     xm= 10060.76   ym= 17702.66   Δx=  8158.87    Δy=  3120.34   λ1= 0.27665    λ2= 0.72335 
  k=   4     xm= 10579.31   ym= 16143.24   Δx=  7640.32    Δy=  4679.76   λ1= 0.37985    λ2= 0.62015 
  k=   5     xm= 11179.92   ym= 14583.95   Δx=  7039.71    Δy=  6239.05   λ1= 0.46985    λ2= 0.53015 
  k=   6     xm= 11807.26   ym= 13039.22   Δx=  6412.37    Δy=  7783.78   λ1= 0.54830    λ2= 0.45170 
  k=   7     xm= 12594.97   ym= 11453.82   Δx=  5624.66    Δy=  9369.18   λ1= 0.62487    λ2= 0.37513 
  k=   8     xm= 12708.80   ym= 11248.75   Δx=  5510.83    Δy=  9574.25   λ1= 0.63468    λ2= 0.36532 
  k=   9     xm= 13645.16   ym= 9504.60   Δx=  4574.47    Δy= 11318.40   λ1= 0.71217    λ2= 0.28783 
  k=  10     xm= 14548.31   ym= 8118.08   Δx=  3671.32    Δy= 12704.92   λ1= 0.77581    λ2= 0.22419 
  k=  11     xm= 15473.20   ym= 7583.67   Δx=  2746.43    Δy= 13239.33   λ1= 0.82820    λ2= 0.17180 
  k=  12     xm= 16386.20   ym= 7183.81   Δx=  1833.43    Δy= 13639.19   λ1= 0.88150    λ2= 0.11850 
  k=  13     xm= 17298.10   ym= 6889.70   Δx=   921.53    Δy= 13933.30   λ1= 0.93796    λ2= 0.06204 
  k=  14     xm= 18219.63   ym= 6788.98   Δx=     0.00    Δy= 14034.02   λ1= 1.00000    λ2= 0.00000 
4) terraformation generateur par generateur 

   1R : [  9961.50 , 20823.00 ] → #round :    4 → [ 10386 , 17841 ]    t=0  |  Tps=0.0
   1P : [ 10068.00 , 17475.00 ] → Admissible                           t=1  |  Tps=0.0023
   feasible 

   2R : [ 10011.13 , 19262.83 ] → #round :    5 → [ 11103 , 24117 ]    t=0  |  Tps=0.0
   2P : [ 13851.00 , 23226.00 ] → Admissible                           t=1  |  Tps=0.0026
   feasible 

   3R : [ 10060.76 , 17702.66 ] → #round :    5 → [ 11103 , 24117 ]    t=0  |  Tps=0.0
   3P : [ 10068.00 , 17475.00 ] → Admissible                           t=1  |  Tps=0.0027
   feasible 

   4R : [ 10579.31 , 16143.24 ] → #round :   10 → [ 13248 , 19206 ]    t=0  |  Tps=0.0
   4P : [ 10068.00 , 17475.00 ] → Admissible                           t=1  |  Tps=0.0028
   feasible 

   5R : [ 11179.92 , 14583.95 ] → #round :   10 → [ 10779 , 15750 ]    t=0  |  Tps=0.0
   5P : [ 10068.00 , 17475.00 ] → Admissible                           t=1  |  Tps=0.0027
   feasible 

   6R : [ 11807.26 , 13039.22 ] → #round :   15 → [ 11166 , 16398 ]    t=0  |  Tps=0.0
   6P : [ 12456.00 , 18546.00 ] → Admissible                           t=1  |  Tps=0.0027
   feasible 

   7R : [ 12594.97 , 11453.82 ] → #round :   15 → [ 14682 , 13077 ]    t=0  |  Tps=0.0
   7P : [ 13491.00 , 11232.00 ] → Admissible                           t=1  |  Tps=0.0027
   feasible 

   8R : [ 12708.80 , 11248.75 ] → #round :   16 → [ 13350 , 10095 ]    t=0  |  Tps=0.0
   8P : [ 13491.00 , 11232.00 ] → Admissible                           t=1  |  Tps=0.0026
   feasible 

   9R : [ 13645.16 ,  9504.60 ] → #round :   16 → [ 14754 , 11526 ]    t=0  |  Tps=0.0
   9P : [ 13491.00 , 11232.00 ] → Admissible                           t=1  |  Tps=0.0026
   feasible 

  10R : [ 14548.31 ,  8118.08 ] → #round :   16 → [ 17766 , 10500 ]    t=0  |  Tps=0.0
  10P : [ 13491.00 , 11232.00 ] → Admissible                           t=1  |  Tps=0.0025
   feasible 

  11R : [ 15473.20 ,  7583.67 ] → #round :   16 → [ 16170 ,  8607 ]    t=0  |  Tps=0.0
  11P : [ 13491.00 , 11232.00 ] → Admissible                           t=1  |  Tps=0.0025
   feasible 

  12R : [ 16386.20 ,  7183.81 ] → #round :   17 → [ 16170 ,  8607 ]    t=0  |  Tps=0.0
  12P : [ 13491.00 , 11232.00 ] → Admissible                           t=1  |  Tps=0.0026
   feasible 

  13R : [ 17298.10 ,  6889.70 ] → #round :   17 → [ 17964 ,  7605 ]    t=0  |  Tps=0.0
  13P : [ 13266.00 , 17256.00 ] → Admissible                           t=1  |  Tps=0.0024
   feasible 

  14R : [ 18219.63 ,  6788.98 ] → #round :   17 → [ 18552 ,  6891 ]    t=0  |  Tps=0.0
  14P : [ 15237.00 , 10116.00 ] → Admissible                           t=1  |  Tps=0.0026
   feasible 


5) Extraction des resultats

  Nombre de cycle : 0
   1  : [ 10068.00 , 17475.00 ] → Admissible 
   2  : [ 13851.00 , 23226.00 ] → Admissible 
   3  : [ 10068.00 , 17475.00 ] → Admissible 
   4  : [ 10068.00 , 17475.00 ] → Admissible 
   5  : [ 10068.00 , 17475.00 ] → Admissible 
   6  : [ 12456.00 , 18546.00 ] → Admissible 
   7  : [ 13491.00 , 11232.00 ] → Admissible 
   8  : [ 13491.00 , 11232.00 ] → Admissible 
   9  : [ 13491.00 , 11232.00 ] → Admissible 
  10  : [ 13491.00 , 11232.00 ] → Admissible 
  11  : [ 13491.00 , 11232.00 ] → Admissible 
  12  : [ 13491.00 , 11232.00 ] → Admissible 
  13  : [ 13266.00 , 17256.00 ] → Admissible 
  14  : [ 15237.00 , 10116.00 ] → Admissible 

6) Edition des resultats 

#U = 4
X_EBP = [10068, 13266, 13491, 15237]
Y_EBP = [17475, 17256, 11232, 10116]
XN = [10068, 10752, 12108, 12618, 12714, 13272, 13377, 13491, 15237, 17931]
YN = [17475, 16611, 16257, 16089, 15081, 13923, 12939, 11232, 10116, 8892]
Quality measure: 88.24 %
  0.304310 seconds (945.23 k allocations: 89.581 MiB, 8.76% gc time)
