0) instance et parametres 

  instance = sppnw38.txt | tailleSampling = 10 | maxTrial = 5 | maxTime = 9223372036854775807


1) calcule les etendues de valeurs sur les 2 objectifs

  f1_min= 5552.00 ↔ f1_max= 8196.00 (Δ=2644.00) 
  f2_min= 8454.67 ↔ f2_max=17206.00 (Δ=8751.33) 

2) calcule les generateurs par e-contrainte alternant minimiser z1 et z2

  z1  1 : ϵ = 17206.00  fRL =  5552.00  [  5552.00 , 17206.00 ] 
  z2  1 : ϵ =  8196.00  fRL =  8454.67  [  8192.36 ,  8453.22 ] 
  z1  2 : ϵ = 16233.63  fRL =  5559.85  [  5559.84 , 16233.85 ] 
  z2  2 : ϵ =  7902.22  fRL =  8624.61  [  7898.99 ,  8622.93 ] 
  z1  3 : ϵ = 15261.26  fRL =  5590.64  [  5588.96 , 15256.65 ] 
  z2  3 : ϵ =  7608.44  fRL =  8794.55  [  7611.63 ,  8796.27 ] 
  z1  4 : ϵ = 14288.89  fRL =  5633.92  [  5632.24 , 14284.42 ] 
  z2  4 : ϵ =  7314.67  fRL =  8980.41  [  7312.77 ,  8979.36 ] 
  z1  5 : ϵ = 13316.52  fRL =  5677.56  [  5674.68 , 13311.99 ] 
  z2  5 : ϵ =  7020.89  fRL =  9192.45  [  7021.37 ,  9191.90 ] 
  z1  6 : ϵ = 12344.15  fRL =  5725.50  [  5723.79 , 12340.32 ] 
  z2  6 : ϵ =  6727.11  fRL =  9432.01  [  6728.60 ,  9431.76 ] 
  z1  7 : ϵ = 11371.78  fRL =  5777.41  [  5774.52 , 11367.53 ] 
  z2  7 : ϵ =  6433.33  fRL =  9732.23  [  6434.28 ,  9732.77 ] 
  z1  8 : ϵ = 10399.41  fRL =  5998.62  [  5998.46 , 10399.80 ] 
  z2  8 : ϵ =  6139.56  fRL = 10081.75  [  6139.59 , 10081.69 ] 
  z1  9 : ϵ =  9427.04  fRL =  6731.98  [  6728.64 ,  9425.05 ] 

  → Allocation memoire pour 16 generateurs

3) place L dans structure et verifie l'admissibilite de chaque generateur

   1  : [  5552.00 , 17206.00 ] → x          
   2  : [  5559.84 , 16233.85 ] → x          
   3  : [  5588.96 , 15256.65 ] → x          
   4  : [  5632.24 , 14284.42 ] → x          
   5  : [  5674.68 , 13311.99 ] → x          
   6  : [  5723.79 , 12340.32 ] → x          
   7  : [  5774.52 , 11367.53 ] → x          
   8  : [  5998.46 , 10399.80 ] → x          
   9  : [  6139.59 , 10081.69 ] → x          
  10  : [  6434.28 ,  9732.77 ] → x          
  11  : [  6728.60 ,  9431.76 ] → x          
  12  : [  7021.37 ,  9191.90 ] → x          
  13  : [  7312.77 ,  8979.36 ] → x          
  14  : [  7611.63 ,  8796.27 ] → x          
  15  : [  7898.99 ,  8622.93 ] → x          
  16  : [  8192.36 ,  8453.22 ] → x          

  k=   1     xm= 5552.00   ym= 17206.00   Δx=  2640.36    Δy=     0.00   λ1= 0.00000    λ2= 1.00000 
  k=   2     xm= 5559.84   ym= 16233.85   Δx=  2632.52    Δy=   972.15   λ1= 0.26969    λ2= 0.73031 
  k=   3     xm= 5588.96   ym= 15256.65   Δx=  2603.40    Δy=  1949.35   λ1= 0.42817    λ2= 0.57183 
  k=   4     xm= 5632.24   ym= 14284.42   Δx=  2560.12    Δy=  2921.58   λ1= 0.53297    λ2= 0.46703 
  k=   5     xm= 5674.68   ym= 13311.99   Δx=  2517.68    Δy=  3894.01   λ1= 0.60733    λ2= 0.39267 
  k=   6     xm= 5723.79   ym= 12340.32   Δx=  2468.57    Δy=  4865.68   λ1= 0.66342    λ2= 0.33658 
  k=   7     xm= 5774.52   ym= 11367.53   Δx=  2417.84    Δy=  5838.47   λ1= 0.70715    λ2= 0.29285 
  k=   8     xm= 5998.46   ym= 10399.80   Δx=  2193.90    Δy=  6806.20   λ1= 0.75624    λ2= 0.24376 
  k=   9     xm= 6139.59   ym= 10081.69   Δx=  2052.77    Δy=  7124.31   λ1= 0.77632    λ2= 0.22368 
  k=  10     xm= 6434.28   ym= 9732.77   Δx=  1758.08    Δy=  7473.23   λ1= 0.80955    λ2= 0.19045 
  k=  11     xm= 6728.60   ym= 9431.76   Δx=  1463.76    Δy=  7774.24   λ1= 0.84155    λ2= 0.15845 
  k=  12     xm= 7021.37   ym= 9191.90   Δx=  1170.99    Δy=  8014.10   λ1= 0.87251    λ2= 0.12749 
  k=  13     xm= 7312.77   ym= 8979.36   Δx=   879.59    Δy=  8226.64   λ1= 0.90341    λ2= 0.09659 
  k=  14     xm= 7611.63   ym= 8796.27   Δx=   580.73    Δy=  8409.73   λ1= 0.93541    λ2= 0.06459 
  k=  15     xm= 7898.99   ym= 8622.93   Δx=   293.37    Δy=  8583.07   λ1= 0.96695    λ2= 0.03305 
  k=  16     xm= 8192.36   ym= 8453.22   Δx=     0.00    Δy=  8752.78   λ1= 1.00000    λ2= 0.00000 
4) terraformation generateur par generateur 

   1R : [  5552.00 , 17206.00 ] → #round :    6 → [  6142 , 19644 ]    t=0  |  Tps=0.0
   1P : [  6008.50 , 16633.50 ] → x                                    t=1  |  Tps=0.004
   1R : [  6008.50 , 16633.50 ] → #round :    6 → [  6142 , 19644 ]    t=1  |  Tps=0.004
CYCLE!!!!!!!!!!!!!!!
   1C : [ 58746.00 , 66832.00 ] 
   1P : [  9813.00 , 13608.00 ] → x                                    t=2  |  Tps=0.0083
   1R : [  9813.00 , 13608.00 ] → #round :   10 → [  8492 , 17446 ]    t=2  |  Tps=0.0083
   1P : [ 10471.00 , 12981.00 ] → x                                    t=3  |  Tps=0.0122
   1R : [ 10471.00 , 12981.00 ] → #round :    4 → [  7366 , 13768 ]    t=3  |  Tps=0.0122
   1P : [ 10471.00 , 12981.00 ] → x                                    t=4  |  Tps=0.0162
   1R : [ 10471.00 , 12981.00 ] → #round :    4 → [  7366 , 13768 ]    t=4  |  Tps=0.0162
CYCLE!!!!!!!!!!!!!!!
   1C : [ 38566.00 , 48868.00 ] 
   1P : [  7731.00 , 11849.00 ] → x                                    t=5  |  Tps=0.0202
   1R : [  7731.00 , 11849.00 ] → #round :    6 → [  6182 , 14196 ]    t=5  |  Tps=0.0202
   1P : [  7157.79 , 12647.83 ] → x                                    t=6  |  Tps=0.024
   1R : [  7157.79 , 12647.83 ] → #round :   10 → [  6494 , 13436 ]    t=6  |  Tps=0.024
   maxTrial 

   2R : [  5559.84 , 16233.85 ] → #round :    9 → [  7576 , 19852 ]    t=0  |  Tps=0.0
   2P : [  5558.00 , 16296.00 ] → Admissible                           t=1  |  Tps=0.0038
   feasible 

   3R : [  5588.96 , 15256.65 ] → #round :   10 → [  5866 , 14302 ]    t=0  |  Tps=0.0
   3P : [  5630.00 , 14900.00 ] → Admissible                           t=1  |  Tps=0.0037
   feasible 

   4R : [  5632.24 , 14284.42 ] → #round :   10 → [  7574 , 16960 ]    t=0  |  Tps=0.0
   4P : [  5862.80 , 15207.60 ] → x                                    t=1  |  Tps=0.0034
   4R : [  5862.80 , 15207.60 ] → #round :    8 → [  5742 , 13528 ]    t=1  |  Tps=0.0035
   4P : [  6066.25 , 14538.25 ] → x                                    t=2  |  Tps=0.0071
   4R : [  6066.25 , 14538.25 ] → #round :   10 → [  6278 , 15850 ]    t=2  |  Tps=0.0072
   4P : [  6155.45 , 14568.15 ] → x                                    t=3  |  Tps=0.0107
   4R : [  6155.45 , 14568.15 ] → #round :   10 → [  7958 , 14618 ]    t=3  |  Tps=0.0107
   4P : [  7298.00 , 15390.00 ] → Admissible                           t=4  |  Tps=0.0143
   feasible 

   5R : [  5674.68 , 13311.99 ] → #round :   11 → [  6002 , 12704 ]    t=0  |  Tps=0.0
   5P : [  5892.00 , 13960.00 ] → Admissible                           t=1  |  Tps=0.0035
   feasible 

   6R : [  5723.79 , 12340.32 ] → #round :   11 → [  6366 , 10900 ]    t=0  |  Tps=0.0
   6P : [  6190.94 , 11362.22 ] → x                                    t=1  |  Tps=0.0038
   6R : [  6190.94 , 11362.22 ] → #round :    9 → [  5994 , 10992 ]    t=1  |  Tps=0.0038
   6P : [  6187.60 , 11036.77 ] → x                                    t=2  |  Tps=0.0075
   6R : [  6187.60 , 11036.77 ] → #round :    9 → [  5994 , 10992 ]    t=2  |  Tps=0.0075
CYCLE!!!!!!!!!!!!!!!
   6C : [ 28904.00 , 38566.00 ] 
   6P : [  7766.00 , 14620.00 ] → Admissible                           t=3  |  Tps=0.0111
   feasible 

   7R : [  5774.52 , 11367.53 ] → #round :    7 → [  6144 , 11242 ]    t=0  |  Tps=0.0
   7P : [  5805.00 , 10886.00 ] → x                                    t=1  |  Tps=0.0035
   7R : [  5805.00 , 10886.00 ] → #round :    4 → [  6144 , 11242 ]    t=1  |  Tps=0.0035
CYCLE!!!!!!!!!!!!!!!
   7C : [ 34506.00 , 48888.00 ] 
   7P : [ 10668.00 , 15924.00 ] → Admissible                           t=2  |  Tps=0.0073
   feasible 

   8R : [  5998.46 , 10399.80 ] → #round :    7 → [  6144 , 11242 ]    t=0  |  Tps=0.0
   8P : [  6140.00 , 11086.50 ] → x                                    t=1  |  Tps=0.0035
   8R : [  6140.00 , 11086.50 ] → #round :    6 → [  6144 , 11242 ]    t=1  |  Tps=0.0035
CYCLE!!!!!!!!!!!!!!!
   8C : [ 57322.00 , 70146.00 ] 
   8P : [ 10296.00 , 12769.00 ] → x                                    t=2  |  Tps=0.0072
   8R : [ 10296.00 , 12769.00 ] → #round :    8 → [ 10002 , 13674 ]    t=2  |  Tps=0.0073
   8P : [  9321.00 , 15627.00 ] → x                                    t=3  |  Tps=0.0112
   8R : [  9321.00 , 15627.00 ] → #round :    7 → [  6678 , 10388 ]    t=3  |  Tps=0.0112
   8P : [  9112.00 , 14904.00 ] → x                                    t=4  |  Tps=0.0152
   8R : [  9112.00 , 14904.00 ] → #round :    4 → [  6028 , 11726 ]    t=4  |  Tps=0.0152
   8P : [  8396.00 , 15770.00 ] → Admissible                           t=5  |  Tps=0.0191
   feasible 

   9R : [  6139.59 , 10081.69 ] → #round :   11 → [  6720 , 11046 ]    t=0  |  Tps=0.0
   9P : [  6020.48 , 10810.81 ] → x                                    t=1  |  Tps=0.0038
   9R : [  6020.48 , 10810.81 ] → #round :    7 → [  7356 , 10684 ]    t=1  |  Tps=0.0038
   9P : [  6123.09 , 11578.94 ] → x                                    t=2  |  Tps=0.0073
   9R : [  6123.09 , 11578.94 ] → #round :    5 → [  6820 ,  9968 ]    t=2  |  Tps=0.0073
   9P : [  6079.50 , 11064.50 ] → x                                    t=3  |  Tps=0.0109
   9R : [  6079.50 , 11064.50 ] → #round :    6 → [  6720 , 11046 ]    t=3  |  Tps=0.011
CYCLE!!!!!!!!!!!!!!!
   9C : [ 36746.00 , 52578.00 ] 
   9P : [ 10468.00 , 13738.00 ] → Admissible                           t=4  |  Tps=0.0161
   feasible 

  10R : [  6434.28 ,  9732.77 ] → #round :   12 → [  7684 , 10022 ]    t=0  |  Tps=0.0
  10P : [  6236.00 , 10418.75 ] → x                                    t=1  |  Tps=0.0035
  10R : [  6236.00 , 10418.75 ] → #round :    8 → [  7684 , 10022 ]    t=1  |  Tps=0.0036
CYCLE!!!!!!!!!!!!!!!
  10C : [ 37220.00 , 50974.00 ] 
  10P : [ 11556.00 , 18194.00 ] → Admissible                           t=2  |  Tps=0.0073
   feasible 

  11R : [  6728.60 ,  9431.76 ] → #round :   12 → [  9010 , 10096 ]    t=0  |  Tps=0.0
  11P : [  6799.83 , 10384.55 ] → x                                    t=1  |  Tps=0.004
  11R : [  6799.83 , 10384.55 ] → #round :    6 → [  8474 ,  9380 ]    t=1  |  Tps=0.004
  11P : [  6799.83 , 10384.55 ] → x                                    t=2  |  Tps=0.0079
  11R : [  6799.83 , 10384.55 ] → #round :    6 → [  8474 ,  9380 ]    t=2  |  Tps=0.0079
CYCLE!!!!!!!!!!!!!!!
  11C : [ 13330.00 , 21614.00 ] 
  11P : [  8383.00 , 16777.00 ] → x                                    t=3  |  Tps=0.0118
  11R : [  8383.00 , 16777.00 ] → #round :    5 → [  5370 , 11548 ]    t=3  |  Tps=0.0119
  11P : [  8108.00 , 13202.00 ] → x                                    t=4  |  Tps=0.0157
  11R : [  8108.00 , 13202.00 ] → #round :    6 → [  7304 , 11000 ]    t=4  |  Tps=0.0157
  11P : [  8988.00 , 15494.00 ] → Admissible                           t=5  |  Tps=0.0196
   feasible 

  12R : [  7021.37 ,  9191.90 ] → #round :   12 → [  8426 ,  9572 ]    t=0  |  Tps=0.0
  12P : [  6681.00 , 12691.00 ] → x                                    t=1  |  Tps=0.0038
  12R : [  6681.00 , 12691.00 ] → #round :    5 → [  8484 , 12950 ]    t=1  |  Tps=0.0038
  12P : [  8128.00 , 17078.00 ] → Admissible                           t=2  |  Tps=0.0079
   feasible 

  13R : [  7312.77 ,  8979.36 ] → #round :   11 → [  9520 ,  9676 ]    t=0  |  Tps=0.0
  13P : [  7208.09 , 11623.98 ] → x                                    t=1  |  Tps=0.0042
  13R : [  7208.09 , 11623.98 ] → #round :    7 → [  9156 , 11110 ]    t=1  |  Tps=0.0042
  13P : [  7351.71 , 10950.68 ] → x                                    t=2  |  Tps=0.0082
  13R : [  7351.71 , 10950.68 ] → #round :    9 → [  9156 , 11110 ]    t=2  |  Tps=0.0082
CYCLE!!!!!!!!!!!!!!!
  13C : [ 12306.00 , 16556.00 ] 
  13P : [  7835.29 , 15137.32 ] → x                                    t=3  |  Tps=0.012
  13R : [  7835.29 , 15137.32 ] → #round :    5 → [  7296 , 13832 ]    t=3  |  Tps=0.012
  13P : [  8740.00 , 17756.00 ] → Admissible                           t=4  |  Tps=0.0159
   feasible 

  14R : [  7611.63 ,  8796.27 ] → #round :    8 → [  9862 ,  9696 ]    t=0  |  Tps=0.0
  14P : [  8550.00 , 12248.00 ] → Admissible                           t=1  |  Tps=0.0039
   feasible 

  15R : [  7898.99 ,  8622.93 ] → #round :    8 → [  7960 ,  8806 ]    t=0  |  Tps=0.0
  15P : [  6688.00 , 11160.00 ] → x                                    t=1  |  Tps=0.0049
  15R : [  6688.00 , 11160.00 ] → #round :    4 → [  7960 ,  8806 ]    t=1  |  Tps=0.0049
CYCLE!!!!!!!!!!!!!!!
  15C : [ 30046.00 , 46080.00 ] 
  15P : [ 10814.00 , 17230.00 ] → Admissible                           t=2  |  Tps=0.0093
   feasible 

  16R : [  8192.36 ,  8453.22 ] → #round :    6 → [  8422 ,  9116 ]    t=0  |  Tps=0.0
  16P : [  8567.50 , 12284.50 ] → x                                    t=1  |  Tps=0.0041
  16R : [  8567.50 , 12284.50 ] → #round :    6 → [  9288 , 11380 ]    t=1  |  Tps=0.0042
  16P : [  8405.27 , 13038.14 ] → x                                    t=2  |  Tps=0.0083
  16R : [  8405.27 , 13038.14 ] → #round :    5 → [  9288 , 11380 ]    t=2  |  Tps=0.0083
CYCLE!!!!!!!!!!!!!!!
  16C : [ 22516.00 , 39066.00 ] 
  16P : [ 10320.00 , 24127.00 ] → x                                    t=3  |  Tps=0.0124
  16R : [ 10320.00 , 24127.00 ] → #round :    9 → [  5690 , 10594 ]    t=3  |  Tps=0.0124
  16P : [ 10118.00 , 15880.00 ] → Admissible                           t=4  |  Tps=0.0164
   feasible 


5) Extraction des resultats

  Nombre de cycle : 11
   1  : [  6494.00 , 13436.00 ] → x          
   2  : [  5558.00 , 16296.00 ] → Admissible 
   3  : [  5630.00 , 14900.00 ] → Admissible 
   4  : [  7298.00 , 15390.00 ] → Admissible 
   5  : [  5892.00 , 13960.00 ] → Admissible 
   6  : [  7766.00 , 14620.00 ] → Admissible 
   7  : [ 10668.00 , 15924.00 ] → Admissible 
   8  : [  8396.00 , 15770.00 ] → Admissible 
   9  : [ 10468.00 , 13738.00 ] → Admissible 
  10  : [ 11556.00 , 18194.00 ] → Admissible 
  11  : [  8988.00 , 15494.00 ] → Admissible 
  12  : [  8128.00 , 17078.00 ] → Admissible 
  13  : [  8740.00 , 17756.00 ] → Admissible 
  14  : [  8550.00 , 12248.00 ] → Admissible 
  15  : [ 10814.00 , 17230.00 ] → Admissible 
  16  : [ 10118.00 , 15880.00 ] → Admissible 

6) Edition des resultats 

#U = 4
X_EBP = [5558, 5630, 5892, 8550]
Y_EBP = [16296, 14900, 13960, 12248]
XN = [5558, 5592, 5630, 5692, 5726, 5764, 6122, 6560]
YN = [16296, 16248, 14900, 13286, 13238, 11890, 11362, 9898]
Quality measure: 47.61 %
  0.497239 seconds (3.12 M allocations: 289.590 MiB, 3.59% gc time)
