0) instance et parametres 

  instance = sppnw18.txt | tailleSampling = 10 | maxTrial = 5 | maxTime = 9223372036854775807


1) calcule les etendues de valeurs sur les 2 objectifs

  f1_min=338864.25 ↔ f1_max=367836.19 (Δ=28971.94) 
  f2_min=83223.74 ↔ f2_max=101631.25 (Δ=18407.51) 

2) calcule les generateurs par e-contrainte alternant minimiser z1 et z2

  z1  1 : ϵ = 101631.25  fRL = 338864.25  [ 338864.25 , 101631.25 ] 
  z2  1 : ϵ = 367836.19  fRL = 83223.74  [ 367842.09 , 83228.22 ] 
  z1  2 : ϵ = 99585.97  fRL = 338876.99  [ 338873.53 , 99584.83 ] 
  z2  2 : ϵ = 364617.09  fRL = 83265.96  [ 364628.84 , 83263.51 ] 
  z1  3 : ϵ = 97540.69  fRL = 338999.20  [ 338999.26 , 97539.94 ] 
  z2  3 : ϵ = 361397.98  fRL = 83327.37  [ 361418.72 , 83329.75 ] 
  z1  4 : ϵ = 95495.41  fRL = 339206.26  [ 339209.24 , 95497.12 ] 
  z2  4 : ϵ = 358178.88  fRL = 83430.44  [ 358186.64 , 83427.17 ] 
  z1  5 : ϵ = 93450.13  fRL = 339534.18  [ 339533.68 , 93450.40 ] 
  z2  5 : ϵ = 354959.77  fRL = 83612.30  [ 354966.39 , 83612.66 ] 
  z1  6 : ϵ = 91404.86  fRL = 339972.68  [ 339969.87 , 91402.48 ] 
  z2  6 : ϵ = 351740.67  fRL = 83902.93  [ 351720.71 , 83895.29 ] 
  z1  7 : ϵ = 89359.58  fRL = 340537.71  [ 340537.52 , 89360.24 ] 
  z2  7 : ϵ = 348521.56  fRL = 84241.50  [ 348492.19 , 84232.04 ] 
  z1  8 : ϵ = 87314.30  fRL = 341231.81  [ 341232.14 , 87313.51 ] 
  z2  8 : ϵ = 345302.46  fRL = 84643.08  [ 345293.12 , 84637.41 ] 
  z1  9 : ϵ = 85269.02  fRL = 343105.34  [ 343111.08 , 85274.14 ] 
  z2  9 : ϵ = 342083.35  fRL = 86012.31  [ 342090.77 , 86008.77 ] 

  → Allocation memoire pour 17 generateurs

3) place L dans structure et verifie l'admissibilite de chaque generateur

   1  : [ 338864.25 , 101631.25 ] → x          
   2  : [ 338873.53 , 99584.83 ] → x          
   3  : [ 338999.26 , 97539.94 ] → x          
   4  : [ 339209.24 , 95497.12 ] → x          
   5  : [ 339533.68 , 93450.40 ] → x          
   6  : [ 339969.87 , 91402.48 ] → x          
   7  : [ 340537.52 , 89360.24 ] → x          
   8  : [ 341232.14 , 87313.51 ] → x          
   9  : [ 343111.08 , 85274.14 ] → x          
  10  : [ 345293.12 , 84637.41 ] → x          
  11  : [ 348492.19 , 84232.04 ] → x          
  12  : [ 351720.71 , 83895.29 ] → x          
  13  : [ 354966.39 , 83612.66 ] → x          
  14  : [ 358186.64 , 83427.17 ] → x          
  15  : [ 361418.72 , 83329.75 ] → x          
  16  : [ 364628.84 , 83263.51 ] → x          
  17  : [ 367842.09 , 83228.22 ] → x          

  k=   1     xm= 338864.25   ym= 101631.25   Δx= 28977.84    Δy=     0.00   λ1= 0.00000    λ2= 1.00000 
  k=   2     xm= 338873.53   ym= 99584.83   Δx= 28968.56    Δy=  2046.42   λ1= 0.06598    λ2= 0.93402 
  k=   3     xm= 338999.26   ym= 97539.94   Δx= 28842.83    Δy=  4091.31   λ1= 0.12423    λ2= 0.87577 
  k=   4     xm= 339209.24   ym= 95497.12   Δx= 28632.85    Δy=  6134.13   λ1= 0.17644    λ2= 0.82356 
  k=   5     xm= 339533.68   ym= 93450.40   Δx= 28308.41    Δy=  8180.85   λ1= 0.22420    λ2= 0.77580 
  k=   6     xm= 339969.87   ym= 91402.48   Δx= 27872.22    Δy= 10228.77   λ1= 0.26846    λ2= 0.73154 
  k=   7     xm= 340537.52   ym= 89360.24   Δx= 27304.57    Δy= 12271.01   λ1= 0.31007    λ2= 0.68993 
  k=   8     xm= 341232.14   ym= 87313.51   Δx= 26609.95    Δy= 14317.74   λ1= 0.34983    λ2= 0.65017 
  k=   9     xm= 343111.08   ym= 85274.14   Δx= 24731.01    Δy= 16357.11   λ1= 0.39810    λ2= 0.60190 
  k=  10     xm= 345293.12   ym= 84637.41   Δx= 22548.97    Δy= 16993.84   λ1= 0.42976    λ2= 0.57024 
  k=  11     xm= 348492.19   ym= 84232.04   Δx= 19349.90    Δy= 17399.21   λ1= 0.47346    λ2= 0.52654 
  k=  12     xm= 351720.71   ym= 83895.29   Δx= 16121.38    Δy= 17735.96   λ1= 0.52384    λ2= 0.47616 
  k=  13     xm= 354966.39   ym= 83612.66   Δx= 12875.70    Δy= 18018.59   λ1= 0.58323    λ2= 0.41677 
  k=  14     xm= 358186.64   ym= 83427.17   Δx=  9655.45    Δy= 18204.08   λ1= 0.65342    λ2= 0.34658 
  k=  15     xm= 361418.72   ym= 83329.75   Δx=  6423.37    Δy= 18301.50   λ1= 0.74021    λ2= 0.25979 
  k=  16     xm= 364628.84   ym= 83263.51   Δx=  3213.25    Δy= 18367.74   λ1= 0.85111    λ2= 0.14889 
  k=  17     xm= 367842.09   ym= 83228.22   Δx=     0.00    Δy= 18403.03   λ1= 1.00000    λ2= 0.00000 
4) terraformation generateur par generateur 

   1R : [ 338864.25 , 101631.25 ] → #round :   36 → [ 340506 , 101782 ]    t=0  |  Tps=0.0004
   1P : [ 358202.50 , 99480.00 ] → x                                    t=1  |  Tps=0.1217
   1R : [ 358202.50 , 99480.00 ] → #round :   41 → [ 342920 , 101512 ]    t=1  |  Tps=0.1221
   1P : [ 351987.69 , 101496.73 ] → x                                    t=2  |  Tps=0.2503
   1R : [ 351987.69 , 101496.73 ] → #round :   26 → [ 343278 , 102562 ]    t=2  |  Tps=0.2505
   1P : [ 349908.50 , 102547.00 ] → x                                    t=3  |  Tps=0.3672
   1R : [ 349908.50 , 102547.00 ] → #round :   21 → [ 344174 , 102748 ]    t=3  |  Tps=0.3675
   1P : [ 356116.00 , 104161.50 ] → x                                    t=4  |  Tps=0.5114
   1R : [ 356116.00 , 104161.50 ] → #round :   13 → [ 340026 , 101476 ]    t=4  |  Tps=0.5115
   1P : [ 369374.00 , 106364.00 ] → Admissible                           t=5  |  Tps=0.6291
   feasible 

   2R : [ 338873.53 , 99584.83 ] → #round :   38 → [ 339682 , 99954 ]    t=0  |  Tps=0.0003
   2P : [ 341593.27 , 98810.22 ] → x                                    t=1  |  Tps=0.1243
   2R : [ 341593.27 , 98810.22 ] → #round :   38 → [ 340102 , 99794 ]    t=1  |  Tps=0.1248
   2P : [ 341417.70 , 98608.38 ] → x                                    t=2  |  Tps=0.2466
   2R : [ 341417.70 , 98608.38 ] → #round :   40 → [ 351950 , 102542 ]    t=2  |  Tps=0.247
   2P : [ 341528.91 , 99061.69 ] → x                                    t=3  |  Tps=0.3643
   2R : [ 341528.91 , 99061.69 ] → #round :   34 → [ 351866 , 101950 ]    t=3  |  Tps=0.3647
   2P : [ 339301.53 , 99045.10 ] → x                                    t=4  |  Tps=0.4939
   2R : [ 339301.53 , 99045.10 ] → #round :   34 → [ 340084 , 99596 ]    t=4  |  Tps=0.4942
   2P : [ 350933.50 , 102563.00 ] → x                                    t=5  |  Tps=0.6286
   2R : [ 350933.50 , 102563.00 ] → #round :   22 → [ 347632 , 101256 ]    t=5  |  Tps=0.6289
   2P : [ 350933.50 , 102563.00 ] → x                                    t=6  |  Tps=0.7481
   2R : [ 350933.50 , 102563.00 ] → #round :   22 → [ 347632 , 101256 ]    t=6  |  Tps=0.7484
CYCLE!!!!!!!!!!!!!!!
   2C : [ 358344.00 , 110424.00 ] 
   maxTrial 

   3R : [ 338999.26 , 97539.94 ] → #round :   31 → [ 351482 , 101310 ]    t=0  |  Tps=0.0003
   3P : [ 338898.00 , 99062.50 ] → x                                    t=1  |  Tps=0.121
   3R : [ 338898.00 , 99062.50 ] → #round :   26 → [ 340506 , 97412 ]    t=1  |  Tps=0.1213
   3P : [ 341959.50 , 100018.25 ] → x                                    t=2  |  Tps=0.2473
   3R : [ 341959.50 , 100018.25 ] → #round :   31 → [ 339366 , 99414 ]    t=2  |  Tps=0.2478
   3P : [ 349458.00 , 101581.60 ] → x                                    t=3  |  Tps=0.3806
   3R : [ 349458.00 , 101581.60 ] → #round :   27 → [ 349286 , 98602 ]    t=3  |  Tps=0.3809
   3P : [ 372481.00 , 103455.00 ] → x                                    t=4  |  Tps=0.5137
   3R : [ 372481.00 , 103455.00 ] → #round :    3 → [ 366642 , 100736 ]    t=4  |  Tps=0.5138
   3P : [ 372481.00 , 103455.00 ] → x                                    t=5  |  Tps=0.658
   3R : [ 372481.00 , 103455.00 ] → #round :    3 → [ 366642 , 100736 ]    t=5  |  Tps=0.658
CYCLE!!!!!!!!!!!!!!!
   3C : [ 408896.00 , 139836.00 ] 
   3P : [ 387490.00 , 106918.00 ] → Admissible                           t=6  |  Tps=0.7787
   feasible 

   4R : [ 339209.24 , 95497.12 ] → #round :   33 → [ 339790 , 94032 ]    t=0  |  Tps=0.0003
   4P : [ 341304.30 , 93399.50 ] → x                                    t=1  |  Tps=0.1218
   4R : [ 341304.30 , 93399.50 ] → #round :   37 → [ 339448 , 96736 ]    t=1  |  Tps=0.1222
   4P : [ 352394.00 , 95306.00 ] → x                                    t=2  |  Tps=0.2358
   4R : [ 352394.00 , 95306.00 ] → #round :   16 → [ 349478 , 96650 ]    t=2  |  Tps=0.236
   4P : [ 352394.00 , 95306.00 ] → x                                    t=3  |  Tps=0.3573
   4R : [ 352394.00 , 95306.00 ] → #round :   16 → [ 349478 , 96650 ]    t=3  |  Tps=0.3575
CYCLE!!!!!!!!!!!!!!!
   4C : [ 349198.00 , 99476.00 ] 
   4P : [ 365754.00 , 97254.00 ] → Admissible                           t=4  |  Tps=0.5005
   feasible 

   5R : [ 339533.68 , 93450.40 ] → #round :   42 → [ 353320 , 94886 ]    t=0  |  Tps=0.0004
   5P : [ 339550.00 , 96388.00 ] → x                                    t=1  |  Tps=0.1246
   5R : [ 339550.00 , 96388.00 ] → #round :   23 → [ 341756 , 94860 ]    t=1  |  Tps=0.1249
   5P : [ 354183.14 , 96346.49 ] → x                                    t=2  |  Tps=0.2437
   5R : [ 354183.14 , 96346.49 ] → #round :   33 → [ 343348 , 94960 ]    t=2  |  Tps=0.244
   5P : [ 360300.00 , 98627.00 ] → x                                    t=3  |  Tps=0.3667
   5R : [ 360300.00 , 98627.00 ] → #round :   15 → [ 341460 , 93808 ]    t=3  |  Tps=0.3669
   5P : [ 365503.50 , 100305.50 ] → x                                    t=4  |  Tps=0.4855
   5R : [ 365503.50 , 100305.50 ] → #round :   14 → [ 341382 , 96644 ]    t=4  |  Tps=0.4856
   5P : [ 362994.47 , 100485.20 ] → x                                    t=5  |  Tps=0.6227
   5R : [ 362994.47 , 100485.20 ] → #round :   12 → [ 343438 , 94696 ]    t=5  |  Tps=0.6228
   5P : [ 359905.00 , 101043.00 ] → x                                    t=6  |  Tps=0.7717
   5R : [ 359905.00 , 101043.00 ] → #round :    3 → [ 355280 , 97936 ]    t=6  |  Tps=0.7718
   maxTrial 

   6R : [ 339969.87 , 91402.48 ] → #round :   47 → [ 341036 , 92482 ]    t=0  |  Tps=0.0004
   6P : [ 355780.31 , 92862.70 ] → x                                    t=1  |  Tps=0.1186
   6R : [ 355780.31 , 92862.70 ] → #round :   16 → [ 341412 , 91866 ]    t=1  |  Tps=0.1187
   6P : [ 356002.50 , 92967.00 ] → x                                    t=2  |  Tps=0.2354
   6R : [ 356002.50 , 92967.00 ] → #round :   15 → [ 340400 , 91956 ]    t=2  |  Tps=0.2356
   6P : [ 356002.50 , 92967.00 ] → x                                    t=3  |  Tps=0.3602
   6R : [ 356002.50 , 92967.00 ] → #round :   15 → [ 340400 , 91956 ]    t=3  |  Tps=0.3604
CYCLE!!!!!!!!!!!!!!!
   6C : [ 383824.00 , 115314.00 ] 
   6P : [ 388344.00 , 96309.00 ] → x                                    t=4  |  Tps=0.4831
   6R : [ 388344.00 , 96309.00 ] → #round :    5 → [ 380966 , 92306 ]    t=4  |  Tps=0.4833
   6P : [ 388344.00 , 96309.00 ] → x                                    t=5  |  Tps=0.6128
   6R : [ 388344.00 , 96309.00 ] → #round :    5 → [ 380966 , 92306 ]    t=5  |  Tps=0.6129
CYCLE!!!!!!!!!!!!!!!
   6C : [ 371206.00 , 121074.00 ] 
   6P : [ 370950.00 , 96173.00 ] → x                                    t=6  |  Tps=0.7546
   6R : [ 370950.00 , 96173.00 ] → #round :    5 → [ 363572 , 92170 ]    t=6  |  Tps=0.7547
   maxTrial 

   7R : [ 340537.52 , 89360.24 ] → #round :   26 → [ 343048 , 88518 ]    t=0  |  Tps=0.0002
   7P : [ 342892.00 , 90134.00 ] → x                                    t=1  |  Tps=0.1266
   7R : [ 342892.00 , 90134.00 ] → #round :   26 → [ 342008 , 89058 ]    t=1  |  Tps=0.1268
   7P : [ 343911.00 , 90630.50 ] → x                                    t=2  |  Tps=0.254
   7R : [ 343911.00 , 90630.50 ] → #round :   29 → [ 341732 , 89942 ]    t=2  |  Tps=0.2543
   7P : [ 361229.55 , 92982.09 ] → x                                    t=3  |  Tps=0.3765
   7R : [ 361229.55 , 92982.09 ] → #round :   32 → [ 341490 , 90460 ]    t=3  |  Tps=0.3769
   7P : [ 355836.84 , 92856.82 ] → x                                    t=4  |  Tps=0.4993
   7R : [ 355836.84 , 92856.82 ] → #round :   31 → [ 343390 , 91446 ]    t=4  |  Tps=0.4996
   7P : [ 362526.23 , 93337.07 ] → x                                    t=5  |  Tps=0.6302
   7R : [ 362526.23 , 93337.07 ] → #round :   30 → [ 348200 , 93976 ]    t=5  |  Tps=0.6305
   7P : [ 354769.72 , 93009.31 ] → x                                    t=6  |  Tps=0.7755
   7R : [ 354769.72 , 93009.31 ] → #round :   30 → [ 345814 , 92534 ]    t=6  |  Tps=0.7758
   maxTrial 

   8R : [ 341232.14 , 87313.51 ] → #round :   45 → [ 344100 , 87556 ]    t=0  |  Tps=0.0004
   8P : [ 356002.00 , 91136.54 ] → x                                    t=1  |  Tps=0.1234
   8R : [ 356002.00 , 91136.54 ] → #round :   19 → [ 343648 , 88676 ]    t=1  |  Tps=0.1236
   8P : [ 355876.50 , 91891.00 ] → x                                    t=2  |  Tps=0.2549
   8R : [ 355876.50 , 91891.00 ] → #round :   16 → [ 342512 , 87694 ]    t=2  |  Tps=0.2551
   8P : [ 371210.00 , 93496.00 ] → Admissible                           t=3  |  Tps=0.3771
   feasible 

   9R : [ 343111.08 , 85274.14 ] → #round :   61 → [ 343136 , 85510 ]    t=0  |  Tps=0.0005
   9P : [ 351356.74 , 88283.74 ] → x                                    t=1  |  Tps=0.1173
   9R : [ 351356.74 , 88283.74 ] → #round :   37 → [ 343698 , 85370 ]    t=1  |  Tps=0.1176
   9P : [ 369947.00 , 95321.00 ] → x                                    t=2  |  Tps=0.2538
   9R : [ 369947.00 , 95321.00 ] → #round :    3 → [ 365210 , 92546 ]    t=2  |  Tps=0.2539
   9P : [ 369947.00 , 95321.00 ] → x                                    t=3  |  Tps=0.3942
   9R : [ 369947.00 , 95321.00 ] → #round :    3 → [ 365210 , 92546 ]    t=3  |  Tps=0.3943
CYCLE!!!!!!!!!!!!!!!
   9C : [ 376864.00 , 121010.00 ] 
   9P : [ 387341.00 , 95457.00 ] → x                                    t=4  |  Tps=0.5209
   9R : [ 387341.00 , 95457.00 ] → #round :    3 → [ 382604 , 92682 ]    t=4  |  Tps=0.521
   9P : [ 387341.00 , 95457.00 ] → x                                    t=5  |  Tps=0.6402
   9R : [ 387341.00 , 95457.00 ] → #round :    3 → [ 382604 , 92682 ]    t=5  |  Tps=0.6403
CYCLE!!!!!!!!!!!!!!!
   9C : [ 359470.00 , 120874.00 ] 
   9P : [ 369947.00 , 95321.00 ] → x                                    t=6  |  Tps=0.7628
   9R : [ 369947.00 , 95321.00 ] → #round :    3 → [ 365210 , 92546 ]    t=6  |  Tps=0.7629
CYCLE!!!!!!!!!!!!!!!
   9C : [ 371252.00 , 115192.00 ] 
   maxTrial 

  10R : [ 345293.12 , 84637.41 ] → #round :   60 → [ 354794 , 87354 ]    t=0  |  Tps=0.0005
  10P : [ 349701.64 , 90875.28 ] → x                                    t=1  |  Tps=0.1243
  10R : [ 349701.64 , 90875.28 ] → #round :   43 → [ 347066 , 85840 ]    t=1  |  Tps=0.1247
  10P : [ 344081.00 , 89133.00 ] → x                                    t=2  |  Tps=0.2483
  10R : [ 344081.00 , 89133.00 ] → #round :   21 → [ 347252 , 87032 ]    t=2  |  Tps=0.2485
  10P : [ 356657.00 , 89042.00 ] → x                                    t=3  |  Tps=0.3866
  10R : [ 356657.00 , 89042.00 ] → #round :   18 → [ 347062 , 85504 ]    t=3  |  Tps=0.3869
  10P : [ 356657.00 , 89042.00 ] → x                                    t=4  |  Tps=0.5156
  10R : [ 356657.00 , 89042.00 ] → #round :   18 → [ 347062 , 85504 ]    t=4  |  Tps=0.5158
CYCLE!!!!!!!!!!!!!!!
  10C : [ 352550.00 , 88732.00 ] 
  10P : [ 370320.90 , 92499.47 ] → x                                    t=5  |  Tps=0.6384
  10R : [ 370320.90 , 92499.47 ] → #round :   16 → [ 354374 , 83990 ]    t=5  |  Tps=0.6386
  10P : [ 370648.00 , 95048.00 ] → Admissible                           t=6  |  Tps=0.7572
   feasible 

  11R : [ 348492.19 , 84232.04 ] → #round :   67 → [ 359266 , 86774 ]    t=0  |  Tps=0.0007
  11P : [ 350820.35 , 88042.29 ] → x                                    t=1  |  Tps=0.1369
  11R : [ 350820.35 , 88042.29 ] → #round :   49 → [ 350580 , 86874 ]    t=1  |  Tps=0.1374
  11P : [ 345512.00 , 89751.00 ] → x                                    t=2  |  Tps=0.2619
  11R : [ 345512.00 , 89751.00 ] → #round :    3 → [ 348612 , 91778 ]    t=2  |  Tps=0.2619
  11P : [ 345512.00 , 89751.00 ] → x                                    t=3  |  Tps=0.4007
  11R : [ 345512.00 , 89751.00 ] → #round :    3 → [ 348612 , 91778 ]    t=3  |  Tps=0.4008
CYCLE!!!!!!!!!!!!!!!
  11C : [ 350602.00 , 106040.00 ] 
  11P : [ 362906.00 , 89887.00 ] → x                                    t=4  |  Tps=0.525
  11R : [ 362906.00 , 89887.00 ] → #round :    3 → [ 359806 , 87860 ]    t=4  |  Tps=0.525
  11P : [ 362906.00 , 89887.00 ] → x                                    t=5  |  Tps=0.6472
  11R : [ 362906.00 , 89887.00 ] → #round :    3 → [ 359806 , 87860 ]    t=5  |  Tps=0.6473
CYCLE!!!!!!!!!!!!!!!
  11C : [ 348070.00 , 132514.00 ] 
  11P : [ 345911.00 , 91429.00 ] → x                                    t=6  |  Tps=0.7733
  11R : [ 345911.00 , 91429.00 ] → #round :    8 → [ 343580 , 86216 ]    t=6  |  Tps=0.7734
   maxTrial 

  12R : [ 351720.71 , 83895.29 ] → #round :   66 → [ 363058 , 86126 ]    t=0  |  Tps=0.0006
  12P : [ 346014.40 , 87295.00 ] → x                                    t=1  |  Tps=0.129
  12R : [ 346014.40 , 87295.00 ] → #round :   27 → [ 359474 , 87264 ]    t=1  |  Tps=0.1293
  12P : [ 346735.00 , 88011.00 ] → x                                    t=2  |  Tps=0.2743
  12R : [ 346735.00 , 88011.00 ] → #round :   10 → [ 345204 , 85124 ]    t=2  |  Tps=0.2744
  12P : [ 347864.00 , 89741.00 ] → x                                    t=3  |  Tps=0.4051
  12R : [ 347864.00 , 89741.00 ] → #round :    3 → [ 350964 , 91768 ]    t=3  |  Tps=0.4052
  12P : [ 347864.00 , 89741.00 ] → x                                    t=4  |  Tps=0.5276
  12R : [ 347864.00 , 89741.00 ] → #round :    3 → [ 350964 , 91768 ]    t=4  |  Tps=0.5277
CYCLE!!!!!!!!!!!!!!!
  12C : [ 346384.00 , 111914.00 ] 
  12P : [ 365264.00 , 91457.00 ] → x                                    t=5  |  Tps=0.6492
  12R : [ 365264.00 , 91457.00 ] → #round :    3 → [ 362164 , 89430 ]    t=5  |  Tps=0.6493
  12P : [ 365264.00 , 91457.00 ] → x                                    t=6  |  Tps=0.7736
  12R : [ 365264.00 , 91457.00 ] → #round :    3 → [ 362164 , 89430 ]    t=6  |  Tps=0.7737
CYCLE!!!!!!!!!!!!!!!
  12C : [ 341766.00 , 111528.00 ] 
   maxTrial 

  13R : [ 354966.39 , 83612.66 ] → #round :   66 → [ 347782 , 85252 ]    t=0  |  Tps=0.0006
  13P : [ 350015.50 , 87047.25 ] → x                                    t=1  |  Tps=0.1207
  13R : [ 350015.50 , 87047.25 ] → #round :   20 → [ 361456 , 85666 ]    t=1  |  Tps=0.1209
  13P : [ 351846.00 , 89722.00 ] → Admissible                           t=2  |  Tps=0.2702
   feasible 

  14R : [ 358186.64 , 83427.17 ] → #round :   69 → [ 358374 , 86704 ]    t=0  |  Tps=0.0006
  14P : [ 349137.00 , 87334.00 ] → x                                    t=1  |  Tps=0.1327
  14R : [ 349137.00 , 87334.00 ] → #round :    8 → [ 357182 , 91424 ]    t=1  |  Tps=0.1328
  14P : [ 349420.00 , 88278.00 ] → x                                    t=2  |  Tps=0.2645
  14R : [ 349420.00 , 88278.00 ] → #round :    8 → [ 357182 , 91424 ]    t=2  |  Tps=0.2646
CYCLE!!!!!!!!!!!!!!!
  14C : [ 349848.00 , 103448.00 ] 
  14P : [ 366814.00 , 88414.00 ] → x                                    t=3  |  Tps=0.3965
  14R : [ 366814.00 , 88414.00 ] → #round :    8 → [ 361316 , 83992 ]    t=3  |  Tps=0.3966
  14P : [ 366734.00 , 88719.00 ] → x                                    t=4  |  Tps=0.5245
  14R : [ 366734.00 , 88719.00 ] → #round :    3 → [ 363634 , 86692 ]    t=4  |  Tps=0.5246
  14P : [ 366734.00 , 88719.00 ] → x                                    t=5  |  Tps=0.651
  14R : [ 366734.00 , 88719.00 ] → #round :    3 → [ 363634 , 86692 ]    t=5  |  Tps=0.6511
CYCLE!!!!!!!!!!!!!!!
  14C : [ 338488.00 , 99416.00 ] 
  14P : [ 349340.00 , 88583.00 ] → x                                    t=6  |  Tps=0.7969
  14R : [ 349340.00 , 88583.00 ] → #round :    3 → [ 352440 , 90610 ]    t=6  |  Tps=0.7969
   maxTrial 

  15R : [ 361418.72 , 83329.75 ] → #round :   68 → [ 361486 , 84666 ]    t=0  |  Tps=0.0006
  15P : [ 356766.48 , 92836.03 ] → x                                    t=1  |  Tps=0.1183
  15R : [ 356766.48 , 92836.03 ] → #round :   28 → [ 361614 , 87142 ]    t=1  |  Tps=0.1185
  15P : [ 356363.29 , 93627.69 ] → x                                    t=2  |  Tps=0.2436
  15R : [ 356363.29 , 93627.69 ] → #round :   27 → [ 364742 , 88800 ]    t=2  |  Tps=0.2438
  15P : [ 357652.31 , 94260.66 ] → x                                    t=3  |  Tps=0.3675
  15R : [ 357652.31 , 94260.66 ] → #round :   28 → [ 363248 , 88686 ]    t=3  |  Tps=0.3677
  15P : [ 357652.31 , 94260.66 ] → x                                    t=4  |  Tps=0.4912
  15R : [ 357652.31 , 94260.66 ] → #round :   28 → [ 363248 , 88686 ]    t=4  |  Tps=0.4915
CYCLE!!!!!!!!!!!!!!!
  15C : [ 357396.00 , 92220.00 ] 
  15P : [ 365462.94 , 95619.10 ] → x                                    t=5  |  Tps=0.6186
  15R : [ 365462.94 , 95619.10 ] → #round :   24 → [ 360774 , 87118 ]    t=5  |  Tps=0.6188
  15P : [ 365462.94 , 95619.10 ] → x                                    t=6  |  Tps=0.7646
  15R : [ 365462.94 , 95619.10 ] → #round :   24 → [ 360774 , 87118 ]    t=6  |  Tps=0.7649
CYCLE!!!!!!!!!!!!!!!
  15C : [ 372058.00 , 110554.00 ] 
   maxTrial 

  16R : [ 364628.84 , 83263.51 ] → #round :   69 → [ 359016 , 83826 ]    t=0  |  Tps=0.0006
  16P : [ 366326.00 , 97060.00 ] → Admissible                           t=1  |  Tps=0.127
   feasible 

  17R : [ 367842.09 , 83228.22 ] → #round :   71 → [ 366168 , 86448 ]    t=0  |  Tps=0.0007
  17P : [ 367398.00 , 94690.00 ] → Admissible                           t=1  |  Tps=0.1244
   feasible 


5) Extraction des resultats

  Nombre de cycle : 17
   1  : [ 369374.00 , 106364.00 ] → Admissible 
   2  : [ 358344.00 , 110424.00 ] → x          
   3  : [ 387490.00 , 106918.00 ] → Admissible 
   4  : [ 365754.00 , 97254.00 ] → Admissible 
   5  : [ 355280.00 , 97936.00 ] → x          
   6  : [ 363572.00 , 92170.00 ] → x          
   7  : [ 345814.00 , 92534.00 ] → x          
   8  : [ 371210.00 , 93496.00 ] → Admissible 
   9  : [ 371252.00 , 115192.00 ] → x          
  10  : [ 370648.00 , 95048.00 ] → Admissible 
  11  : [ 343580.00 , 86216.00 ] → x          
  12  : [ 341766.00 , 111528.00 ] → x          
  13  : [ 351846.00 , 89722.00 ] → Admissible 
  14  : [ 352440.00 , 90610.00 ] → x          
  15  : [ 372058.00 , 110554.00 ] → x          
  16  : [ 366326.00 , 97060.00 ] → Admissible 
  17  : [ 367398.00 , 94690.00 ] → Admissible 

6) Edition des resultats 

#U = 1
X_EBP = [351846]
Y_EBP = [89722]
XN = [340160, 340162, 340178, 340338, 340340, 340356, 340630, 340632, 340648, 340808, 340810, 340826, 341274, 341434, 341436, 341452, 342526, 343756, 343816, 344706, 344864, 347318, 376854]
YN = [101778, 101026, 100256, 99658, 98906, 98136, 97732, 96548, 96020, 95612, 94428, 93900, 93782, 93374, 92190, 91662, 90294, 90266, 89396, 89174, 87642, 86792, 86548]
 13.418071 seconds (41.26 M allocations: 4.063 GiB, 1.98% gc time)
