0) instance et parametres 

  instance = sppnw22.txt | tailleSampling = 10 | maxTrial = 5 | maxTime = 9223372036854775807


1) calcule les etendues de valeurs sur les 2 objectifs

  f1_min= 6942.00 ↔ f1_max=15304.00 (Δ=8362.00) 
  f2_min= 4469.00 ↔ f2_max=19845.00 (Δ=15376.00) 

2) calcule les generateurs par e-contrainte alternant minimiser z1 et z2

  z1  1 : ϵ = 19845.00  fRL =  6942.00  [  6942.00 , 19845.00 ] 
  z2  1 : ϵ = 15304.00  fRL =  4469.00  [ 15304.00 ,  4469.00 ] 
  z1  2 : ϵ = 18136.56  fRL =  6942.95  [  6942.95 , 18135.21 ] 
  z2  2 : ϵ = 14374.89  fRL =  4887.46  [ 14375.46 ,  4887.20 ] 
  z1  3 : ϵ = 16428.11  fRL =  7127.43  [  7127.44 , 16428.02 ] 
  z2  3 : ϵ = 13445.78  fRL =  5305.91  [ 13446.07 ,  5307.89 ] 
  z1  4 : ϵ = 14719.67  fRL =  7385.15  [  7384.99 , 14720.60 ] 
  z2  4 : ϵ = 12516.67  fRL =  5880.68  [ 12511.47 ,  5878.64 ] 
  z1  5 : ϵ = 13011.22  fRL =  7695.67  [  7695.58 , 13011.61 ] 
  z2  5 : ϵ = 11587.56  fRL =  6646.60  [ 11592.62 ,  6648.75 ] 
  z1  6 : ϵ = 11302.78  fRL =  8092.23  [  8096.85 , 11303.32 ] 
  z2  6 : ϵ = 10658.44  fRL =  7576.11  [ 10653.36 ,  7571.71 ] 
  z1  7 : ϵ =  9594.33  fRL =  8998.62  [  8997.59 ,  9595.66 ] 
  z2  7 : ϵ =  9729.33  fRL =  8650.63  [  9729.86 ,  8649.95 ] 
  z1  8 : ϵ =  7885.89  fRL = 10380.81  [ 10370.47 ,  7882.69 ] 

  → Allocation memoire pour 14 generateurs

3) place L dans structure et verifie l'admissibilite de chaque generateur

   1  : [  6942.00 , 19845.00 ] → x          
   2  : [  6942.95 , 18135.21 ] → x          
   3  : [  7127.44 , 16428.02 ] → x          
   4  : [  7384.99 , 14720.60 ] → x          
   5  : [  7695.58 , 13011.61 ] → x          
   6  : [  8096.85 , 11303.32 ] → x          
   7  : [  8997.59 ,  9595.66 ] → x          
   8  : [  9729.86 ,  8649.95 ] → x          
   9  : [ 10653.36 ,  7571.71 ] → x          
  10  : [ 11592.62 ,  6648.75 ] → x          
  11  : [ 12511.47 ,  5878.64 ] → x          
  12  : [ 13446.07 ,  5307.89 ] → x          
  13  : [ 14375.46 ,  4887.20 ] → x          
  14  : [ 15304.00 ,  4469.00 ] → x          

  k=   1     xm= 6942.00   ym= 19845.00   Δx=  8362.00    Δy=     0.00   λ1= 0.00000    λ2= 1.00000 
  k=   2     xm= 6942.95   ym= 18135.21   Δx=  8361.05    Δy=  1709.79   λ1= 0.16978    λ2= 0.83022 
  k=   3     xm= 7127.44   ym= 16428.02   Δx=  8176.56    Δy=  3416.98   λ1= 0.29473    λ2= 0.70527 
  k=   4     xm= 7384.99   ym= 14720.60   Δx=  7919.01    Δy=  5124.40   λ1= 0.39287    λ2= 0.60713 
  k=   5     xm= 7695.58   ym= 13011.61   Δx=  7608.42    Δy=  6833.39   λ1= 0.47317    λ2= 0.52683 
  k=   6     xm= 8096.85   ym= 11303.32   Δx=  7207.15    Δy=  8541.68   λ1= 0.54237    λ2= 0.45763 
  k=   7     xm= 8997.59   ym= 9595.66   Δx=  6306.41    Δy= 10249.34   λ1= 0.61908    λ2= 0.38092 
  k=   8     xm= 9729.86   ym= 8649.95   Δx=  5574.14    Δy= 11195.05   λ1= 0.66760    λ2= 0.33240 
  k=   9     xm= 10653.36   ym= 7571.71   Δx=  4650.64    Δy= 12273.29   λ1= 0.72520    λ2= 0.27480 
  k=  10     xm= 11592.62   ym= 6648.75   Δx=  3711.38    Δy= 13196.25   λ1= 0.78049    λ2= 0.21951 
  k=  11     xm= 12511.47   ym= 5878.64   Δx=  2792.53    Δy= 13966.36   λ1= 0.83337    λ2= 0.16663 
  k=  12     xm= 13446.07   ym= 5307.89   Δx=  1857.93    Δy= 14537.11   λ1= 0.88668    λ2= 0.11332 
  k=  13     xm= 14375.46   ym= 4887.20   Δx=   928.54    Δy= 14957.80   λ1= 0.94155    λ2= 0.05845 
  k=  14     xm= 15304.00   ym= 4469.00   Δx=     0.00    Δy= 15376.00   λ1= 1.00000    λ2= 0.00000 
4) terraformation generateur par generateur 

   1R : [  6942.00 , 19845.00 ] → #round :    7 → [ 10818 , 22346 ]    t=0  |  Tps=0.0
   1P : [  8738.61 , 17121.66 ] → x                                    t=1  |  Tps=0.0024
   1R : [  8738.61 , 17121.66 ] → #round :    5 → [  9094 , 18292 ]    t=1  |  Tps=0.0024
   1P : [  8738.61 , 17121.66 ] → x                                    t=2  |  Tps=0.0046
   1R : [  8738.61 , 17121.66 ] → #round :    5 → [  9094 , 18292 ]    t=2  |  Tps=0.0047
CYCLE!!!!!!!!!!!!!!!
   1C : [ 44392.00 , 48720.00 ] 
   1P : [  8738.61 , 17121.66 ] → x                                    t=3  |  Tps=0.0069
   1R : [  8738.61 , 17121.66 ] → #round :    5 → [  9094 , 18292 ]    t=3  |  Tps=0.0069
CYCLE!!!!!!!!!!!!!!!
   1C : [ 103964.00 , 104148.00 ] 
   1P : [  8738.61 , 17121.66 ] → x                                    t=4  |  Tps=0.009
   1R : [  8738.61 , 17121.66 ] → #round :    5 → [  9094 , 18292 ]    t=4  |  Tps=0.009
CYCLE!!!!!!!!!!!!!!!
   1C : [ 101486.00 , 98906.00 ] 
   1P : [  8738.61 , 17121.66 ] → x                                    t=5  |  Tps=0.0111
   1R : [  8738.61 , 17121.66 ] → #round :    5 → [  9094 , 18292 ]    t=5  |  Tps=0.0112
CYCLE!!!!!!!!!!!!!!!
   1C : [ 32970.00 , 37090.00 ] 
   1P : [  8738.61 , 17121.66 ] → x                                    t=6  |  Tps=0.0134
   1R : [  8738.61 , 17121.66 ] → #round :    5 → [  9094 , 18292 ]    t=6  |  Tps=0.0134
CYCLE!!!!!!!!!!!!!!!
   1C : [ 60834.00 , 69842.00 ] 
   maxTrial 

   2R : [  6942.95 , 18135.21 ] → #round :    8 → [  7460 , 19790 ]    t=0  |  Tps=0.0
   2P : [  6943.00 , 18049.00 ] → x                                    t=1  |  Tps=0.0021
   2R : [  6943.00 , 18049.00 ] → #round :    4 → [ 10306 , 18532 ]    t=1  |  Tps=0.0021
   2P : [  8738.61 , 17121.66 ] → x                                    t=2  |  Tps=0.0042
   2R : [  8738.61 , 17121.66 ] → #round :    5 → [  9094 , 18292 ]    t=2  |  Tps=0.0042
   2P : [  8738.61 , 17121.66 ] → x                                    t=3  |  Tps=0.0063
   2R : [  8738.61 , 17121.66 ] → #round :    5 → [  9094 , 18292 ]    t=3  |  Tps=0.0064
CYCLE!!!!!!!!!!!!!!!
   2C : [ 39548.00 , 47030.00 ] 
   2P : [  8738.61 , 17121.66 ] → x                                    t=4  |  Tps=0.0086
   2R : [  8738.61 , 17121.66 ] → #round :    5 → [  9094 , 18292 ]    t=4  |  Tps=0.0086
CYCLE!!!!!!!!!!!!!!!
   2C : [ 72568.00 , 76854.00 ] 
   2P : [ 10475.06 , 16401.72 ] → x                                    t=5  |  Tps=0.0109
   2R : [ 10475.06 , 16401.72 ] → #round :   12 → [  9696 , 17840 ]    t=5  |  Tps=0.0109
   2P : [  8738.61 , 17121.66 ] → x                                    t=6  |  Tps=0.0131
   2R : [  8738.61 , 17121.66 ] → #round :    5 → [  9094 , 18292 ]    t=6  |  Tps=0.0131
CYCLE!!!!!!!!!!!!!!!
   2C : [ 44392.00 , 48720.00 ] 
   maxTrial 

   3R : [  7127.44 , 16428.02 ] → #round :   11 → [  7962 , 20940 ]    t=0  |  Tps=0.0
   3P : [  7208.00 , 15720.00 ] → Admissible                           t=1  |  Tps=0.0021
   feasible 

   4R : [  7384.99 , 14720.60 ] → #round :   13 → [  8420 , 15960 ]    t=0  |  Tps=0.0
   4P : [  7208.00 , 15720.00 ] → Admissible                           t=1  |  Tps=0.0021
   feasible 

   5R : [  7695.58 , 13011.61 ] → #round :   14 → [ 10436 , 14724 ]    t=0  |  Tps=0.0
   5P : [  9468.00 ,  9188.00 ] → Admissible                           t=1  |  Tps=0.0185
   feasible 

   6R : [  8096.85 , 11303.32 ] → #round :   13 → [  8218 , 11858 ]    t=0  |  Tps=0.0
   6P : [  7208.00 , 15720.00 ] → Admissible                           t=1  |  Tps=0.0031
   feasible 

   7R : [  8997.59 ,  9595.66 ] → #round :    8 → [ 12944 , 10884 ]    t=0  |  Tps=0.0
   7P : [  8278.00 , 10525.00 ] → x                                    t=1  |  Tps=0.0018
   7R : [  8278.00 , 10525.00 ] → #round :    6 → [ 11338 , 11428 ]    t=1  |  Tps=0.0018
   7P : [  8278.00 , 10525.00 ] → x                                    t=2  |  Tps=0.0037
   7R : [  8278.00 , 10525.00 ] → #round :    6 → [ 11338 , 11428 ]    t=2  |  Tps=0.0037
CYCLE!!!!!!!!!!!!!!!
   7C : [ 63684.00 , 66610.00 ] 
   7P : [ 10370.06 , 12861.67 ] → x                                    t=3  |  Tps=0.0059
   7R : [ 10370.06 , 12861.67 ] → #round :   16 → [  9298 , 10882 ]    t=3  |  Tps=0.006
   7P : [ 11382.00 , 13504.00 ] → Admissible                           t=4  |  Tps=0.0081
   feasible 

   8R : [  9729.86 ,  8649.95 ] → #round :    8 → [ 13548 , 10912 ]    t=0  |  Tps=0.0
   8P : [  9863.00 ,  8478.00 ] → x                                    t=1  |  Tps=0.0021
   8R : [  9863.00 ,  8478.00 ] → #round :    5 → [ 13548 , 10912 ]    t=1  |  Tps=0.0021
CYCLE!!!!!!!!!!!!!!!
   8C : [ 33950.00 , 36786.00 ] 
   8P : [ 11758.00 , 12877.00 ] → x                                    t=2  |  Tps=0.0042
   8R : [ 11758.00 , 12877.00 ] → #round :    3 → [ 13044 , 13770 ]    t=2  |  Tps=0.0042
   8P : [ 12206.00 , 16060.00 ] → Admissible                           t=3  |  Tps=0.0062
   feasible 

   9R : [ 10653.36 ,  7571.71 ] → #round :   17 → [ 11686 , 10518 ]    t=0  |  Tps=0.0
   9P : [  8750.00 , 12618.00 ] → Admissible                           t=1  |  Tps=0.0021
   feasible 

  10R : [ 11592.62 ,  6648.75 ] → #round :   15 → [ 16780 ,  7648 ]    t=0  |  Tps=0.0
  10P : [ 11948.00 , 12734.00 ] → Admissible                           t=1  |  Tps=0.002
   feasible 

  11R : [ 12511.47 ,  5878.64 ] → #round :   15 → [ 14578 ,  5632 ]    t=0  |  Tps=0.0
  11P : [ 11549.00 ,  9944.00 ] → x                                    t=1  |  Tps=0.0023
  11R : [ 11549.00 ,  9944.00 ] → #round :    7 → [ 16662 ,  9130 ]    t=1  |  Tps=0.0024
  11P : [ 11549.00 ,  9944.00 ] → x                                    t=2  |  Tps=0.0042
  11R : [ 11549.00 ,  9944.00 ] → #round :    7 → [ 16662 ,  9130 ]    t=2  |  Tps=0.0042
CYCLE!!!!!!!!!!!!!!!
  11C : [ 31580.00 , 36544.00 ] 
  11P : [  9346.00 , 21060.00 ] → Admissible                           t=3  |  Tps=0.0063
   feasible 

  12R : [ 13446.07 ,  5307.89 ] → #round :   17 → [ 15716 ,  5858 ]    t=0  |  Tps=0.0
  12P : [ 13306.00 ,  6874.00 ] → Admissible                           t=1  |  Tps=0.0022
   feasible 

  13R : [ 14375.46 ,  4887.20 ] → #round :   17 → [ 15988 ,  4730 ]    t=0  |  Tps=0.0
  13P : [ 15818.00 ,  8122.00 ] → Admissible                           t=1  |  Tps=0.0021
   feasible 

  14R : [ 15304.00 ,  4469.00 ] → #round :    9 → [ 16300 ,  5066 ]    t=0  |  Tps=0.0
  14P : [ 12168.50 , 11957.50 ] → x                                    t=1  |  Tps=0.0022
  14R : [ 12168.50 , 11957.50 ] → #round :   15 → [ 16062 ,  5602 ]    t=1  |  Tps=0.0023
  14P : [ 11470.67 , 14663.05 ] → x                                    t=2  |  Tps=0.0046
  14R : [ 11470.67 , 14663.05 ] → #round :   14 → [ 16172 ,  7738 ]    t=2  |  Tps=0.0046
  14P : [ 11389.00 , 19241.00 ] → x                                    t=3  |  Tps=0.0073
  14R : [ 11389.00 , 19241.00 ] → #round :   10 → [ 13686 , 10560 ]    t=3  |  Tps=0.0073
  14P : [  9826.00 , 19064.00 ] → x                                    t=4  |  Tps=0.0097
  14R : [  9826.00 , 19064.00 ] → #round :   10 → [ 13686 , 10560 ]    t=4  |  Tps=0.0097
CYCLE!!!!!!!!!!!!!!!
  14C : [ 50100.00 , 77176.00 ] 
  14P : [ 10502.80 , 23240.00 ] → x                                    t=5  |  Tps=0.0119
  14R : [ 10502.80 , 23240.00 ] → #round :   14 → [  8602 , 12412 ]    t=5  |  Tps=0.012
  14P : [  8977.00 , 20183.00 ] → x                                    t=6  |  Tps=0.014
  14R : [  8977.00 , 20183.00 ] → #round :   10 → [ 11148 , 13864 ]    t=6  |  Tps=0.0141
   maxTrial 


5) Extraction des resultats

  Nombre de cycle : 12
   1  : [ 60834.00 , 69842.00 ] → x          
   2  : [ 44392.00 , 48720.00 ] → x          
   3  : [  7208.00 , 15720.00 ] → Admissible 
   4  : [  7208.00 , 15720.00 ] → Admissible 
   5  : [  9468.00 ,  9188.00 ] → Admissible 
   6  : [  7208.00 , 15720.00 ] → Admissible 
   7  : [ 11382.00 , 13504.00 ] → Admissible 
   8  : [ 12206.00 , 16060.00 ] → Admissible 
   9  : [  8750.00 , 12618.00 ] → Admissible 
  10  : [ 11948.00 , 12734.00 ] → Admissible 
  11  : [  9346.00 , 21060.00 ] → Admissible 
  12  : [ 13306.00 ,  6874.00 ] → Admissible 
  13  : [ 15818.00 ,  8122.00 ] → Admissible 
  14  : [ 11148.00 , 13864.00 ] → x          

6) Edition des resultats 

#U = 4
X_EBP = [7208, 8750, 9468, 13306]
Y_EBP = [15720, 12618, 9188, 6874]
XN = [6984, 7060, 7208, 8294, 8464, 8508, 8742, 8750, 8950, 9002, 9030, 9106, 9468, 10768, 12096, 13102, 13202, 13306, 13418]
YN = [21252, 18424, 15720, 15488, 15202, 14830, 14604, 12618, 12204, 10972, 10616, 10142, 9188, 8298, 8102, 7212, 7068, 6874, 5532]
Quality measure: 93.29 %
  0.326512 seconds (1.32 M allocations: 129.635 MiB, 4.61% gc time)
